[0.030s] Invoking command in '/home/ubuntu/my_n10_topic/workspace/build/wheeltec_slam_toolbox': CMAKE_PREFIX_PATH=${CMAKE_PREFIX_PATH}:/opt/ros/humble /usr/bin/cmake /home/ubuntu/my_n10_topic/workspace/src/wheeltec_robot_slam/wheeltec_slam_toolbox -DCMAKE_INSTALL_PREFIX=/home/ubuntu/my_n10_topic/workspace/install/wheeltec_slam_toolbox
[0.198s] -- The C compiler identification is GNU 11.4.0
[0.311s] -- The CXX compiler identification is GNU 11.4.0
[0.324s] -- Detecting C compiler ABI info
[0.446s] -- Detecting C compiler ABI info - done
[0.455s] -- Check for working C compiler: /usr/bin/cc - skipped
[0.459s] -- Detecting C compile features
[0.459s] -- Detecting C compile features - done
[0.460s] -- Detecting CXX compiler ABI info
[0.621s] -- Detecting CXX compiler ABI info - done
[0.629s] -- Check for working CXX compiler: /usr/bin/c++ - skipped
[0.630s] -- Detecting CXX compile features
[0.631s] -- Detecting CXX compile features - done
[0.634s] -- Found ament_cmake: 1.3.11 (/opt/ros/humble/share/ament_cmake/cmake)
[0.831s] -- Found Python3: /usr/bin/python3 (found version "3.10.12") found components: Interpreter 
[1.002s] -- Found rclcpp: 16.0.11 (/opt/ros/humble/share/rclcpp/cmake)
[1.059s] -- Found rosidl_generator_c: 3.1.6 (/opt/ros/humble/share/rosidl_generator_c/cmake)
[1.066s] -- Found rosidl_adapter: 3.1.6 (/opt/ros/humble/share/rosidl_adapter/cmake)
[1.080s] -- Found rosidl_generator_cpp: 3.1.6 (/opt/ros/humble/share/rosidl_generator_cpp/cmake)
[1.106s] -- Using all available rosidl_typesupport_c: rosidl_typesupport_fastrtps_c;rosidl_typesupport_introspection_c
[1.127s] -- Using all available rosidl_typesupport_cpp: rosidl_typesupport_fastrtps_cpp;rosidl_typesupport_introspection_cpp
[1.209s] -- Found rmw_implementation_cmake: 6.1.2 (/opt/ros/humble/share/rmw_implementation_cmake/cmake)
[1.215s] -- Found rmw_fastrtps_cpp: 6.2.7 (/opt/ros/humble/share/rmw_fastrtps_cpp/cmake)
[1.385s] -- Found OpenSSL: /usr/lib/x86_64-linux-gnu/libcrypto.so (found version "3.0.2")  
[1.436s] -- Found FastRTPS: /opt/ros/humble/include  
[1.498s] -- Using RMW implementation 'rmw_fastrtps_cpp' as default
[1.519s] -- Looking for pthread.h
[1.690s] -- Looking for pthread.h - found
[1.691s] -- Performing Test CMAKE_HAVE_LIBC_PTHREAD
[1.860s] -- Performing Test CMAKE_HAVE_LIBC_PTHREAD - Success
[1.862s] -- Found Threads: TRUE  
[1.952s] -- Found ament_lint_auto: 0.12.11 (/opt/ros/humble/share/ament_lint_auto/cmake)
[2.065s] -- Added test 'copyright' to check source files copyright and LICENSE
[2.066s] -- Added test 'cppcheck' to perform static code analysis on C / C++ code
[2.068s] -- Configured cppcheck include dirs: 
[2.068s] -- Configured cppcheck exclude dirs and/or files: 
[2.069s] -- Added test 'cpplint' to check C / C++ code against the Google style
[2.069s] -- Configured cpplint exclude dirs and/or files: 
[2.071s] -- Added test 'flake8' to check Python code syntax and style conventions
[2.073s] -- Added test 'lint_cmake' to check CMake code style
[2.074s] -- Added test 'pep257' to check Python code against some of the docstring style conventions in PEP 257
[2.076s] -- Added test 'uncrustify' to check C / C++ code style
[2.076s] -- Configured uncrustify additional arguments: 
[2.078s] -- Added test 'xmllint' to check XML markup files
[2.081s] -- Configuring done
[2.096s] -- Generating done
[2.102s] -- Build files have been written to: /home/ubuntu/my_n10_topic/workspace/build/wheeltec_slam_toolbox
[2.124s] Invoked command in '/home/ubuntu/my_n10_topic/workspace/build/wheeltec_slam_toolbox' returned '0': CMAKE_PREFIX_PATH=${CMAKE_PREFIX_PATH}:/opt/ros/humble /usr/bin/cmake /home/ubuntu/my_n10_topic/workspace/src/wheeltec_robot_slam/wheeltec_slam_toolbox -DCMAKE_INSTALL_PREFIX=/home/ubuntu/my_n10_topic/workspace/install/wheeltec_slam_toolbox
[2.125s] Invoking command in '/home/ubuntu/my_n10_topic/workspace/build/wheeltec_slam_toolbox': CMAKE_PREFIX_PATH=${CMAKE_PREFIX_PATH}:/opt/ros/humble /usr/bin/cmake --build /home/ubuntu/my_n10_topic/workspace/build/wheeltec_slam_toolbox -- -j12 -l12
[2.219s] [ 50%] [32mBuilding CXX object CMakeFiles/talker.dir/src/publisher_member_function.cpp.o[0m
[9.753s] [100%] [32m[1mLinking CXX executable talker[0m
[10.094s] [100%] Built target talker
[10.119s] Invoked command in '/home/ubuntu/my_n10_topic/workspace/build/wheeltec_slam_toolbox' returned '0': CMAKE_PREFIX_PATH=${CMAKE_PREFIX_PATH}:/opt/ros/humble /usr/bin/cmake --build /home/ubuntu/my_n10_topic/workspace/build/wheeltec_slam_toolbox -- -j12 -l12
[10.120s] Invoking command in '/home/ubuntu/my_n10_topic/workspace/build/wheeltec_slam_toolbox': CMAKE_PREFIX_PATH=${CMAKE_PREFIX_PATH}:/opt/ros/humble /usr/bin/cmake --install /home/ubuntu/my_n10_topic/workspace/build/wheeltec_slam_toolbox
[10.129s] -- Install configuration: ""
[10.130s] -- Installing: /home/ubuntu/my_n10_topic/workspace/install/wheeltec_slam_toolbox/lib/wheeltec_slam_toolbox/talker
[10.131s] -- Set runtime path of "/home/ubuntu/my_n10_topic/workspace/install/wheeltec_slam_toolbox/lib/wheeltec_slam_toolbox/talker" to ""
[10.131s] -- Installing: /home/ubuntu/my_n10_topic/workspace/install/wheeltec_slam_toolbox/share/wheeltec_slam_toolbox/config
[10.131s] -- Installing: /home/ubuntu/my_n10_topic/workspace/install/wheeltec_slam_toolbox/share/wheeltec_slam_toolbox/config/mapper_params_online_sync.yaml
[10.132s] -- Installing: /home/ubuntu/my_n10_topic/workspace/install/wheeltec_slam_toolbox/share/wheeltec_slam_toolbox/config/mapper_params_online_async.yaml
[10.132s] -- Installing: /home/ubuntu/my_n10_topic/workspace/install/wheeltec_slam_toolbox/share/wheeltec_slam_toolbox/launch
[10.132s] -- Installing: /home/ubuntu/my_n10_topic/workspace/install/wheeltec_slam_toolbox/share/wheeltec_slam_toolbox/launch/online_sync.launch.py
[10.133s] -- Installing: /home/ubuntu/my_n10_topic/workspace/install/wheeltec_slam_toolbox/share/wheeltec_slam_toolbox/launch/online_async_launch.py
[10.133s] -- Installing: /home/ubuntu/my_n10_topic/workspace/install/wheeltec_slam_toolbox/share/ament_index/resource_index/package_run_dependencies/wheeltec_slam_toolbox
[10.133s] -- Installing: /home/ubuntu/my_n10_topic/workspace/install/wheeltec_slam_toolbox/share/ament_index/resource_index/parent_prefix_path/wheeltec_slam_toolbox
[10.133s] -- Installing: /home/ubuntu/my_n10_topic/workspace/install/wheeltec_slam_toolbox/share/wheeltec_slam_toolbox/environment/ament_prefix_path.sh
[10.134s] -- Installing: /home/ubuntu/my_n10_topic/workspace/install/wheeltec_slam_toolbox/share/wheeltec_slam_toolbox/environment/ament_prefix_path.dsv
[10.134s] -- Installing: /home/ubuntu/my_n10_topic/workspace/install/wheeltec_slam_toolbox/share/wheeltec_slam_toolbox/environment/path.sh
[10.134s] -- Installing: /home/ubuntu/my_n10_topic/workspace/install/wheeltec_slam_toolbox/share/wheeltec_slam_toolbox/environment/path.dsv
[10.134s] -- Installing: /home/ubuntu/my_n10_topic/workspace/install/wheeltec_slam_toolbox/share/wheeltec_slam_toolbox/local_setup.bash
[10.134s] -- Installing: /home/ubuntu/my_n10_topic/workspace/install/wheeltec_slam_toolbox/share/wheeltec_slam_toolbox/local_setup.sh
[10.134s] -- Installing: /home/ubuntu/my_n10_topic/workspace/install/wheeltec_slam_toolbox/share/wheeltec_slam_toolbox/local_setup.zsh
[10.134s] -- Installing: /home/ubuntu/my_n10_topic/workspace/install/wheeltec_slam_toolbox/share/wheeltec_slam_toolbox/local_setup.dsv
[10.135s] -- Installing: /home/ubuntu/my_n10_topic/workspace/install/wheeltec_slam_toolbox/share/wheeltec_slam_toolbox/package.dsv
[10.135s] -- Installing: /home/ubuntu/my_n10_topic/workspace/install/wheeltec_slam_toolbox/share/ament_index/resource_index/packages/wheeltec_slam_toolbox
[10.135s] -- Installing: /home/ubuntu/my_n10_topic/workspace/install/wheeltec_slam_toolbox/share/wheeltec_slam_toolbox/cmake/wheeltec_slam_toolboxConfig.cmake
[10.135s] -- Installing: /home/ubuntu/my_n10_topic/workspace/install/wheeltec_slam_toolbox/share/wheeltec_slam_toolbox/cmake/wheeltec_slam_toolboxConfig-version.cmake
[10.135s] -- Installing: /home/ubuntu/my_n10_topic/workspace/install/wheeltec_slam_toolbox/share/wheeltec_slam_toolbox/package.xml
[10.139s] Invoked command in '/home/ubuntu/my_n10_topic/workspace/build/wheeltec_slam_toolbox' returned '0': CMAKE_PREFIX_PATH=${CMAKE_PREFIX_PATH}:/opt/ros/humble /usr/bin/cmake --install /home/ubuntu/my_n10_topic/workspace/build/wheeltec_slam_toolbox
