[0.023s] Invoking command in '/home/ubuntu/my_n10_topic/workspace/build/turn_on_wheeltec_robot': CMAKE_PREFIX_PATH=/home/ubuntu/my_n10_topic/workspace/install/wheeltec_robot_msg:/home/ubuntu/my_n10_topic/workspace/install/wheeltec_slam_toolbox:/home/ubuntu/my_n10_topic/workspace/install/wheeltec_cartographer:/home/ubuntu/my_n10_topic/workspace/install/slam_gmapping:/home/ubuntu/my_n10_topic/workspace/install/openslam_gmapping:/home/ubuntu/my_n10_topic/workspace/install/wheeltec_robot_urdf:/home/ubuntu/my_n10_topic/workspace/install/turn_on_wheeltec_robot:/home/ubuntu/my_n10_topic/workspace/install/lslidar_driver:/home/ubuntu/my_n10_topic/workspace/install/lslidar_msgs:/home/ubuntu/lidar_ros2/lidar_ws/install/serial:/home/ubuntu/lidar_ros2/lidar_ws/install/serial:/opt/ros/humble LD_LIBRARY_PATH=/home/ubuntu/my_n10_topic/workspace/install/wheeltec_robot_msg/lib:/home/ubuntu/my_n10_topic/workspace/install/openslam_gmapping/lib:/home/ubuntu/my_n10_topic/workspace/install/turn_on_wheeltec_robot/lib:/home/ubuntu/my_n10_topic/workspace/install/lslidar_msgs/lib:/usr/lib/x86_64-linux-gnu/gazebo-11/plugins:/opt/ros/humble/opt/rviz_ogre_vendor/lib:/opt/ros/humble/lib/x86_64-linux-gnu:/opt/ros/humble/lib /usr/bin/cmake --build /home/ubuntu/my_n10_topic/workspace/build/turn_on_wheeltec_robot -- -j12 -l12
[0.106s] [35m[1mConsolidate compiler generated dependencies of target wheeltec_robot_node[0m
[0.132s] [  8%] Built target turn_on_wheeltec_robot__rosidl_generator_c
[0.133s] [ 11%] Built target turn_on_wheeltec_robot__cpp
[0.136s] [ 11%] Built target ament_cmake_python_copy_turn_on_wheeltec_robot
[0.141s] [ 20%] Built target wheeltec_robot_node
[0.148s] [35m[1mConsolidate compiler generated dependencies of target turn_on_wheeltec_robot__rosidl_typesupport_introspection_cpp[0m
[0.148s] [35m[1mConsolidate compiler generated dependencies of target turn_on_wheeltec_robot__rosidl_typesupport_c[0m
[0.153s] [35m[1mConsolidate compiler generated dependencies of target turn_on_wheeltec_robot__rosidl_typesupport_introspection_c[0m
[0.153s] [35m[1mConsolidate compiler generated dependencies of target turn_on_wheeltec_robot__rosidl_typesupport_fastrtps_c[0m
[0.157s] [35m[1mConsolidate compiler generated dependencies of target turn_on_wheeltec_robot__rosidl_typesupport_fastrtps_cpp[0m
[0.161s] [35m[1mConsolidate compiler generated dependencies of target turn_on_wheeltec_robot__rosidl_typesupport_cpp[0m
[0.167s] [ 29%] Built target turn_on_wheeltec_robot__rosidl_typesupport_introspection_c
[0.170s] [ 38%] Built target turn_on_wheeltec_robot__rosidl_typesupport_c
[0.171s] [ 47%] Built target turn_on_wheeltec_robot__rosidl_typesupport_introspection_cpp
[0.173s] [ 55%] Built target turn_on_wheeltec_robot__rosidl_typesupport_fastrtps_cpp
[0.183s] [ 64%] Built target turn_on_wheeltec_robot__rosidl_typesupport_fastrtps_c
[0.188s] [ 73%] Built target turn_on_wheeltec_robot__rosidl_typesupport_cpp
[0.233s] [ 73%] Built target turn_on_wheeltec_robot
[0.281s] [ 76%] Built target turn_on_wheeltec_robot__py
[0.306s] [35m[1mConsolidate compiler generated dependencies of target turn_on_wheeltec_robot__rosidl_generator_py[0m
[0.334s] [ 82%] Built target turn_on_wheeltec_robot__rosidl_generator_py
[0.358s] [35m[1mConsolidate compiler generated dependencies of target turn_on_wheeltec_robot__rosidl_typesupport_introspection_c__pyext[0m
[0.359s] [35m[1mConsolidate compiler generated dependencies of target turn_on_wheeltec_robot__rosidl_typesupport_fastrtps_c__pyext[0m
[0.359s] [35m[1mConsolidate compiler generated dependencies of target turn_on_wheeltec_robot__rosidl_typesupport_c__pyext[0m
[0.381s] [ 88%] Built target turn_on_wheeltec_robot__rosidl_typesupport_c__pyext
[0.384s] [ 94%] Built target turn_on_wheeltec_robot__rosidl_typesupport_introspection_c__pyext
[0.386s] [100%] Built target turn_on_wheeltec_robot__rosidl_typesupport_fastrtps_c__pyext
[0.497s] running egg_info
[0.498s] writing turn_on_wheeltec_robot.egg-info/PKG-INFO
[0.499s] writing dependency_links to turn_on_wheeltec_robot.egg-info/dependency_links.txt
[0.499s] writing top-level names to turn_on_wheeltec_robot.egg-info/top_level.txt
[0.503s] reading manifest file 'turn_on_wheeltec_robot.egg-info/SOURCES.txt'
[0.504s] writing manifest file 'turn_on_wheeltec_robot.egg-info/SOURCES.txt'
[0.547s] [100%] Built target ament_cmake_python_build_turn_on_wheeltec_robot_egg
[0.572s] Invoked command in '/home/ubuntu/my_n10_topic/workspace/build/turn_on_wheeltec_robot' returned '0': CMAKE_PREFIX_PATH=/home/ubuntu/my_n10_topic/workspace/install/wheeltec_robot_msg:/home/ubuntu/my_n10_topic/workspace/install/wheeltec_slam_toolbox:/home/ubuntu/my_n10_topic/workspace/install/wheeltec_cartographer:/home/ubuntu/my_n10_topic/workspace/install/slam_gmapping:/home/ubuntu/my_n10_topic/workspace/install/openslam_gmapping:/home/ubuntu/my_n10_topic/workspace/install/wheeltec_robot_urdf:/home/ubuntu/my_n10_topic/workspace/install/turn_on_wheeltec_robot:/home/ubuntu/my_n10_topic/workspace/install/lslidar_driver:/home/ubuntu/my_n10_topic/workspace/install/lslidar_msgs:/home/ubuntu/lidar_ros2/lidar_ws/install/serial:/home/ubuntu/lidar_ros2/lidar_ws/install/serial:/opt/ros/humble LD_LIBRARY_PATH=/home/ubuntu/my_n10_topic/workspace/install/wheeltec_robot_msg/lib:/home/ubuntu/my_n10_topic/workspace/install/openslam_gmapping/lib:/home/ubuntu/my_n10_topic/workspace/install/turn_on_wheeltec_robot/lib:/home/ubuntu/my_n10_topic/workspace/install/lslidar_msgs/lib:/usr/lib/x86_64-linux-gnu/gazebo-11/plugins:/opt/ros/humble/opt/rviz_ogre_vendor/lib:/opt/ros/humble/lib/x86_64-linux-gnu:/opt/ros/humble/lib /usr/bin/cmake --build /home/ubuntu/my_n10_topic/workspace/build/turn_on_wheeltec_robot -- -j12 -l12
[0.576s] Invoking command in '/home/ubuntu/my_n10_topic/workspace/build/turn_on_wheeltec_robot': CMAKE_PREFIX_PATH=/home/ubuntu/my_n10_topic/workspace/install/wheeltec_robot_msg:/home/ubuntu/my_n10_topic/workspace/install/wheeltec_slam_toolbox:/home/ubuntu/my_n10_topic/workspace/install/wheeltec_cartographer:/home/ubuntu/my_n10_topic/workspace/install/slam_gmapping:/home/ubuntu/my_n10_topic/workspace/install/openslam_gmapping:/home/ubuntu/my_n10_topic/workspace/install/wheeltec_robot_urdf:/home/ubuntu/my_n10_topic/workspace/install/turn_on_wheeltec_robot:/home/ubuntu/my_n10_topic/workspace/install/lslidar_driver:/home/ubuntu/my_n10_topic/workspace/install/lslidar_msgs:/home/ubuntu/lidar_ros2/lidar_ws/install/serial:/home/ubuntu/lidar_ros2/lidar_ws/install/serial:/opt/ros/humble LD_LIBRARY_PATH=/home/ubuntu/my_n10_topic/workspace/install/wheeltec_robot_msg/lib:/home/ubuntu/my_n10_topic/workspace/install/openslam_gmapping/lib:/home/ubuntu/my_n10_topic/workspace/install/turn_on_wheeltec_robot/lib:/home/ubuntu/my_n10_topic/workspace/install/lslidar_msgs/lib:/usr/lib/x86_64-linux-gnu/gazebo-11/plugins:/opt/ros/humble/opt/rviz_ogre_vendor/lib:/opt/ros/humble/lib/x86_64-linux-gnu:/opt/ros/humble/lib /usr/bin/cmake --install /home/ubuntu/my_n10_topic/workspace/build/turn_on_wheeltec_robot
[0.591s] -- Install configuration: ""
[0.591s] -- Up-to-date: /home/ubuntu/my_n10_topic/workspace/install/turn_on_wheeltec_robot/share/ament_index/resource_index/rosidl_interfaces/turn_on_wheeltec_robot
[0.591s] -- Up-to-date: /home/ubuntu/my_n10_topic/workspace/install/turn_on_wheeltec_robot/include/turn_on_wheeltec_robot/turn_on_wheeltec_robot
[0.592s] -- Up-to-date: /home/ubuntu/my_n10_topic/workspace/install/turn_on_wheeltec_robot/include/turn_on_wheeltec_robot/turn_on_wheeltec_robot/msg
[0.592s] -- Up-to-date: /home/ubuntu/my_n10_topic/workspace/install/turn_on_wheeltec_robot/include/turn_on_wheeltec_robot/turn_on_wheeltec_robot/msg/rosidl_generator_c__visibility_control.h
[0.592s] -- Up-to-date: /home/ubuntu/my_n10_topic/workspace/install/turn_on_wheeltec_robot/include/turn_on_wheeltec_robot/turn_on_wheeltec_robot/msg/position.h
[0.592s] -- Up-to-date: /home/ubuntu/my_n10_topic/workspace/install/turn_on_wheeltec_robot/include/turn_on_wheeltec_robot/turn_on_wheeltec_robot/msg/detail
[0.592s] -- Up-to-date: /home/ubuntu/my_n10_topic/workspace/install/turn_on_wheeltec_robot/include/turn_on_wheeltec_robot/turn_on_wheeltec_robot/msg/detail/position__struct.h
[0.592s] -- Up-to-date: /home/ubuntu/my_n10_topic/workspace/install/turn_on_wheeltec_robot/include/turn_on_wheeltec_robot/turn_on_wheeltec_robot/msg/detail/position__type_support.h
[0.592s] -- Up-to-date: /home/ubuntu/my_n10_topic/workspace/install/turn_on_wheeltec_robot/include/turn_on_wheeltec_robot/turn_on_wheeltec_robot/msg/detail/position__functions.c
[0.592s] -- Up-to-date: /home/ubuntu/my_n10_topic/workspace/install/turn_on_wheeltec_robot/include/turn_on_wheeltec_robot/turn_on_wheeltec_robot/msg/detail/position__functions.h
[0.592s] -- Up-to-date: /home/ubuntu/my_n10_topic/workspace/install/turn_on_wheeltec_robot/share/turn_on_wheeltec_robot/environment/library_path.sh
[0.592s] -- Up-to-date: /home/ubuntu/my_n10_topic/workspace/install/turn_on_wheeltec_robot/share/turn_on_wheeltec_robot/environment/library_path.dsv
[0.593s] -- Up-to-date: /home/ubuntu/my_n10_topic/workspace/install/turn_on_wheeltec_robot/lib/libturn_on_wheeltec_robot__rosidl_generator_c.so
[0.593s] -- Up-to-date: /home/ubuntu/my_n10_topic/workspace/install/turn_on_wheeltec_robot/include/turn_on_wheeltec_robot/turn_on_wheeltec_robot
[0.593s] -- Up-to-date: /home/ubuntu/my_n10_topic/workspace/install/turn_on_wheeltec_robot/include/turn_on_wheeltec_robot/turn_on_wheeltec_robot/msg
[0.593s] -- Up-to-date: /home/ubuntu/my_n10_topic/workspace/install/turn_on_wheeltec_robot/include/turn_on_wheeltec_robot/turn_on_wheeltec_robot/msg/detail
[0.593s] -- Up-to-date: /home/ubuntu/my_n10_topic/workspace/install/turn_on_wheeltec_robot/include/turn_on_wheeltec_robot/turn_on_wheeltec_robot/msg/detail/position__rosidl_typesupport_fastrtps_c.h
[0.593s] -- Up-to-date: /home/ubuntu/my_n10_topic/workspace/install/turn_on_wheeltec_robot/include/turn_on_wheeltec_robot/turn_on_wheeltec_robot/msg/rosidl_typesupport_fastrtps_c__visibility_control.h
[0.593s] -- Up-to-date: /home/ubuntu/my_n10_topic/workspace/install/turn_on_wheeltec_robot/lib/libturn_on_wheeltec_robot__rosidl_typesupport_fastrtps_c.so
[0.594s] -- Up-to-date: /home/ubuntu/my_n10_topic/workspace/install/turn_on_wheeltec_robot/include/turn_on_wheeltec_robot/turn_on_wheeltec_robot
[0.594s] -- Up-to-date: /home/ubuntu/my_n10_topic/workspace/install/turn_on_wheeltec_robot/include/turn_on_wheeltec_robot/turn_on_wheeltec_robot/msg
[0.594s] -- Up-to-date: /home/ubuntu/my_n10_topic/workspace/install/turn_on_wheeltec_robot/include/turn_on_wheeltec_robot/turn_on_wheeltec_robot/msg/detail
[0.594s] -- Up-to-date: /home/ubuntu/my_n10_topic/workspace/install/turn_on_wheeltec_robot/include/turn_on_wheeltec_robot/turn_on_wheeltec_robot/msg/detail/position__traits.hpp
[0.594s] -- Up-to-date: /home/ubuntu/my_n10_topic/workspace/install/turn_on_wheeltec_robot/include/turn_on_wheeltec_robot/turn_on_wheeltec_robot/msg/detail/position__builder.hpp
[0.594s] -- Up-to-date: /home/ubuntu/my_n10_topic/workspace/install/turn_on_wheeltec_robot/include/turn_on_wheeltec_robot/turn_on_wheeltec_robot/msg/detail/position__struct.hpp
[0.594s] -- Up-to-date: /home/ubuntu/my_n10_topic/workspace/install/turn_on_wheeltec_robot/include/turn_on_wheeltec_robot/turn_on_wheeltec_robot/msg/detail/position__type_support.hpp
[0.594s] -- Up-to-date: /home/ubuntu/my_n10_topic/workspace/install/turn_on_wheeltec_robot/include/turn_on_wheeltec_robot/turn_on_wheeltec_robot/msg/position.hpp
[0.594s] -- Up-to-date: /home/ubuntu/my_n10_topic/workspace/install/turn_on_wheeltec_robot/include/turn_on_wheeltec_robot/turn_on_wheeltec_robot/msg/rosidl_generator_cpp__visibility_control.hpp
[0.595s] -- Up-to-date: /home/ubuntu/my_n10_topic/workspace/install/turn_on_wheeltec_robot/include/turn_on_wheeltec_robot/turn_on_wheeltec_robot
[0.595s] -- Up-to-date: /home/ubuntu/my_n10_topic/workspace/install/turn_on_wheeltec_robot/include/turn_on_wheeltec_robot/turn_on_wheeltec_robot/msg
[0.595s] -- Up-to-date: /home/ubuntu/my_n10_topic/workspace/install/turn_on_wheeltec_robot/include/turn_on_wheeltec_robot/turn_on_wheeltec_robot/msg/rosidl_typesupport_fastrtps_cpp__visibility_control.h
[0.595s] -- Up-to-date: /home/ubuntu/my_n10_topic/workspace/install/turn_on_wheeltec_robot/include/turn_on_wheeltec_robot/turn_on_wheeltec_robot/msg/detail
[0.595s] -- Up-to-date: /home/ubuntu/my_n10_topic/workspace/install/turn_on_wheeltec_robot/include/turn_on_wheeltec_robot/turn_on_wheeltec_robot/msg/detail/dds_fastrtps
[0.595s] -- Up-to-date: /home/ubuntu/my_n10_topic/workspace/install/turn_on_wheeltec_robot/include/turn_on_wheeltec_robot/turn_on_wheeltec_robot/msg/detail/position__rosidl_typesupport_fastrtps_cpp.hpp
[0.595s] -- Up-to-date: /home/ubuntu/my_n10_topic/workspace/install/turn_on_wheeltec_robot/lib/libturn_on_wheeltec_robot__rosidl_typesupport_fastrtps_cpp.so
[0.595s] -- Up-to-date: /home/ubuntu/my_n10_topic/workspace/install/turn_on_wheeltec_robot/include/turn_on_wheeltec_robot/turn_on_wheeltec_robot
[0.595s] -- Up-to-date: /home/ubuntu/my_n10_topic/workspace/install/turn_on_wheeltec_robot/include/turn_on_wheeltec_robot/turn_on_wheeltec_robot/msg
[0.595s] -- Up-to-date: /home/ubuntu/my_n10_topic/workspace/install/turn_on_wheeltec_robot/include/turn_on_wheeltec_robot/turn_on_wheeltec_robot/msg/rosidl_typesupport_introspection_c__visibility_control.h
[0.595s] -- Up-to-date: /home/ubuntu/my_n10_topic/workspace/install/turn_on_wheeltec_robot/include/turn_on_wheeltec_robot/turn_on_wheeltec_robot/msg/detail
[0.596s] -- Up-to-date: /home/ubuntu/my_n10_topic/workspace/install/turn_on_wheeltec_robot/include/turn_on_wheeltec_robot/turn_on_wheeltec_robot/msg/detail/position__type_support.c
[0.596s] -- Up-to-date: /home/ubuntu/my_n10_topic/workspace/install/turn_on_wheeltec_robot/include/turn_on_wheeltec_robot/turn_on_wheeltec_robot/msg/detail/position__rosidl_typesupport_introspection_c.h
[0.596s] -- Up-to-date: /home/ubuntu/my_n10_topic/workspace/install/turn_on_wheeltec_robot/lib/libturn_on_wheeltec_robot__rosidl_typesupport_introspection_c.so
[0.596s] -- Up-to-date: /home/ubuntu/my_n10_topic/workspace/install/turn_on_wheeltec_robot/lib/libturn_on_wheeltec_robot__rosidl_typesupport_c.so
[0.596s] -- Up-to-date: /home/ubuntu/my_n10_topic/workspace/install/turn_on_wheeltec_robot/include/turn_on_wheeltec_robot/turn_on_wheeltec_robot
[0.597s] -- Up-to-date: /home/ubuntu/my_n10_topic/workspace/install/turn_on_wheeltec_robot/include/turn_on_wheeltec_robot/turn_on_wheeltec_robot/msg
[0.597s] -- Up-to-date: /home/ubuntu/my_n10_topic/workspace/install/turn_on_wheeltec_robot/include/turn_on_wheeltec_robot/turn_on_wheeltec_robot/msg/detail
[0.597s] -- Up-to-date: /home/ubuntu/my_n10_topic/workspace/install/turn_on_wheeltec_robot/include/turn_on_wheeltec_robot/turn_on_wheeltec_robot/msg/detail/position__rosidl_typesupport_introspection_cpp.hpp
[0.597s] -- Up-to-date: /home/ubuntu/my_n10_topic/workspace/install/turn_on_wheeltec_robot/include/turn_on_wheeltec_robot/turn_on_wheeltec_robot/msg/detail/position__type_support.cpp
[0.597s] -- Up-to-date: /home/ubuntu/my_n10_topic/workspace/install/turn_on_wheeltec_robot/lib/libturn_on_wheeltec_robot__rosidl_typesupport_introspection_cpp.so
[0.597s] -- Up-to-date: /home/ubuntu/my_n10_topic/workspace/install/turn_on_wheeltec_robot/lib/libturn_on_wheeltec_robot__rosidl_typesupport_cpp.so
[0.597s] -- Up-to-date: /home/ubuntu/my_n10_topic/workspace/install/turn_on_wheeltec_robot/share/turn_on_wheeltec_robot/environment/pythonpath.sh
[0.597s] -- Up-to-date: /home/ubuntu/my_n10_topic/workspace/install/turn_on_wheeltec_robot/share/turn_on_wheeltec_robot/environment/pythonpath.dsv
[0.597s] -- Up-to-date: /home/ubuntu/my_n10_topic/workspace/install/turn_on_wheeltec_robot/local/lib/python3.10/dist-packages/turn_on_wheeltec_robot-0.0.0-py3.10.egg-info
[0.597s] -- Installing: /home/ubuntu/my_n10_topic/workspace/install/turn_on_wheeltec_robot/local/lib/python3.10/dist-packages/turn_on_wheeltec_robot-0.0.0-py3.10.egg-info/dependency_links.txt
[0.597s] -- Installing: /home/ubuntu/my_n10_topic/workspace/install/turn_on_wheeltec_robot/local/lib/python3.10/dist-packages/turn_on_wheeltec_robot-0.0.0-py3.10.egg-info/PKG-INFO
[0.598s] -- Installing: /home/ubuntu/my_n10_topic/workspace/install/turn_on_wheeltec_robot/local/lib/python3.10/dist-packages/turn_on_wheeltec_robot-0.0.0-py3.10.egg-info/SOURCES.txt
[0.598s] -- Installing: /home/ubuntu/my_n10_topic/workspace/install/turn_on_wheeltec_robot/local/lib/python3.10/dist-packages/turn_on_wheeltec_robot-0.0.0-py3.10.egg-info/top_level.txt
[0.598s] -- Up-to-date: /home/ubuntu/my_n10_topic/workspace/install/turn_on_wheeltec_robot/local/lib/python3.10/dist-packages/turn_on_wheeltec_robot
[0.598s] -- Up-to-date: /home/ubuntu/my_n10_topic/workspace/install/turn_on_wheeltec_robot/local/lib/python3.10/dist-packages/turn_on_wheeltec_robot/__init__.py
[0.598s] -- Up-to-date: /home/ubuntu/my_n10_topic/workspace/install/turn_on_wheeltec_robot/local/lib/python3.10/dist-packages/turn_on_wheeltec_robot/turn_on_wheeltec_robot_s__rosidl_typesupport_c.cpython-310-x86_64-linux-gnu.so
[0.598s] -- Up-to-date: /home/ubuntu/my_n10_topic/workspace/install/turn_on_wheeltec_robot/local/lib/python3.10/dist-packages/turn_on_wheeltec_robot/_turn_on_wheeltec_robot_s.ep.rosidl_typesupport_fastrtps_c.c
[0.598s] -- Up-to-date: /home/ubuntu/my_n10_topic/workspace/install/turn_on_wheeltec_robot/local/lib/python3.10/dist-packages/turn_on_wheeltec_robot/_turn_on_wheeltec_robot_s.ep.rosidl_typesupport_c.c
[0.598s] -- Up-to-date: /home/ubuntu/my_n10_topic/workspace/install/turn_on_wheeltec_robot/local/lib/python3.10/dist-packages/turn_on_wheeltec_robot/_turn_on_wheeltec_robot_s.ep.rosidl_typesupport_introspection_c.c
[0.598s] -- Up-to-date: /home/ubuntu/my_n10_topic/workspace/install/turn_on_wheeltec_robot/local/lib/python3.10/dist-packages/turn_on_wheeltec_robot/msg
[0.598s] -- Up-to-date: /home/ubuntu/my_n10_topic/workspace/install/turn_on_wheeltec_robot/local/lib/python3.10/dist-packages/turn_on_wheeltec_robot/msg/__init__.py
[0.598s] -- Up-to-date: /home/ubuntu/my_n10_topic/workspace/install/turn_on_wheeltec_robot/local/lib/python3.10/dist-packages/turn_on_wheeltec_robot/msg/_position.py
[0.598s] -- Up-to-date: /home/ubuntu/my_n10_topic/workspace/install/turn_on_wheeltec_robot/local/lib/python3.10/dist-packages/turn_on_wheeltec_robot/msg/_position_s.c
[0.598s] -- Up-to-date: /home/ubuntu/my_n10_topic/workspace/install/turn_on_wheeltec_robot/local/lib/python3.10/dist-packages/turn_on_wheeltec_robot/turn_on_wheeltec_robot_s__rosidl_typesupport_fastrtps_c.cpython-310-x86_64-linux-gnu.so
[0.598s] -- Up-to-date: /home/ubuntu/my_n10_topic/workspace/install/turn_on_wheeltec_robot/local/lib/python3.10/dist-packages/turn_on_wheeltec_robot/libturn_on_wheeltec_robot__rosidl_generator_py.so
[0.599s] -- Up-to-date: /home/ubuntu/my_n10_topic/workspace/install/turn_on_wheeltec_robot/local/lib/python3.10/dist-packages/turn_on_wheeltec_robot/turn_on_wheeltec_robot_s__rosidl_typesupport_introspection_c.cpython-310-x86_64-linux-gnu.so
[0.639s] Listing '/home/ubuntu/my_n10_topic/workspace/install/turn_on_wheeltec_robot/local/lib/python3.10/dist-packages/turn_on_wheeltec_robot'...
[0.639s] Listing '/home/ubuntu/my_n10_topic/workspace/install/turn_on_wheeltec_robot/local/lib/python3.10/dist-packages/turn_on_wheeltec_robot/msg'...
[0.644s] -- Up-to-date: /home/ubuntu/my_n10_topic/workspace/install/turn_on_wheeltec_robot/local/lib/python3.10/dist-packages/turn_on_wheeltec_robot/turn_on_wheeltec_robot_s__rosidl_typesupport_fastrtps_c.cpython-310-x86_64-linux-gnu.so
[0.645s] -- Up-to-date: /home/ubuntu/my_n10_topic/workspace/install/turn_on_wheeltec_robot/local/lib/python3.10/dist-packages/turn_on_wheeltec_robot/turn_on_wheeltec_robot_s__rosidl_typesupport_introspection_c.cpython-310-x86_64-linux-gnu.so
[0.645s] -- Up-to-date: /home/ubuntu/my_n10_topic/workspace/install/turn_on_wheeltec_robot/local/lib/python3.10/dist-packages/turn_on_wheeltec_robot/turn_on_wheeltec_robot_s__rosidl_typesupport_c.cpython-310-x86_64-linux-gnu.so
[0.646s] -- Up-to-date: /home/ubuntu/my_n10_topic/workspace/install/turn_on_wheeltec_robot/lib/libturn_on_wheeltec_robot__rosidl_generator_py.so
[0.646s] -- Up-to-date: /home/ubuntu/my_n10_topic/workspace/install/turn_on_wheeltec_robot/share/turn_on_wheeltec_robot/msg/Position.idl
[0.646s] -- Up-to-date: /home/ubuntu/my_n10_topic/workspace/install/turn_on_wheeltec_robot/share/turn_on_wheeltec_robot/msg/Position.msg
[0.647s] -- Up-to-date: /home/ubuntu/my_n10_topic/workspace/install/turn_on_wheeltec_robot/lib/turn_on_wheeltec_robot/wheeltec_robot_node
[0.647s] -- Up-to-date: /home/ubuntu/my_n10_topic/workspace/install/turn_on_wheeltec_robot/share/turn_on_wheeltec_robot/launch
[0.647s] -- Up-to-date: /home/ubuntu/my_n10_topic/workspace/install/turn_on_wheeltec_robot/share/turn_on_wheeltec_robot/launch/robot_mode_description.launch.py
[0.648s] -- Up-to-date: /home/ubuntu/my_n10_topic/workspace/install/turn_on_wheeltec_robot/share/turn_on_wheeltec_robot/launch/wheeltec_sensors.launch.py
[0.648s] -- Up-to-date: /home/ubuntu/my_n10_topic/workspace/install/turn_on_wheeltec_robot/share/turn_on_wheeltec_robot/launch/wheeltec_camera.launch.py
[0.648s] -- Up-to-date: /home/ubuntu/my_n10_topic/workspace/install/turn_on_wheeltec_robot/share/turn_on_wheeltec_robot/launch/turn_on_wheeltec_robot.launch.py
[0.648s] -- Up-to-date: /home/ubuntu/my_n10_topic/workspace/install/turn_on_wheeltec_robot/share/turn_on_wheeltec_robot/launch/wheeltec_lidar.launch.py
[0.648s] -- Up-to-date: /home/ubuntu/my_n10_topic/workspace/install/turn_on_wheeltec_robot/share/turn_on_wheeltec_robot/launch/__pycache__
[0.649s] -- Up-to-date: /home/ubuntu/my_n10_topic/workspace/install/turn_on_wheeltec_robot/share/turn_on_wheeltec_robot/launch/__pycache__/testtwo.launch.cpython-38.pyc
[0.649s] -- Up-to-date: /home/ubuntu/my_n10_topic/workspace/install/turn_on_wheeltec_robot/share/turn_on_wheeltec_robot/launch/wheeltec_ekf.launch.py
[0.649s] -- Up-to-date: /home/ubuntu/my_n10_topic/workspace/install/turn_on_wheeltec_robot/share/turn_on_wheeltec_robot/launch/include
[0.649s] -- Up-to-date: /home/ubuntu/my_n10_topic/workspace/install/turn_on_wheeltec_robot/share/turn_on_wheeltec_robot/launch/include/turn_on_wheeltec_robot_h30imu.launch.py
[0.649s] -- Up-to-date: /home/ubuntu/my_n10_topic/workspace/install/turn_on_wheeltec_robot/share/turn_on_wheeltec_robot/launch/include/base_serial_h30imu.launch.py
[0.649s] -- Up-to-date: /home/ubuntu/my_n10_topic/workspace/install/turn_on_wheeltec_robot/share/turn_on_wheeltec_robot/launch/robot_mode_description_minibot.launch.py
[0.649s] -- Up-to-date: /home/ubuntu/my_n10_topic/workspace/install/turn_on_wheeltec_robot/share/turn_on_wheeltec_robot/launch/base_serial.launch.py
[0.650s] -- Up-to-date: /home/ubuntu/my_n10_topic/workspace/install/turn_on_wheeltec_robot/share/turn_on_wheeltec_robot/config
[0.650s] -- Up-to-date: /home/ubuntu/my_n10_topic/workspace/install/turn_on_wheeltec_robot/share/turn_on_wheeltec_robot/config/ekf_carto.yaml
[0.650s] -- Up-to-date: /home/ubuntu/my_n10_topic/workspace/install/turn_on_wheeltec_robot/share/turn_on_wheeltec_robot/config/camera_info.yaml
[0.651s] -- Up-to-date: /home/ubuntu/my_n10_topic/workspace/install/turn_on_wheeltec_robot/share/turn_on_wheeltec_robot/config/ekf.yaml
[0.651s] -- Up-to-date: /home/ubuntu/my_n10_topic/workspace/install/turn_on_wheeltec_robot/share/turn_on_wheeltec_robot/config/imu.yaml
[0.651s] -- Up-to-date: /home/ubuntu/my_n10_topic/workspace/install/turn_on_wheeltec_robot/share/ament_index/resource_index/package_run_dependencies/turn_on_wheeltec_robot
[0.651s] -- Up-to-date: /home/ubuntu/my_n10_topic/workspace/install/turn_on_wheeltec_robot/share/ament_index/resource_index/parent_prefix_path/turn_on_wheeltec_robot
[0.651s] -- Up-to-date: /home/ubuntu/my_n10_topic/workspace/install/turn_on_wheeltec_robot/share/turn_on_wheeltec_robot/environment/ament_prefix_path.sh
[0.651s] -- Up-to-date: /home/ubuntu/my_n10_topic/workspace/install/turn_on_wheeltec_robot/share/turn_on_wheeltec_robot/environment/ament_prefix_path.dsv
[0.651s] -- Up-to-date: /home/ubuntu/my_n10_topic/workspace/install/turn_on_wheeltec_robot/share/turn_on_wheeltec_robot/environment/path.sh
[0.651s] -- Up-to-date: /home/ubuntu/my_n10_topic/workspace/install/turn_on_wheeltec_robot/share/turn_on_wheeltec_robot/environment/path.dsv
[0.652s] -- Up-to-date: /home/ubuntu/my_n10_topic/workspace/install/turn_on_wheeltec_robot/share/turn_on_wheeltec_robot/local_setup.bash
[0.652s] -- Up-to-date: /home/ubuntu/my_n10_topic/workspace/install/turn_on_wheeltec_robot/share/turn_on_wheeltec_robot/local_setup.sh
[0.652s] -- Up-to-date: /home/ubuntu/my_n10_topic/workspace/install/turn_on_wheeltec_robot/share/turn_on_wheeltec_robot/local_setup.zsh
[0.652s] -- Up-to-date: /home/ubuntu/my_n10_topic/workspace/install/turn_on_wheeltec_robot/share/turn_on_wheeltec_robot/local_setup.dsv
[0.652s] -- Installing: /home/ubuntu/my_n10_topic/workspace/install/turn_on_wheeltec_robot/share/turn_on_wheeltec_robot/package.dsv
[0.652s] -- Up-to-date: /home/ubuntu/my_n10_topic/workspace/install/turn_on_wheeltec_robot/share/ament_index/resource_index/packages/turn_on_wheeltec_robot
[0.653s] -- Up-to-date: /home/ubuntu/my_n10_topic/workspace/install/turn_on_wheeltec_robot/share/turn_on_wheeltec_robot/cmake/export_turn_on_wheeltec_robot__rosidl_generator_cExport.cmake
[0.653s] -- Up-to-date: /home/ubuntu/my_n10_topic/workspace/install/turn_on_wheeltec_robot/share/turn_on_wheeltec_robot/cmake/export_turn_on_wheeltec_robot__rosidl_generator_cExport-noconfig.cmake
[0.653s] -- Up-to-date: /home/ubuntu/my_n10_topic/workspace/install/turn_on_wheeltec_robot/share/turn_on_wheeltec_robot/cmake/export_turn_on_wheeltec_robot__rosidl_typesupport_fastrtps_cExport.cmake
[0.653s] -- Up-to-date: /home/ubuntu/my_n10_topic/workspace/install/turn_on_wheeltec_robot/share/turn_on_wheeltec_robot/cmake/export_turn_on_wheeltec_robot__rosidl_typesupport_fastrtps_cExport-noconfig.cmake
[0.653s] -- Up-to-date: /home/ubuntu/my_n10_topic/workspace/install/turn_on_wheeltec_robot/share/turn_on_wheeltec_robot/cmake/export_turn_on_wheeltec_robot__rosidl_generator_cppExport.cmake
[0.653s] -- Up-to-date: /home/ubuntu/my_n10_topic/workspace/install/turn_on_wheeltec_robot/share/turn_on_wheeltec_robot/cmake/export_turn_on_wheeltec_robot__rosidl_typesupport_fastrtps_cppExport.cmake
[0.653s] -- Up-to-date: /home/ubuntu/my_n10_topic/workspace/install/turn_on_wheeltec_robot/share/turn_on_wheeltec_robot/cmake/export_turn_on_wheeltec_robot__rosidl_typesupport_fastrtps_cppExport-noconfig.cmake
[0.653s] -- Up-to-date: /home/ubuntu/my_n10_topic/workspace/install/turn_on_wheeltec_robot/share/turn_on_wheeltec_robot/cmake/turn_on_wheeltec_robot__rosidl_typesupport_introspection_cExport.cmake
[0.653s] -- Up-to-date: /home/ubuntu/my_n10_topic/workspace/install/turn_on_wheeltec_robot/share/turn_on_wheeltec_robot/cmake/turn_on_wheeltec_robot__rosidl_typesupport_introspection_cExport-noconfig.cmake
[0.654s] -- Up-to-date: /home/ubuntu/my_n10_topic/workspace/install/turn_on_wheeltec_robot/share/turn_on_wheeltec_robot/cmake/turn_on_wheeltec_robot__rosidl_typesupport_cExport.cmake
[0.654s] -- Up-to-date: /home/ubuntu/my_n10_topic/workspace/install/turn_on_wheeltec_robot/share/turn_on_wheeltec_robot/cmake/turn_on_wheeltec_robot__rosidl_typesupport_cExport-noconfig.cmake
[0.654s] -- Up-to-date: /home/ubuntu/my_n10_topic/workspace/install/turn_on_wheeltec_robot/share/turn_on_wheeltec_robot/cmake/turn_on_wheeltec_robot__rosidl_typesupport_introspection_cppExport.cmake
[0.654s] -- Up-to-date: /home/ubuntu/my_n10_topic/workspace/install/turn_on_wheeltec_robot/share/turn_on_wheeltec_robot/cmake/turn_on_wheeltec_robot__rosidl_typesupport_introspection_cppExport-noconfig.cmake
[0.654s] -- Up-to-date: /home/ubuntu/my_n10_topic/workspace/install/turn_on_wheeltec_robot/share/turn_on_wheeltec_robot/cmake/turn_on_wheeltec_robot__rosidl_typesupport_cppExport.cmake
[0.654s] -- Up-to-date: /home/ubuntu/my_n10_topic/workspace/install/turn_on_wheeltec_robot/share/turn_on_wheeltec_robot/cmake/turn_on_wheeltec_robot__rosidl_typesupport_cppExport-noconfig.cmake
[0.654s] -- Up-to-date: /home/ubuntu/my_n10_topic/workspace/install/turn_on_wheeltec_robot/share/turn_on_wheeltec_robot/cmake/export_turn_on_wheeltec_robot__rosidl_generator_pyExport.cmake
[0.654s] -- Up-to-date: /home/ubuntu/my_n10_topic/workspace/install/turn_on_wheeltec_robot/share/turn_on_wheeltec_robot/cmake/export_turn_on_wheeltec_robot__rosidl_generator_pyExport-noconfig.cmake
[0.654s] -- Up-to-date: /home/ubuntu/my_n10_topic/workspace/install/turn_on_wheeltec_robot/share/turn_on_wheeltec_robot/cmake/rosidl_cmake-extras.cmake
[0.654s] -- Up-to-date: /home/ubuntu/my_n10_topic/workspace/install/turn_on_wheeltec_robot/share/turn_on_wheeltec_robot/cmake/ament_cmake_export_include_directories-extras.cmake
[0.654s] -- Up-to-date: /home/ubuntu/my_n10_topic/workspace/install/turn_on_wheeltec_robot/share/turn_on_wheeltec_robot/cmake/ament_cmake_export_libraries-extras.cmake
[0.654s] -- Up-to-date: /home/ubuntu/my_n10_topic/workspace/install/turn_on_wheeltec_robot/share/turn_on_wheeltec_robot/cmake/ament_cmake_export_targets-extras.cmake
[0.655s] -- Up-to-date: /home/ubuntu/my_n10_topic/workspace/install/turn_on_wheeltec_robot/share/turn_on_wheeltec_robot/cmake/rosidl_cmake_export_typesupport_targets-extras.cmake
[0.655s] -- Up-to-date: /home/ubuntu/my_n10_topic/workspace/install/turn_on_wheeltec_robot/share/turn_on_wheeltec_robot/cmake/ament_cmake_export_dependencies-extras.cmake
[0.655s] -- Up-to-date: /home/ubuntu/my_n10_topic/workspace/install/turn_on_wheeltec_robot/share/turn_on_wheeltec_robot/cmake/rosidl_cmake_export_typesupport_libraries-extras.cmake
[0.655s] -- Up-to-date: /home/ubuntu/my_n10_topic/workspace/install/turn_on_wheeltec_robot/share/turn_on_wheeltec_robot/cmake/turn_on_wheeltec_robotConfig.cmake
[0.655s] -- Up-to-date: /home/ubuntu/my_n10_topic/workspace/install/turn_on_wheeltec_robot/share/turn_on_wheeltec_robot/cmake/turn_on_wheeltec_robotConfig-version.cmake
[0.655s] -- Up-to-date: /home/ubuntu/my_n10_topic/workspace/install/turn_on_wheeltec_robot/share/turn_on_wheeltec_robot/package.xml
[0.659s] Invoked command in '/home/ubuntu/my_n10_topic/workspace/build/turn_on_wheeltec_robot' returned '0': CMAKE_PREFIX_PATH=/home/ubuntu/my_n10_topic/workspace/install/wheeltec_robot_msg:/home/ubuntu/my_n10_topic/workspace/install/wheeltec_slam_toolbox:/home/ubuntu/my_n10_topic/workspace/install/wheeltec_cartographer:/home/ubuntu/my_n10_topic/workspace/install/slam_gmapping:/home/ubuntu/my_n10_topic/workspace/install/openslam_gmapping:/home/ubuntu/my_n10_topic/workspace/install/wheeltec_robot_urdf:/home/ubuntu/my_n10_topic/workspace/install/turn_on_wheeltec_robot:/home/ubuntu/my_n10_topic/workspace/install/lslidar_driver:/home/ubuntu/my_n10_topic/workspace/install/lslidar_msgs:/home/ubuntu/lidar_ros2/lidar_ws/install/serial:/home/ubuntu/lidar_ros2/lidar_ws/install/serial:/opt/ros/humble LD_LIBRARY_PATH=/home/ubuntu/my_n10_topic/workspace/install/wheeltec_robot_msg/lib:/home/ubuntu/my_n10_topic/workspace/install/openslam_gmapping/lib:/home/ubuntu/my_n10_topic/workspace/install/turn_on_wheeltec_robot/lib:/home/ubuntu/my_n10_topic/workspace/install/lslidar_msgs/lib:/usr/lib/x86_64-linux-gnu/gazebo-11/plugins:/opt/ros/humble/opt/rviz_ogre_vendor/lib:/opt/ros/humble/lib/x86_64-linux-gnu:/opt/ros/humble/lib /usr/bin/cmake --install /home/ubuntu/my_n10_topic/workspace/build/turn_on_wheeltec_robot
