[0.016s] Invoking command in '/home/ubuntu/my_n10_topic/workspace/build/lslidar_msgs': CMAKE_PREFIX_PATH=${CMAKE_PREFIX_PATH}:/opt/ros/humble /usr/bin/cmake /home/ubuntu/my_n10_topic/workspace/src/LSLIDAR_X_ROS2-20240228/src/lslidar_msgs -DCMAKE_INSTALL_PREFIX=/home/ubuntu/my_n10_topic/workspace/install/lslidar_msgs
[0.235s] -- The C compiler identification is GNU 11.4.0
[0.403s] -- The CXX compiler identification is GNU 11.4.0
[0.429s] -- Detecting C compiler ABI info
[0.568s] -- Detecting C compiler ABI info - done
[0.575s] -- Check for working C compiler: /usr/bin/cc - skipped
[0.577s] -- Detecting C compile features
[0.579s] -- Detecting C compile features - done
[0.585s] -- Detecting CXX compiler ABI info
[0.742s] -- Detecting CXX compiler ABI info - done
[0.746s] -- Check for working CXX compiler: /usr/bin/c++ - skipped
[0.746s] -- Detecting CXX compile features
[0.746s] -- Detecting CXX compile features - done
[0.760s] -- Found ament_cmake: 1.3.11 (/opt/ros/humble/share/ament_cmake/cmake)
[0.976s] -- Found Python3: /usr/bin/python3 (found version "3.10.12") found components: Interpreter 
[1.171s] -- Found std_msgs: 4.2.4 (/opt/ros/humble/share/std_msgs/cmake)
[1.259s] -- Found rosidl_generator_c: 3.1.6 (/opt/ros/humble/share/rosidl_generator_c/cmake)
[1.272s] -- Found rosidl_adapter: 3.1.6 (/opt/ros/humble/share/rosidl_adapter/cmake)
[1.290s] -- Found rosidl_generator_cpp: 3.1.6 (/opt/ros/humble/share/rosidl_generator_cpp/cmake)
[1.320s] -- Using all available rosidl_typesupport_c: rosidl_typesupport_fastrtps_c;rosidl_typesupport_introspection_c
[1.356s] -- Using all available rosidl_typesupport_cpp: rosidl_typesupport_fastrtps_cpp;rosidl_typesupport_introspection_cpp
[1.412s] -- Found sensor_msgs: 4.2.4 (/opt/ros/humble/share/sensor_msgs/cmake)
[1.472s] -- Found rosidl_default_generators: 1.2.0 (/opt/ros/humble/share/rosidl_default_generators/cmake)
[1.490s] -- Found ament_lint_auto: 0.12.11 (/opt/ros/humble/share/ament_lint_auto/cmake)
[1.952s] -- Found ament_cmake_ros: 0.10.0 (/opt/ros/humble/share/ament_cmake_ros/cmake)
[2.445s] -- Using all available rosidl_typesupport_c: rosidl_typesupport_fastrtps_c;rosidl_typesupport_introspection_c
[2.647s] -- Using all available rosidl_typesupport_cpp: rosidl_typesupport_fastrtps_cpp;rosidl_typesupport_introspection_cpp
[2.686s] -- Found PythonInterp: /usr/bin/python3 (found suitable version "3.10.12", minimum required is "3.6") 
[2.691s] -- Found python_cmake_module: 0.10.0 (/opt/ros/humble/share/python_cmake_module/cmake)
[2.738s] -- Found PythonLibs: /usr/lib/x86_64-linux-gnu/libpython3.10.so (found suitable version "3.10.12", minimum required is "3.5") 
[2.739s] -- Using PYTHON_EXECUTABLE: /usr/bin/python3
[2.739s] -- Using PYTHON_INCLUDE_DIRS: /usr/include/python3.10
[2.739s] -- Using PYTHON_LIBRARIES: /usr/lib/x86_64-linux-gnu/libpython3.10.so
[2.775s] -- Found PythonExtra: .so  
[2.848s] -- Added test 'copyright' to check source files copyright and LICENSE
[2.852s] -- Added test 'lint_cmake' to check CMake code style
[2.855s] -- Added test 'xmllint' to check XML markup files
[2.870s] -- Configuring done
[2.933s] -- Generating done
[2.944s] -- Build files have been written to: /home/ubuntu/my_n10_topic/workspace/build/lslidar_msgs
[2.963s] Invoked command in '/home/ubuntu/my_n10_topic/workspace/build/lslidar_msgs' returned '0': CMAKE_PREFIX_PATH=${CMAKE_PREFIX_PATH}:/opt/ros/humble /usr/bin/cmake /home/ubuntu/my_n10_topic/workspace/src/LSLIDAR_X_ROS2-20240228/src/lslidar_msgs -DCMAKE_INSTALL_PREFIX=/home/ubuntu/my_n10_topic/workspace/install/lslidar_msgs
[2.964s] Invoking command in '/home/ubuntu/my_n10_topic/workspace/build/lslidar_msgs': CMAKE_PREFIX_PATH=${CMAKE_PREFIX_PATH}:/opt/ros/humble /usr/bin/cmake --build /home/ubuntu/my_n10_topic/workspace/build/lslidar_msgs -- -j12 -l12
[3.049s] [  1%] [34m[1mGenerating C code for ROS interfaces[0m
[3.072s] [  3%] [34m[1mGenerating C++ code for ROS interfaces[0m
[3.091s] [  3%] Built target ament_cmake_python_copy_lslidar_msgs
[3.390s] running egg_info
[3.391s] creating lslidar_msgs.egg-info
[3.392s] writing lslidar_msgs.egg-info/PKG-INFO
[3.392s] writing dependency_links to lslidar_msgs.egg-info/dependency_links.txt
[3.392s] writing top-level names to lslidar_msgs.egg-info/top_level.txt
[3.392s] writing manifest file 'lslidar_msgs.egg-info/SOURCES.txt'
[3.397s] reading manifest file 'lslidar_msgs.egg-info/SOURCES.txt'
[3.398s] writing manifest file 'lslidar_msgs.egg-info/SOURCES.txt'
[3.441s] [  3%] Built target ament_cmake_python_build_lslidar_msgs_egg
[3.750s] [  3%] Built target lslidar_msgs__cpp
[3.753s] [  4%] [32mBuilding C object CMakeFiles/lslidar_msgs__rosidl_generator_c.dir/rosidl_generator_c/lslidar_msgs/msg/detail/lslidar_packet__functions.c.o[0m
[3.763s] [  6%] [32mBuilding C object CMakeFiles/lslidar_msgs__rosidl_generator_c.dir/rosidl_generator_c/lslidar_msgs/msg/detail/lslidar_sweep__functions.c.o[0m
[3.764s] [  9%] [32mBuilding C object CMakeFiles/lslidar_msgs__rosidl_generator_c.dir/rosidl_generator_c/lslidar_msgs/msg/detail/lslidar_difop__functions.c.o[0m
[3.764s] [  9%] [32mBuilding C object CMakeFiles/lslidar_msgs__rosidl_generator_c.dir/rosidl_generator_c/lslidar_msgs/msg/detail/lslidar_scan__functions.c.o[0m
[3.764s] [ 11%] [32mBuilding C object CMakeFiles/lslidar_msgs__rosidl_generator_c.dir/rosidl_generator_c/lslidar_msgs/msg/detail/lslidar_point__functions.c.o[0m
[3.767s] [ 12%] [34m[1mGenerating C++ type support for eProsima Fast-RTPS[0m
[3.772s] [ 14%] [34m[1mGenerating C++ introspection for ROS interfaces[0m
[3.775s] [ 15%] [34m[1mGenerating C++ type support dispatch for ROS interfaces[0m
[3.873s] [ 17%] [32m[1mLinking C shared library liblslidar_msgs__rosidl_generator_c.so[0m
[3.961s] [ 17%] Built target lslidar_msgs__rosidl_generator_c
[3.981s] [ 19%] [34m[1mGenerating C introspection for ROS interfaces[0m
[3.984s] [ 20%] [34m[1mGenerating C type support for eProsima Fast-RTPS[0m
[3.986s] [ 22%] [34m[1mGenerating C type support dispatch for ROS interfaces[0m
[4.230s] [ 23%] [32mBuilding CXX object CMakeFiles/lslidar_msgs__rosidl_typesupport_fastrtps_cpp.dir/rosidl_typesupport_fastrtps_cpp/lslidar_msgs/msg/detail/dds_fastrtps/lslidar_difop__type_support.cpp.o[0m
[4.231s] [ 25%] [32mBuilding CXX object CMakeFiles/lslidar_msgs__rosidl_typesupport_fastrtps_cpp.dir/rosidl_typesupport_fastrtps_cpp/lslidar_msgs/msg/detail/dds_fastrtps/lslidar_point__type_support.cpp.o[0m
[4.232s] [ 26%] [32mBuilding CXX object CMakeFiles/lslidar_msgs__rosidl_typesupport_fastrtps_cpp.dir/rosidl_typesupport_fastrtps_cpp/lslidar_msgs/msg/detail/dds_fastrtps/lslidar_sweep__type_support.cpp.o[0m
[4.233s] [ 28%] [32mBuilding CXX object CMakeFiles/lslidar_msgs__rosidl_typesupport_fastrtps_cpp.dir/rosidl_typesupport_fastrtps_cpp/lslidar_msgs/msg/detail/dds_fastrtps/lslidar_packet__type_support.cpp.o[0m
[4.238s] [ 30%] [32mBuilding CXX object CMakeFiles/lslidar_msgs__rosidl_typesupport_fastrtps_cpp.dir/rosidl_typesupport_fastrtps_cpp/lslidar_msgs/msg/detail/dds_fastrtps/lslidar_scan__type_support.cpp.o[0m
[4.273s] [ 31%] [32mBuilding CXX object CMakeFiles/lslidar_msgs__rosidl_typesupport_cpp.dir/rosidl_typesupport_cpp/lslidar_msgs/msg/lslidar_packet__type_support.cpp.o[0m
[4.273s] [ 33%] [32mBuilding CXX object CMakeFiles/lslidar_msgs__rosidl_typesupport_cpp.dir/rosidl_typesupport_cpp/lslidar_msgs/msg/lslidar_difop__type_support.cpp.o[0m
[4.275s] [ 34%] [32mBuilding CXX object CMakeFiles/lslidar_msgs__rosidl_typesupport_cpp.dir/rosidl_typesupport_cpp/lslidar_msgs/msg/lslidar_point__type_support.cpp.o[0m
[4.505s] [ 36%] [32mBuilding CXX object CMakeFiles/lslidar_msgs__rosidl_typesupport_introspection_cpp.dir/rosidl_typesupport_introspection_cpp/lslidar_msgs/msg/detail/lslidar_difop__type_support.cpp.o[0m
[4.633s] [ 38%] [32mBuilding CXX object CMakeFiles/lslidar_msgs__rosidl_typesupport_c.dir/rosidl_typesupport_c/lslidar_msgs/msg/lslidar_difop__type_support.cpp.o[0m
[4.678s] [ 39%] [32mBuilding C object CMakeFiles/lslidar_msgs__rosidl_typesupport_introspection_c.dir/rosidl_typesupport_introspection_c/lslidar_msgs/msg/detail/lslidar_difop__type_support.c.o[0m
[4.735s] [ 41%] [32mBuilding CXX object CMakeFiles/lslidar_msgs__rosidl_typesupport_c.dir/rosidl_typesupport_c/lslidar_msgs/msg/lslidar_packet__type_support.cpp.o[0m
[4.758s] [ 42%] [32mBuilding C object CMakeFiles/lslidar_msgs__rosidl_typesupport_introspection_c.dir/rosidl_typesupport_introspection_c/lslidar_msgs/msg/detail/lslidar_packet__type_support.c.o[0m
[4.763s] [ 44%] [32mBuilding CXX object CMakeFiles/lslidar_msgs__rosidl_typesupport_cpp.dir/rosidl_typesupport_cpp/lslidar_msgs/msg/lslidar_scan__type_support.cpp.o[0m
[4.789s] [ 46%] [32mBuilding CXX object CMakeFiles/lslidar_msgs__rosidl_typesupport_cpp.dir/rosidl_typesupport_cpp/lslidar_msgs/msg/lslidar_sweep__type_support.cpp.o[0m
[4.858s] [ 47%] [32mBuilding CXX object CMakeFiles/lslidar_msgs__rosidl_typesupport_fastrtps_c.dir/rosidl_typesupport_fastrtps_c/lslidar_msgs/msg/detail/lslidar_difop__type_support_c.cpp.o[0m
[4.865s] [ 49%] [32mBuilding C object CMakeFiles/lslidar_msgs__rosidl_typesupport_introspection_c.dir/rosidl_typesupport_introspection_c/lslidar_msgs/msg/detail/lslidar_point__type_support.c.o[0m
[4.922s] [ 50%] [32mBuilding CXX object CMakeFiles/lslidar_msgs__rosidl_typesupport_c.dir/rosidl_typesupport_c/lslidar_msgs/msg/lslidar_point__type_support.cpp.o[0m
[4.932s] [ 52%] [32mBuilding CXX object CMakeFiles/lslidar_msgs__rosidl_typesupport_introspection_cpp.dir/rosidl_typesupport_introspection_cpp/lslidar_msgs/msg/detail/lslidar_packet__type_support.cpp.o[0m
[4.932s] [ 53%] [32mBuilding CXX object CMakeFiles/lslidar_msgs__rosidl_typesupport_introspection_cpp.dir/rosidl_typesupport_introspection_cpp/lslidar_msgs/msg/detail/lslidar_point__type_support.cpp.o[0m
[4.962s] [ 55%] [32mBuilding C object CMakeFiles/lslidar_msgs__rosidl_typesupport_introspection_c.dir/rosidl_typesupport_introspection_c/lslidar_msgs/msg/detail/lslidar_scan__type_support.c.o[0m
[5.014s] [ 57%] [32mBuilding CXX object CMakeFiles/lslidar_msgs__rosidl_typesupport_c.dir/rosidl_typesupport_c/lslidar_msgs/msg/lslidar_scan__type_support.cpp.o[0m
[5.051s] [ 58%] [32mBuilding C object CMakeFiles/lslidar_msgs__rosidl_typesupport_introspection_c.dir/rosidl_typesupport_introspection_c/lslidar_msgs/msg/detail/lslidar_sweep__type_support.c.o[0m
[5.100s] [ 60%] [32mBuilding CXX object CMakeFiles/lslidar_msgs__rosidl_typesupport_fastrtps_c.dir/rosidl_typesupport_fastrtps_c/lslidar_msgs/msg/detail/lslidar_packet__type_support_c.cpp.o[0m
[5.100s] [ 61%] [32mBuilding CXX object CMakeFiles/lslidar_msgs__rosidl_typesupport_introspection_cpp.dir/rosidl_typesupport_introspection_cpp/lslidar_msgs/msg/detail/lslidar_scan__type_support.cpp.o[0m
[5.112s] [ 63%] [32mBuilding CXX object CMakeFiles/lslidar_msgs__rosidl_typesupport_c.dir/rosidl_typesupport_c/lslidar_msgs/msg/lslidar_sweep__type_support.cpp.o[0m
[5.122s] [ 65%] [32mBuilding CXX object CMakeFiles/lslidar_msgs__rosidl_typesupport_introspection_cpp.dir/rosidl_typesupport_introspection_cpp/lslidar_msgs/msg/detail/lslidar_sweep__type_support.cpp.o[0m
[5.122s] [ 66%] [32m[1mLinking C shared library liblslidar_msgs__rosidl_typesupport_introspection_c.so[0m
[5.183s] [ 66%] Built target lslidar_msgs__rosidl_typesupport_introspection_c
[5.188s] [ 68%] [32m[1mLinking CXX shared library liblslidar_msgs__rosidl_typesupport_c.so[0m
[5.203s] [ 69%] [32mBuilding CXX object CMakeFiles/lslidar_msgs__rosidl_typesupport_fastrtps_c.dir/rosidl_typesupport_fastrtps_c/lslidar_msgs/msg/detail/lslidar_point__type_support_c.cpp.o[0m
[5.217s] [ 71%] [32mBuilding CXX object CMakeFiles/lslidar_msgs__rosidl_typesupport_fastrtps_c.dir/rosidl_typesupport_fastrtps_c/lslidar_msgs/msg/detail/lslidar_scan__type_support_c.cpp.o[0m
[5.273s] [ 73%] [32m[1mLinking CXX shared library liblslidar_msgs__rosidl_typesupport_fastrtps_cpp.so[0m
[5.329s] [ 73%] Built target lslidar_msgs__rosidl_typesupport_c
[5.353s] [ 74%] [32mBuilding CXX object CMakeFiles/lslidar_msgs__rosidl_typesupport_fastrtps_c.dir/rosidl_typesupport_fastrtps_c/lslidar_msgs/msg/detail/lslidar_sweep__type_support_c.cpp.o[0m
[5.395s] [ 76%] [32m[1mLinking CXX shared library liblslidar_msgs__rosidl_typesupport_cpp.so[0m
[5.558s] [ 76%] Built target lslidar_msgs__rosidl_typesupport_fastrtps_cpp
[5.564s] [ 76%] Built target lslidar_msgs__rosidl_typesupport_cpp
[5.861s] [ 77%] [32m[1mLinking CXX shared library liblslidar_msgs__rosidl_typesupport_fastrtps_c.so[0m
[5.943s] [ 79%] [32m[1mLinking CXX shared library liblslidar_msgs__rosidl_typesupport_introspection_cpp.so[0m
[5.989s] [ 79%] Built target lslidar_msgs__rosidl_typesupport_fastrtps_c
[6.075s] [ 79%] Built target lslidar_msgs__rosidl_typesupport_introspection_cpp
[6.115s] [ 79%] Built target lslidar_msgs
[6.162s] [ 80%] [34m[1mGenerating Python code for ROS interfaces[0m
[7.091s] [ 80%] Built target lslidar_msgs__py
[7.134s] [ 82%] [32mBuilding C object CMakeFiles/lslidar_msgs__rosidl_generator_py.dir/rosidl_generator_py/lslidar_msgs/msg/_lslidar_scan_s.c.o[0m
[7.134s] [ 84%] [32mBuilding C object CMakeFiles/lslidar_msgs__rosidl_generator_py.dir/rosidl_generator_py/lslidar_msgs/msg/_lslidar_point_s.c.o[0m
[7.134s] [ 85%] [32mBuilding C object CMakeFiles/lslidar_msgs__rosidl_generator_py.dir/rosidl_generator_py/lslidar_msgs/msg/_lslidar_difop_s.c.o[0m
[7.136s] [ 87%] [32mBuilding C object CMakeFiles/lslidar_msgs__rosidl_generator_py.dir/rosidl_generator_py/lslidar_msgs/msg/_lslidar_packet_s.c.o[0m
[7.136s] [ 88%] [32mBuilding C object CMakeFiles/lslidar_msgs__rosidl_generator_py.dir/rosidl_generator_py/lslidar_msgs/msg/_lslidar_sweep_s.c.o[0m
[7.339s] [ 90%] [32m[1mLinking C shared library rosidl_generator_py/lslidar_msgs/liblslidar_msgs__rosidl_generator_py.so[0m
[7.414s] [ 90%] Built target lslidar_msgs__rosidl_generator_py
[7.459s] [ 92%] [32mBuilding C object CMakeFiles/lslidar_msgs__rosidl_typesupport_introspection_c__pyext.dir/rosidl_generator_py/lslidar_msgs/_lslidar_msgs_s.ep.rosidl_typesupport_introspection_c.c.o[0m
[7.460s] [ 93%] [32mBuilding C object CMakeFiles/lslidar_msgs__rosidl_typesupport_c__pyext.dir/rosidl_generator_py/lslidar_msgs/_lslidar_msgs_s.ep.rosidl_typesupport_c.c.o[0m
[7.460s] [ 95%] [32mBuilding C object CMakeFiles/lslidar_msgs__rosidl_typesupport_fastrtps_c__pyext.dir/rosidl_generator_py/lslidar_msgs/_lslidar_msgs_s.ep.rosidl_typesupport_fastrtps_c.c.o[0m
[7.609s] [ 96%] [32m[1mLinking C shared library rosidl_generator_py/lslidar_msgs/lslidar_msgs_s__rosidl_typesupport_c.cpython-310-x86_64-linux-gnu.so[0m
[7.619s] [ 98%] [32m[1mLinking C shared library rosidl_generator_py/lslidar_msgs/lslidar_msgs_s__rosidl_typesupport_fastrtps_c.cpython-310-x86_64-linux-gnu.so[0m
[7.625s] [100%] [32m[1mLinking C shared library rosidl_generator_py/lslidar_msgs/lslidar_msgs_s__rosidl_typesupport_introspection_c.cpython-310-x86_64-linux-gnu.so[0m
[7.690s] [100%] Built target lslidar_msgs__rosidl_typesupport_fastrtps_c__pyext
[7.691s] [100%] Built target lslidar_msgs__rosidl_typesupport_c__pyext
[7.701s] [100%] Built target lslidar_msgs__rosidl_typesupport_introspection_c__pyext
[7.732s] Invoked command in '/home/ubuntu/my_n10_topic/workspace/build/lslidar_msgs' returned '0': CMAKE_PREFIX_PATH=${CMAKE_PREFIX_PATH}:/opt/ros/humble /usr/bin/cmake --build /home/ubuntu/my_n10_topic/workspace/build/lslidar_msgs -- -j12 -l12
[7.744s] Invoking command in '/home/ubuntu/my_n10_topic/workspace/build/lslidar_msgs': CMAKE_PREFIX_PATH=${CMAKE_PREFIX_PATH}:/opt/ros/humble /usr/bin/cmake --install /home/ubuntu/my_n10_topic/workspace/build/lslidar_msgs
[7.763s] -- Install configuration: ""
[7.763s] -- Installing: /home/ubuntu/my_n10_topic/workspace/install/lslidar_msgs/share/ament_index/resource_index/rosidl_interfaces/lslidar_msgs
[7.764s] -- Installing: /home/ubuntu/my_n10_topic/workspace/install/lslidar_msgs/include/lslidar_msgs/lslidar_msgs
[7.764s] -- Installing: /home/ubuntu/my_n10_topic/workspace/install/lslidar_msgs/include/lslidar_msgs/lslidar_msgs/msg
[7.764s] -- Installing: /home/ubuntu/my_n10_topic/workspace/install/lslidar_msgs/include/lslidar_msgs/lslidar_msgs/msg/lslidar_difop.h
[7.764s] -- Installing: /home/ubuntu/my_n10_topic/workspace/install/lslidar_msgs/include/lslidar_msgs/lslidar_msgs/msg/lslidar_point.h
[7.765s] -- Installing: /home/ubuntu/my_n10_topic/workspace/install/lslidar_msgs/include/lslidar_msgs/lslidar_msgs/msg/lslidar_packet.h
[7.765s] -- Installing: /home/ubuntu/my_n10_topic/workspace/install/lslidar_msgs/include/lslidar_msgs/lslidar_msgs/msg/rosidl_generator_c__visibility_control.h
[7.765s] -- Installing: /home/ubuntu/my_n10_topic/workspace/install/lslidar_msgs/include/lslidar_msgs/lslidar_msgs/msg/lslidar_scan.h
[7.765s] -- Installing: /home/ubuntu/my_n10_topic/workspace/install/lslidar_msgs/include/lslidar_msgs/lslidar_msgs/msg/lslidar_sweep.h
[7.765s] -- Installing: /home/ubuntu/my_n10_topic/workspace/install/lslidar_msgs/include/lslidar_msgs/lslidar_msgs/msg/detail
[7.765s] -- Installing: /home/ubuntu/my_n10_topic/workspace/install/lslidar_msgs/include/lslidar_msgs/lslidar_msgs/msg/detail/lslidar_point__functions.c
[7.766s] -- Installing: /home/ubuntu/my_n10_topic/workspace/install/lslidar_msgs/include/lslidar_msgs/lslidar_msgs/msg/detail/lslidar_sweep__functions.c
[7.766s] -- Installing: /home/ubuntu/my_n10_topic/workspace/install/lslidar_msgs/include/lslidar_msgs/lslidar_msgs/msg/detail/lslidar_packet__functions.h
[7.766s] -- Installing: /home/ubuntu/my_n10_topic/workspace/install/lslidar_msgs/include/lslidar_msgs/lslidar_msgs/msg/detail/lslidar_difop__functions.c
[7.766s] -- Installing: /home/ubuntu/my_n10_topic/workspace/install/lslidar_msgs/include/lslidar_msgs/lslidar_msgs/msg/detail/lslidar_sweep__struct.h
[7.766s] -- Installing: /home/ubuntu/my_n10_topic/workspace/install/lslidar_msgs/include/lslidar_msgs/lslidar_msgs/msg/detail/lslidar_scan__functions.h
[7.766s] -- Installing: /home/ubuntu/my_n10_topic/workspace/install/lslidar_msgs/include/lslidar_msgs/lslidar_msgs/msg/detail/lslidar_packet__type_support.h
[7.767s] -- Installing: /home/ubuntu/my_n10_topic/workspace/install/lslidar_msgs/include/lslidar_msgs/lslidar_msgs/msg/detail/lslidar_packet__struct.h
[7.767s] -- Installing: /home/ubuntu/my_n10_topic/workspace/install/lslidar_msgs/include/lslidar_msgs/lslidar_msgs/msg/detail/lslidar_scan__type_support.h
[7.767s] -- Installing: /home/ubuntu/my_n10_topic/workspace/install/lslidar_msgs/include/lslidar_msgs/lslidar_msgs/msg/detail/lslidar_difop__struct.h
[7.768s] -- Installing: /home/ubuntu/my_n10_topic/workspace/install/lslidar_msgs/include/lslidar_msgs/lslidar_msgs/msg/detail/lslidar_scan__functions.c
[7.768s] -- Installing: /home/ubuntu/my_n10_topic/workspace/install/lslidar_msgs/include/lslidar_msgs/lslidar_msgs/msg/detail/lslidar_difop__functions.h
[7.768s] -- Installing: /home/ubuntu/my_n10_topic/workspace/install/lslidar_msgs/include/lslidar_msgs/lslidar_msgs/msg/detail/lslidar_difop__type_support.h
[7.768s] -- Installing: /home/ubuntu/my_n10_topic/workspace/install/lslidar_msgs/include/lslidar_msgs/lslidar_msgs/msg/detail/lslidar_point__functions.h
[7.768s] -- Installing: /home/ubuntu/my_n10_topic/workspace/install/lslidar_msgs/include/lslidar_msgs/lslidar_msgs/msg/detail/lslidar_packet__functions.c
[7.768s] -- Installing: /home/ubuntu/my_n10_topic/workspace/install/lslidar_msgs/include/lslidar_msgs/lslidar_msgs/msg/detail/lslidar_sweep__type_support.h
[7.769s] -- Installing: /home/ubuntu/my_n10_topic/workspace/install/lslidar_msgs/include/lslidar_msgs/lslidar_msgs/msg/detail/lslidar_point__type_support.h
[7.769s] -- Installing: /home/ubuntu/my_n10_topic/workspace/install/lslidar_msgs/include/lslidar_msgs/lslidar_msgs/msg/detail/lslidar_scan__struct.h
[7.769s] -- Installing: /home/ubuntu/my_n10_topic/workspace/install/lslidar_msgs/include/lslidar_msgs/lslidar_msgs/msg/detail/lslidar_sweep__functions.h
[7.769s] -- Installing: /home/ubuntu/my_n10_topic/workspace/install/lslidar_msgs/include/lslidar_msgs/lslidar_msgs/msg/detail/lslidar_point__struct.h
[7.769s] -- Installing: /home/ubuntu/my_n10_topic/workspace/install/lslidar_msgs/share/lslidar_msgs/environment/library_path.sh
[7.769s] -- Installing: /home/ubuntu/my_n10_topic/workspace/install/lslidar_msgs/share/lslidar_msgs/environment/library_path.dsv
[7.769s] -- Installing: /home/ubuntu/my_n10_topic/workspace/install/lslidar_msgs/lib/liblslidar_msgs__rosidl_generator_c.so
[7.770s] -- Set runtime path of "/home/ubuntu/my_n10_topic/workspace/install/lslidar_msgs/lib/liblslidar_msgs__rosidl_generator_c.so" to ""
[7.770s] -- Up-to-date: /home/ubuntu/my_n10_topic/workspace/install/lslidar_msgs/include/lslidar_msgs/lslidar_msgs
[7.770s] -- Up-to-date: /home/ubuntu/my_n10_topic/workspace/install/lslidar_msgs/include/lslidar_msgs/lslidar_msgs/msg
[7.770s] -- Up-to-date: /home/ubuntu/my_n10_topic/workspace/install/lslidar_msgs/include/lslidar_msgs/lslidar_msgs/msg/detail
[7.770s] -- Installing: /home/ubuntu/my_n10_topic/workspace/install/lslidar_msgs/include/lslidar_msgs/lslidar_msgs/msg/detail/lslidar_scan__rosidl_typesupport_fastrtps_c.h
[7.770s] -- Installing: /home/ubuntu/my_n10_topic/workspace/install/lslidar_msgs/include/lslidar_msgs/lslidar_msgs/msg/detail/lslidar_point__rosidl_typesupport_fastrtps_c.h
[7.770s] -- Installing: /home/ubuntu/my_n10_topic/workspace/install/lslidar_msgs/include/lslidar_msgs/lslidar_msgs/msg/detail/lslidar_difop__rosidl_typesupport_fastrtps_c.h
[7.771s] -- Installing: /home/ubuntu/my_n10_topic/workspace/install/lslidar_msgs/include/lslidar_msgs/lslidar_msgs/msg/detail/lslidar_sweep__rosidl_typesupport_fastrtps_c.h
[7.771s] -- Installing: /home/ubuntu/my_n10_topic/workspace/install/lslidar_msgs/include/lslidar_msgs/lslidar_msgs/msg/detail/lslidar_packet__rosidl_typesupport_fastrtps_c.h
[7.771s] -- Installing: /home/ubuntu/my_n10_topic/workspace/install/lslidar_msgs/include/lslidar_msgs/lslidar_msgs/msg/rosidl_typesupport_fastrtps_c__visibility_control.h
[7.771s] -- Installing: /home/ubuntu/my_n10_topic/workspace/install/lslidar_msgs/lib/liblslidar_msgs__rosidl_typesupport_fastrtps_c.so
[7.771s] -- Set runtime path of "/home/ubuntu/my_n10_topic/workspace/install/lslidar_msgs/lib/liblslidar_msgs__rosidl_typesupport_fastrtps_c.so" to ""
[7.772s] -- Up-to-date: /home/ubuntu/my_n10_topic/workspace/install/lslidar_msgs/include/lslidar_msgs/lslidar_msgs
[7.772s] -- Up-to-date: /home/ubuntu/my_n10_topic/workspace/install/lslidar_msgs/include/lslidar_msgs/lslidar_msgs/msg
[7.772s] -- Installing: /home/ubuntu/my_n10_topic/workspace/install/lslidar_msgs/include/lslidar_msgs/lslidar_msgs/msg/lslidar_scan.hpp
[7.773s] -- Installing: /home/ubuntu/my_n10_topic/workspace/install/lslidar_msgs/include/lslidar_msgs/lslidar_msgs/msg/lslidar_packet.hpp
[7.773s] -- Installing: /home/ubuntu/my_n10_topic/workspace/install/lslidar_msgs/include/lslidar_msgs/lslidar_msgs/msg/lslidar_point.hpp
[7.774s] -- Installing: /home/ubuntu/my_n10_topic/workspace/install/lslidar_msgs/include/lslidar_msgs/lslidar_msgs/msg/lslidar_difop.hpp
[7.774s] -- Up-to-date: /home/ubuntu/my_n10_topic/workspace/install/lslidar_msgs/include/lslidar_msgs/lslidar_msgs/msg/detail
[7.774s] -- Installing: /home/ubuntu/my_n10_topic/workspace/install/lslidar_msgs/include/lslidar_msgs/lslidar_msgs/msg/detail/lslidar_packet__struct.hpp
[7.774s] -- Installing: /home/ubuntu/my_n10_topic/workspace/install/lslidar_msgs/include/lslidar_msgs/lslidar_msgs/msg/detail/lslidar_scan__traits.hpp
[7.774s] -- Installing: /home/ubuntu/my_n10_topic/workspace/install/lslidar_msgs/include/lslidar_msgs/lslidar_msgs/msg/detail/lslidar_sweep__type_support.hpp
[7.774s] -- Installing: /home/ubuntu/my_n10_topic/workspace/install/lslidar_msgs/include/lslidar_msgs/lslidar_msgs/msg/detail/lslidar_difop__builder.hpp
[7.774s] -- Installing: /home/ubuntu/my_n10_topic/workspace/install/lslidar_msgs/include/lslidar_msgs/lslidar_msgs/msg/detail/lslidar_difop__struct.hpp
[7.775s] -- Installing: /home/ubuntu/my_n10_topic/workspace/install/lslidar_msgs/include/lslidar_msgs/lslidar_msgs/msg/detail/lslidar_packet__builder.hpp
[7.775s] -- Installing: /home/ubuntu/my_n10_topic/workspace/install/lslidar_msgs/include/lslidar_msgs/lslidar_msgs/msg/detail/lslidar_sweep__builder.hpp
[7.775s] -- Installing: /home/ubuntu/my_n10_topic/workspace/install/lslidar_msgs/include/lslidar_msgs/lslidar_msgs/msg/detail/lslidar_scan__type_support.hpp
[7.775s] -- Installing: /home/ubuntu/my_n10_topic/workspace/install/lslidar_msgs/include/lslidar_msgs/lslidar_msgs/msg/detail/lslidar_sweep__traits.hpp
[7.775s] -- Installing: /home/ubuntu/my_n10_topic/workspace/install/lslidar_msgs/include/lslidar_msgs/lslidar_msgs/msg/detail/lslidar_scan__builder.hpp
[7.775s] -- Installing: /home/ubuntu/my_n10_topic/workspace/install/lslidar_msgs/include/lslidar_msgs/lslidar_msgs/msg/detail/lslidar_point__struct.hpp
[7.776s] -- Installing: /home/ubuntu/my_n10_topic/workspace/install/lslidar_msgs/include/lslidar_msgs/lslidar_msgs/msg/detail/lslidar_difop__traits.hpp
[7.776s] -- Installing: /home/ubuntu/my_n10_topic/workspace/install/lslidar_msgs/include/lslidar_msgs/lslidar_msgs/msg/detail/lslidar_packet__type_support.hpp
[7.776s] -- Installing: /home/ubuntu/my_n10_topic/workspace/install/lslidar_msgs/include/lslidar_msgs/lslidar_msgs/msg/detail/lslidar_point__traits.hpp
[7.776s] -- Installing: /home/ubuntu/my_n10_topic/workspace/install/lslidar_msgs/include/lslidar_msgs/lslidar_msgs/msg/detail/lslidar_scan__struct.hpp
[7.776s] -- Installing: /home/ubuntu/my_n10_topic/workspace/install/lslidar_msgs/include/lslidar_msgs/lslidar_msgs/msg/detail/lslidar_packet__traits.hpp
[7.776s] -- Installing: /home/ubuntu/my_n10_topic/workspace/install/lslidar_msgs/include/lslidar_msgs/lslidar_msgs/msg/detail/lslidar_difop__type_support.hpp
[7.777s] -- Installing: /home/ubuntu/my_n10_topic/workspace/install/lslidar_msgs/include/lslidar_msgs/lslidar_msgs/msg/detail/lslidar_point__builder.hpp
[7.777s] -- Installing: /home/ubuntu/my_n10_topic/workspace/install/lslidar_msgs/include/lslidar_msgs/lslidar_msgs/msg/detail/lslidar_sweep__struct.hpp
[7.777s] -- Installing: /home/ubuntu/my_n10_topic/workspace/install/lslidar_msgs/include/lslidar_msgs/lslidar_msgs/msg/detail/lslidar_point__type_support.hpp
[7.777s] -- Installing: /home/ubuntu/my_n10_topic/workspace/install/lslidar_msgs/include/lslidar_msgs/lslidar_msgs/msg/lslidar_sweep.hpp
[7.778s] -- Installing: /home/ubuntu/my_n10_topic/workspace/install/lslidar_msgs/include/lslidar_msgs/lslidar_msgs/msg/rosidl_generator_cpp__visibility_control.hpp
[7.778s] -- Up-to-date: /home/ubuntu/my_n10_topic/workspace/install/lslidar_msgs/include/lslidar_msgs/lslidar_msgs
[7.778s] -- Up-to-date: /home/ubuntu/my_n10_topic/workspace/install/lslidar_msgs/include/lslidar_msgs/lslidar_msgs/msg
[7.778s] -- Installing: /home/ubuntu/my_n10_topic/workspace/install/lslidar_msgs/include/lslidar_msgs/lslidar_msgs/msg/rosidl_typesupport_fastrtps_cpp__visibility_control.h
[7.778s] -- Up-to-date: /home/ubuntu/my_n10_topic/workspace/install/lslidar_msgs/include/lslidar_msgs/lslidar_msgs/msg/detail
[7.778s] -- Installing: /home/ubuntu/my_n10_topic/workspace/install/lslidar_msgs/include/lslidar_msgs/lslidar_msgs/msg/detail/dds_fastrtps
[7.778s] -- Installing: /home/ubuntu/my_n10_topic/workspace/install/lslidar_msgs/include/lslidar_msgs/lslidar_msgs/msg/detail/lslidar_sweep__rosidl_typesupport_fastrtps_cpp.hpp
[7.779s] -- Installing: /home/ubuntu/my_n10_topic/workspace/install/lslidar_msgs/include/lslidar_msgs/lslidar_msgs/msg/detail/lslidar_packet__rosidl_typesupport_fastrtps_cpp.hpp
[7.779s] -- Installing: /home/ubuntu/my_n10_topic/workspace/install/lslidar_msgs/include/lslidar_msgs/lslidar_msgs/msg/detail/lslidar_point__rosidl_typesupport_fastrtps_cpp.hpp
[7.779s] -- Installing: /home/ubuntu/my_n10_topic/workspace/install/lslidar_msgs/include/lslidar_msgs/lslidar_msgs/msg/detail/lslidar_difop__rosidl_typesupport_fastrtps_cpp.hpp
[7.779s] -- Installing: /home/ubuntu/my_n10_topic/workspace/install/lslidar_msgs/include/lslidar_msgs/lslidar_msgs/msg/detail/lslidar_scan__rosidl_typesupport_fastrtps_cpp.hpp
[7.779s] -- Installing: /home/ubuntu/my_n10_topic/workspace/install/lslidar_msgs/lib/liblslidar_msgs__rosidl_typesupport_fastrtps_cpp.so
[7.779s] -- Set runtime path of "/home/ubuntu/my_n10_topic/workspace/install/lslidar_msgs/lib/liblslidar_msgs__rosidl_typesupport_fastrtps_cpp.so" to ""
[7.779s] -- Up-to-date: /home/ubuntu/my_n10_topic/workspace/install/lslidar_msgs/include/lslidar_msgs/lslidar_msgs
[7.780s] -- Up-to-date: /home/ubuntu/my_n10_topic/workspace/install/lslidar_msgs/include/lslidar_msgs/lslidar_msgs/msg
[7.780s] -- Installing: /home/ubuntu/my_n10_topic/workspace/install/lslidar_msgs/include/lslidar_msgs/lslidar_msgs/msg/rosidl_typesupport_introspection_c__visibility_control.h
[7.780s] -- Up-to-date: /home/ubuntu/my_n10_topic/workspace/install/lslidar_msgs/include/lslidar_msgs/lslidar_msgs/msg/detail
[7.780s] -- Installing: /home/ubuntu/my_n10_topic/workspace/install/lslidar_msgs/include/lslidar_msgs/lslidar_msgs/msg/detail/lslidar_difop__rosidl_typesupport_introspection_c.h
[7.780s] -- Installing: /home/ubuntu/my_n10_topic/workspace/install/lslidar_msgs/include/lslidar_msgs/lslidar_msgs/msg/detail/lslidar_sweep__rosidl_typesupport_introspection_c.h
[7.780s] -- Installing: /home/ubuntu/my_n10_topic/workspace/install/lslidar_msgs/include/lslidar_msgs/lslidar_msgs/msg/detail/lslidar_scan__type_support.c
[7.780s] -- Installing: /home/ubuntu/my_n10_topic/workspace/install/lslidar_msgs/include/lslidar_msgs/lslidar_msgs/msg/detail/lslidar_sweep__type_support.c
[7.780s] -- Installing: /home/ubuntu/my_n10_topic/workspace/install/lslidar_msgs/include/lslidar_msgs/lslidar_msgs/msg/detail/lslidar_point__type_support.c
[7.780s] -- Installing: /home/ubuntu/my_n10_topic/workspace/install/lslidar_msgs/include/lslidar_msgs/lslidar_msgs/msg/detail/lslidar_packet__rosidl_typesupport_introspection_c.h
[7.780s] -- Installing: /home/ubuntu/my_n10_topic/workspace/install/lslidar_msgs/include/lslidar_msgs/lslidar_msgs/msg/detail/lslidar_difop__type_support.c
[7.780s] -- Installing: /home/ubuntu/my_n10_topic/workspace/install/lslidar_msgs/include/lslidar_msgs/lslidar_msgs/msg/detail/lslidar_scan__rosidl_typesupport_introspection_c.h
[7.780s] -- Installing: /home/ubuntu/my_n10_topic/workspace/install/lslidar_msgs/include/lslidar_msgs/lslidar_msgs/msg/detail/lslidar_point__rosidl_typesupport_introspection_c.h
[7.781s] -- Installing: /home/ubuntu/my_n10_topic/workspace/install/lslidar_msgs/include/lslidar_msgs/lslidar_msgs/msg/detail/lslidar_packet__type_support.c
[7.781s] -- Installing: /home/ubuntu/my_n10_topic/workspace/install/lslidar_msgs/lib/liblslidar_msgs__rosidl_typesupport_introspection_c.so
[7.781s] -- Set runtime path of "/home/ubuntu/my_n10_topic/workspace/install/lslidar_msgs/lib/liblslidar_msgs__rosidl_typesupport_introspection_c.so" to ""
[7.782s] -- Installing: /home/ubuntu/my_n10_topic/workspace/install/lslidar_msgs/lib/liblslidar_msgs__rosidl_typesupport_c.so
[7.782s] -- Set runtime path of "/home/ubuntu/my_n10_topic/workspace/install/lslidar_msgs/lib/liblslidar_msgs__rosidl_typesupport_c.so" to ""
[7.782s] -- Up-to-date: /home/ubuntu/my_n10_topic/workspace/install/lslidar_msgs/include/lslidar_msgs/lslidar_msgs
[7.782s] -- Up-to-date: /home/ubuntu/my_n10_topic/workspace/install/lslidar_msgs/include/lslidar_msgs/lslidar_msgs/msg
[7.783s] -- Up-to-date: /home/ubuntu/my_n10_topic/workspace/install/lslidar_msgs/include/lslidar_msgs/lslidar_msgs/msg/detail
[7.783s] -- Installing: /home/ubuntu/my_n10_topic/workspace/install/lslidar_msgs/include/lslidar_msgs/lslidar_msgs/msg/detail/lslidar_difop__type_support.cpp
[7.783s] -- Installing: /home/ubuntu/my_n10_topic/workspace/install/lslidar_msgs/include/lslidar_msgs/lslidar_msgs/msg/detail/lslidar_sweep__type_support.cpp
[7.783s] -- Installing: /home/ubuntu/my_n10_topic/workspace/install/lslidar_msgs/include/lslidar_msgs/lslidar_msgs/msg/detail/lslidar_sweep__rosidl_typesupport_introspection_cpp.hpp
[7.783s] -- Installing: /home/ubuntu/my_n10_topic/workspace/install/lslidar_msgs/include/lslidar_msgs/lslidar_msgs/msg/detail/lslidar_point__rosidl_typesupport_introspection_cpp.hpp
[7.783s] -- Installing: /home/ubuntu/my_n10_topic/workspace/install/lslidar_msgs/include/lslidar_msgs/lslidar_msgs/msg/detail/lslidar_difop__rosidl_typesupport_introspection_cpp.hpp
[7.784s] -- Installing: /home/ubuntu/my_n10_topic/workspace/install/lslidar_msgs/include/lslidar_msgs/lslidar_msgs/msg/detail/lslidar_scan__rosidl_typesupport_introspection_cpp.hpp
[7.784s] -- Installing: /home/ubuntu/my_n10_topic/workspace/install/lslidar_msgs/include/lslidar_msgs/lslidar_msgs/msg/detail/lslidar_scan__type_support.cpp
[7.784s] -- Installing: /home/ubuntu/my_n10_topic/workspace/install/lslidar_msgs/include/lslidar_msgs/lslidar_msgs/msg/detail/lslidar_point__type_support.cpp
[7.784s] -- Installing: /home/ubuntu/my_n10_topic/workspace/install/lslidar_msgs/include/lslidar_msgs/lslidar_msgs/msg/detail/lslidar_packet__rosidl_typesupport_introspection_cpp.hpp
[7.784s] -- Installing: /home/ubuntu/my_n10_topic/workspace/install/lslidar_msgs/include/lslidar_msgs/lslidar_msgs/msg/detail/lslidar_packet__type_support.cpp
[7.784s] -- Installing: /home/ubuntu/my_n10_topic/workspace/install/lslidar_msgs/lib/liblslidar_msgs__rosidl_typesupport_introspection_cpp.so
[7.785s] -- Set runtime path of "/home/ubuntu/my_n10_topic/workspace/install/lslidar_msgs/lib/liblslidar_msgs__rosidl_typesupport_introspection_cpp.so" to ""
[7.785s] -- Installing: /home/ubuntu/my_n10_topic/workspace/install/lslidar_msgs/lib/liblslidar_msgs__rosidl_typesupport_cpp.so
[7.785s] -- Set runtime path of "/home/ubuntu/my_n10_topic/workspace/install/lslidar_msgs/lib/liblslidar_msgs__rosidl_typesupport_cpp.so" to ""
[7.786s] -- Installing: /home/ubuntu/my_n10_topic/workspace/install/lslidar_msgs/share/lslidar_msgs/environment/pythonpath.sh
[7.786s] -- Installing: /home/ubuntu/my_n10_topic/workspace/install/lslidar_msgs/share/lslidar_msgs/environment/pythonpath.dsv
[7.786s] -- Installing: /home/ubuntu/my_n10_topic/workspace/install/lslidar_msgs/local/lib/python3.10/dist-packages/lslidar_msgs-1.2.0-py3.10.egg-info
[7.787s] -- Installing: /home/ubuntu/my_n10_topic/workspace/install/lslidar_msgs/local/lib/python3.10/dist-packages/lslidar_msgs-1.2.0-py3.10.egg-info/dependency_links.txt
[7.787s] -- Installing: /home/ubuntu/my_n10_topic/workspace/install/lslidar_msgs/local/lib/python3.10/dist-packages/lslidar_msgs-1.2.0-py3.10.egg-info/PKG-INFO
[7.787s] -- Installing: /home/ubuntu/my_n10_topic/workspace/install/lslidar_msgs/local/lib/python3.10/dist-packages/lslidar_msgs-1.2.0-py3.10.egg-info/SOURCES.txt
[7.787s] -- Installing: /home/ubuntu/my_n10_topic/workspace/install/lslidar_msgs/local/lib/python3.10/dist-packages/lslidar_msgs-1.2.0-py3.10.egg-info/top_level.txt
[7.788s] -- Installing: /home/ubuntu/my_n10_topic/workspace/install/lslidar_msgs/local/lib/python3.10/dist-packages/lslidar_msgs
[7.788s] -- Installing: /home/ubuntu/my_n10_topic/workspace/install/lslidar_msgs/local/lib/python3.10/dist-packages/lslidar_msgs/__init__.py
[7.788s] -- Installing: /home/ubuntu/my_n10_topic/workspace/install/lslidar_msgs/local/lib/python3.10/dist-packages/lslidar_msgs/_lslidar_msgs_s.ep.rosidl_typesupport_fastrtps_c.c
[7.789s] -- Installing: /home/ubuntu/my_n10_topic/workspace/install/lslidar_msgs/local/lib/python3.10/dist-packages/lslidar_msgs/lslidar_msgs_s__rosidl_typesupport_c.cpython-310-x86_64-linux-gnu.so
[7.789s] -- Installing: /home/ubuntu/my_n10_topic/workspace/install/lslidar_msgs/local/lib/python3.10/dist-packages/lslidar_msgs/msg
[7.789s] -- Installing: /home/ubuntu/my_n10_topic/workspace/install/lslidar_msgs/local/lib/python3.10/dist-packages/lslidar_msgs/msg/__init__.py
[7.789s] -- Installing: /home/ubuntu/my_n10_topic/workspace/install/lslidar_msgs/local/lib/python3.10/dist-packages/lslidar_msgs/msg/_lslidar_point_s.c
[7.789s] -- Installing: /home/ubuntu/my_n10_topic/workspace/install/lslidar_msgs/local/lib/python3.10/dist-packages/lslidar_msgs/msg/_lslidar_sweep_s.c
[7.789s] -- Installing: /home/ubuntu/my_n10_topic/workspace/install/lslidar_msgs/local/lib/python3.10/dist-packages/lslidar_msgs/msg/_lslidar_packet.py
[7.790s] -- Installing: /home/ubuntu/my_n10_topic/workspace/install/lslidar_msgs/local/lib/python3.10/dist-packages/lslidar_msgs/msg/_lslidar_scan_s.c
[7.790s] -- Installing: /home/ubuntu/my_n10_topic/workspace/install/lslidar_msgs/local/lib/python3.10/dist-packages/lslidar_msgs/msg/_lslidar_scan.py
[7.790s] -- Installing: /home/ubuntu/my_n10_topic/workspace/install/lslidar_msgs/local/lib/python3.10/dist-packages/lslidar_msgs/msg/_lslidar_point.py
[7.790s] -- Installing: /home/ubuntu/my_n10_topic/workspace/install/lslidar_msgs/local/lib/python3.10/dist-packages/lslidar_msgs/msg/_lslidar_difop_s.c
[7.790s] -- Installing: /home/ubuntu/my_n10_topic/workspace/install/lslidar_msgs/local/lib/python3.10/dist-packages/lslidar_msgs/msg/_lslidar_packet_s.c
[7.790s] -- Installing: /home/ubuntu/my_n10_topic/workspace/install/lslidar_msgs/local/lib/python3.10/dist-packages/lslidar_msgs/msg/_lslidar_difop.py
[7.790s] -- Installing: /home/ubuntu/my_n10_topic/workspace/install/lslidar_msgs/local/lib/python3.10/dist-packages/lslidar_msgs/msg/_lslidar_sweep.py
[7.790s] -- Installing: /home/ubuntu/my_n10_topic/workspace/install/lslidar_msgs/local/lib/python3.10/dist-packages/lslidar_msgs/lslidar_msgs_s__rosidl_typesupport_introspection_c.cpython-310-x86_64-linux-gnu.so
[7.790s] -- Installing: /home/ubuntu/my_n10_topic/workspace/install/lslidar_msgs/local/lib/python3.10/dist-packages/lslidar_msgs/_lslidar_msgs_s.ep.rosidl_typesupport_introspection_c.c
[7.790s] -- Installing: /home/ubuntu/my_n10_topic/workspace/install/lslidar_msgs/local/lib/python3.10/dist-packages/lslidar_msgs/_lslidar_msgs_s.ep.rosidl_typesupport_c.c
[7.790s] -- Installing: /home/ubuntu/my_n10_topic/workspace/install/lslidar_msgs/local/lib/python3.10/dist-packages/lslidar_msgs/lslidar_msgs_s__rosidl_typesupport_fastrtps_c.cpython-310-x86_64-linux-gnu.so
[7.791s] -- Installing: /home/ubuntu/my_n10_topic/workspace/install/lslidar_msgs/local/lib/python3.10/dist-packages/lslidar_msgs/liblslidar_msgs__rosidl_generator_py.so
[7.853s] Listing '/home/ubuntu/my_n10_topic/workspace/install/lslidar_msgs/local/lib/python3.10/dist-packages/lslidar_msgs'...
[7.853s] Compiling '/home/ubuntu/my_n10_topic/workspace/install/lslidar_msgs/local/lib/python3.10/dist-packages/lslidar_msgs/__init__.py'...
[7.853s] Listing '/home/ubuntu/my_n10_topic/workspace/install/lslidar_msgs/local/lib/python3.10/dist-packages/lslidar_msgs/msg'...
[7.853s] Compiling '/home/ubuntu/my_n10_topic/workspace/install/lslidar_msgs/local/lib/python3.10/dist-packages/lslidar_msgs/msg/__init__.py'...
[7.853s] Compiling '/home/ubuntu/my_n10_topic/workspace/install/lslidar_msgs/local/lib/python3.10/dist-packages/lslidar_msgs/msg/_lslidar_difop.py'...
[7.853s] Compiling '/home/ubuntu/my_n10_topic/workspace/install/lslidar_msgs/local/lib/python3.10/dist-packages/lslidar_msgs/msg/_lslidar_packet.py'...
[7.853s] Compiling '/home/ubuntu/my_n10_topic/workspace/install/lslidar_msgs/local/lib/python3.10/dist-packages/lslidar_msgs/msg/_lslidar_point.py'...
[7.853s] Compiling '/home/ubuntu/my_n10_topic/workspace/install/lslidar_msgs/local/lib/python3.10/dist-packages/lslidar_msgs/msg/_lslidar_scan.py'...
[7.853s] Compiling '/home/ubuntu/my_n10_topic/workspace/install/lslidar_msgs/local/lib/python3.10/dist-packages/lslidar_msgs/msg/_lslidar_sweep.py'...
[7.856s] -- Installing: /home/ubuntu/my_n10_topic/workspace/install/lslidar_msgs/local/lib/python3.10/dist-packages/lslidar_msgs/lslidar_msgs_s__rosidl_typesupport_fastrtps_c.cpython-310-x86_64-linux-gnu.so
[7.857s] -- Set runtime path of "/home/ubuntu/my_n10_topic/workspace/install/lslidar_msgs/local/lib/python3.10/dist-packages/lslidar_msgs/lslidar_msgs_s__rosidl_typesupport_fastrtps_c.cpython-310-x86_64-linux-gnu.so" to ""
[7.857s] -- Installing: /home/ubuntu/my_n10_topic/workspace/install/lslidar_msgs/local/lib/python3.10/dist-packages/lslidar_msgs/lslidar_msgs_s__rosidl_typesupport_introspection_c.cpython-310-x86_64-linux-gnu.so
[7.859s] -- Set runtime path of "/home/ubuntu/my_n10_topic/workspace/install/lslidar_msgs/local/lib/python3.10/dist-packages/lslidar_msgs/lslidar_msgs_s__rosidl_typesupport_introspection_c.cpython-310-x86_64-linux-gnu.so" to ""
[7.860s] -- Installing: /home/ubuntu/my_n10_topic/workspace/install/lslidar_msgs/local/lib/python3.10/dist-packages/lslidar_msgs/lslidar_msgs_s__rosidl_typesupport_c.cpython-310-x86_64-linux-gnu.so
[7.860s] -- Set runtime path of "/home/ubuntu/my_n10_topic/workspace/install/lslidar_msgs/local/lib/python3.10/dist-packages/lslidar_msgs/lslidar_msgs_s__rosidl_typesupport_c.cpython-310-x86_64-linux-gnu.so" to ""
[7.860s] -- Installing: /home/ubuntu/my_n10_topic/workspace/install/lslidar_msgs/lib/liblslidar_msgs__rosidl_generator_py.so
[7.860s] -- Set runtime path of "/home/ubuntu/my_n10_topic/workspace/install/lslidar_msgs/lib/liblslidar_msgs__rosidl_generator_py.so" to ""
[7.860s] -- Installing: /home/ubuntu/my_n10_topic/workspace/install/lslidar_msgs/share/lslidar_msgs/msg/LslidarDifop.idl
[7.860s] -- Installing: /home/ubuntu/my_n10_topic/workspace/install/lslidar_msgs/share/lslidar_msgs/msg/LslidarPacket.idl
[7.861s] -- Installing: /home/ubuntu/my_n10_topic/workspace/install/lslidar_msgs/share/lslidar_msgs/msg/LslidarPoint.idl
[7.861s] -- Installing: /home/ubuntu/my_n10_topic/workspace/install/lslidar_msgs/share/lslidar_msgs/msg/LslidarScan.idl
[7.861s] -- Installing: /home/ubuntu/my_n10_topic/workspace/install/lslidar_msgs/share/lslidar_msgs/msg/LslidarSweep.idl
[7.861s] -- Installing: /home/ubuntu/my_n10_topic/workspace/install/lslidar_msgs/share/lslidar_msgs/msg/LslidarDifop.msg
[7.861s] -- Installing: /home/ubuntu/my_n10_topic/workspace/install/lslidar_msgs/share/lslidar_msgs/msg/LslidarPacket.msg
[7.861s] -- Installing: /home/ubuntu/my_n10_topic/workspace/install/lslidar_msgs/share/lslidar_msgs/msg/LslidarPoint.msg
[7.861s] -- Installing: /home/ubuntu/my_n10_topic/workspace/install/lslidar_msgs/share/lslidar_msgs/msg/LslidarScan.msg
[7.862s] -- Installing: /home/ubuntu/my_n10_topic/workspace/install/lslidar_msgs/share/lslidar_msgs/msg/LslidarSweep.msg
[7.862s] -- Installing: /home/ubuntu/my_n10_topic/workspace/install/lslidar_msgs/share/ament_index/resource_index/package_run_dependencies/lslidar_msgs
[7.862s] -- Installing: /home/ubuntu/my_n10_topic/workspace/install/lslidar_msgs/share/ament_index/resource_index/parent_prefix_path/lslidar_msgs
[7.862s] -- Installing: /home/ubuntu/my_n10_topic/workspace/install/lslidar_msgs/share/lslidar_msgs/environment/ament_prefix_path.sh
[7.862s] -- Installing: /home/ubuntu/my_n10_topic/workspace/install/lslidar_msgs/share/lslidar_msgs/environment/ament_prefix_path.dsv
[7.862s] -- Installing: /home/ubuntu/my_n10_topic/workspace/install/lslidar_msgs/share/lslidar_msgs/environment/path.sh
[7.862s] -- Installing: /home/ubuntu/my_n10_topic/workspace/install/lslidar_msgs/share/lslidar_msgs/environment/path.dsv
[7.862s] -- Installing: /home/ubuntu/my_n10_topic/workspace/install/lslidar_msgs/share/lslidar_msgs/local_setup.bash
[7.862s] -- Installing: /home/ubuntu/my_n10_topic/workspace/install/lslidar_msgs/share/lslidar_msgs/local_setup.sh
[7.863s] -- Installing: /home/ubuntu/my_n10_topic/workspace/install/lslidar_msgs/share/lslidar_msgs/local_setup.zsh
[7.863s] -- Installing: /home/ubuntu/my_n10_topic/workspace/install/lslidar_msgs/share/lslidar_msgs/local_setup.dsv
[7.863s] -- Installing: /home/ubuntu/my_n10_topic/workspace/install/lslidar_msgs/share/lslidar_msgs/package.dsv
[7.863s] -- Installing: /home/ubuntu/my_n10_topic/workspace/install/lslidar_msgs/share/ament_index/resource_index/packages/lslidar_msgs
[7.863s] -- Installing: /home/ubuntu/my_n10_topic/workspace/install/lslidar_msgs/share/lslidar_msgs/cmake/export_lslidar_msgs__rosidl_generator_cExport.cmake
[7.863s] -- Installing: /home/ubuntu/my_n10_topic/workspace/install/lslidar_msgs/share/lslidar_msgs/cmake/export_lslidar_msgs__rosidl_generator_cExport-noconfig.cmake
[7.864s] -- Installing: /home/ubuntu/my_n10_topic/workspace/install/lslidar_msgs/share/lslidar_msgs/cmake/export_lslidar_msgs__rosidl_typesupport_fastrtps_cExport.cmake
[7.864s] -- Installing: /home/ubuntu/my_n10_topic/workspace/install/lslidar_msgs/share/lslidar_msgs/cmake/export_lslidar_msgs__rosidl_typesupport_fastrtps_cExport-noconfig.cmake
[7.864s] -- Installing: /home/ubuntu/my_n10_topic/workspace/install/lslidar_msgs/share/lslidar_msgs/cmake/export_lslidar_msgs__rosidl_generator_cppExport.cmake
[7.864s] -- Installing: /home/ubuntu/my_n10_topic/workspace/install/lslidar_msgs/share/lslidar_msgs/cmake/export_lslidar_msgs__rosidl_typesupport_fastrtps_cppExport.cmake
[7.864s] -- Installing: /home/ubuntu/my_n10_topic/workspace/install/lslidar_msgs/share/lslidar_msgs/cmake/export_lslidar_msgs__rosidl_typesupport_fastrtps_cppExport-noconfig.cmake
[7.864s] -- Installing: /home/ubuntu/my_n10_topic/workspace/install/lslidar_msgs/share/lslidar_msgs/cmake/lslidar_msgs__rosidl_typesupport_introspection_cExport.cmake
[7.864s] -- Installing: /home/ubuntu/my_n10_topic/workspace/install/lslidar_msgs/share/lslidar_msgs/cmake/lslidar_msgs__rosidl_typesupport_introspection_cExport-noconfig.cmake
[7.864s] -- Installing: /home/ubuntu/my_n10_topic/workspace/install/lslidar_msgs/share/lslidar_msgs/cmake/lslidar_msgs__rosidl_typesupport_cExport.cmake
[7.865s] -- Installing: /home/ubuntu/my_n10_topic/workspace/install/lslidar_msgs/share/lslidar_msgs/cmake/lslidar_msgs__rosidl_typesupport_cExport-noconfig.cmake
[7.865s] -- Installing: /home/ubuntu/my_n10_topic/workspace/install/lslidar_msgs/share/lslidar_msgs/cmake/lslidar_msgs__rosidl_typesupport_introspection_cppExport.cmake
[7.865s] -- Installing: /home/ubuntu/my_n10_topic/workspace/install/lslidar_msgs/share/lslidar_msgs/cmake/lslidar_msgs__rosidl_typesupport_introspection_cppExport-noconfig.cmake
[7.865s] -- Installing: /home/ubuntu/my_n10_topic/workspace/install/lslidar_msgs/share/lslidar_msgs/cmake/lslidar_msgs__rosidl_typesupport_cppExport.cmake
[7.865s] -- Installing: /home/ubuntu/my_n10_topic/workspace/install/lslidar_msgs/share/lslidar_msgs/cmake/lslidar_msgs__rosidl_typesupport_cppExport-noconfig.cmake
[7.865s] -- Installing: /home/ubuntu/my_n10_topic/workspace/install/lslidar_msgs/share/lslidar_msgs/cmake/export_lslidar_msgs__rosidl_generator_pyExport.cmake
[7.865s] -- Installing: /home/ubuntu/my_n10_topic/workspace/install/lslidar_msgs/share/lslidar_msgs/cmake/export_lslidar_msgs__rosidl_generator_pyExport-noconfig.cmake
[7.865s] -- Installing: /home/ubuntu/my_n10_topic/workspace/install/lslidar_msgs/share/lslidar_msgs/cmake/rosidl_cmake-extras.cmake
[7.865s] -- Installing: /home/ubuntu/my_n10_topic/workspace/install/lslidar_msgs/share/lslidar_msgs/cmake/ament_cmake_export_dependencies-extras.cmake
[7.865s] -- Installing: /home/ubuntu/my_n10_topic/workspace/install/lslidar_msgs/share/lslidar_msgs/cmake/ament_cmake_export_include_directories-extras.cmake
[7.865s] -- Installing: /home/ubuntu/my_n10_topic/workspace/install/lslidar_msgs/share/lslidar_msgs/cmake/ament_cmake_export_libraries-extras.cmake
[7.865s] -- Installing: /home/ubuntu/my_n10_topic/workspace/install/lslidar_msgs/share/lslidar_msgs/cmake/ament_cmake_export_targets-extras.cmake
[7.865s] -- Installing: /home/ubuntu/my_n10_topic/workspace/install/lslidar_msgs/share/lslidar_msgs/cmake/rosidl_cmake_export_typesupport_targets-extras.cmake
[7.865s] -- Installing: /home/ubuntu/my_n10_topic/workspace/install/lslidar_msgs/share/lslidar_msgs/cmake/rosidl_cmake_export_typesupport_libraries-extras.cmake
[7.865s] -- Installing: /home/ubuntu/my_n10_topic/workspace/install/lslidar_msgs/share/lslidar_msgs/cmake/lslidar_msgsConfig.cmake
[7.865s] -- Installing: /home/ubuntu/my_n10_topic/workspace/install/lslidar_msgs/share/lslidar_msgs/cmake/lslidar_msgsConfig-version.cmake
[7.865s] -- Installing: /home/ubuntu/my_n10_topic/workspace/install/lslidar_msgs/share/lslidar_msgs/package.xml
[7.868s] Invoked command in '/home/ubuntu/my_n10_topic/workspace/build/lslidar_msgs' returned '0': CMAKE_PREFIX_PATH=${CMAKE_PREFIX_PATH}:/opt/ros/humble /usr/bin/cmake --install /home/ubuntu/my_n10_topic/workspace/build/lslidar_msgs
