[0.023s] Invoking command in '/home/ubuntu/my_n10_topic/workspace/build/lslidar_msgs': CMAKE_PREFIX_PATH=${CMAKE_PREFIX_PATH}:/opt/ros/humble /usr/bin/cmake --build /home/ubuntu/my_n10_topic/workspace/build/lslidar_msgs -- -j12 -l12
[0.181s] [  1%] Built target lslidar_msgs__cpp
[0.197s] [ 12%] Built target lslidar_msgs__rosidl_generator_c
[0.209s] [ 12%] Built target ament_cmake_python_copy_lslidar_msgs
[0.228s] [ 23%] Built target lslidar_msgs__rosidl_typesupport_cpp
[0.228s] [ 39%] Built target lslidar_msgs__rosidl_typesupport_fastrtps_cpp
[0.231s] [ 46%] Built target lslidar_msgs__rosidl_typesupport_introspection_cpp
[0.253s] [ 57%] Built target lslidar_msgs__rosidl_typesupport_fastrtps_c
[0.258s] [ 79%] Built target lslidar_msgs__rosidl_typesupport_c
[0.258s] [ 79%] Built target lslidar_msgs__rosidl_typesupport_introspection_c
[0.299s] [ 79%] Built target lslidar_msgs
[0.350s] [ 80%] Built target lslidar_msgs__py
[0.419s] [ 90%] Built target lslidar_msgs__rosidl_generator_py
[0.468s] [ 93%] Built target lslidar_msgs__rosidl_typesupport_introspection_c__pyext
[0.471s] [ 96%] Built target lslidar_msgs__rosidl_typesupport_fastrtps_c__pyext
[0.481s] [100%] Built target lslidar_msgs__rosidl_typesupport_c__pyext
[0.564s] running egg_info
[0.564s] writing lslidar_msgs.egg-info/PKG-INFO
[0.564s] writing dependency_links to lslidar_msgs.egg-info/dependency_links.txt
[0.565s] writing top-level names to lslidar_msgs.egg-info/top_level.txt
[0.571s] reading manifest file 'lslidar_msgs.egg-info/SOURCES.txt'
[0.572s] writing manifest file 'lslidar_msgs.egg-info/SOURCES.txt'
[0.622s] [100%] Built target ament_cmake_python_build_lslidar_msgs_egg
[0.650s] Invoked command in '/home/ubuntu/my_n10_topic/workspace/build/lslidar_msgs' returned '0': CMAKE_PREFIX_PATH=${CMAKE_PREFIX_PATH}:/opt/ros/humble /usr/bin/cmake --build /home/ubuntu/my_n10_topic/workspace/build/lslidar_msgs -- -j12 -l12
[0.675s] Invoking command in '/home/ubuntu/my_n10_topic/workspace/build/lslidar_msgs': CMAKE_PREFIX_PATH=${CMAKE_PREFIX_PATH}:/opt/ros/humble /usr/bin/cmake --install /home/ubuntu/my_n10_topic/workspace/build/lslidar_msgs
[0.693s] -- Install configuration: ""
[0.694s] -- Up-to-date: /home/ubuntu/my_n10_topic/workspace/install/lslidar_msgs/share/ament_index/resource_index/rosidl_interfaces/lslidar_msgs
[0.695s] -- Up-to-date: /home/ubuntu/my_n10_topic/workspace/install/lslidar_msgs/include/lslidar_msgs/lslidar_msgs
[0.695s] -- Up-to-date: /home/ubuntu/my_n10_topic/workspace/install/lslidar_msgs/include/lslidar_msgs/lslidar_msgs/msg
[0.695s] -- Up-to-date: /home/ubuntu/my_n10_topic/workspace/install/lslidar_msgs/include/lslidar_msgs/lslidar_msgs/msg/lslidar_difop.h
[0.696s] -- Up-to-date: /home/ubuntu/my_n10_topic/workspace/install/lslidar_msgs/include/lslidar_msgs/lslidar_msgs/msg/lslidar_point.h
[0.696s] -- Up-to-date: /home/ubuntu/my_n10_topic/workspace/install/lslidar_msgs/include/lslidar_msgs/lslidar_msgs/msg/lslidar_packet.h
[0.696s] -- Up-to-date: /home/ubuntu/my_n10_topic/workspace/install/lslidar_msgs/include/lslidar_msgs/lslidar_msgs/msg/rosidl_generator_c__visibility_control.h
[0.696s] -- Up-to-date: /home/ubuntu/my_n10_topic/workspace/install/lslidar_msgs/include/lslidar_msgs/lslidar_msgs/msg/lslidar_scan.h
[0.697s] -- Up-to-date: /home/ubuntu/my_n10_topic/workspace/install/lslidar_msgs/include/lslidar_msgs/lslidar_msgs/msg/lslidar_sweep.h
[0.697s] -- Up-to-date: /home/ubuntu/my_n10_topic/workspace/install/lslidar_msgs/include/lslidar_msgs/lslidar_msgs/msg/detail
[0.697s] -- Up-to-date: /home/ubuntu/my_n10_topic/workspace/install/lslidar_msgs/include/lslidar_msgs/lslidar_msgs/msg/detail/lslidar_point__functions.c
[0.697s] -- Up-to-date: /home/ubuntu/my_n10_topic/workspace/install/lslidar_msgs/include/lslidar_msgs/lslidar_msgs/msg/detail/lslidar_sweep__functions.c
[0.698s] -- Up-to-date: /home/ubuntu/my_n10_topic/workspace/install/lslidar_msgs/include/lslidar_msgs/lslidar_msgs/msg/detail/lslidar_packet__functions.h
[0.698s] -- Up-to-date: /home/ubuntu/my_n10_topic/workspace/install/lslidar_msgs/include/lslidar_msgs/lslidar_msgs/msg/detail/lslidar_difop__functions.c
[0.698s] -- Up-to-date: /home/ubuntu/my_n10_topic/workspace/install/lslidar_msgs/include/lslidar_msgs/lslidar_msgs/msg/detail/lslidar_sweep__struct.h
[0.698s] -- Up-to-date: /home/ubuntu/my_n10_topic/workspace/install/lslidar_msgs/include/lslidar_msgs/lslidar_msgs/msg/detail/lslidar_scan__functions.h
[0.698s] -- Up-to-date: /home/ubuntu/my_n10_topic/workspace/install/lslidar_msgs/include/lslidar_msgs/lslidar_msgs/msg/detail/lslidar_packet__type_support.h
[0.698s] -- Up-to-date: /home/ubuntu/my_n10_topic/workspace/install/lslidar_msgs/include/lslidar_msgs/lslidar_msgs/msg/detail/lslidar_packet__struct.h
[0.698s] -- Up-to-date: /home/ubuntu/my_n10_topic/workspace/install/lslidar_msgs/include/lslidar_msgs/lslidar_msgs/msg/detail/lslidar_scan__type_support.h
[0.699s] -- Up-to-date: /home/ubuntu/my_n10_topic/workspace/install/lslidar_msgs/include/lslidar_msgs/lslidar_msgs/msg/detail/lslidar_difop__struct.h
[0.699s] -- Up-to-date: /home/ubuntu/my_n10_topic/workspace/install/lslidar_msgs/include/lslidar_msgs/lslidar_msgs/msg/detail/lslidar_scan__functions.c
[0.699s] -- Up-to-date: /home/ubuntu/my_n10_topic/workspace/install/lslidar_msgs/include/lslidar_msgs/lslidar_msgs/msg/detail/lslidar_difop__functions.h
[0.699s] -- Up-to-date: /home/ubuntu/my_n10_topic/workspace/install/lslidar_msgs/include/lslidar_msgs/lslidar_msgs/msg/detail/lslidar_difop__type_support.h
[0.700s] -- Up-to-date: /home/ubuntu/my_n10_topic/workspace/install/lslidar_msgs/include/lslidar_msgs/lslidar_msgs/msg/detail/lslidar_point__functions.h
[0.700s] -- Up-to-date: /home/ubuntu/my_n10_topic/workspace/install/lslidar_msgs/include/lslidar_msgs/lslidar_msgs/msg/detail/lslidar_packet__functions.c
[0.700s] -- Up-to-date: /home/ubuntu/my_n10_topic/workspace/install/lslidar_msgs/include/lslidar_msgs/lslidar_msgs/msg/detail/lslidar_sweep__type_support.h
[0.700s] -- Up-to-date: /home/ubuntu/my_n10_topic/workspace/install/lslidar_msgs/include/lslidar_msgs/lslidar_msgs/msg/detail/lslidar_point__type_support.h
[0.700s] -- Up-to-date: /home/ubuntu/my_n10_topic/workspace/install/lslidar_msgs/include/lslidar_msgs/lslidar_msgs/msg/detail/lslidar_scan__struct.h
[0.700s] -- Up-to-date: /home/ubuntu/my_n10_topic/workspace/install/lslidar_msgs/include/lslidar_msgs/lslidar_msgs/msg/detail/lslidar_sweep__functions.h
[0.700s] -- Up-to-date: /home/ubuntu/my_n10_topic/workspace/install/lslidar_msgs/include/lslidar_msgs/lslidar_msgs/msg/detail/lslidar_point__struct.h
[0.701s] -- Up-to-date: /home/ubuntu/my_n10_topic/workspace/install/lslidar_msgs/share/lslidar_msgs/environment/library_path.sh
[0.701s] -- Up-to-date: /home/ubuntu/my_n10_topic/workspace/install/lslidar_msgs/share/lslidar_msgs/environment/library_path.dsv
[0.701s] -- Up-to-date: /home/ubuntu/my_n10_topic/workspace/install/lslidar_msgs/lib/liblslidar_msgs__rosidl_generator_c.so
[0.701s] -- Up-to-date: /home/ubuntu/my_n10_topic/workspace/install/lslidar_msgs/include/lslidar_msgs/lslidar_msgs
[0.701s] -- Up-to-date: /home/ubuntu/my_n10_topic/workspace/install/lslidar_msgs/include/lslidar_msgs/lslidar_msgs/msg
[0.701s] -- Up-to-date: /home/ubuntu/my_n10_topic/workspace/install/lslidar_msgs/include/lslidar_msgs/lslidar_msgs/msg/detail
[0.701s] -- Up-to-date: /home/ubuntu/my_n10_topic/workspace/install/lslidar_msgs/include/lslidar_msgs/lslidar_msgs/msg/detail/lslidar_scan__rosidl_typesupport_fastrtps_c.h
[0.701s] -- Up-to-date: /home/ubuntu/my_n10_topic/workspace/install/lslidar_msgs/include/lslidar_msgs/lslidar_msgs/msg/detail/lslidar_point__rosidl_typesupport_fastrtps_c.h
[0.702s] -- Up-to-date: /home/ubuntu/my_n10_topic/workspace/install/lslidar_msgs/include/lslidar_msgs/lslidar_msgs/msg/detail/lslidar_difop__rosidl_typesupport_fastrtps_c.h
[0.702s] -- Up-to-date: /home/ubuntu/my_n10_topic/workspace/install/lslidar_msgs/include/lslidar_msgs/lslidar_msgs/msg/detail/lslidar_sweep__rosidl_typesupport_fastrtps_c.h
[0.702s] -- Up-to-date: /home/ubuntu/my_n10_topic/workspace/install/lslidar_msgs/include/lslidar_msgs/lslidar_msgs/msg/detail/lslidar_packet__rosidl_typesupport_fastrtps_c.h
[0.702s] -- Up-to-date: /home/ubuntu/my_n10_topic/workspace/install/lslidar_msgs/include/lslidar_msgs/lslidar_msgs/msg/rosidl_typesupport_fastrtps_c__visibility_control.h
[0.702s] -- Up-to-date: /home/ubuntu/my_n10_topic/workspace/install/lslidar_msgs/lib/liblslidar_msgs__rosidl_typesupport_fastrtps_c.so
[0.703s] -- Up-to-date: /home/ubuntu/my_n10_topic/workspace/install/lslidar_msgs/include/lslidar_msgs/lslidar_msgs
[0.703s] -- Up-to-date: /home/ubuntu/my_n10_topic/workspace/install/lslidar_msgs/include/lslidar_msgs/lslidar_msgs/msg
[0.703s] -- Up-to-date: /home/ubuntu/my_n10_topic/workspace/install/lslidar_msgs/include/lslidar_msgs/lslidar_msgs/msg/lslidar_scan.hpp
[0.703s] -- Up-to-date: /home/ubuntu/my_n10_topic/workspace/install/lslidar_msgs/include/lslidar_msgs/lslidar_msgs/msg/lslidar_packet.hpp
[0.703s] -- Up-to-date: /home/ubuntu/my_n10_topic/workspace/install/lslidar_msgs/include/lslidar_msgs/lslidar_msgs/msg/lslidar_point.hpp
[0.704s] -- Up-to-date: /home/ubuntu/my_n10_topic/workspace/install/lslidar_msgs/include/lslidar_msgs/lslidar_msgs/msg/lslidar_difop.hpp
[0.704s] -- Up-to-date: /home/ubuntu/my_n10_topic/workspace/install/lslidar_msgs/include/lslidar_msgs/lslidar_msgs/msg/detail
[0.704s] -- Up-to-date: /home/ubuntu/my_n10_topic/workspace/install/lslidar_msgs/include/lslidar_msgs/lslidar_msgs/msg/detail/lslidar_packet__struct.hpp
[0.704s] -- Up-to-date: /home/ubuntu/my_n10_topic/workspace/install/lslidar_msgs/include/lslidar_msgs/lslidar_msgs/msg/detail/lslidar_scan__traits.hpp
[0.705s] -- Up-to-date: /home/ubuntu/my_n10_topic/workspace/install/lslidar_msgs/include/lslidar_msgs/lslidar_msgs/msg/detail/lslidar_sweep__type_support.hpp
[0.705s] -- Up-to-date: /home/ubuntu/my_n10_topic/workspace/install/lslidar_msgs/include/lslidar_msgs/lslidar_msgs/msg/detail/lslidar_difop__builder.hpp
[0.705s] -- Up-to-date: /home/ubuntu/my_n10_topic/workspace/install/lslidar_msgs/include/lslidar_msgs/lslidar_msgs/msg/detail/lslidar_difop__struct.hpp
[0.705s] -- Up-to-date: /home/ubuntu/my_n10_topic/workspace/install/lslidar_msgs/include/lslidar_msgs/lslidar_msgs/msg/detail/lslidar_packet__builder.hpp
[0.705s] -- Up-to-date: /home/ubuntu/my_n10_topic/workspace/install/lslidar_msgs/include/lslidar_msgs/lslidar_msgs/msg/detail/lslidar_sweep__builder.hpp
[0.705s] -- Up-to-date: /home/ubuntu/my_n10_topic/workspace/install/lslidar_msgs/include/lslidar_msgs/lslidar_msgs/msg/detail/lslidar_scan__type_support.hpp
[0.706s] -- Up-to-date: /home/ubuntu/my_n10_topic/workspace/install/lslidar_msgs/include/lslidar_msgs/lslidar_msgs/msg/detail/lslidar_sweep__traits.hpp
[0.706s] -- Up-to-date: /home/ubuntu/my_n10_topic/workspace/install/lslidar_msgs/include/lslidar_msgs/lslidar_msgs/msg/detail/lslidar_scan__builder.hpp
[0.706s] -- Up-to-date: /home/ubuntu/my_n10_topic/workspace/install/lslidar_msgs/include/lslidar_msgs/lslidar_msgs/msg/detail/lslidar_point__struct.hpp
[0.706s] -- Up-to-date: /home/ubuntu/my_n10_topic/workspace/install/lslidar_msgs/include/lslidar_msgs/lslidar_msgs/msg/detail/lslidar_difop__traits.hpp
[0.706s] -- Up-to-date: /home/ubuntu/my_n10_topic/workspace/install/lslidar_msgs/include/lslidar_msgs/lslidar_msgs/msg/detail/lslidar_packet__type_support.hpp
[0.706s] -- Up-to-date: /home/ubuntu/my_n10_topic/workspace/install/lslidar_msgs/include/lslidar_msgs/lslidar_msgs/msg/detail/lslidar_point__traits.hpp
[0.706s] -- Up-to-date: /home/ubuntu/my_n10_topic/workspace/install/lslidar_msgs/include/lslidar_msgs/lslidar_msgs/msg/detail/lslidar_scan__struct.hpp
[0.706s] -- Up-to-date: /home/ubuntu/my_n10_topic/workspace/install/lslidar_msgs/include/lslidar_msgs/lslidar_msgs/msg/detail/lslidar_packet__traits.hpp
[0.706s] -- Up-to-date: /home/ubuntu/my_n10_topic/workspace/install/lslidar_msgs/include/lslidar_msgs/lslidar_msgs/msg/detail/lslidar_difop__type_support.hpp
[0.706s] -- Up-to-date: /home/ubuntu/my_n10_topic/workspace/install/lslidar_msgs/include/lslidar_msgs/lslidar_msgs/msg/detail/lslidar_point__builder.hpp
[0.707s] -- Up-to-date: /home/ubuntu/my_n10_topic/workspace/install/lslidar_msgs/include/lslidar_msgs/lslidar_msgs/msg/detail/lslidar_sweep__struct.hpp
[0.707s] -- Up-to-date: /home/ubuntu/my_n10_topic/workspace/install/lslidar_msgs/include/lslidar_msgs/lslidar_msgs/msg/detail/lslidar_point__type_support.hpp
[0.707s] -- Up-to-date: /home/ubuntu/my_n10_topic/workspace/install/lslidar_msgs/include/lslidar_msgs/lslidar_msgs/msg/lslidar_sweep.hpp
[0.707s] -- Up-to-date: /home/ubuntu/my_n10_topic/workspace/install/lslidar_msgs/include/lslidar_msgs/lslidar_msgs/msg/rosidl_generator_cpp__visibility_control.hpp
[0.707s] -- Up-to-date: /home/ubuntu/my_n10_topic/workspace/install/lslidar_msgs/include/lslidar_msgs/lslidar_msgs
[0.708s] -- Up-to-date: /home/ubuntu/my_n10_topic/workspace/install/lslidar_msgs/include/lslidar_msgs/lslidar_msgs/msg
[0.708s] -- Up-to-date: /home/ubuntu/my_n10_topic/workspace/install/lslidar_msgs/include/lslidar_msgs/lslidar_msgs/msg/rosidl_typesupport_fastrtps_cpp__visibility_control.h
[0.708s] -- Up-to-date: /home/ubuntu/my_n10_topic/workspace/install/lslidar_msgs/include/lslidar_msgs/lslidar_msgs/msg/detail
[0.708s] -- Up-to-date: /home/ubuntu/my_n10_topic/workspace/install/lslidar_msgs/include/lslidar_msgs/lslidar_msgs/msg/detail/dds_fastrtps
[0.708s] -- Up-to-date: /home/ubuntu/my_n10_topic/workspace/install/lslidar_msgs/include/lslidar_msgs/lslidar_msgs/msg/detail/lslidar_sweep__rosidl_typesupport_fastrtps_cpp.hpp
[0.708s] -- Up-to-date: /home/ubuntu/my_n10_topic/workspace/install/lslidar_msgs/include/lslidar_msgs/lslidar_msgs/msg/detail/lslidar_packet__rosidl_typesupport_fastrtps_cpp.hpp
[0.708s] -- Up-to-date: /home/ubuntu/my_n10_topic/workspace/install/lslidar_msgs/include/lslidar_msgs/lslidar_msgs/msg/detail/lslidar_point__rosidl_typesupport_fastrtps_cpp.hpp
[0.708s] -- Up-to-date: /home/ubuntu/my_n10_topic/workspace/install/lslidar_msgs/include/lslidar_msgs/lslidar_msgs/msg/detail/lslidar_difop__rosidl_typesupport_fastrtps_cpp.hpp
[0.708s] -- Up-to-date: /home/ubuntu/my_n10_topic/workspace/install/lslidar_msgs/include/lslidar_msgs/lslidar_msgs/msg/detail/lslidar_scan__rosidl_typesupport_fastrtps_cpp.hpp
[0.709s] -- Up-to-date: /home/ubuntu/my_n10_topic/workspace/install/lslidar_msgs/lib/liblslidar_msgs__rosidl_typesupport_fastrtps_cpp.so
[0.709s] -- Up-to-date: /home/ubuntu/my_n10_topic/workspace/install/lslidar_msgs/include/lslidar_msgs/lslidar_msgs
[0.709s] -- Up-to-date: /home/ubuntu/my_n10_topic/workspace/install/lslidar_msgs/include/lslidar_msgs/lslidar_msgs/msg
[0.709s] -- Up-to-date: /home/ubuntu/my_n10_topic/workspace/install/lslidar_msgs/include/lslidar_msgs/lslidar_msgs/msg/rosidl_typesupport_introspection_c__visibility_control.h
[0.709s] -- Up-to-date: /home/ubuntu/my_n10_topic/workspace/install/lslidar_msgs/include/lslidar_msgs/lslidar_msgs/msg/detail
[0.709s] -- Up-to-date: /home/ubuntu/my_n10_topic/workspace/install/lslidar_msgs/include/lslidar_msgs/lslidar_msgs/msg/detail/lslidar_difop__rosidl_typesupport_introspection_c.h
[0.709s] -- Up-to-date: /home/ubuntu/my_n10_topic/workspace/install/lslidar_msgs/include/lslidar_msgs/lslidar_msgs/msg/detail/lslidar_sweep__rosidl_typesupport_introspection_c.h
[0.709s] -- Up-to-date: /home/ubuntu/my_n10_topic/workspace/install/lslidar_msgs/include/lslidar_msgs/lslidar_msgs/msg/detail/lslidar_scan__type_support.c
[0.710s] -- Up-to-date: /home/ubuntu/my_n10_topic/workspace/install/lslidar_msgs/include/lslidar_msgs/lslidar_msgs/msg/detail/lslidar_sweep__type_support.c
[0.710s] -- Up-to-date: /home/ubuntu/my_n10_topic/workspace/install/lslidar_msgs/include/lslidar_msgs/lslidar_msgs/msg/detail/lslidar_point__type_support.c
[0.710s] -- Up-to-date: /home/ubuntu/my_n10_topic/workspace/install/lslidar_msgs/include/lslidar_msgs/lslidar_msgs/msg/detail/lslidar_packet__rosidl_typesupport_introspection_c.h
[0.710s] -- Up-to-date: /home/ubuntu/my_n10_topic/workspace/install/lslidar_msgs/include/lslidar_msgs/lslidar_msgs/msg/detail/lslidar_difop__type_support.c
[0.710s] -- Up-to-date: /home/ubuntu/my_n10_topic/workspace/install/lslidar_msgs/include/lslidar_msgs/lslidar_msgs/msg/detail/lslidar_scan__rosidl_typesupport_introspection_c.h
[0.710s] -- Up-to-date: /home/ubuntu/my_n10_topic/workspace/install/lslidar_msgs/include/lslidar_msgs/lslidar_msgs/msg/detail/lslidar_point__rosidl_typesupport_introspection_c.h
[0.710s] -- Up-to-date: /home/ubuntu/my_n10_topic/workspace/install/lslidar_msgs/include/lslidar_msgs/lslidar_msgs/msg/detail/lslidar_packet__type_support.c
[0.711s] -- Up-to-date: /home/ubuntu/my_n10_topic/workspace/install/lslidar_msgs/lib/liblslidar_msgs__rosidl_typesupport_introspection_c.so
[0.711s] -- Up-to-date: /home/ubuntu/my_n10_topic/workspace/install/lslidar_msgs/lib/liblslidar_msgs__rosidl_typesupport_c.so
[0.711s] -- Up-to-date: /home/ubuntu/my_n10_topic/workspace/install/lslidar_msgs/include/lslidar_msgs/lslidar_msgs
[0.711s] -- Up-to-date: /home/ubuntu/my_n10_topic/workspace/install/lslidar_msgs/include/lslidar_msgs/lslidar_msgs/msg
[0.711s] -- Up-to-date: /home/ubuntu/my_n10_topic/workspace/install/lslidar_msgs/include/lslidar_msgs/lslidar_msgs/msg/detail
[0.711s] -- Up-to-date: /home/ubuntu/my_n10_topic/workspace/install/lslidar_msgs/include/lslidar_msgs/lslidar_msgs/msg/detail/lslidar_difop__type_support.cpp
[0.711s] -- Up-to-date: /home/ubuntu/my_n10_topic/workspace/install/lslidar_msgs/include/lslidar_msgs/lslidar_msgs/msg/detail/lslidar_sweep__type_support.cpp
[0.711s] -- Up-to-date: /home/ubuntu/my_n10_topic/workspace/install/lslidar_msgs/include/lslidar_msgs/lslidar_msgs/msg/detail/lslidar_sweep__rosidl_typesupport_introspection_cpp.hpp
[0.712s] -- Up-to-date: /home/ubuntu/my_n10_topic/workspace/install/lslidar_msgs/include/lslidar_msgs/lslidar_msgs/msg/detail/lslidar_point__rosidl_typesupport_introspection_cpp.hpp
[0.712s] -- Up-to-date: /home/ubuntu/my_n10_topic/workspace/install/lslidar_msgs/include/lslidar_msgs/lslidar_msgs/msg/detail/lslidar_difop__rosidl_typesupport_introspection_cpp.hpp
[0.712s] -- Up-to-date: /home/ubuntu/my_n10_topic/workspace/install/lslidar_msgs/include/lslidar_msgs/lslidar_msgs/msg/detail/lslidar_scan__rosidl_typesupport_introspection_cpp.hpp
[0.712s] -- Up-to-date: /home/ubuntu/my_n10_topic/workspace/install/lslidar_msgs/include/lslidar_msgs/lslidar_msgs/msg/detail/lslidar_scan__type_support.cpp
[0.712s] -- Up-to-date: /home/ubuntu/my_n10_topic/workspace/install/lslidar_msgs/include/lslidar_msgs/lslidar_msgs/msg/detail/lslidar_point__type_support.cpp
[0.712s] -- Up-to-date: /home/ubuntu/my_n10_topic/workspace/install/lslidar_msgs/include/lslidar_msgs/lslidar_msgs/msg/detail/lslidar_packet__rosidl_typesupport_introspection_cpp.hpp
[0.712s] -- Up-to-date: /home/ubuntu/my_n10_topic/workspace/install/lslidar_msgs/include/lslidar_msgs/lslidar_msgs/msg/detail/lslidar_packet__type_support.cpp
[0.712s] -- Up-to-date: /home/ubuntu/my_n10_topic/workspace/install/lslidar_msgs/lib/liblslidar_msgs__rosidl_typesupport_introspection_cpp.so
[0.713s] -- Up-to-date: /home/ubuntu/my_n10_topic/workspace/install/lslidar_msgs/lib/liblslidar_msgs__rosidl_typesupport_cpp.so
[0.713s] -- Up-to-date: /home/ubuntu/my_n10_topic/workspace/install/lslidar_msgs/share/lslidar_msgs/environment/pythonpath.sh
[0.713s] -- Up-to-date: /home/ubuntu/my_n10_topic/workspace/install/lslidar_msgs/share/lslidar_msgs/environment/pythonpath.dsv
[0.714s] -- Up-to-date: /home/ubuntu/my_n10_topic/workspace/install/lslidar_msgs/local/lib/python3.10/dist-packages/lslidar_msgs-1.2.0-py3.10.egg-info
[0.714s] -- Installing: /home/ubuntu/my_n10_topic/workspace/install/lslidar_msgs/local/lib/python3.10/dist-packages/lslidar_msgs-1.2.0-py3.10.egg-info/dependency_links.txt
[0.714s] -- Installing: /home/ubuntu/my_n10_topic/workspace/install/lslidar_msgs/local/lib/python3.10/dist-packages/lslidar_msgs-1.2.0-py3.10.egg-info/PKG-INFO
[0.714s] -- Installing: /home/ubuntu/my_n10_topic/workspace/install/lslidar_msgs/local/lib/python3.10/dist-packages/lslidar_msgs-1.2.0-py3.10.egg-info/SOURCES.txt
[0.715s] -- Installing: /home/ubuntu/my_n10_topic/workspace/install/lslidar_msgs/local/lib/python3.10/dist-packages/lslidar_msgs-1.2.0-py3.10.egg-info/top_level.txt
[0.715s] -- Up-to-date: /home/ubuntu/my_n10_topic/workspace/install/lslidar_msgs/local/lib/python3.10/dist-packages/lslidar_msgs
[0.715s] -- Up-to-date: /home/ubuntu/my_n10_topic/workspace/install/lslidar_msgs/local/lib/python3.10/dist-packages/lslidar_msgs/__init__.py
[0.715s] -- Up-to-date: /home/ubuntu/my_n10_topic/workspace/install/lslidar_msgs/local/lib/python3.10/dist-packages/lslidar_msgs/_lslidar_msgs_s.ep.rosidl_typesupport_fastrtps_c.c
[0.715s] -- Up-to-date: /home/ubuntu/my_n10_topic/workspace/install/lslidar_msgs/local/lib/python3.10/dist-packages/lslidar_msgs/lslidar_msgs_s__rosidl_typesupport_c.cpython-310-x86_64-linux-gnu.so
[0.715s] -- Up-to-date: /home/ubuntu/my_n10_topic/workspace/install/lslidar_msgs/local/lib/python3.10/dist-packages/lslidar_msgs/msg
[0.715s] -- Up-to-date: /home/ubuntu/my_n10_topic/workspace/install/lslidar_msgs/local/lib/python3.10/dist-packages/lslidar_msgs/msg/__init__.py
[0.715s] -- Up-to-date: /home/ubuntu/my_n10_topic/workspace/install/lslidar_msgs/local/lib/python3.10/dist-packages/lslidar_msgs/msg/_lslidar_point_s.c
[0.715s] -- Up-to-date: /home/ubuntu/my_n10_topic/workspace/install/lslidar_msgs/local/lib/python3.10/dist-packages/lslidar_msgs/msg/_lslidar_sweep_s.c
[0.715s] -- Up-to-date: /home/ubuntu/my_n10_topic/workspace/install/lslidar_msgs/local/lib/python3.10/dist-packages/lslidar_msgs/msg/_lslidar_packet.py
[0.716s] -- Up-to-date: /home/ubuntu/my_n10_topic/workspace/install/lslidar_msgs/local/lib/python3.10/dist-packages/lslidar_msgs/msg/_lslidar_scan_s.c
[0.716s] -- Up-to-date: /home/ubuntu/my_n10_topic/workspace/install/lslidar_msgs/local/lib/python3.10/dist-packages/lslidar_msgs/msg/_lslidar_scan.py
[0.716s] -- Up-to-date: /home/ubuntu/my_n10_topic/workspace/install/lslidar_msgs/local/lib/python3.10/dist-packages/lslidar_msgs/msg/_lslidar_point.py
[0.716s] -- Up-to-date: /home/ubuntu/my_n10_topic/workspace/install/lslidar_msgs/local/lib/python3.10/dist-packages/lslidar_msgs/msg/_lslidar_difop_s.c
[0.716s] -- Up-to-date: /home/ubuntu/my_n10_topic/workspace/install/lslidar_msgs/local/lib/python3.10/dist-packages/lslidar_msgs/msg/_lslidar_packet_s.c
[0.716s] -- Up-to-date: /home/ubuntu/my_n10_topic/workspace/install/lslidar_msgs/local/lib/python3.10/dist-packages/lslidar_msgs/msg/_lslidar_difop.py
[0.716s] -- Up-to-date: /home/ubuntu/my_n10_topic/workspace/install/lslidar_msgs/local/lib/python3.10/dist-packages/lslidar_msgs/msg/_lslidar_sweep.py
[0.716s] -- Up-to-date: /home/ubuntu/my_n10_topic/workspace/install/lslidar_msgs/local/lib/python3.10/dist-packages/lslidar_msgs/lslidar_msgs_s__rosidl_typesupport_introspection_c.cpython-310-x86_64-linux-gnu.so
[0.716s] -- Up-to-date: /home/ubuntu/my_n10_topic/workspace/install/lslidar_msgs/local/lib/python3.10/dist-packages/lslidar_msgs/_lslidar_msgs_s.ep.rosidl_typesupport_introspection_c.c
[0.716s] -- Up-to-date: /home/ubuntu/my_n10_topic/workspace/install/lslidar_msgs/local/lib/python3.10/dist-packages/lslidar_msgs/_lslidar_msgs_s.ep.rosidl_typesupport_c.c
[0.717s] -- Up-to-date: /home/ubuntu/my_n10_topic/workspace/install/lslidar_msgs/local/lib/python3.10/dist-packages/lslidar_msgs/lslidar_msgs_s__rosidl_typesupport_fastrtps_c.cpython-310-x86_64-linux-gnu.so
[0.717s] -- Up-to-date: /home/ubuntu/my_n10_topic/workspace/install/lslidar_msgs/local/lib/python3.10/dist-packages/lslidar_msgs/liblslidar_msgs__rosidl_generator_py.so
[0.761s] Listing '/home/ubuntu/my_n10_topic/workspace/install/lslidar_msgs/local/lib/python3.10/dist-packages/lslidar_msgs'...
[0.761s] Listing '/home/ubuntu/my_n10_topic/workspace/install/lslidar_msgs/local/lib/python3.10/dist-packages/lslidar_msgs/msg'...
[0.769s] -- Up-to-date: /home/ubuntu/my_n10_topic/workspace/install/lslidar_msgs/local/lib/python3.10/dist-packages/lslidar_msgs/lslidar_msgs_s__rosidl_typesupport_fastrtps_c.cpython-310-x86_64-linux-gnu.so
[0.771s] -- Up-to-date: /home/ubuntu/my_n10_topic/workspace/install/lslidar_msgs/local/lib/python3.10/dist-packages/lslidar_msgs/lslidar_msgs_s__rosidl_typesupport_introspection_c.cpython-310-x86_64-linux-gnu.so
[0.772s] -- Up-to-date: /home/ubuntu/my_n10_topic/workspace/install/lslidar_msgs/local/lib/python3.10/dist-packages/lslidar_msgs/lslidar_msgs_s__rosidl_typesupport_c.cpython-310-x86_64-linux-gnu.so
[0.774s] -- Up-to-date: /home/ubuntu/my_n10_topic/workspace/install/lslidar_msgs/lib/liblslidar_msgs__rosidl_generator_py.so
[0.774s] -- Up-to-date: /home/ubuntu/my_n10_topic/workspace/install/lslidar_msgs/share/lslidar_msgs/msg/LslidarDifop.idl
[0.775s] -- Up-to-date: /home/ubuntu/my_n10_topic/workspace/install/lslidar_msgs/share/lslidar_msgs/msg/LslidarPacket.idl
[0.775s] -- Up-to-date: /home/ubuntu/my_n10_topic/workspace/install/lslidar_msgs/share/lslidar_msgs/msg/LslidarPoint.idl
[0.776s] -- Up-to-date: /home/ubuntu/my_n10_topic/workspace/install/lslidar_msgs/share/lslidar_msgs/msg/LslidarScan.idl
[0.776s] -- Up-to-date: /home/ubuntu/my_n10_topic/workspace/install/lslidar_msgs/share/lslidar_msgs/msg/LslidarSweep.idl
[0.776s] -- Up-to-date: /home/ubuntu/my_n10_topic/workspace/install/lslidar_msgs/share/lslidar_msgs/msg/LslidarDifop.msg
[0.776s] -- Up-to-date: /home/ubuntu/my_n10_topic/workspace/install/lslidar_msgs/share/lslidar_msgs/msg/LslidarPacket.msg
[0.776s] -- Up-to-date: /home/ubuntu/my_n10_topic/workspace/install/lslidar_msgs/share/lslidar_msgs/msg/LslidarPoint.msg
[0.776s] -- Up-to-date: /home/ubuntu/my_n10_topic/workspace/install/lslidar_msgs/share/lslidar_msgs/msg/LslidarScan.msg
[0.776s] -- Up-to-date: /home/ubuntu/my_n10_topic/workspace/install/lslidar_msgs/share/lslidar_msgs/msg/LslidarSweep.msg
[0.777s] -- Up-to-date: /home/ubuntu/my_n10_topic/workspace/install/lslidar_msgs/share/ament_index/resource_index/package_run_dependencies/lslidar_msgs
[0.777s] -- Up-to-date: /home/ubuntu/my_n10_topic/workspace/install/lslidar_msgs/share/ament_index/resource_index/parent_prefix_path/lslidar_msgs
[0.777s] -- Up-to-date: /home/ubuntu/my_n10_topic/workspace/install/lslidar_msgs/share/lslidar_msgs/environment/ament_prefix_path.sh
[0.777s] -- Up-to-date: /home/ubuntu/my_n10_topic/workspace/install/lslidar_msgs/share/lslidar_msgs/environment/ament_prefix_path.dsv
[0.777s] -- Up-to-date: /home/ubuntu/my_n10_topic/workspace/install/lslidar_msgs/share/lslidar_msgs/environment/path.sh
[0.778s] -- Up-to-date: /home/ubuntu/my_n10_topic/workspace/install/lslidar_msgs/share/lslidar_msgs/environment/path.dsv
[0.778s] -- Up-to-date: /home/ubuntu/my_n10_topic/workspace/install/lslidar_msgs/share/lslidar_msgs/local_setup.bash
[0.778s] -- Up-to-date: /home/ubuntu/my_n10_topic/workspace/install/lslidar_msgs/share/lslidar_msgs/local_setup.sh
[0.778s] -- Up-to-date: /home/ubuntu/my_n10_topic/workspace/install/lslidar_msgs/share/lslidar_msgs/local_setup.zsh
[0.778s] -- Up-to-date: /home/ubuntu/my_n10_topic/workspace/install/lslidar_msgs/share/lslidar_msgs/local_setup.dsv
[0.778s] -- Installing: /home/ubuntu/my_n10_topic/workspace/install/lslidar_msgs/share/lslidar_msgs/package.dsv
[0.779s] -- Up-to-date: /home/ubuntu/my_n10_topic/workspace/install/lslidar_msgs/share/ament_index/resource_index/packages/lslidar_msgs
[0.779s] -- Up-to-date: /home/ubuntu/my_n10_topic/workspace/install/lslidar_msgs/share/lslidar_msgs/cmake/export_lslidar_msgs__rosidl_generator_cExport.cmake
[0.779s] -- Up-to-date: /home/ubuntu/my_n10_topic/workspace/install/lslidar_msgs/share/lslidar_msgs/cmake/export_lslidar_msgs__rosidl_generator_cExport-noconfig.cmake
[0.780s] -- Up-to-date: /home/ubuntu/my_n10_topic/workspace/install/lslidar_msgs/share/lslidar_msgs/cmake/export_lslidar_msgs__rosidl_typesupport_fastrtps_cExport.cmake
[0.780s] -- Up-to-date: /home/ubuntu/my_n10_topic/workspace/install/lslidar_msgs/share/lslidar_msgs/cmake/export_lslidar_msgs__rosidl_typesupport_fastrtps_cExport-noconfig.cmake
[0.780s] -- Up-to-date: /home/ubuntu/my_n10_topic/workspace/install/lslidar_msgs/share/lslidar_msgs/cmake/export_lslidar_msgs__rosidl_generator_cppExport.cmake
[0.781s] -- Up-to-date: /home/ubuntu/my_n10_topic/workspace/install/lslidar_msgs/share/lslidar_msgs/cmake/export_lslidar_msgs__rosidl_typesupport_fastrtps_cppExport.cmake
[0.781s] -- Up-to-date: /home/ubuntu/my_n10_topic/workspace/install/lslidar_msgs/share/lslidar_msgs/cmake/export_lslidar_msgs__rosidl_typesupport_fastrtps_cppExport-noconfig.cmake
[0.781s] -- Up-to-date: /home/ubuntu/my_n10_topic/workspace/install/lslidar_msgs/share/lslidar_msgs/cmake/lslidar_msgs__rosidl_typesupport_introspection_cExport.cmake
[0.781s] -- Up-to-date: /home/ubuntu/my_n10_topic/workspace/install/lslidar_msgs/share/lslidar_msgs/cmake/lslidar_msgs__rosidl_typesupport_introspection_cExport-noconfig.cmake
[0.781s] -- Up-to-date: /home/ubuntu/my_n10_topic/workspace/install/lslidar_msgs/share/lslidar_msgs/cmake/lslidar_msgs__rosidl_typesupport_cExport.cmake
[0.781s] -- Up-to-date: /home/ubuntu/my_n10_topic/workspace/install/lslidar_msgs/share/lslidar_msgs/cmake/lslidar_msgs__rosidl_typesupport_cExport-noconfig.cmake
[0.782s] -- Up-to-date: /home/ubuntu/my_n10_topic/workspace/install/lslidar_msgs/share/lslidar_msgs/cmake/lslidar_msgs__rosidl_typesupport_introspection_cppExport.cmake
[0.782s] -- Up-to-date: /home/ubuntu/my_n10_topic/workspace/install/lslidar_msgs/share/lslidar_msgs/cmake/lslidar_msgs__rosidl_typesupport_introspection_cppExport-noconfig.cmake
[0.783s] -- Up-to-date: /home/ubuntu/my_n10_topic/workspace/install/lslidar_msgs/share/lslidar_msgs/cmake/lslidar_msgs__rosidl_typesupport_cppExport.cmake
[0.784s] -- Up-to-date: /home/ubuntu/my_n10_topic/workspace/install/lslidar_msgs/share/lslidar_msgs/cmake/lslidar_msgs__rosidl_typesupport_cppExport-noconfig.cmake
[0.784s] -- Up-to-date: /home/ubuntu/my_n10_topic/workspace/install/lslidar_msgs/share/lslidar_msgs/cmake/export_lslidar_msgs__rosidl_generator_pyExport.cmake
[0.784s] -- Up-to-date: /home/ubuntu/my_n10_topic/workspace/install/lslidar_msgs/share/lslidar_msgs/cmake/export_lslidar_msgs__rosidl_generator_pyExport-noconfig.cmake
[0.785s] -- Up-to-date: /home/ubuntu/my_n10_topic/workspace/install/lslidar_msgs/share/lslidar_msgs/cmake/rosidl_cmake-extras.cmake
[0.785s] -- Up-to-date: /home/ubuntu/my_n10_topic/workspace/install/lslidar_msgs/share/lslidar_msgs/cmake/ament_cmake_export_dependencies-extras.cmake
[0.785s] -- Up-to-date: /home/ubuntu/my_n10_topic/workspace/install/lslidar_msgs/share/lslidar_msgs/cmake/ament_cmake_export_include_directories-extras.cmake
[0.785s] -- Up-to-date: /home/ubuntu/my_n10_topic/workspace/install/lslidar_msgs/share/lslidar_msgs/cmake/ament_cmake_export_libraries-extras.cmake
[0.785s] -- Up-to-date: /home/ubuntu/my_n10_topic/workspace/install/lslidar_msgs/share/lslidar_msgs/cmake/ament_cmake_export_targets-extras.cmake
[0.785s] -- Up-to-date: /home/ubuntu/my_n10_topic/workspace/install/lslidar_msgs/share/lslidar_msgs/cmake/rosidl_cmake_export_typesupport_targets-extras.cmake
[0.785s] -- Up-to-date: /home/ubuntu/my_n10_topic/workspace/install/lslidar_msgs/share/lslidar_msgs/cmake/rosidl_cmake_export_typesupport_libraries-extras.cmake
[0.786s] -- Up-to-date: /home/ubuntu/my_n10_topic/workspace/install/lslidar_msgs/share/lslidar_msgs/cmake/lslidar_msgsConfig.cmake
[0.786s] -- Up-to-date: /home/ubuntu/my_n10_topic/workspace/install/lslidar_msgs/share/lslidar_msgs/cmake/lslidar_msgsConfig-version.cmake
[0.786s] -- Up-to-date: /home/ubuntu/my_n10_topic/workspace/install/lslidar_msgs/share/lslidar_msgs/package.xml
[0.789s] Invoked command in '/home/ubuntu/my_n10_topic/workspace/build/lslidar_msgs' returned '0': CMAKE_PREFIX_PATH=${CMAKE_PREFIX_PATH}:/opt/ros/humble /usr/bin/cmake --install /home/ubuntu/my_n10_topic/workspace/build/lslidar_msgs
