[0.019s] Invoking command in '/home/ubuntu/my_n10_topic/workspace/build/lslidar_driver': CMAKE_PREFIX_PATH=/home/ubuntu/my_n10_topic/workspace/install/lslidar_msgs:/home/ubuntu/my_n10_topic/workspace/install/lslidar_driver:/home/ubuntu/lidar_ros2/lidar_ws/install/serial:/home/ubuntu/lidar_ros2/lidar_ws/install/serial:/opt/ros/humble /usr/bin/cmake --build /home/ubuntu/my_n10_topic/workspace/build/lslidar_driver -- -j12 -l12
[0.126s] [35m[1mConsolidate compiler generated dependencies of target lslidar_driver_node[0m
[0.183s] [ 20%] [32mBuilding CXX object CMakeFiles/lslidar_driver_node.dir/src/lslidar_driver.cc.o[0m
[24.135s] [ 40%] [32m[1mLinking CXX executable lslidar_driver_node[0m
[26.789s] [100%] Built target lslidar_driver_node
[26.913s] Invoked command in '/home/ubuntu/my_n10_topic/workspace/build/lslidar_driver' returned '0': CMAKE_PREFIX_PATH=/home/ubuntu/my_n10_topic/workspace/install/lslidar_msgs:/home/ubuntu/my_n10_topic/workspace/install/lslidar_driver:/home/ubuntu/lidar_ros2/lidar_ws/install/serial:/home/ubuntu/lidar_ros2/lidar_ws/install/serial:/opt/ros/humble /usr/bin/cmake --build /home/ubuntu/my_n10_topic/workspace/build/lslidar_driver -- -j12 -l12
[26.954s] Invoking command in '/home/ubuntu/my_n10_topic/workspace/build/lslidar_driver': CMAKE_PREFIX_PATH=/home/ubuntu/my_n10_topic/workspace/install/lslidar_msgs:/home/ubuntu/my_n10_topic/workspace/install/lslidar_driver:/home/ubuntu/lidar_ros2/lidar_ws/install/serial:/home/ubuntu/lidar_ros2/lidar_ws/install/serial:/opt/ros/humble /usr/bin/cmake --install /home/ubuntu/my_n10_topic/workspace/build/lslidar_driver
[26.990s] -- Install configuration: ""
[26.991s] -- Up-to-date: /home/ubuntu/my_n10_topic/workspace/install/lslidar_driver/share/lslidar_driver/launch
[26.992s] -- Up-to-date: /home/ubuntu/my_n10_topic/workspace/install/lslidar_driver/share/lslidar_driver/launch/lsn10_launch.py
[26.992s] -- Up-to-date: /home/ubuntu/my_n10_topic/workspace/install/lslidar_driver/share/lslidar_driver/launch/lsn10_net_launch.py
[26.992s] -- Up-to-date: /home/ubuntu/my_n10_topic/workspace/install/lslidar_driver/share/lslidar_driver/launch/lslidar_double_launch.py
[26.992s] -- Up-to-date: /home/ubuntu/my_n10_topic/workspace/install/lslidar_driver/share/lslidar_driver/launch/lsm10_net_launch.py
[26.993s] -- Up-to-date: /home/ubuntu/my_n10_topic/workspace/install/lslidar_driver/share/lslidar_driver/launch/lsn10p_launch.py
[26.993s] -- Up-to-date: /home/ubuntu/my_n10_topic/workspace/install/lslidar_driver/share/lslidar_driver/launch/lsm10p_uart_launch.py
[26.993s] -- Up-to-date: /home/ubuntu/my_n10_topic/workspace/install/lslidar_driver/share/lslidar_driver/launch/lsm10_uart_launch.py
[26.993s] -- Up-to-date: /home/ubuntu/my_n10_topic/workspace/install/lslidar_driver/share/lslidar_driver/launch/lsm10p_net_launch.py
[26.993s] -- Up-to-date: /home/ubuntu/my_n10_topic/workspace/install/lslidar_driver/share/lslidar_driver/launch/lsn10p_net_launch.py
[26.993s] -- Up-to-date: /home/ubuntu/my_n10_topic/workspace/install/lslidar_driver/share/lslidar_driver/launch/viewer_scan_launch.py
[26.993s] -- Up-to-date: /home/ubuntu/my_n10_topic/workspace/install/lslidar_driver/share/lslidar_driver/params
[26.994s] -- Up-to-date: /home/ubuntu/my_n10_topic/workspace/install/lslidar_driver/share/lslidar_driver/params/lidar_uart_ros2
[26.994s] -- Up-to-date: /home/ubuntu/my_n10_topic/workspace/install/lslidar_driver/share/lslidar_driver/params/lidar_uart_ros2/lsm10.yaml
[26.994s] -- Up-to-date: /home/ubuntu/my_n10_topic/workspace/install/lslidar_driver/share/lslidar_driver/params/lidar_uart_ros2/lsn10p.yaml
[26.995s] -- Up-to-date: /home/ubuntu/my_n10_topic/workspace/install/lslidar_driver/share/lslidar_driver/params/lidar_uart_ros2/lsm10_p.yaml
[26.995s] -- Up-to-date: /home/ubuntu/my_n10_topic/workspace/install/lslidar_driver/share/lslidar_driver/params/lidar_uart_ros2/lsn10.yaml
[26.995s] -- Up-to-date: /home/ubuntu/my_n10_topic/workspace/install/lslidar_driver/share/lslidar_driver/params/lidar_net_ros2
[26.996s] -- Up-to-date: /home/ubuntu/my_n10_topic/workspace/install/lslidar_driver/share/lslidar_driver/params/lidar_net_ros2/lsn10_net.yaml
[26.996s] -- Up-to-date: /home/ubuntu/my_n10_topic/workspace/install/lslidar_driver/share/lslidar_driver/params/lidar_net_ros2/lsm10p_net.yaml
[26.996s] -- Up-to-date: /home/ubuntu/my_n10_topic/workspace/install/lslidar_driver/share/lslidar_driver/params/lidar_net_ros2/lsm10_net.yaml
[26.996s] -- Up-to-date: /home/ubuntu/my_n10_topic/workspace/install/lslidar_driver/share/lslidar_driver/params/lidar_net_ros2/lsn10p_net.yaml
[26.996s] -- Up-to-date: /home/ubuntu/my_n10_topic/workspace/install/lslidar_driver/share/lslidar_driver/rviz
[26.996s] -- Up-to-date: /home/ubuntu/my_n10_topic/workspace/install/lslidar_driver/share/lslidar_driver/rviz/lslidar.rviz
[26.998s] -- Installing: /home/ubuntu/my_n10_topic/workspace/install/lslidar_driver/lib/lslidar_driver/lslidar_driver_node
[27.092s] -- Set runtime path of "/home/ubuntu/my_n10_topic/workspace/install/lslidar_driver/lib/lslidar_driver/lslidar_driver_node" to ""
[27.093s] -- Up-to-date: /home/ubuntu/my_n10_topic/workspace/install/lslidar_driver/share/ament_index/resource_index/package_run_dependencies/lslidar_driver
[27.093s] -- Up-to-date: /home/ubuntu/my_n10_topic/workspace/install/lslidar_driver/share/ament_index/resource_index/parent_prefix_path/lslidar_driver
[27.093s] -- Up-to-date: /home/ubuntu/my_n10_topic/workspace/install/lslidar_driver/share/lslidar_driver/environment/ament_prefix_path.sh
[27.093s] -- Up-to-date: /home/ubuntu/my_n10_topic/workspace/install/lslidar_driver/share/lslidar_driver/environment/ament_prefix_path.dsv
[27.093s] -- Up-to-date: /home/ubuntu/my_n10_topic/workspace/install/lslidar_driver/share/lslidar_driver/environment/path.sh
[27.093s] -- Up-to-date: /home/ubuntu/my_n10_topic/workspace/install/lslidar_driver/share/lslidar_driver/environment/path.dsv
[27.093s] -- Up-to-date: /home/ubuntu/my_n10_topic/workspace/install/lslidar_driver/share/lslidar_driver/local_setup.bash
[27.093s] -- Up-to-date: /home/ubuntu/my_n10_topic/workspace/install/lslidar_driver/share/lslidar_driver/local_setup.sh
[27.093s] -- Up-to-date: /home/ubuntu/my_n10_topic/workspace/install/lslidar_driver/share/lslidar_driver/local_setup.zsh
[27.094s] -- Up-to-date: /home/ubuntu/my_n10_topic/workspace/install/lslidar_driver/share/lslidar_driver/local_setup.dsv
[27.094s] -- Installing: /home/ubuntu/my_n10_topic/workspace/install/lslidar_driver/share/lslidar_driver/package.dsv
[27.095s] -- Up-to-date: /home/ubuntu/my_n10_topic/workspace/install/lslidar_driver/share/ament_index/resource_index/packages/lslidar_driver
[27.095s] -- Up-to-date: /home/ubuntu/my_n10_topic/workspace/install/lslidar_driver/share/lslidar_driver/cmake/ament_cmake_export_dependencies-extras.cmake
[27.095s] -- Up-to-date: /home/ubuntu/my_n10_topic/workspace/install/lslidar_driver/share/lslidar_driver/cmake/ament_cmake_export_include_directories-extras.cmake
[27.095s] -- Up-to-date: /home/ubuntu/my_n10_topic/workspace/install/lslidar_driver/share/lslidar_driver/cmake/lslidar_driverConfig.cmake
[27.095s] -- Up-to-date: /home/ubuntu/my_n10_topic/workspace/install/lslidar_driver/share/lslidar_driver/cmake/lslidar_driverConfig-version.cmake
[27.095s] -- Up-to-date: /home/ubuntu/my_n10_topic/workspace/install/lslidar_driver/share/lslidar_driver/package.xml
[27.104s] Invoked command in '/home/ubuntu/my_n10_topic/workspace/build/lslidar_driver' returned '0': CMAKE_PREFIX_PATH=/home/ubuntu/my_n10_topic/workspace/install/lslidar_msgs:/home/ubuntu/my_n10_topic/workspace/install/lslidar_driver:/home/ubuntu/lidar_ros2/lidar_ws/install/serial:/home/ubuntu/lidar_ros2/lidar_ws/install/serial:/opt/ros/humble /usr/bin/cmake --install /home/ubuntu/my_n10_topic/workspace/build/lslidar_driver
