[0.027s] Invoking command in '/home/ubuntu/my_n10_topic/workspace/build/wheeltec_robot_urdf': CMAKE_PREFIX_PATH=${CMAKE_PREFIX_PATH}:/opt/ros/humble /usr/bin/cmake --build /home/ubuntu/my_n10_topic/workspace/build/wheeltec_robot_urdf -- -j12 -l12
[0.087s] Invoked command in '/home/ubuntu/my_n10_topic/workspace/build/wheeltec_robot_urdf' returned '0': CMAKE_PREFIX_PATH=${CMAKE_PREFIX_PATH}:/opt/ros/humble /usr/bin/cmake --build /home/ubuntu/my_n10_topic/workspace/build/wheeltec_robot_urdf -- -j12 -l12
[0.106s] Invoking command in '/home/ubuntu/my_n10_topic/workspace/build/wheeltec_robot_urdf': CMAKE_PREFIX_PATH=${CMAKE_PREFIX_PATH}:/opt/ros/humble /usr/bin/cmake --install /home/ubuntu/my_n10_topic/workspace/build/wheeltec_robot_urdf
[0.110s] -- Install configuration: ""
[0.111s] -- Up-to-date: /home/ubuntu/my_n10_topic/workspace/install/wheeltec_robot_urdf/share/wheeltec_robot_urdf/meshes
[0.111s] -- Up-to-date: /home/ubuntu/my_n10_topic/workspace/install/wheeltec_robot_urdf/share/wheeltec_robot_urdf/meshes/four_wheel_diff_bs_robot_meshes
[0.111s] -- Up-to-date: /home/ubuntu/my_n10_topic/workspace/install/wheeltec_robot_urdf/share/wheeltec_robot_urdf/meshes/four_wheel_diff_bs_robot_meshes/rf_wheel_link.STL
[0.112s] -- Up-to-date: /home/ubuntu/my_n10_topic/workspace/install/wheeltec_robot_urdf/share/wheeltec_robot_urdf/meshes/four_wheel_diff_bs_robot_meshes/controller_link.STL
[0.112s] -- Up-to-date: /home/ubuntu/my_n10_topic/workspace/install/wheeltec_robot_urdf/share/wheeltec_robot_urdf/meshes/four_wheel_diff_bs_robot_meshes/camera_link.STL
[0.112s] -- Up-to-date: /home/ubuntu/my_n10_topic/workspace/install/wheeltec_robot_urdf/share/wheeltec_robot_urdf/meshes/four_wheel_diff_bs_robot_meshes/rb_wheel_link.STL
[0.112s] -- Up-to-date: /home/ubuntu/my_n10_topic/workspace/install/wheeltec_robot_urdf/share/wheeltec_robot_urdf/meshes/four_wheel_diff_bs_robot_meshes/lb_wheel_link.STL
[0.112s] -- Up-to-date: /home/ubuntu/my_n10_topic/workspace/install/wheeltec_robot_urdf/share/wheeltec_robot_urdf/meshes/four_wheel_diff_bs_robot_meshes/lf_wheel_link.STL
[0.112s] -- Up-to-date: /home/ubuntu/my_n10_topic/workspace/install/wheeltec_robot_urdf/share/wheeltec_robot_urdf/meshes/four_wheel_diff_bs_robot_meshes/laser.STL
[0.113s] -- Up-to-date: /home/ubuntu/my_n10_topic/workspace/install/wheeltec_robot_urdf/share/wheeltec_robot_urdf/meshes/four_wheel_diff_bs_robot_meshes/base_link.STL
[0.113s] -- Up-to-date: /home/ubuntu/my_n10_topic/workspace/install/wheeltec_robot_urdf/share/wheeltec_robot_urdf/meshes/flagship_mec_dl_robot_meshes
[0.113s] -- Up-to-date: /home/ubuntu/my_n10_topic/workspace/install/wheeltec_robot_urdf/share/wheeltec_robot_urdf/meshes/flagship_mec_dl_robot_meshes/rf_wheel_link.STL
[0.113s] -- Up-to-date: /home/ubuntu/my_n10_topic/workspace/install/wheeltec_robot_urdf/share/wheeltec_robot_urdf/meshes/flagship_mec_dl_robot_meshes/controller_link.STL
[0.113s] -- Up-to-date: /home/ubuntu/my_n10_topic/workspace/install/wheeltec_robot_urdf/share/wheeltec_robot_urdf/meshes/flagship_mec_dl_robot_meshes/camera_link.STL
[0.115s] -- Up-to-date: /home/ubuntu/my_n10_topic/workspace/install/wheeltec_robot_urdf/share/wheeltec_robot_urdf/meshes/flagship_mec_dl_robot_meshes/rb_wheel_link.STL
[0.115s] -- Up-to-date: /home/ubuntu/my_n10_topic/workspace/install/wheeltec_robot_urdf/share/wheeltec_robot_urdf/meshes/flagship_mec_dl_robot_meshes/lb_wheel_link.STL
[0.115s] -- Up-to-date: /home/ubuntu/my_n10_topic/workspace/install/wheeltec_robot_urdf/share/wheeltec_robot_urdf/meshes/flagship_mec_dl_robot_meshes/lf_wheel_link.STL
[0.115s] -- Up-to-date: /home/ubuntu/my_n10_topic/workspace/install/wheeltec_robot_urdf/share/wheeltec_robot_urdf/meshes/flagship_mec_dl_robot_meshes/laser.STL
[0.115s] -- Up-to-date: /home/ubuntu/my_n10_topic/workspace/install/wheeltec_robot_urdf/share/wheeltec_robot_urdf/meshes/flagship_mec_dl_robot_meshes/base_link.STL
[0.115s] -- Up-to-date: /home/ubuntu/my_n10_topic/workspace/install/wheeltec_robot_urdf/share/wheeltec_robot_urdf/meshes/senior_4wd_dl_robot_meshes
[0.115s] -- Up-to-date: /home/ubuntu/my_n10_topic/workspace/install/wheeltec_robot_urdf/share/wheeltec_robot_urdf/meshes/senior_4wd_dl_robot_meshes/rf_wheel_link.STL
[0.115s] -- Up-to-date: /home/ubuntu/my_n10_topic/workspace/install/wheeltec_robot_urdf/share/wheeltec_robot_urdf/meshes/senior_4wd_dl_robot_meshes/controller_link.STL
[0.115s] -- Up-to-date: /home/ubuntu/my_n10_topic/workspace/install/wheeltec_robot_urdf/share/wheeltec_robot_urdf/meshes/senior_4wd_dl_robot_meshes/camera_link.STL
[0.115s] -- Up-to-date: /home/ubuntu/my_n10_topic/workspace/install/wheeltec_robot_urdf/share/wheeltec_robot_urdf/meshes/senior_4wd_dl_robot_meshes/rb_wheel_link.STL
[0.115s] -- Up-to-date: /home/ubuntu/my_n10_topic/workspace/install/wheeltec_robot_urdf/share/wheeltec_robot_urdf/meshes/senior_4wd_dl_robot_meshes/lb_wheel_link.STL
[0.115s] -- Up-to-date: /home/ubuntu/my_n10_topic/workspace/install/wheeltec_robot_urdf/share/wheeltec_robot_urdf/meshes/senior_4wd_dl_robot_meshes/lf_wheel_link.STL
[0.115s] -- Up-to-date: /home/ubuntu/my_n10_topic/workspace/install/wheeltec_robot_urdf/share/wheeltec_robot_urdf/meshes/senior_4wd_dl_robot_meshes/laser.STL
[0.115s] -- Up-to-date: /home/ubuntu/my_n10_topic/workspace/install/wheeltec_robot_urdf/share/wheeltec_robot_urdf/meshes/senior_4wd_dl_robot_meshes/base_link.STL
[0.115s] -- Up-to-date: /home/ubuntu/my_n10_topic/workspace/install/wheeltec_robot_urdf/share/wheeltec_robot_urdf/meshes/senior_omni_robot_meshes
[0.115s] -- Up-to-date: /home/ubuntu/my_n10_topic/workspace/install/wheeltec_robot_urdf/share/wheeltec_robot_urdf/meshes/senior_omni_robot_meshes/quanxiang_wheel1_link.STL
[0.115s] -- Up-to-date: /home/ubuntu/my_n10_topic/workspace/install/wheeltec_robot_urdf/share/wheeltec_robot_urdf/meshes/senior_omni_robot_meshes/controller_link.STL
[0.115s] -- Up-to-date: /home/ubuntu/my_n10_topic/workspace/install/wheeltec_robot_urdf/share/wheeltec_robot_urdf/meshes/senior_omni_robot_meshes/camera_link.STL
[0.115s] -- Up-to-date: /home/ubuntu/my_n10_topic/workspace/install/wheeltec_robot_urdf/share/wheeltec_robot_urdf/meshes/senior_omni_robot_meshes/quanxiang_wheel3_link.STL
[0.116s] -- Up-to-date: /home/ubuntu/my_n10_topic/workspace/install/wheeltec_robot_urdf/share/wheeltec_robot_urdf/meshes/senior_omni_robot_meshes/laser.STL
[0.116s] -- Up-to-date: /home/ubuntu/my_n10_topic/workspace/install/wheeltec_robot_urdf/share/wheeltec_robot_urdf/meshes/senior_omni_robot_meshes/quanxiang_wheel2_link.STL
[0.116s] -- Up-to-date: /home/ubuntu/my_n10_topic/workspace/install/wheeltec_robot_urdf/share/wheeltec_robot_urdf/meshes/senior_omni_robot_meshes/base_link.STL
[0.116s] -- Up-to-date: /home/ubuntu/my_n10_topic/workspace/install/wheeltec_robot_urdf/share/wheeltec_robot_urdf/meshes/top_akm_dl_meshes
[0.116s] -- Up-to-date: /home/ubuntu/my_n10_topic/workspace/install/wheeltec_robot_urdf/share/wheeltec_robot_urdf/meshes/top_akm_dl_meshes/rf_wheel_link.STL
[0.116s] -- Up-to-date: /home/ubuntu/my_n10_topic/workspace/install/wheeltec_robot_urdf/share/wheeltec_robot_urdf/meshes/top_akm_dl_meshes/right1_link.STL
[0.116s] -- Up-to-date: /home/ubuntu/my_n10_topic/workspace/install/wheeltec_robot_urdf/share/wheeltec_robot_urdf/meshes/top_akm_dl_meshes/controller_link.STL
[0.116s] -- Up-to-date: /home/ubuntu/my_n10_topic/workspace/install/wheeltec_robot_urdf/share/wheeltec_robot_urdf/meshes/top_akm_dl_meshes/camera_link.STL
[0.116s] -- Up-to-date: /home/ubuntu/my_n10_topic/workspace/install/wheeltec_robot_urdf/share/wheeltec_robot_urdf/meshes/top_akm_dl_meshes/rb_wheel_link.STL
[0.116s] -- Up-to-date: /home/ubuntu/my_n10_topic/workspace/install/wheeltec_robot_urdf/share/wheeltec_robot_urdf/meshes/top_akm_dl_meshes/lb_wheel_link.STL
[0.116s] -- Up-to-date: /home/ubuntu/my_n10_topic/workspace/install/wheeltec_robot_urdf/share/wheeltec_robot_urdf/meshes/top_akm_dl_meshes/lf_wheel_link.STL
[0.116s] -- Up-to-date: /home/ubuntu/my_n10_topic/workspace/install/wheeltec_robot_urdf/share/wheeltec_robot_urdf/meshes/top_akm_dl_meshes/left1_link.STL
[0.116s] -- Up-to-date: /home/ubuntu/my_n10_topic/workspace/install/wheeltec_robot_urdf/share/wheeltec_robot_urdf/meshes/top_akm_dl_meshes/laser_link.STL
[0.116s] -- Up-to-date: /home/ubuntu/my_n10_topic/workspace/install/wheeltec_robot_urdf/share/wheeltec_robot_urdf/meshes/top_akm_dl_meshes/base_link.STL
[0.116s] -- Up-to-date: /home/ubuntu/my_n10_topic/workspace/install/wheeltec_robot_urdf/share/wheeltec_robot_urdf/meshes/four_wheel_diff_dl_robot_meshes
[0.116s] -- Up-to-date: /home/ubuntu/my_n10_topic/workspace/install/wheeltec_robot_urdf/share/wheeltec_robot_urdf/meshes/four_wheel_diff_dl_robot_meshes/rf_wheel_link.STL
[0.116s] -- Up-to-date: /home/ubuntu/my_n10_topic/workspace/install/wheeltec_robot_urdf/share/wheeltec_robot_urdf/meshes/four_wheel_diff_dl_robot_meshes/controller_link.STL
[0.116s] -- Up-to-date: /home/ubuntu/my_n10_topic/workspace/install/wheeltec_robot_urdf/share/wheeltec_robot_urdf/meshes/four_wheel_diff_dl_robot_meshes/camera_link.STL
[0.116s] -- Up-to-date: /home/ubuntu/my_n10_topic/workspace/install/wheeltec_robot_urdf/share/wheeltec_robot_urdf/meshes/four_wheel_diff_dl_robot_meshes/rb_wheel_link.STL
[0.116s] -- Up-to-date: /home/ubuntu/my_n10_topic/workspace/install/wheeltec_robot_urdf/share/wheeltec_robot_urdf/meshes/four_wheel_diff_dl_robot_meshes/lb_wheel_link.STL
[0.116s] -- Up-to-date: /home/ubuntu/my_n10_topic/workspace/install/wheeltec_robot_urdf/share/wheeltec_robot_urdf/meshes/four_wheel_diff_dl_robot_meshes/lf_wheel_link.STL
[0.116s] -- Up-to-date: /home/ubuntu/my_n10_topic/workspace/install/wheeltec_robot_urdf/share/wheeltec_robot_urdf/meshes/four_wheel_diff_dl_robot_meshes/laser.STL
[0.116s] -- Up-to-date: /home/ubuntu/my_n10_topic/workspace/install/wheeltec_robot_urdf/share/wheeltec_robot_urdf/meshes/four_wheel_diff_dl_robot_meshes/base_link.STL
[0.116s] -- Up-to-date: /home/ubuntu/my_n10_topic/workspace/install/wheeltec_robot_urdf/share/wheeltec_robot_urdf/meshes/top_mec_EightDrive_robot_meshes
[0.116s] -- Up-to-date: /home/ubuntu/my_n10_topic/workspace/install/wheeltec_robot_urdf/share/wheeltec_robot_urdf/meshes/top_mec_EightDrive_robot_meshes/right_wheel3_link.STL
[0.116s] -- Up-to-date: /home/ubuntu/my_n10_topic/workspace/install/wheeltec_robot_urdf/share/wheeltec_robot_urdf/meshes/top_mec_EightDrive_robot_meshes/right_wheel4_link.STL
[0.117s] -- Up-to-date: /home/ubuntu/my_n10_topic/workspace/install/wheeltec_robot_urdf/share/wheeltec_robot_urdf/meshes/top_mec_EightDrive_robot_meshes/right_wheel1_link.STL
[0.117s] -- Up-to-date: /home/ubuntu/my_n10_topic/workspace/install/wheeltec_robot_urdf/share/wheeltec_robot_urdf/meshes/top_mec_EightDrive_robot_meshes/controller_link.STL
[0.117s] -- Up-to-date: /home/ubuntu/my_n10_topic/workspace/install/wheeltec_robot_urdf/share/wheeltec_robot_urdf/meshes/top_mec_EightDrive_robot_meshes/camera_link.STL
[0.117s] -- Up-to-date: /home/ubuntu/my_n10_topic/workspace/install/wheeltec_robot_urdf/share/wheeltec_robot_urdf/meshes/top_mec_EightDrive_robot_meshes/left_wheel3_link.STL
[0.117s] -- Up-to-date: /home/ubuntu/my_n10_topic/workspace/install/wheeltec_robot_urdf/share/wheeltec_robot_urdf/meshes/top_mec_EightDrive_robot_meshes/left_wheel1_link.STL
[0.117s] -- Up-to-date: /home/ubuntu/my_n10_topic/workspace/install/wheeltec_robot_urdf/share/wheeltec_robot_urdf/meshes/top_mec_EightDrive_robot_meshes/laser.STL
[0.117s] -- Up-to-date: /home/ubuntu/my_n10_topic/workspace/install/wheeltec_robot_urdf/share/wheeltec_robot_urdf/meshes/top_mec_EightDrive_robot_meshes/left_wheel2_link.STL
[0.117s] -- Up-to-date: /home/ubuntu/my_n10_topic/workspace/install/wheeltec_robot_urdf/share/wheeltec_robot_urdf/meshes/top_mec_EightDrive_robot_meshes/right_wheel2_link.STL
[0.117s] -- Up-to-date: /home/ubuntu/my_n10_topic/workspace/install/wheeltec_robot_urdf/share/wheeltec_robot_urdf/meshes/top_mec_EightDrive_robot_meshes/base_link.STL
[0.117s] -- Up-to-date: /home/ubuntu/my_n10_topic/workspace/install/wheeltec_robot_urdf/share/wheeltec_robot_urdf/meshes/top_mec_EightDrive_robot_meshes/left_wheel4_link.STL
[0.117s] -- Up-to-date: /home/ubuntu/my_n10_topic/workspace/install/wheeltec_robot_urdf/share/wheeltec_robot_urdf/meshes/flagship_4wd_dl_robot_meshes
[0.117s] -- Up-to-date: /home/ubuntu/my_n10_topic/workspace/install/wheeltec_robot_urdf/share/wheeltec_robot_urdf/meshes/flagship_4wd_dl_robot_meshes/rf_wheel_link.STL
[0.117s] -- Up-to-date: /home/ubuntu/my_n10_topic/workspace/install/wheeltec_robot_urdf/share/wheeltec_robot_urdf/meshes/flagship_4wd_dl_robot_meshes/controller_link.STL
[0.117s] -- Up-to-date: /home/ubuntu/my_n10_topic/workspace/install/wheeltec_robot_urdf/share/wheeltec_robot_urdf/meshes/flagship_4wd_dl_robot_meshes/camera_link.STL
[0.117s] -- Up-to-date: /home/ubuntu/my_n10_topic/workspace/install/wheeltec_robot_urdf/share/wheeltec_robot_urdf/meshes/flagship_4wd_dl_robot_meshes/rb_wheel_link.STL
[0.117s] -- Up-to-date: /home/ubuntu/my_n10_topic/workspace/install/wheeltec_robot_urdf/share/wheeltec_robot_urdf/meshes/flagship_4wd_dl_robot_meshes/lb_wheel_link.STL
[0.117s] -- Up-to-date: /home/ubuntu/my_n10_topic/workspace/install/wheeltec_robot_urdf/share/wheeltec_robot_urdf/meshes/flagship_4wd_dl_robot_meshes/lf_wheel_link.STL
[0.117s] -- Up-to-date: /home/ubuntu/my_n10_topic/workspace/install/wheeltec_robot_urdf/share/wheeltec_robot_urdf/meshes/flagship_4wd_dl_robot_meshes/laser.STL
[0.117s] -- Up-to-date: /home/ubuntu/my_n10_topic/workspace/install/wheeltec_robot_urdf/share/wheeltec_robot_urdf/meshes/flagship_4wd_dl_robot_meshes/base_link.STL
[0.117s] -- Up-to-date: /home/ubuntu/my_n10_topic/workspace/install/wheeltec_robot_urdf/share/wheeltec_robot_urdf/meshes/mini_mec_robot_meshes
[0.117s] -- Up-to-date: /home/ubuntu/my_n10_topic/workspace/install/wheeltec_robot_urdf/share/wheeltec_robot_urdf/meshes/mini_mec_robot_meshes/rf_wheel_link.STL
[0.117s] -- Up-to-date: /home/ubuntu/my_n10_topic/workspace/install/wheeltec_robot_urdf/share/wheeltec_robot_urdf/meshes/mini_mec_robot_meshes/controller_link.STL
[0.117s] -- Up-to-date: /home/ubuntu/my_n10_topic/workspace/install/wheeltec_robot_urdf/share/wheeltec_robot_urdf/meshes/mini_mec_robot_meshes/camera_link.STL
[0.117s] -- Up-to-date: /home/ubuntu/my_n10_topic/workspace/install/wheeltec_robot_urdf/share/wheeltec_robot_urdf/meshes/mini_mec_robot_meshes/rb_wheel_link.STL
[0.118s] -- Up-to-date: /home/ubuntu/my_n10_topic/workspace/install/wheeltec_robot_urdf/share/wheeltec_robot_urdf/meshes/mini_mec_robot_meshes/lb_wheel_link.STL
[0.118s] -- Up-to-date: /home/ubuntu/my_n10_topic/workspace/install/wheeltec_robot_urdf/share/wheeltec_robot_urdf/meshes/mini_mec_robot_meshes/lf_wheel_link.STL
[0.118s] -- Up-to-date: /home/ubuntu/my_n10_topic/workspace/install/wheeltec_robot_urdf/share/wheeltec_robot_urdf/meshes/mini_mec_robot_meshes/laser.STL
[0.118s] -- Up-to-date: /home/ubuntu/my_n10_topic/workspace/install/wheeltec_robot_urdf/share/wheeltec_robot_urdf/meshes/mini_mec_robot_meshes/base_link.STL
[0.118s] -- Up-to-date: /home/ubuntu/my_n10_topic/workspace/install/wheeltec_robot_urdf/share/wheeltec_robot_urdf/meshes/S100_diff_robot_meshes
[0.118s] -- Up-to-date: /home/ubuntu/my_n10_topic/workspace/install/wheeltec_robot_urdf/share/wheeltec_robot_urdf/meshes/S100_diff_robot_meshes/rf_wheel_link.STL
[0.118s] -- Up-to-date: /home/ubuntu/my_n10_topic/workspace/install/wheeltec_robot_urdf/share/wheeltec_robot_urdf/meshes/S100_diff_robot_meshes/camera_link.STL
[0.118s] -- Up-to-date: /home/ubuntu/my_n10_topic/workspace/install/wheeltec_robot_urdf/share/wheeltec_robot_urdf/meshes/S100_diff_robot_meshes/recharge_link.STL
[0.118s] -- Up-to-date: /home/ubuntu/my_n10_topic/workspace/install/wheeltec_robot_urdf/share/wheeltec_robot_urdf/meshes/S100_diff_robot_meshes/lf_wheel_link.STL
[0.118s] -- Up-to-date: /home/ubuntu/my_n10_topic/workspace/install/wheeltec_robot_urdf/share/wheeltec_robot_urdf/meshes/S100_diff_robot_meshes/laser.STL
[0.118s] -- Up-to-date: /home/ubuntu/my_n10_topic/workspace/install/wheeltec_robot_urdf/share/wheeltec_robot_urdf/meshes/S100_diff_robot_meshes/base_link.STL
[0.118s] -- Up-to-date: /home/ubuntu/my_n10_topic/workspace/install/wheeltec_robot_urdf/share/wheeltec_robot_urdf/meshes/senior_akm_bs_meshes
[0.118s] -- Up-to-date: /home/ubuntu/my_n10_topic/workspace/install/wheeltec_robot_urdf/share/wheeltec_robot_urdf/meshes/senior_akm_bs_meshes/rf_wheel_link.STL
[0.118s] -- Up-to-date: /home/ubuntu/my_n10_topic/workspace/install/wheeltec_robot_urdf/share/wheeltec_robot_urdf/meshes/senior_akm_bs_meshes/lf_1_link.STL
[0.118s] -- Up-to-date: /home/ubuntu/my_n10_topic/workspace/install/wheeltec_robot_urdf/share/wheeltec_robot_urdf/meshes/senior_akm_bs_meshes/lf_2_link.STL
[0.123s] -- Up-to-date: /home/ubuntu/my_n10_topic/workspace/install/wheeltec_robot_urdf/share/wheeltec_robot_urdf/meshes/senior_akm_bs_meshes/controller_link.STL
[0.124s] -- Up-to-date: /home/ubuntu/my_n10_topic/workspace/install/wheeltec_robot_urdf/share/wheeltec_robot_urdf/meshes/senior_akm_bs_meshes/camera_link.STL
[0.124s] -- Up-to-date: /home/ubuntu/my_n10_topic/workspace/install/wheeltec_robot_urdf/share/wheeltec_robot_urdf/meshes/senior_akm_bs_meshes/rb_wheel_link.STL
[0.126s] -- Up-to-date: /home/ubuntu/my_n10_topic/workspace/install/wheeltec_robot_urdf/share/wheeltec_robot_urdf/meshes/senior_akm_bs_meshes/rf_2_link.STL
[0.126s] -- Up-to-date: /home/ubuntu/my_n10_topic/workspace/install/wheeltec_robot_urdf/share/wheeltec_robot_urdf/meshes/senior_akm_bs_meshes/lb_wheel_link.STL
[0.126s] -- Up-to-date: /home/ubuntu/my_n10_topic/workspace/install/wheeltec_robot_urdf/share/wheeltec_robot_urdf/meshes/senior_akm_bs_meshes/lf_wheel_link.STL
[0.126s] -- Up-to-date: /home/ubuntu/my_n10_topic/workspace/install/wheeltec_robot_urdf/share/wheeltec_robot_urdf/meshes/senior_akm_bs_meshes/laser_link.STL
[0.127s] -- Up-to-date: /home/ubuntu/my_n10_topic/workspace/install/wheeltec_robot_urdf/share/wheeltec_robot_urdf/meshes/senior_akm_bs_meshes/rf_1_link.STL
[0.127s] -- Up-to-date: /home/ubuntu/my_n10_topic/workspace/install/wheeltec_robot_urdf/share/wheeltec_robot_urdf/meshes/senior_akm_bs_meshes/base_link.STL
[0.127s] -- Up-to-date: /home/ubuntu/my_n10_topic/workspace/install/wheeltec_robot_urdf/share/wheeltec_robot_urdf/meshes/top_akm_bs_meshes
[0.127s] -- Up-to-date: /home/ubuntu/my_n10_topic/workspace/install/wheeltec_robot_urdf/share/wheeltec_robot_urdf/meshes/top_akm_bs_meshes/rf_wheel_link.STL
[0.127s] -- Up-to-date: /home/ubuntu/my_n10_topic/workspace/install/wheeltec_robot_urdf/share/wheeltec_robot_urdf/meshes/top_akm_bs_meshes/right1_link.STL
[0.127s] -- Up-to-date: /home/ubuntu/my_n10_topic/workspace/install/wheeltec_robot_urdf/share/wheeltec_robot_urdf/meshes/top_akm_bs_meshes/controller_link.STL
[0.127s] -- Up-to-date: /home/ubuntu/my_n10_topic/workspace/install/wheeltec_robot_urdf/share/wheeltec_robot_urdf/meshes/top_akm_bs_meshes/camera_link.STL
[0.127s] -- Up-to-date: /home/ubuntu/my_n10_topic/workspace/install/wheeltec_robot_urdf/share/wheeltec_robot_urdf/meshes/top_akm_bs_meshes/rb_wheel_link.STL
[0.127s] -- Up-to-date: /home/ubuntu/my_n10_topic/workspace/install/wheeltec_robot_urdf/share/wheeltec_robot_urdf/meshes/top_akm_bs_meshes/lb_wheel_link.STL
[0.127s] -- Up-to-date: /home/ubuntu/my_n10_topic/workspace/install/wheeltec_robot_urdf/share/wheeltec_robot_urdf/meshes/top_akm_bs_meshes/lf_wheel_link.STL
[0.127s] -- Up-to-date: /home/ubuntu/my_n10_topic/workspace/install/wheeltec_robot_urdf/share/wheeltec_robot_urdf/meshes/top_akm_bs_meshes/left1_link.STL
[0.127s] -- Up-to-date: /home/ubuntu/my_n10_topic/workspace/install/wheeltec_robot_urdf/share/wheeltec_robot_urdf/meshes/top_akm_bs_meshes/laser_link.STL
[0.130s] -- Up-to-date: /home/ubuntu/my_n10_topic/workspace/install/wheeltec_robot_urdf/share/wheeltec_robot_urdf/meshes/top_akm_bs_meshes/base_link.STL
[0.130s] -- Up-to-date: /home/ubuntu/my_n10_topic/workspace/install/wheeltec_robot_urdf/share/wheeltec_robot_urdf/meshes/senior_4wd_bs_robot_meshes
[0.131s] -- Up-to-date: /home/ubuntu/my_n10_topic/workspace/install/wheeltec_robot_urdf/share/wheeltec_robot_urdf/meshes/senior_4wd_bs_robot_meshes/rf_wheel_link.STL
[0.131s] -- Up-to-date: /home/ubuntu/my_n10_topic/workspace/install/wheeltec_robot_urdf/share/wheeltec_robot_urdf/meshes/senior_4wd_bs_robot_meshes/controller_link.STL
[0.131s] -- Up-to-date: /home/ubuntu/my_n10_topic/workspace/install/wheeltec_robot_urdf/share/wheeltec_robot_urdf/meshes/senior_4wd_bs_robot_meshes/camera_link.STL
[0.131s] -- Up-to-date: /home/ubuntu/my_n10_topic/workspace/install/wheeltec_robot_urdf/share/wheeltec_robot_urdf/meshes/senior_4wd_bs_robot_meshes/rb_wheel_link.STL
[0.131s] -- Up-to-date: /home/ubuntu/my_n10_topic/workspace/install/wheeltec_robot_urdf/share/wheeltec_robot_urdf/meshes/senior_4wd_bs_robot_meshes/lb_wheel_link.STL
[0.131s] -- Up-to-date: /home/ubuntu/my_n10_topic/workspace/install/wheeltec_robot_urdf/share/wheeltec_robot_urdf/meshes/senior_4wd_bs_robot_meshes/lf_wheel_link.STL
[0.131s] -- Up-to-date: /home/ubuntu/my_n10_topic/workspace/install/wheeltec_robot_urdf/share/wheeltec_robot_urdf/meshes/senior_4wd_bs_robot_meshes/laser.STL
[0.131s] -- Up-to-date: /home/ubuntu/my_n10_topic/workspace/install/wheeltec_robot_urdf/share/wheeltec_robot_urdf/meshes/senior_4wd_bs_robot_meshes/base_link.STL
[0.132s] -- Up-to-date: /home/ubuntu/my_n10_topic/workspace/install/wheeltec_robot_urdf/share/wheeltec_robot_urdf/meshes/sensors
[0.132s] -- Up-to-date: /home/ubuntu/my_n10_topic/workspace/install/wheeltec_robot_urdf/share/wheeltec_robot_urdf/meshes/sensors/astra.jpg
[0.132s] -- Up-to-date: /home/ubuntu/my_n10_topic/workspace/install/wheeltec_robot_urdf/share/wheeltec_robot_urdf/meshes/sensors/lds.stl
[0.132s] -- Up-to-date: /home/ubuntu/my_n10_topic/workspace/install/wheeltec_robot_urdf/share/wheeltec_robot_urdf/meshes/sensors/r200.jpg
[0.132s] -- Up-to-date: /home/ubuntu/my_n10_topic/workspace/install/wheeltec_robot_urdf/share/wheeltec_robot_urdf/meshes/sensors/astra.dae
[0.132s] -- Up-to-date: /home/ubuntu/my_n10_topic/workspace/install/wheeltec_robot_urdf/share/wheeltec_robot_urdf/meshes/sensors/r200.dae
[0.132s] -- Up-to-date: /home/ubuntu/my_n10_topic/workspace/install/wheeltec_robot_urdf/share/wheeltec_robot_urdf/meshes/top_omni_robot_meshes
[0.132s] -- Up-to-date: /home/ubuntu/my_n10_topic/workspace/install/wheeltec_robot_urdf/share/wheeltec_robot_urdf/meshes/top_omni_robot_meshes/quanxiang_wheel1_link.STL
[0.132s] -- Up-to-date: /home/ubuntu/my_n10_topic/workspace/install/wheeltec_robot_urdf/share/wheeltec_robot_urdf/meshes/top_omni_robot_meshes/controller_link.STL
[0.132s] -- Up-to-date: /home/ubuntu/my_n10_topic/workspace/install/wheeltec_robot_urdf/share/wheeltec_robot_urdf/meshes/top_omni_robot_meshes/camera_link.STL
[0.132s] -- Up-to-date: /home/ubuntu/my_n10_topic/workspace/install/wheeltec_robot_urdf/share/wheeltec_robot_urdf/meshes/top_omni_robot_meshes/quanxiang_wheel3_link.STL
[0.132s] -- Up-to-date: /home/ubuntu/my_n10_topic/workspace/install/wheeltec_robot_urdf/share/wheeltec_robot_urdf/meshes/top_omni_robot_meshes/laser.STL
[0.132s] -- Up-to-date: /home/ubuntu/my_n10_topic/workspace/install/wheeltec_robot_urdf/share/wheeltec_robot_urdf/meshes/top_omni_robot_meshes/quanxiang_wheel2_link.STL
[0.133s] -- Up-to-date: /home/ubuntu/my_n10_topic/workspace/install/wheeltec_robot_urdf/share/wheeltec_robot_urdf/meshes/top_omni_robot_meshes/base_link.STL
[0.133s] -- Up-to-date: /home/ubuntu/my_n10_topic/workspace/install/wheeltec_robot_urdf/share/wheeltec_robot_urdf/meshes/senior_mec_dl_robot_meshes
[0.133s] -- Up-to-date: /home/ubuntu/my_n10_topic/workspace/install/wheeltec_robot_urdf/share/wheeltec_robot_urdf/meshes/senior_mec_dl_robot_meshes/rf_wheel_link.STL
[0.133s] -- Up-to-date: /home/ubuntu/my_n10_topic/workspace/install/wheeltec_robot_urdf/share/wheeltec_robot_urdf/meshes/senior_mec_dl_robot_meshes/controller_link.STL
[0.133s] -- Up-to-date: /home/ubuntu/my_n10_topic/workspace/install/wheeltec_robot_urdf/share/wheeltec_robot_urdf/meshes/senior_mec_dl_robot_meshes/camera_link.STL
[0.133s] -- Up-to-date: /home/ubuntu/my_n10_topic/workspace/install/wheeltec_robot_urdf/share/wheeltec_robot_urdf/meshes/senior_mec_dl_robot_meshes/rb_wheel_link.STL
[0.133s] -- Up-to-date: /home/ubuntu/my_n10_topic/workspace/install/wheeltec_robot_urdf/share/wheeltec_robot_urdf/meshes/senior_mec_dl_robot_meshes/lb_wheel_link.STL
[0.133s] -- Up-to-date: /home/ubuntu/my_n10_topic/workspace/install/wheeltec_robot_urdf/share/wheeltec_robot_urdf/meshes/senior_mec_dl_robot_meshes/lf_wheel_link.STL
[0.133s] -- Up-to-date: /home/ubuntu/my_n10_topic/workspace/install/wheeltec_robot_urdf/share/wheeltec_robot_urdf/meshes/senior_mec_dl_robot_meshes/laser.STL
[0.133s] -- Up-to-date: /home/ubuntu/my_n10_topic/workspace/install/wheeltec_robot_urdf/share/wheeltec_robot_urdf/meshes/senior_mec_dl_robot_meshes/base_link.STL
[0.133s] -- Up-to-date: /home/ubuntu/my_n10_topic/workspace/install/wheeltec_robot_urdf/share/wheeltec_robot_urdf/meshes/top_4wd_bs_meshes
[0.133s] -- Up-to-date: /home/ubuntu/my_n10_topic/workspace/install/wheeltec_robot_urdf/share/wheeltec_robot_urdf/meshes/top_4wd_bs_meshes/rf_wheel_link.STL
[0.133s] -- Up-to-date: /home/ubuntu/my_n10_topic/workspace/install/wheeltec_robot_urdf/share/wheeltec_robot_urdf/meshes/top_4wd_bs_meshes/controller_link.STL
[0.134s] -- Up-to-date: /home/ubuntu/my_n10_topic/workspace/install/wheeltec_robot_urdf/share/wheeltec_robot_urdf/meshes/top_4wd_bs_meshes/camera_link.STL
[0.134s] -- Up-to-date: /home/ubuntu/my_n10_topic/workspace/install/wheeltec_robot_urdf/share/wheeltec_robot_urdf/meshes/top_4wd_bs_meshes/rb_wheel_link.STL
[0.134s] -- Up-to-date: /home/ubuntu/my_n10_topic/workspace/install/wheeltec_robot_urdf/share/wheeltec_robot_urdf/meshes/top_4wd_bs_meshes/lb_wheel_link.STL
[0.134s] -- Up-to-date: /home/ubuntu/my_n10_topic/workspace/install/wheeltec_robot_urdf/share/wheeltec_robot_urdf/meshes/top_4wd_bs_meshes/lf_wheel_link.STL
[0.134s] -- Up-to-date: /home/ubuntu/my_n10_topic/workspace/install/wheeltec_robot_urdf/share/wheeltec_robot_urdf/meshes/top_4wd_bs_meshes/laser_link.STL
[0.134s] -- Up-to-date: /home/ubuntu/my_n10_topic/workspace/install/wheeltec_robot_urdf/share/wheeltec_robot_urdf/meshes/top_4wd_bs_meshes/base_link.STL
[0.134s] -- Up-to-date: /home/ubuntu/my_n10_topic/workspace/install/wheeltec_robot_urdf/share/wheeltec_robot_urdf/meshes/mini_tank_moveit_four_meshes
[0.134s] -- Up-to-date: /home/ubuntu/my_n10_topic/workspace/install/wheeltec_robot_urdf/share/wheeltec_robot_urdf/meshes/mini_tank_moveit_four_meshes/right6_link.STL
[0.134s] -- Up-to-date: /home/ubuntu/my_n10_topic/workspace/install/wheeltec_robot_urdf/share/wheeltec_robot_urdf/meshes/mini_tank_moveit_four_meshes/right1_link.STL
[0.134s] -- Up-to-date: /home/ubuntu/my_n10_topic/workspace/install/wheeltec_robot_urdf/share/wheeltec_robot_urdf/meshes/mini_tank_moveit_four_meshes/j2_link.STL
[0.134s] -- Up-to-date: /home/ubuntu/my_n10_topic/workspace/install/wheeltec_robot_urdf/share/wheeltec_robot_urdf/meshes/mini_tank_moveit_four_meshes/right2_link.STL
[0.134s] -- Up-to-date: /home/ubuntu/my_n10_topic/workspace/install/wheeltec_robot_urdf/share/wheeltec_robot_urdf/meshes/mini_tank_moveit_four_meshes/j4_4_link.STL
[0.135s] -- Up-to-date: /home/ubuntu/my_n10_topic/workspace/install/wheeltec_robot_urdf/share/wheeltec_robot_urdf/meshes/mini_tank_moveit_four_meshes/j4_2_link.STL
[0.135s] -- Up-to-date: /home/ubuntu/my_n10_topic/workspace/install/wheeltec_robot_urdf/share/wheeltec_robot_urdf/meshes/mini_tank_moveit_four_meshes/j4_1_link.STL
[0.135s] -- Up-to-date: /home/ubuntu/my_n10_topic/workspace/install/wheeltec_robot_urdf/share/wheeltec_robot_urdf/meshes/mini_tank_moveit_four_meshes/j1_link.STL
[0.135s] -- Up-to-date: /home/ubuntu/my_n10_topic/workspace/install/wheeltec_robot_urdf/share/wheeltec_robot_urdf/meshes/mini_tank_moveit_four_meshes/controller_link.STL
[0.135s] -- Up-to-date: /home/ubuntu/my_n10_topic/workspace/install/wheeltec_robot_urdf/share/wheeltec_robot_urdf/meshes/mini_tank_moveit_four_meshes/right5_link.STL
[0.135s] -- Up-to-date: /home/ubuntu/my_n10_topic/workspace/install/wheeltec_robot_urdf/share/wheeltec_robot_urdf/meshes/mini_tank_moveit_four_meshes/right4_link.STL
[0.144s] -- Up-to-date: /home/ubuntu/my_n10_topic/workspace/install/wheeltec_robot_urdf/share/wheeltec_robot_urdf/meshes/mini_tank_moveit_four_meshes/camera_link.STL
[0.145s] -- Up-to-date: /home/ubuntu/my_n10_topic/workspace/install/wheeltec_robot_urdf/share/wheeltec_robot_urdf/meshes/mini_tank_moveit_four_meshes/right_belt_link.STL
[0.145s] -- Up-to-date: /home/ubuntu/my_n10_topic/workspace/install/wheeltec_robot_urdf/share/wheeltec_robot_urdf/meshes/mini_tank_moveit_four_meshes/left6_link.STL
[0.145s] -- Up-to-date: /home/ubuntu/my_n10_topic/workspace/install/wheeltec_robot_urdf/share/wheeltec_robot_urdf/meshes/mini_tank_moveit_four_meshes/left_belt_link.STL
[0.145s] -- Up-to-date: /home/ubuntu/my_n10_topic/workspace/install/wheeltec_robot_urdf/share/wheeltec_robot_urdf/meshes/mini_tank_moveit_four_meshes/j4_5_link.STL
[0.145s] -- Up-to-date: /home/ubuntu/my_n10_topic/workspace/install/wheeltec_robot_urdf/share/wheeltec_robot_urdf/meshes/mini_tank_moveit_four_meshes/right3_link.STL
[0.145s] -- Up-to-date: /home/ubuntu/my_n10_topic/workspace/install/wheeltec_robot_urdf/share/wheeltec_robot_urdf/meshes/mini_tank_moveit_four_meshes/j3_link.STL
[0.145s] -- Up-to-date: /home/ubuntu/my_n10_topic/workspace/install/wheeltec_robot_urdf/share/wheeltec_robot_urdf/meshes/mini_tank_moveit_four_meshes/left3_link.STL
[0.145s] -- Up-to-date: /home/ubuntu/my_n10_topic/workspace/install/wheeltec_robot_urdf/share/wheeltec_robot_urdf/meshes/mini_tank_moveit_four_meshes/arm_base_link.STL
[0.145s] -- Up-to-date: /home/ubuntu/my_n10_topic/workspace/install/wheeltec_robot_urdf/share/wheeltec_robot_urdf/meshes/mini_tank_moveit_four_meshes/left2_link.STL
[0.145s] -- Up-to-date: /home/ubuntu/my_n10_topic/workspace/install/wheeltec_robot_urdf/share/wheeltec_robot_urdf/meshes/mini_tank_moveit_four_meshes/left1_link.STL
[0.145s] -- Up-to-date: /home/ubuntu/my_n10_topic/workspace/install/wheeltec_robot_urdf/share/wheeltec_robot_urdf/meshes/mini_tank_moveit_four_meshes/laser.STL
[0.145s] -- Up-to-date: /home/ubuntu/my_n10_topic/workspace/install/wheeltec_robot_urdf/share/wheeltec_robot_urdf/meshes/mini_tank_moveit_four_meshes/left5_link.STL
[0.145s] -- Up-to-date: /home/ubuntu/my_n10_topic/workspace/install/wheeltec_robot_urdf/share/wheeltec_robot_urdf/meshes/mini_tank_moveit_four_meshes/left4_link.STL
[0.145s] -- Up-to-date: /home/ubuntu/my_n10_topic/workspace/install/wheeltec_robot_urdf/share/wheeltec_robot_urdf/meshes/mini_tank_moveit_four_meshes/j4_3_link.STL
[0.145s] -- Up-to-date: /home/ubuntu/my_n10_topic/workspace/install/wheeltec_robot_urdf/share/wheeltec_robot_urdf/meshes/mini_tank_moveit_four_meshes/base_link.STL
[0.145s] -- Up-to-date: /home/ubuntu/my_n10_topic/workspace/install/wheeltec_robot_urdf/share/wheeltec_robot_urdf/meshes/mini_tank_moveit_four_meshes/j4_6_link.STL
[0.145s] -- Up-to-date: /home/ubuntu/my_n10_topic/workspace/install/wheeltec_robot_urdf/share/wheeltec_robot_urdf/meshes/mini_akm_robot_meshes
[0.145s] -- Up-to-date: /home/ubuntu/my_n10_topic/workspace/install/wheeltec_robot_urdf/share/wheeltec_robot_urdf/meshes/mini_akm_robot_meshes/lb_link.STL
[0.145s] -- Up-to-date: /home/ubuntu/my_n10_topic/workspace/install/wheeltec_robot_urdf/share/wheeltec_robot_urdf/meshes/mini_akm_robot_meshes/lf_link.STL
[0.145s] -- Up-to-date: /home/ubuntu/my_n10_topic/workspace/install/wheeltec_robot_urdf/share/wheeltec_robot_urdf/meshes/mini_akm_robot_meshes/right_link.STL
[0.146s] -- Up-to-date: /home/ubuntu/my_n10_topic/workspace/install/wheeltec_robot_urdf/share/wheeltec_robot_urdf/meshes/mini_akm_robot_meshes/rb_link.STL
[0.146s] -- Up-to-date: /home/ubuntu/my_n10_topic/workspace/install/wheeltec_robot_urdf/share/wheeltec_robot_urdf/meshes/mini_akm_robot_meshes/controller_link.STL
[0.146s] -- Up-to-date: /home/ubuntu/my_n10_topic/workspace/install/wheeltec_robot_urdf/share/wheeltec_robot_urdf/meshes/mini_akm_robot_meshes/camera_link.STL
[0.146s] -- Up-to-date: /home/ubuntu/my_n10_topic/workspace/install/wheeltec_robot_urdf/share/wheeltec_robot_urdf/meshes/mini_akm_robot_meshes/front_link.STL
[0.146s] -- Up-to-date: /home/ubuntu/my_n10_topic/workspace/install/wheeltec_robot_urdf/share/wheeltec_robot_urdf/meshes/mini_akm_robot_meshes/laser.STL
[0.147s] -- Up-to-date: /home/ubuntu/my_n10_topic/workspace/install/wheeltec_robot_urdf/share/wheeltec_robot_urdf/meshes/mini_akm_robot_meshes/left_link.STL
[0.147s] -- Up-to-date: /home/ubuntu/my_n10_topic/workspace/install/wheeltec_robot_urdf/share/wheeltec_robot_urdf/meshes/mini_akm_robot_meshes/rf_link.STL
[0.147s] -- Up-to-date: /home/ubuntu/my_n10_topic/workspace/install/wheeltec_robot_urdf/share/wheeltec_robot_urdf/meshes/mini_akm_robot_meshes/base_link.STL
[0.147s] -- Up-to-date: /home/ubuntu/my_n10_topic/workspace/install/wheeltec_robot_urdf/share/wheeltec_robot_urdf/meshes/r3S_4wd_robot_meshes
[0.147s] -- Up-to-date: /home/ubuntu/my_n10_topic/workspace/install/wheeltec_robot_urdf/share/wheeltec_robot_urdf/meshes/r3S_4wd_robot_meshes/rf_wheel_link.STL
[0.147s] -- Up-to-date: /home/ubuntu/my_n10_topic/workspace/install/wheeltec_robot_urdf/share/wheeltec_robot_urdf/meshes/r3S_4wd_robot_meshes/controller_link.STL
[0.147s] -- Up-to-date: /home/ubuntu/my_n10_topic/workspace/install/wheeltec_robot_urdf/share/wheeltec_robot_urdf/meshes/r3S_4wd_robot_meshes/camera_link.STL
[0.147s] -- Up-to-date: /home/ubuntu/my_n10_topic/workspace/install/wheeltec_robot_urdf/share/wheeltec_robot_urdf/meshes/r3S_4wd_robot_meshes/rb_wheel_link.STL
[0.147s] -- Up-to-date: /home/ubuntu/my_n10_topic/workspace/install/wheeltec_robot_urdf/share/wheeltec_robot_urdf/meshes/r3S_4wd_robot_meshes/lb_wheel_link.STL
[0.147s] -- Up-to-date: /home/ubuntu/my_n10_topic/workspace/install/wheeltec_robot_urdf/share/wheeltec_robot_urdf/meshes/r3S_4wd_robot_meshes/lf_wheel_link.STL
[0.147s] -- Up-to-date: /home/ubuntu/my_n10_topic/workspace/install/wheeltec_robot_urdf/share/wheeltec_robot_urdf/meshes/r3S_4wd_robot_meshes/laser.STL
[0.147s] -- Up-to-date: /home/ubuntu/my_n10_topic/workspace/install/wheeltec_robot_urdf/share/wheeltec_robot_urdf/meshes/r3S_4wd_robot_meshes/base_link.STL
[0.147s] -- Up-to-date: /home/ubuntu/my_n10_topic/workspace/install/wheeltec_robot_urdf/share/wheeltec_robot_urdf/meshes/top_akm_dl_robot_meshes
[0.148s] -- Up-to-date: /home/ubuntu/my_n10_topic/workspace/install/wheeltec_robot_urdf/share/wheeltec_robot_urdf/meshes/top_akm_dl_robot_meshes/rf_wheel_link.STL
[0.148s] -- Up-to-date: /home/ubuntu/my_n10_topic/workspace/install/wheeltec_robot_urdf/share/wheeltec_robot_urdf/meshes/top_akm_dl_robot_meshes/right1_link.STL
[0.148s] -- Up-to-date: /home/ubuntu/my_n10_topic/workspace/install/wheeltec_robot_urdf/share/wheeltec_robot_urdf/meshes/top_akm_dl_robot_meshes/controller_link.STL
[0.148s] -- Up-to-date: /home/ubuntu/my_n10_topic/workspace/install/wheeltec_robot_urdf/share/wheeltec_robot_urdf/meshes/top_akm_dl_robot_meshes/camera_link.STL
[0.148s] -- Up-to-date: /home/ubuntu/my_n10_topic/workspace/install/wheeltec_robot_urdf/share/wheeltec_robot_urdf/meshes/top_akm_dl_robot_meshes/rb_wheel_link.STL
[0.148s] -- Up-to-date: /home/ubuntu/my_n10_topic/workspace/install/wheeltec_robot_urdf/share/wheeltec_robot_urdf/meshes/top_akm_dl_robot_meshes/lb_wheel_link.STL
[0.148s] -- Up-to-date: /home/ubuntu/my_n10_topic/workspace/install/wheeltec_robot_urdf/share/wheeltec_robot_urdf/meshes/top_akm_dl_robot_meshes/lf_wheel_link.STL
[0.148s] -- Up-to-date: /home/ubuntu/my_n10_topic/workspace/install/wheeltec_robot_urdf/share/wheeltec_robot_urdf/meshes/top_akm_dl_robot_meshes/left1_link.STL
[0.148s] -- Up-to-date: /home/ubuntu/my_n10_topic/workspace/install/wheeltec_robot_urdf/share/wheeltec_robot_urdf/meshes/top_akm_dl_robot_meshes/laser.STL
[0.148s] -- Up-to-date: /home/ubuntu/my_n10_topic/workspace/install/wheeltec_robot_urdf/share/wheeltec_robot_urdf/meshes/top_akm_dl_robot_meshes/base_link.STL
[0.148s] -- Up-to-date: /home/ubuntu/my_n10_topic/workspace/install/wheeltec_robot_urdf/share/wheeltec_robot_urdf/meshes/wheels
[0.148s] -- Up-to-date: /home/ubuntu/my_n10_topic/workspace/install/wheeltec_robot_urdf/share/wheeltec_robot_urdf/meshes/wheels/left_tire.stl
[0.148s] -- Up-to-date: /home/ubuntu/my_n10_topic/workspace/install/wheeltec_robot_urdf/share/wheeltec_robot_urdf/meshes/wheels/right_tire.stl
[0.148s] -- Up-to-date: /home/ubuntu/my_n10_topic/workspace/install/wheeltec_robot_urdf/share/wheeltec_robot_urdf/meshes/mini_omni_robot_meshes
[0.149s] -- Up-to-date: /home/ubuntu/my_n10_topic/workspace/install/wheeltec_robot_urdf/share/wheeltec_robot_urdf/meshes/mini_omni_robot_meshes/front_wheel_link.STL
[0.149s] -- Up-to-date: /home/ubuntu/my_n10_topic/workspace/install/wheeltec_robot_urdf/share/wheeltec_robot_urdf/meshes/mini_omni_robot_meshes/left_wheel_link.STL
[0.149s] -- Up-to-date: /home/ubuntu/my_n10_topic/workspace/install/wheeltec_robot_urdf/share/wheeltec_robot_urdf/meshes/mini_omni_robot_meshes/controller_link.STL
[0.149s] -- Up-to-date: /home/ubuntu/my_n10_topic/workspace/install/wheeltec_robot_urdf/share/wheeltec_robot_urdf/meshes/mini_omni_robot_meshes/camera_link.STL
[0.149s] -- Up-to-date: /home/ubuntu/my_n10_topic/workspace/install/wheeltec_robot_urdf/share/wheeltec_robot_urdf/meshes/mini_omni_robot_meshes/laser.STL
[0.149s] -- Up-to-date: /home/ubuntu/my_n10_topic/workspace/install/wheeltec_robot_urdf/share/wheeltec_robot_urdf/meshes/mini_omni_robot_meshes/right_wheel_link.STL
[0.149s] -- Up-to-date: /home/ubuntu/my_n10_topic/workspace/install/wheeltec_robot_urdf/share/wheeltec_robot_urdf/meshes/mini_omni_robot_meshes/base_link.STL
[0.149s] -- Up-to-date: /home/ubuntu/my_n10_topic/workspace/install/wheeltec_robot_urdf/share/wheeltec_robot_urdf/meshes/top_mec_dl_robot_meshes
[0.149s] -- Up-to-date: /home/ubuntu/my_n10_topic/workspace/install/wheeltec_robot_urdf/share/wheeltec_robot_urdf/meshes/top_mec_dl_robot_meshes/rf_wheel_link.STL
[0.149s] -- Up-to-date: /home/ubuntu/my_n10_topic/workspace/install/wheeltec_robot_urdf/share/wheeltec_robot_urdf/meshes/top_mec_dl_robot_meshes/controller_link.STL
[0.149s] -- Up-to-date: /home/ubuntu/my_n10_topic/workspace/install/wheeltec_robot_urdf/share/wheeltec_robot_urdf/meshes/top_mec_dl_robot_meshes/camera_link.STL
[0.149s] -- Up-to-date: /home/ubuntu/my_n10_topic/workspace/install/wheeltec_robot_urdf/share/wheeltec_robot_urdf/meshes/top_mec_dl_robot_meshes/rb_wheel_link.STL
[0.150s] -- Up-to-date: /home/ubuntu/my_n10_topic/workspace/install/wheeltec_robot_urdf/share/wheeltec_robot_urdf/meshes/top_mec_dl_robot_meshes/lb_wheel_link.STL
[0.150s] -- Up-to-date: /home/ubuntu/my_n10_topic/workspace/install/wheeltec_robot_urdf/share/wheeltec_robot_urdf/meshes/top_mec_dl_robot_meshes/lf_wheel_link.STL
[0.150s] -- Up-to-date: /home/ubuntu/my_n10_topic/workspace/install/wheeltec_robot_urdf/share/wheeltec_robot_urdf/meshes/top_mec_dl_robot_meshes/laser.STL
[0.150s] -- Up-to-date: /home/ubuntu/my_n10_topic/workspace/install/wheeltec_robot_urdf/share/wheeltec_robot_urdf/meshes/top_mec_dl_robot_meshes/base_link.STL
[0.150s] -- Up-to-date: /home/ubuntu/my_n10_topic/workspace/install/wheeltec_robot_urdf/share/wheeltec_robot_urdf/meshes/flagship_4wd_bs_robot_meshes
[0.150s] -- Up-to-date: /home/ubuntu/my_n10_topic/workspace/install/wheeltec_robot_urdf/share/wheeltec_robot_urdf/meshes/flagship_4wd_bs_robot_meshes/rf_wheel_link.STL
[0.150s] -- Up-to-date: /home/ubuntu/my_n10_topic/workspace/install/wheeltec_robot_urdf/share/wheeltec_robot_urdf/meshes/flagship_4wd_bs_robot_meshes/controller_link.STL
[0.150s] -- Up-to-date: /home/ubuntu/my_n10_topic/workspace/install/wheeltec_robot_urdf/share/wheeltec_robot_urdf/meshes/flagship_4wd_bs_robot_meshes/camera_link.STL
[0.158s] -- Up-to-date: /home/ubuntu/my_n10_topic/workspace/install/wheeltec_robot_urdf/share/wheeltec_robot_urdf/meshes/flagship_4wd_bs_robot_meshes/rb_wheel_link.STL
[0.159s] -- Up-to-date: /home/ubuntu/my_n10_topic/workspace/install/wheeltec_robot_urdf/share/wheeltec_robot_urdf/meshes/flagship_4wd_bs_robot_meshes/lb_wheel_link.STL
[0.159s] -- Up-to-date: /home/ubuntu/my_n10_topic/workspace/install/wheeltec_robot_urdf/share/wheeltec_robot_urdf/meshes/flagship_4wd_bs_robot_meshes/lf_wheel_link.STL
[0.159s] -- Up-to-date: /home/ubuntu/my_n10_topic/workspace/install/wheeltec_robot_urdf/share/wheeltec_robot_urdf/meshes/flagship_4wd_bs_robot_meshes/laser.STL
[0.159s] -- Up-to-date: /home/ubuntu/my_n10_topic/workspace/install/wheeltec_robot_urdf/share/wheeltec_robot_urdf/meshes/flagship_4wd_bs_robot_meshes/base_link.STL
[0.159s] -- Up-to-date: /home/ubuntu/my_n10_topic/workspace/install/wheeltec_robot_urdf/share/wheeltec_robot_urdf/meshes/top_4wd_bs_robot_meshes
[0.159s] -- Up-to-date: /home/ubuntu/my_n10_topic/workspace/install/wheeltec_robot_urdf/share/wheeltec_robot_urdf/meshes/top_4wd_bs_robot_meshes/rf_wheel_link.STL
[0.159s] -- Up-to-date: /home/ubuntu/my_n10_topic/workspace/install/wheeltec_robot_urdf/share/wheeltec_robot_urdf/meshes/top_4wd_bs_robot_meshes/controller_link.STL
[0.160s] -- Up-to-date: /home/ubuntu/my_n10_topic/workspace/install/wheeltec_robot_urdf/share/wheeltec_robot_urdf/meshes/top_4wd_bs_robot_meshes/camera_link.STL
[0.160s] -- Up-to-date: /home/ubuntu/my_n10_topic/workspace/install/wheeltec_robot_urdf/share/wheeltec_robot_urdf/meshes/top_4wd_bs_robot_meshes/rb_wheel_link.STL
[0.160s] -- Up-to-date: /home/ubuntu/my_n10_topic/workspace/install/wheeltec_robot_urdf/share/wheeltec_robot_urdf/meshes/top_4wd_bs_robot_meshes/lb_wheel_link.STL
[0.160s] -- Up-to-date: /home/ubuntu/my_n10_topic/workspace/install/wheeltec_robot_urdf/share/wheeltec_robot_urdf/meshes/top_4wd_bs_robot_meshes/lf_wheel_link.STL
[0.160s] -- Up-to-date: /home/ubuntu/my_n10_topic/workspace/install/wheeltec_robot_urdf/share/wheeltec_robot_urdf/meshes/top_4wd_bs_robot_meshes/laser.STL
[0.160s] -- Up-to-date: /home/ubuntu/my_n10_topic/workspace/install/wheeltec_robot_urdf/share/wheeltec_robot_urdf/meshes/top_4wd_bs_robot_meshes/base_link.STL
[0.160s] -- Up-to-date: /home/ubuntu/my_n10_topic/workspace/install/wheeltec_robot_urdf/share/wheeltec_robot_urdf/meshes/bases
[0.160s] -- Up-to-date: /home/ubuntu/my_n10_topic/workspace/install/wheeltec_robot_urdf/share/wheeltec_robot_urdf/meshes/bases/waffle_pi_base.stl
[0.161s] -- Up-to-date: /home/ubuntu/my_n10_topic/workspace/install/wheeltec_robot_urdf/share/wheeltec_robot_urdf/meshes/bases/waffle_base.stl
[0.161s] -- Up-to-date: /home/ubuntu/my_n10_topic/workspace/install/wheeltec_robot_urdf/share/wheeltec_robot_urdf/meshes/bases/burger_base.stl
[0.161s] -- Up-to-date: /home/ubuntu/my_n10_topic/workspace/install/wheeltec_robot_urdf/share/wheeltec_robot_urdf/meshes/s300_mini_robot_meshes
[0.161s] -- Up-to-date: /home/ubuntu/my_n10_topic/workspace/install/wheeltec_robot_urdf/share/wheeltec_robot_urdf/meshes/s300_mini_robot_meshes/rm_wheel_link.STL
[0.161s] -- Up-to-date: /home/ubuntu/my_n10_topic/workspace/install/wheeltec_robot_urdf/share/wheeltec_robot_urdf/meshes/s300_mini_robot_meshes/camera_link.STL
[0.161s] -- Up-to-date: /home/ubuntu/my_n10_topic/workspace/install/wheeltec_robot_urdf/share/wheeltec_robot_urdf/meshes/s300_mini_robot_meshes/arm1_link.STL
[0.161s] -- Up-to-date: /home/ubuntu/my_n10_topic/workspace/install/wheeltec_robot_urdf/share/wheeltec_robot_urdf/meshes/s300_mini_robot_meshes/gripper1_link.STL
[0.161s] -- Up-to-date: /home/ubuntu/my_n10_topic/workspace/install/wheeltec_robot_urdf/share/wheeltec_robot_urdf/meshes/s300_mini_robot_meshes/arm_base_link.STL
[0.161s] -- Up-to-date: /home/ubuntu/my_n10_topic/workspace/install/wheeltec_robot_urdf/share/wheeltec_robot_urdf/meshes/s300_mini_robot_meshes/arm2_link.STL
[0.161s] -- Up-to-date: /home/ubuntu/my_n10_topic/workspace/install/wheeltec_robot_urdf/share/wheeltec_robot_urdf/meshes/s300_mini_robot_meshes/arm5_link.STL
[0.161s] -- Up-to-date: /home/ubuntu/my_n10_topic/workspace/install/wheeltec_robot_urdf/share/wheeltec_robot_urdf/meshes/s300_mini_robot_meshes/laser.STL
[0.161s] -- Up-to-date: /home/ubuntu/my_n10_topic/workspace/install/wheeltec_robot_urdf/share/wheeltec_robot_urdf/meshes/s300_mini_robot_meshes/laser_link.STL
[0.161s] -- Up-to-date: /home/ubuntu/my_n10_topic/workspace/install/wheeltec_robot_urdf/share/wheeltec_robot_urdf/meshes/s300_mini_robot_meshes/arm3_link.STL
[0.161s] -- Up-to-date: /home/ubuntu/my_n10_topic/workspace/install/wheeltec_robot_urdf/share/wheeltec_robot_urdf/meshes/s300_mini_robot_meshes/arm4_link.STL
[0.161s] -- Up-to-date: /home/ubuntu/my_n10_topic/workspace/install/wheeltec_robot_urdf/share/wheeltec_robot_urdf/meshes/s300_mini_robot_meshes/lm_wheel_link.STL
[0.161s] -- Up-to-date: /home/ubuntu/my_n10_topic/workspace/install/wheeltec_robot_urdf/share/wheeltec_robot_urdf/meshes/s300_mini_robot_meshes/arm6_link.STL
[0.161s] -- Up-to-date: /home/ubuntu/my_n10_topic/workspace/install/wheeltec_robot_urdf/share/wheeltec_robot_urdf/meshes/s300_mini_robot_meshes/base_link.STL
[0.161s] -- Up-to-date: /home/ubuntu/my_n10_topic/workspace/install/wheeltec_robot_urdf/share/wheeltec_robot_urdf/meshes/top_4wd_dl_robot_meshes
[0.161s] -- Up-to-date: /home/ubuntu/my_n10_topic/workspace/install/wheeltec_robot_urdf/share/wheeltec_robot_urdf/meshes/top_4wd_dl_robot_meshes/rf_wheel_link.STL
[0.161s] -- Up-to-date: /home/ubuntu/my_n10_topic/workspace/install/wheeltec_robot_urdf/share/wheeltec_robot_urdf/meshes/top_4wd_dl_robot_meshes/charger_link.STL
[0.161s] -- Up-to-date: /home/ubuntu/my_n10_topic/workspace/install/wheeltec_robot_urdf/share/wheeltec_robot_urdf/meshes/top_4wd_dl_robot_meshes/controller_link.STL
[0.162s] -- Up-to-date: /home/ubuntu/my_n10_topic/workspace/install/wheeltec_robot_urdf/share/wheeltec_robot_urdf/meshes/top_4wd_dl_robot_meshes/camera_link.STL
[0.162s] -- Up-to-date: /home/ubuntu/my_n10_topic/workspace/install/wheeltec_robot_urdf/share/wheeltec_robot_urdf/meshes/top_4wd_dl_robot_meshes/rb_wheel_link.STL
[0.162s] -- Up-to-date: /home/ubuntu/my_n10_topic/workspace/install/wheeltec_robot_urdf/share/wheeltec_robot_urdf/meshes/top_4wd_dl_robot_meshes/lb_wheel_link.STL
[0.162s] -- Up-to-date: /home/ubuntu/my_n10_topic/workspace/install/wheeltec_robot_urdf/share/wheeltec_robot_urdf/meshes/top_4wd_dl_robot_meshes/lf_wheel_link.STL
[0.162s] -- Up-to-date: /home/ubuntu/my_n10_topic/workspace/install/wheeltec_robot_urdf/share/wheeltec_robot_urdf/meshes/top_4wd_dl_robot_meshes/laser.STL
[0.162s] -- Up-to-date: /home/ubuntu/my_n10_topic/workspace/install/wheeltec_robot_urdf/share/wheeltec_robot_urdf/meshes/top_4wd_dl_robot_meshes/base_link.STL
[0.162s] -- Up-to-date: /home/ubuntu/my_n10_topic/workspace/install/wheeltec_robot_urdf/share/wheeltec_robot_urdf/meshes/top_akm_bs_robot_meshes
[0.162s] -- Up-to-date: /home/ubuntu/my_n10_topic/workspace/install/wheeltec_robot_urdf/share/wheeltec_robot_urdf/meshes/top_akm_bs_robot_meshes/rf_wheel_link.STL
[0.162s] -- Up-to-date: /home/ubuntu/my_n10_topic/workspace/install/wheeltec_robot_urdf/share/wheeltec_robot_urdf/meshes/top_akm_bs_robot_meshes/right1_link.STL
[0.166s] -- Up-to-date: /home/ubuntu/my_n10_topic/workspace/install/wheeltec_robot_urdf/share/wheeltec_robot_urdf/meshes/top_akm_bs_robot_meshes/controller_link.STL
[0.166s] -- Up-to-date: /home/ubuntu/my_n10_topic/workspace/install/wheeltec_robot_urdf/share/wheeltec_robot_urdf/meshes/top_akm_bs_robot_meshes/camera_link.STL
[0.167s] -- Up-to-date: /home/ubuntu/my_n10_topic/workspace/install/wheeltec_robot_urdf/share/wheeltec_robot_urdf/meshes/top_akm_bs_robot_meshes/rb_wheel_link.STL
[0.167s] -- Up-to-date: /home/ubuntu/my_n10_topic/workspace/install/wheeltec_robot_urdf/share/wheeltec_robot_urdf/meshes/top_akm_bs_robot_meshes/lb_wheel_link.STL
[0.167s] -- Up-to-date: /home/ubuntu/my_n10_topic/workspace/install/wheeltec_robot_urdf/share/wheeltec_robot_urdf/meshes/top_akm_bs_robot_meshes/lf_wheel_link.STL
[0.167s] -- Up-to-date: /home/ubuntu/my_n10_topic/workspace/install/wheeltec_robot_urdf/share/wheeltec_robot_urdf/meshes/top_akm_bs_robot_meshes/left1_link.STL
[0.167s] -- Up-to-date: /home/ubuntu/my_n10_topic/workspace/install/wheeltec_robot_urdf/share/wheeltec_robot_urdf/meshes/top_akm_bs_robot_meshes/laser.STL
[0.167s] -- Up-to-date: /home/ubuntu/my_n10_topic/workspace/install/wheeltec_robot_urdf/share/wheeltec_robot_urdf/meshes/top_akm_bs_robot_meshes/base_link.STL
[0.167s] -- Up-to-date: /home/ubuntu/my_n10_topic/workspace/install/wheeltec_robot_urdf/share/wheeltec_robot_urdf/meshes/mini_4wd_robot_meshes
[0.167s] -- Up-to-date: /home/ubuntu/my_n10_topic/workspace/install/wheeltec_robot_urdf/share/wheeltec_robot_urdf/meshes/mini_4wd_robot_meshes/rf_wheel_link.STL
[0.167s] -- Up-to-date: /home/ubuntu/my_n10_topic/workspace/install/wheeltec_robot_urdf/share/wheeltec_robot_urdf/meshes/mini_4wd_robot_meshes/controller_link.STL
[0.167s] -- Up-to-date: /home/ubuntu/my_n10_topic/workspace/install/wheeltec_robot_urdf/share/wheeltec_robot_urdf/meshes/mini_4wd_robot_meshes/camera_link.STL
[0.167s] -- Up-to-date: /home/ubuntu/my_n10_topic/workspace/install/wheeltec_robot_urdf/share/wheeltec_robot_urdf/meshes/mini_4wd_robot_meshes/rb_wheel_link.STL
[0.167s] -- Up-to-date: /home/ubuntu/my_n10_topic/workspace/install/wheeltec_robot_urdf/share/wheeltec_robot_urdf/meshes/mini_4wd_robot_meshes/lb_wheel_link.STL
[0.169s] -- Up-to-date: /home/ubuntu/my_n10_topic/workspace/install/wheeltec_robot_urdf/share/wheeltec_robot_urdf/meshes/mini_4wd_robot_meshes/lf_wheel_link.STL
[0.169s] -- Up-to-date: /home/ubuntu/my_n10_topic/workspace/install/wheeltec_robot_urdf/share/wheeltec_robot_urdf/meshes/mini_4wd_robot_meshes/laser.STL
[0.169s] -- Up-to-date: /home/ubuntu/my_n10_topic/workspace/install/wheeltec_robot_urdf/share/wheeltec_robot_urdf/meshes/mini_4wd_robot_meshes/base_link.STL
[0.169s] -- Up-to-date: /home/ubuntu/my_n10_topic/workspace/install/wheeltec_robot_urdf/share/wheeltec_robot_urdf/meshes/mini_diff_robot_meshes
[0.169s] -- Up-to-date: /home/ubuntu/my_n10_topic/workspace/install/wheeltec_robot_urdf/share/wheeltec_robot_urdf/meshes/mini_diff_robot_meshes/right_link.STL
[0.169s] -- Up-to-date: /home/ubuntu/my_n10_topic/workspace/install/wheeltec_robot_urdf/share/wheeltec_robot_urdf/meshes/mini_diff_robot_meshes/controller_link.STL
[0.169s] -- Up-to-date: /home/ubuntu/my_n10_topic/workspace/install/wheeltec_robot_urdf/share/wheeltec_robot_urdf/meshes/mini_diff_robot_meshes/camera_link.STL
[0.169s] -- Up-to-date: /home/ubuntu/my_n10_topic/workspace/install/wheeltec_robot_urdf/share/wheeltec_robot_urdf/meshes/mini_diff_robot_meshes/front_link.STL
[0.169s] -- Up-to-date: /home/ubuntu/my_n10_topic/workspace/install/wheeltec_robot_urdf/share/wheeltec_robot_urdf/meshes/mini_diff_robot_meshes/laser.STL
[0.169s] -- Up-to-date: /home/ubuntu/my_n10_topic/workspace/install/wheeltec_robot_urdf/share/wheeltec_robot_urdf/meshes/mini_diff_robot_meshes/left_link.STL
[0.169s] -- Up-to-date: /home/ubuntu/my_n10_topic/workspace/install/wheeltec_robot_urdf/share/wheeltec_robot_urdf/meshes/mini_diff_robot_meshes/base_link.STL
[0.170s] -- Up-to-date: /home/ubuntu/my_n10_topic/workspace/install/wheeltec_robot_urdf/share/wheeltec_robot_urdf/meshes/senior_diff_robot_meshes
[0.170s] -- Up-to-date: /home/ubuntu/my_n10_topic/workspace/install/wheeltec_robot_urdf/share/wheeltec_robot_urdf/meshes/senior_diff_robot_meshes/left_wheel_link.STL
[0.171s] -- Up-to-date: /home/ubuntu/my_n10_topic/workspace/install/wheeltec_robot_urdf/share/wheeltec_robot_urdf/meshes/senior_diff_robot_meshes/controller_link.STL
[0.171s] -- Up-to-date: /home/ubuntu/my_n10_topic/workspace/install/wheeltec_robot_urdf/share/wheeltec_robot_urdf/meshes/senior_diff_robot_meshes/camera_link.STL
[0.172s] -- Up-to-date: /home/ubuntu/my_n10_topic/workspace/install/wheeltec_robot_urdf/share/wheeltec_robot_urdf/meshes/senior_diff_robot_meshes/laser.STL
[0.172s] -- Up-to-date: /home/ubuntu/my_n10_topic/workspace/install/wheeltec_robot_urdf/share/wheeltec_robot_urdf/meshes/senior_diff_robot_meshes/right_wheel_link.STL
[0.172s] -- Up-to-date: /home/ubuntu/my_n10_topic/workspace/install/wheeltec_robot_urdf/share/wheeltec_robot_urdf/meshes/senior_diff_robot_meshes/quanxiang_wheel_link.STL
[0.173s] -- Up-to-date: /home/ubuntu/my_n10_topic/workspace/install/wheeltec_robot_urdf/share/wheeltec_robot_urdf/meshes/senior_diff_robot_meshes/base_link.STL
[0.173s] -- Up-to-date: /home/ubuntu/my_n10_topic/workspace/install/wheeltec_robot_urdf/share/wheeltec_robot_urdf/meshes/s300_yw_robot_meshes
[0.173s] -- Up-to-date: /home/ubuntu/my_n10_topic/workspace/install/wheeltec_robot_urdf/share/wheeltec_robot_urdf/meshes/s300_yw_robot_meshes/rm_wheel_link.STL
[0.173s] -- Up-to-date: /home/ubuntu/my_n10_topic/workspace/install/wheeltec_robot_urdf/share/wheeltec_robot_urdf/meshes/s300_yw_robot_meshes/camera_link.STL
[0.173s] -- Up-to-date: /home/ubuntu/my_n10_topic/workspace/install/wheeltec_robot_urdf/share/wheeltec_robot_urdf/meshes/s300_yw_robot_meshes/arm1_link.STL
[0.173s] -- Up-to-date: /home/ubuntu/my_n10_topic/workspace/install/wheeltec_robot_urdf/share/wheeltec_robot_urdf/meshes/s300_yw_robot_meshes/gripper1_link.STL
[0.177s] -- Up-to-date: /home/ubuntu/my_n10_topic/workspace/install/wheeltec_robot_urdf/share/wheeltec_robot_urdf/meshes/s300_yw_robot_meshes/arm_base_link.STL
[0.177s] -- Up-to-date: /home/ubuntu/my_n10_topic/workspace/install/wheeltec_robot_urdf/share/wheeltec_robot_urdf/meshes/s300_yw_robot_meshes/arm2_link.STL
[0.177s] -- Up-to-date: /home/ubuntu/my_n10_topic/workspace/install/wheeltec_robot_urdf/share/wheeltec_robot_urdf/meshes/s300_yw_robot_meshes/arm5_link.STL
[0.177s] -- Up-to-date: /home/ubuntu/my_n10_topic/workspace/install/wheeltec_robot_urdf/share/wheeltec_robot_urdf/meshes/s300_yw_robot_meshes/laser.STL
[0.177s] -- Up-to-date: /home/ubuntu/my_n10_topic/workspace/install/wheeltec_robot_urdf/share/wheeltec_robot_urdf/meshes/s300_yw_robot_meshes/laser_link.STL
[0.177s] -- Up-to-date: /home/ubuntu/my_n10_topic/workspace/install/wheeltec_robot_urdf/share/wheeltec_robot_urdf/meshes/s300_yw_robot_meshes/arm3_link.STL
[0.177s] -- Up-to-date: /home/ubuntu/my_n10_topic/workspace/install/wheeltec_robot_urdf/share/wheeltec_robot_urdf/meshes/s300_yw_robot_meshes/arm4_link.STL
[0.178s] -- Up-to-date: /home/ubuntu/my_n10_topic/workspace/install/wheeltec_robot_urdf/share/wheeltec_robot_urdf/meshes/s300_yw_robot_meshes/lm_wheel_link.STL
[0.178s] -- Up-to-date: /home/ubuntu/my_n10_topic/workspace/install/wheeltec_robot_urdf/share/wheeltec_robot_urdf/meshes/s300_yw_robot_meshes/arm6_link.STL
[0.178s] -- Up-to-date: /home/ubuntu/my_n10_topic/workspace/install/wheeltec_robot_urdf/share/wheeltec_robot_urdf/meshes/s300_yw_robot_meshes/base_link.STL
[0.178s] -- Up-to-date: /home/ubuntu/my_n10_topic/workspace/install/wheeltec_robot_urdf/share/wheeltec_robot_urdf/meshes/mini_akm_meshes
[0.178s] -- Up-to-date: /home/ubuntu/my_n10_topic/workspace/install/wheeltec_robot_urdf/share/wheeltec_robot_urdf/meshes/mini_akm_meshes/lb_link.STL
[0.178s] -- Up-to-date: /home/ubuntu/my_n10_topic/workspace/install/wheeltec_robot_urdf/share/wheeltec_robot_urdf/meshes/mini_akm_meshes/lf_link.STL
[0.178s] -- Up-to-date: /home/ubuntu/my_n10_topic/workspace/install/wheeltec_robot_urdf/share/wheeltec_robot_urdf/meshes/mini_akm_meshes/right_link.STL
[0.178s] -- Up-to-date: /home/ubuntu/my_n10_topic/workspace/install/wheeltec_robot_urdf/share/wheeltec_robot_urdf/meshes/mini_akm_meshes/rb_link.STL
[0.178s] -- Up-to-date: /home/ubuntu/my_n10_topic/workspace/install/wheeltec_robot_urdf/share/wheeltec_robot_urdf/meshes/mini_akm_meshes/controller_link.STL
[0.178s] -- Up-to-date: /home/ubuntu/my_n10_topic/workspace/install/wheeltec_robot_urdf/share/wheeltec_robot_urdf/meshes/mini_akm_meshes/camera_link.STL
[0.178s] -- Up-to-date: /home/ubuntu/my_n10_topic/workspace/install/wheeltec_robot_urdf/share/wheeltec_robot_urdf/meshes/mini_akm_meshes/front_link.STL
[0.178s] -- Up-to-date: /home/ubuntu/my_n10_topic/workspace/install/wheeltec_robot_urdf/share/wheeltec_robot_urdf/meshes/mini_akm_meshes/laser_link.STL
[0.179s] -- Up-to-date: /home/ubuntu/my_n10_topic/workspace/install/wheeltec_robot_urdf/share/wheeltec_robot_urdf/meshes/mini_akm_meshes/left_link.STL
[0.179s] -- Up-to-date: /home/ubuntu/my_n10_topic/workspace/install/wheeltec_robot_urdf/share/wheeltec_robot_urdf/meshes/mini_akm_meshes/rf_link.STL
[0.179s] -- Up-to-date: /home/ubuntu/my_n10_topic/workspace/install/wheeltec_robot_urdf/share/wheeltec_robot_urdf/meshes/mini_akm_meshes/base_link.STL
[0.179s] -- Up-to-date: /home/ubuntu/my_n10_topic/workspace/install/wheeltec_robot_urdf/share/wheeltec_robot_urdf/meshes/brushless_senior_diff_meshes
[0.179s] -- Up-to-date: /home/ubuntu/my_n10_topic/workspace/install/wheeltec_robot_urdf/share/wheeltec_robot_urdf/meshes/brushless_senior_diff_meshes/controller_link.STL
[0.179s] -- Up-to-date: /home/ubuntu/my_n10_topic/workspace/install/wheeltec_robot_urdf/share/wheeltec_robot_urdf/meshes/brushless_senior_diff_meshes/camera_link.STL
[0.179s] -- Up-to-date: /home/ubuntu/my_n10_topic/workspace/install/wheeltec_robot_urdf/share/wheeltec_robot_urdf/meshes/brushless_senior_diff_meshes/rb_wheel_link.STL
[0.179s] -- Up-to-date: /home/ubuntu/my_n10_topic/workspace/install/wheeltec_robot_urdf/share/wheeltec_robot_urdf/meshes/brushless_senior_diff_meshes/lb_wheel_link.STL
[0.179s] -- Up-to-date: /home/ubuntu/my_n10_topic/workspace/install/wheeltec_robot_urdf/share/wheeltec_robot_urdf/meshes/brushless_senior_diff_meshes/laser.STL
[0.179s] -- Up-to-date: /home/ubuntu/my_n10_topic/workspace/install/wheeltec_robot_urdf/share/wheeltec_robot_urdf/meshes/brushless_senior_diff_meshes/base_link.STL
[0.179s] -- Up-to-date: /home/ubuntu/my_n10_topic/workspace/install/wheeltec_robot_urdf/share/wheeltec_robot_urdf/meshes/mini_tank_robot_meshes
[0.180s] -- Up-to-date: /home/ubuntu/my_n10_topic/workspace/install/wheeltec_robot_urdf/share/wheeltec_robot_urdf/meshes/mini_tank_robot_meshes/right6_link.STL
[0.180s] -- Up-to-date: /home/ubuntu/my_n10_topic/workspace/install/wheeltec_robot_urdf/share/wheeltec_robot_urdf/meshes/mini_tank_robot_meshes/right1_link.STL
[0.180s] -- Up-to-date: /home/ubuntu/my_n10_topic/workspace/install/wheeltec_robot_urdf/share/wheeltec_robot_urdf/meshes/mini_tank_robot_meshes/right2_link.STL
[0.180s] -- Up-to-date: /home/ubuntu/my_n10_topic/workspace/install/wheeltec_robot_urdf/share/wheeltec_robot_urdf/meshes/mini_tank_robot_meshes/controller_link.STL
[0.180s] -- Up-to-date: /home/ubuntu/my_n10_topic/workspace/install/wheeltec_robot_urdf/share/wheeltec_robot_urdf/meshes/mini_tank_robot_meshes/right5_link.STL
[0.180s] -- Up-to-date: /home/ubuntu/my_n10_topic/workspace/install/wheeltec_robot_urdf/share/wheeltec_robot_urdf/meshes/mini_tank_robot_meshes/right4_link.STL
[0.180s] -- Up-to-date: /home/ubuntu/my_n10_topic/workspace/install/wheeltec_robot_urdf/share/wheeltec_robot_urdf/meshes/mini_tank_robot_meshes/camera_link.STL
[0.180s] -- Up-to-date: /home/ubuntu/my_n10_topic/workspace/install/wheeltec_robot_urdf/share/wheeltec_robot_urdf/meshes/mini_tank_robot_meshes/left6_link.STL
[0.180s] -- Up-to-date: /home/ubuntu/my_n10_topic/workspace/install/wheeltec_robot_urdf/share/wheeltec_robot_urdf/meshes/mini_tank_robot_meshes/right3_link.STL
[0.180s] -- Up-to-date: /home/ubuntu/my_n10_topic/workspace/install/wheeltec_robot_urdf/share/wheeltec_robot_urdf/meshes/mini_tank_robot_meshes/left3_link.STL
[0.180s] -- Up-to-date: /home/ubuntu/my_n10_topic/workspace/install/wheeltec_robot_urdf/share/wheeltec_robot_urdf/meshes/mini_tank_robot_meshes/left2_link.STL
[0.180s] -- Up-to-date: /home/ubuntu/my_n10_topic/workspace/install/wheeltec_robot_urdf/share/wheeltec_robot_urdf/meshes/mini_tank_robot_meshes/left1_link.STL
[0.180s] -- Up-to-date: /home/ubuntu/my_n10_topic/workspace/install/wheeltec_robot_urdf/share/wheeltec_robot_urdf/meshes/mini_tank_robot_meshes/laser.STL
[0.180s] -- Up-to-date: /home/ubuntu/my_n10_topic/workspace/install/wheeltec_robot_urdf/share/wheeltec_robot_urdf/meshes/mini_tank_robot_meshes/left5_link.STL
[0.181s] -- Up-to-date: /home/ubuntu/my_n10_topic/workspace/install/wheeltec_robot_urdf/share/wheeltec_robot_urdf/meshes/mini_tank_robot_meshes/left4_link.STL
[0.181s] -- Up-to-date: /home/ubuntu/my_n10_topic/workspace/install/wheeltec_robot_urdf/share/wheeltec_robot_urdf/meshes/mini_tank_robot_meshes/base_link.STL
[0.181s] -- Up-to-date: /home/ubuntu/my_n10_topic/workspace/install/wheeltec_robot_urdf/share/wheeltec_robot_urdf/meshes/senior_akm_robot_meshes
[0.181s] -- Up-to-date: /home/ubuntu/my_n10_topic/workspace/install/wheeltec_robot_urdf/share/wheeltec_robot_urdf/meshes/senior_akm_robot_meshes/rf_wheel_link.STL
[0.181s] -- Up-to-date: /home/ubuntu/my_n10_topic/workspace/install/wheeltec_robot_urdf/share/wheeltec_robot_urdf/meshes/senior_akm_robot_meshes/controller_link.STL
[0.181s] -- Up-to-date: /home/ubuntu/my_n10_topic/workspace/install/wheeltec_robot_urdf/share/wheeltec_robot_urdf/meshes/senior_akm_robot_meshes/camera_link.STL
[0.181s] -- Up-to-date: /home/ubuntu/my_n10_topic/workspace/install/wheeltec_robot_urdf/share/wheeltec_robot_urdf/meshes/senior_akm_robot_meshes/rb_wheel_link.STL
[0.181s] -- Up-to-date: /home/ubuntu/my_n10_topic/workspace/install/wheeltec_robot_urdf/share/wheeltec_robot_urdf/meshes/senior_akm_robot_meshes/lb_wheel_link.STL
[0.181s] -- Up-to-date: /home/ubuntu/my_n10_topic/workspace/install/wheeltec_robot_urdf/share/wheeltec_robot_urdf/meshes/senior_akm_robot_meshes/lf_wheel_link.STL
[0.181s] -- Up-to-date: /home/ubuntu/my_n10_topic/workspace/install/wheeltec_robot_urdf/share/wheeltec_robot_urdf/meshes/senior_akm_robot_meshes/laser.STL
[0.181s] -- Up-to-date: /home/ubuntu/my_n10_topic/workspace/install/wheeltec_robot_urdf/share/wheeltec_robot_urdf/meshes/senior_akm_robot_meshes/base_link.STL
[0.184s] -- Up-to-date: /home/ubuntu/my_n10_topic/workspace/install/wheeltec_robot_urdf/share/wheeltec_robot_urdf/meshes/r3s_mec_robot_meshes
[0.185s] -- Up-to-date: /home/ubuntu/my_n10_topic/workspace/install/wheeltec_robot_urdf/share/wheeltec_robot_urdf/meshes/r3s_mec_robot_meshes/rf_wheel_link.STL
[0.185s] -- Up-to-date: /home/ubuntu/my_n10_topic/workspace/install/wheeltec_robot_urdf/share/wheeltec_robot_urdf/meshes/r3s_mec_robot_meshes/controller_link.STL
[0.185s] -- Up-to-date: /home/ubuntu/my_n10_topic/workspace/install/wheeltec_robot_urdf/share/wheeltec_robot_urdf/meshes/r3s_mec_robot_meshes/camera_link.STL
[0.185s] -- Up-to-date: /home/ubuntu/my_n10_topic/workspace/install/wheeltec_robot_urdf/share/wheeltec_robot_urdf/meshes/r3s_mec_robot_meshes/rb_wheel_link.STL
[0.185s] -- Up-to-date: /home/ubuntu/my_n10_topic/workspace/install/wheeltec_robot_urdf/share/wheeltec_robot_urdf/meshes/r3s_mec_robot_meshes/lb_wheel_link.STL
[0.185s] -- Up-to-date: /home/ubuntu/my_n10_topic/workspace/install/wheeltec_robot_urdf/share/wheeltec_robot_urdf/meshes/r3s_mec_robot_meshes/lf_wheel_link.STL
[0.185s] -- Up-to-date: /home/ubuntu/my_n10_topic/workspace/install/wheeltec_robot_urdf/share/wheeltec_robot_urdf/meshes/r3s_mec_robot_meshes/laser.STL
[0.185s] -- Up-to-date: /home/ubuntu/my_n10_topic/workspace/install/wheeltec_robot_urdf/share/wheeltec_robot_urdf/meshes/r3s_mec_robot_meshes/base_link.STL
[0.185s] -- Up-to-date: /home/ubuntu/my_n10_topic/workspace/install/wheeltec_robot_urdf/share/wheeltec_robot_urdf/meshes/mini_4wd_moveit_four_meshes
[0.185s] -- Up-to-date: /home/ubuntu/my_n10_topic/workspace/install/wheeltec_robot_urdf/share/wheeltec_robot_urdf/meshes/mini_4wd_moveit_four_meshes/rf_wheel_link.STL
[0.185s] -- Up-to-date: /home/ubuntu/my_n10_topic/workspace/install/wheeltec_robot_urdf/share/wheeltec_robot_urdf/meshes/mini_4wd_moveit_four_meshes/j2_link.STL
[0.186s] -- Up-to-date: /home/ubuntu/my_n10_topic/workspace/install/wheeltec_robot_urdf/share/wheeltec_robot_urdf/meshes/mini_4wd_moveit_four_meshes/j4_4_link.STL
[0.186s] -- Up-to-date: /home/ubuntu/my_n10_topic/workspace/install/wheeltec_robot_urdf/share/wheeltec_robot_urdf/meshes/mini_4wd_moveit_four_meshes/j4_2_link.STL
[0.186s] -- Up-to-date: /home/ubuntu/my_n10_topic/workspace/install/wheeltec_robot_urdf/share/wheeltec_robot_urdf/meshes/mini_4wd_moveit_four_meshes/j4_1_link.STL
[0.186s] -- Up-to-date: /home/ubuntu/my_n10_topic/workspace/install/wheeltec_robot_urdf/share/wheeltec_robot_urdf/meshes/mini_4wd_moveit_four_meshes/j1_link.STL
[0.186s] -- Up-to-date: /home/ubuntu/my_n10_topic/workspace/install/wheeltec_robot_urdf/share/wheeltec_robot_urdf/meshes/mini_4wd_moveit_four_meshes/controller_link.STL
[0.186s] -- Up-to-date: /home/ubuntu/my_n10_topic/workspace/install/wheeltec_robot_urdf/share/wheeltec_robot_urdf/meshes/mini_4wd_moveit_four_meshes/camera_link.STL
[0.186s] -- Up-to-date: /home/ubuntu/my_n10_topic/workspace/install/wheeltec_robot_urdf/share/wheeltec_robot_urdf/meshes/mini_4wd_moveit_four_meshes/rb_wheel_link.STL
[0.186s] -- Up-to-date: /home/ubuntu/my_n10_topic/workspace/install/wheeltec_robot_urdf/share/wheeltec_robot_urdf/meshes/mini_4wd_moveit_four_meshes/lb_wheel_link.STL
[0.186s] -- Up-to-date: /home/ubuntu/my_n10_topic/workspace/install/wheeltec_robot_urdf/share/wheeltec_robot_urdf/meshes/mini_4wd_moveit_four_meshes/j4_5_link.STL
[0.186s] -- Up-to-date: /home/ubuntu/my_n10_topic/workspace/install/wheeltec_robot_urdf/share/wheeltec_robot_urdf/meshes/mini_4wd_moveit_four_meshes/j3_link.STL
[0.186s] -- Up-to-date: /home/ubuntu/my_n10_topic/workspace/install/wheeltec_robot_urdf/share/wheeltec_robot_urdf/meshes/mini_4wd_moveit_four_meshes/arm_base_link.STL
[0.186s] -- Up-to-date: /home/ubuntu/my_n10_topic/workspace/install/wheeltec_robot_urdf/share/wheeltec_robot_urdf/meshes/mini_4wd_moveit_four_meshes/lf_wheel_link.STL
[0.186s] -- Up-to-date: /home/ubuntu/my_n10_topic/workspace/install/wheeltec_robot_urdf/share/wheeltec_robot_urdf/meshes/mini_4wd_moveit_four_meshes/laser.STL
[0.186s] -- Up-to-date: /home/ubuntu/my_n10_topic/workspace/install/wheeltec_robot_urdf/share/wheeltec_robot_urdf/meshes/mini_4wd_moveit_four_meshes/display_link.STL
[0.186s] -- Up-to-date: /home/ubuntu/my_n10_topic/workspace/install/wheeltec_robot_urdf/share/wheeltec_robot_urdf/meshes/mini_4wd_moveit_four_meshes/j4_3_link.STL
[0.187s] -- Up-to-date: /home/ubuntu/my_n10_topic/workspace/install/wheeltec_robot_urdf/share/wheeltec_robot_urdf/meshes/mini_4wd_moveit_four_meshes/base_link.STL
[0.187s] -- Up-to-date: /home/ubuntu/my_n10_topic/workspace/install/wheeltec_robot_urdf/share/wheeltec_robot_urdf/meshes/mini_4wd_moveit_four_meshes/j4_6_link.STL
[0.187s] -- Up-to-date: /home/ubuntu/my_n10_topic/workspace/install/wheeltec_robot_urdf/share/wheeltec_robot_urdf/meshes/senior_mec_bs_robot_meshes
[0.187s] -- Up-to-date: /home/ubuntu/my_n10_topic/workspace/install/wheeltec_robot_urdf/share/wheeltec_robot_urdf/meshes/senior_mec_bs_robot_meshes/rf_wheel_link.STL
[0.187s] -- Up-to-date: /home/ubuntu/my_n10_topic/workspace/install/wheeltec_robot_urdf/share/wheeltec_robot_urdf/meshes/senior_mec_bs_robot_meshes/controller_link.STL
[0.187s] -- Up-to-date: /home/ubuntu/my_n10_topic/workspace/install/wheeltec_robot_urdf/share/wheeltec_robot_urdf/meshes/senior_mec_bs_robot_meshes/camera_link.STL
[0.187s] -- Up-to-date: /home/ubuntu/my_n10_topic/workspace/install/wheeltec_robot_urdf/share/wheeltec_robot_urdf/meshes/senior_mec_bs_robot_meshes/rb_wheel_link.STL
[0.187s] -- Up-to-date: /home/ubuntu/my_n10_topic/workspace/install/wheeltec_robot_urdf/share/wheeltec_robot_urdf/meshes/senior_mec_bs_robot_meshes/lb_wheel_link.STL
[0.187s] -- Up-to-date: /home/ubuntu/my_n10_topic/workspace/install/wheeltec_robot_urdf/share/wheeltec_robot_urdf/meshes/senior_mec_bs_robot_meshes/lf_wheel_link.STL
[0.187s] -- Up-to-date: /home/ubuntu/my_n10_topic/workspace/install/wheeltec_robot_urdf/share/wheeltec_robot_urdf/meshes/senior_mec_bs_robot_meshes/laser.STL
[0.187s] -- Up-to-date: /home/ubuntu/my_n10_topic/workspace/install/wheeltec_robot_urdf/share/wheeltec_robot_urdf/meshes/senior_mec_bs_robot_meshes/base_link.STL
[0.187s] -- Up-to-date: /home/ubuntu/my_n10_topic/workspace/install/wheeltec_robot_urdf/share/wheeltec_robot_urdf/meshes/mini_mec_moveit_four_meshes
[0.187s] -- Up-to-date: /home/ubuntu/my_n10_topic/workspace/install/wheeltec_robot_urdf/share/wheeltec_robot_urdf/meshes/mini_mec_moveit_four_meshes/rf_wheel_link.STL
[0.187s] -- Up-to-date: /home/ubuntu/my_n10_topic/workspace/install/wheeltec_robot_urdf/share/wheeltec_robot_urdf/meshes/mini_mec_moveit_four_meshes/j2_link.STL
[0.188s] -- Up-to-date: /home/ubuntu/my_n10_topic/workspace/install/wheeltec_robot_urdf/share/wheeltec_robot_urdf/meshes/mini_mec_moveit_four_meshes/j4_4_link.STL
[0.188s] -- Up-to-date: /home/ubuntu/my_n10_topic/workspace/install/wheeltec_robot_urdf/share/wheeltec_robot_urdf/meshes/mini_mec_moveit_four_meshes/j4_2_link.STL
[0.192s] -- Up-to-date: /home/ubuntu/my_n10_topic/workspace/install/wheeltec_robot_urdf/share/wheeltec_robot_urdf/meshes/mini_mec_moveit_four_meshes/j4_1_link.STL
[0.192s] -- Up-to-date: /home/ubuntu/my_n10_topic/workspace/install/wheeltec_robot_urdf/share/wheeltec_robot_urdf/meshes/mini_mec_moveit_four_meshes/j1_link.STL
[0.192s] -- Up-to-date: /home/ubuntu/my_n10_topic/workspace/install/wheeltec_robot_urdf/share/wheeltec_robot_urdf/meshes/mini_mec_moveit_four_meshes/controller_link.STL
[0.192s] -- Up-to-date: /home/ubuntu/my_n10_topic/workspace/install/wheeltec_robot_urdf/share/wheeltec_robot_urdf/meshes/mini_mec_moveit_four_meshes/camera_link.STL
[0.192s] -- Up-to-date: /home/ubuntu/my_n10_topic/workspace/install/wheeltec_robot_urdf/share/wheeltec_robot_urdf/meshes/mini_mec_moveit_four_meshes/rb_wheel_link.STL
[0.192s] -- Up-to-date: /home/ubuntu/my_n10_topic/workspace/install/wheeltec_robot_urdf/share/wheeltec_robot_urdf/meshes/mini_mec_moveit_four_meshes/lb_wheel_link.STL
[0.192s] -- Up-to-date: /home/ubuntu/my_n10_topic/workspace/install/wheeltec_robot_urdf/share/wheeltec_robot_urdf/meshes/mini_mec_moveit_four_meshes/j4_5_link.STL
[0.192s] -- Up-to-date: /home/ubuntu/my_n10_topic/workspace/install/wheeltec_robot_urdf/share/wheeltec_robot_urdf/meshes/mini_mec_moveit_four_meshes/j3_link.STL
[0.192s] -- Up-to-date: /home/ubuntu/my_n10_topic/workspace/install/wheeltec_robot_urdf/share/wheeltec_robot_urdf/meshes/mini_mec_moveit_four_meshes/arm_base_link.STL
[0.192s] -- Up-to-date: /home/ubuntu/my_n10_topic/workspace/install/wheeltec_robot_urdf/share/wheeltec_robot_urdf/meshes/mini_mec_moveit_four_meshes/lf_wheel_link.STL
[0.192s] -- Up-to-date: /home/ubuntu/my_n10_topic/workspace/install/wheeltec_robot_urdf/share/wheeltec_robot_urdf/meshes/mini_mec_moveit_four_meshes/laser.STL
[0.192s] -- Up-to-date: /home/ubuntu/my_n10_topic/workspace/install/wheeltec_robot_urdf/share/wheeltec_robot_urdf/meshes/mini_mec_moveit_four_meshes/display_link.STL
[0.193s] -- Up-to-date: /home/ubuntu/my_n10_topic/workspace/install/wheeltec_robot_urdf/share/wheeltec_robot_urdf/meshes/mini_mec_moveit_four_meshes/j4_3_link.STL
[0.193s] -- Up-to-date: /home/ubuntu/my_n10_topic/workspace/install/wheeltec_robot_urdf/share/wheeltec_robot_urdf/meshes/mini_mec_moveit_four_meshes/base_link.STL
[0.193s] -- Up-to-date: /home/ubuntu/my_n10_topic/workspace/install/wheeltec_robot_urdf/share/wheeltec_robot_urdf/meshes/mini_mec_moveit_four_meshes/j4_6_link.STL
[0.193s] -- Up-to-date: /home/ubuntu/my_n10_topic/workspace/install/wheeltec_robot_urdf/share/wheeltec_robot_urdf/meshes/mini_mec_moveit_six_meshes
[0.193s] -- Up-to-date: /home/ubuntu/my_n10_topic/workspace/install/wheeltec_robot_urdf/share/wheeltec_robot_urdf/meshes/mini_mec_moveit_six_meshes/rf_wheel_link.STL
[0.193s] -- Up-to-date: /home/ubuntu/my_n10_topic/workspace/install/wheeltec_robot_urdf/share/wheeltec_robot_urdf/meshes/mini_mec_moveit_six_meshes/j2_link.STL
[0.193s] -- Up-to-date: /home/ubuntu/my_n10_topic/workspace/install/wheeltec_robot_urdf/share/wheeltec_robot_urdf/meshes/mini_mec_moveit_six_meshes/j1_link.STL
[0.193s] -- Up-to-date: /home/ubuntu/my_n10_topic/workspace/install/wheeltec_robot_urdf/share/wheeltec_robot_urdf/meshes/mini_mec_moveit_six_meshes/controller_link.STL
[0.193s] -- Up-to-date: /home/ubuntu/my_n10_topic/workspace/install/wheeltec_robot_urdf/share/wheeltec_robot_urdf/meshes/mini_mec_moveit_six_meshes/camera_link.STL
[0.194s] -- Up-to-date: /home/ubuntu/my_n10_topic/workspace/install/wheeltec_robot_urdf/share/wheeltec_robot_urdf/meshes/mini_mec_moveit_six_meshes/j5_2_link.STL
[0.194s] -- Up-to-date: /home/ubuntu/my_n10_topic/workspace/install/wheeltec_robot_urdf/share/wheeltec_robot_urdf/meshes/mini_mec_moveit_six_meshes/j5_1_link.STL
[0.194s] -- Up-to-date: /home/ubuntu/my_n10_topic/workspace/install/wheeltec_robot_urdf/share/wheeltec_robot_urdf/meshes/mini_mec_moveit_six_meshes/rb_wheel_link.STL
[0.194s] -- Up-to-date: /home/ubuntu/my_n10_topic/workspace/install/wheeltec_robot_urdf/share/wheeltec_robot_urdf/meshes/mini_mec_moveit_six_meshes/j5_5_link.STL
[0.194s] -- Up-to-date: /home/ubuntu/my_n10_topic/workspace/install/wheeltec_robot_urdf/share/wheeltec_robot_urdf/meshes/mini_mec_moveit_six_meshes/lb_wheel_link.STL
[0.195s] -- Up-to-date: /home/ubuntu/my_n10_topic/workspace/install/wheeltec_robot_urdf/share/wheeltec_robot_urdf/meshes/mini_mec_moveit_six_meshes/j3_link.STL
[0.195s] -- Up-to-date: /home/ubuntu/my_n10_topic/workspace/install/wheeltec_robot_urdf/share/wheeltec_robot_urdf/meshes/mini_mec_moveit_six_meshes/arm_base_link.STL
[0.195s] -- Up-to-date: /home/ubuntu/my_n10_topic/workspace/install/wheeltec_robot_urdf/share/wheeltec_robot_urdf/meshes/mini_mec_moveit_six_meshes/lf_wheel_link.STL
[0.198s] -- Up-to-date: /home/ubuntu/my_n10_topic/workspace/install/wheeltec_robot_urdf/share/wheeltec_robot_urdf/meshes/mini_mec_moveit_six_meshes/j5_6_link.STL
[0.198s] -- Up-to-date: /home/ubuntu/my_n10_topic/workspace/install/wheeltec_robot_urdf/share/wheeltec_robot_urdf/meshes/mini_mec_moveit_six_meshes/j5_4_link.STL
[0.198s] -- Up-to-date: /home/ubuntu/my_n10_topic/workspace/install/wheeltec_robot_urdf/share/wheeltec_robot_urdf/meshes/mini_mec_moveit_six_meshes/j4_link.STL
[0.198s] -- Up-to-date: /home/ubuntu/my_n10_topic/workspace/install/wheeltec_robot_urdf/share/wheeltec_robot_urdf/meshes/mini_mec_moveit_six_meshes/laser.STL
[0.198s] -- Up-to-date: /home/ubuntu/my_n10_topic/workspace/install/wheeltec_robot_urdf/share/wheeltec_robot_urdf/meshes/mini_mec_moveit_six_meshes/j5_3_link.STL
[0.199s] -- Up-to-date: /home/ubuntu/my_n10_topic/workspace/install/wheeltec_robot_urdf/share/wheeltec_robot_urdf/meshes/mini_mec_moveit_six_meshes/display_link.STL
[0.199s] -- Up-to-date: /home/ubuntu/my_n10_topic/workspace/install/wheeltec_robot_urdf/share/wheeltec_robot_urdf/meshes/mini_mec_moveit_six_meshes/base_link.STL
[0.199s] -- Up-to-date: /home/ubuntu/my_n10_topic/workspace/install/wheeltec_robot_urdf/share/wheeltec_robot_urdf/meshes/flagship_mec_bs_robot_meshes
[0.199s] -- Up-to-date: /home/ubuntu/my_n10_topic/workspace/install/wheeltec_robot_urdf/share/wheeltec_robot_urdf/meshes/flagship_mec_bs_robot_meshes/rf_wheel_link.STL
[0.199s] -- Up-to-date: /home/ubuntu/my_n10_topic/workspace/install/wheeltec_robot_urdf/share/wheeltec_robot_urdf/meshes/flagship_mec_bs_robot_meshes/controller_link.STL
[0.199s] -- Up-to-date: /home/ubuntu/my_n10_topic/workspace/install/wheeltec_robot_urdf/share/wheeltec_robot_urdf/meshes/flagship_mec_bs_robot_meshes/camera_link.STL
[0.199s] -- Up-to-date: /home/ubuntu/my_n10_topic/workspace/install/wheeltec_robot_urdf/share/wheeltec_robot_urdf/meshes/flagship_mec_bs_robot_meshes/rb_wheel_link.STL
[0.199s] -- Up-to-date: /home/ubuntu/my_n10_topic/workspace/install/wheeltec_robot_urdf/share/wheeltec_robot_urdf/meshes/flagship_mec_bs_robot_meshes/lb_wheel_link.STL
[0.199s] -- Up-to-date: /home/ubuntu/my_n10_topic/workspace/install/wheeltec_robot_urdf/share/wheeltec_robot_urdf/meshes/flagship_mec_bs_robot_meshes/lf_wheel_link.STL
[0.199s] -- Up-to-date: /home/ubuntu/my_n10_topic/workspace/install/wheeltec_robot_urdf/share/wheeltec_robot_urdf/meshes/flagship_mec_bs_robot_meshes/laser.STL
[0.199s] -- Up-to-date: /home/ubuntu/my_n10_topic/workspace/install/wheeltec_robot_urdf/share/wheeltec_robot_urdf/meshes/flagship_mec_bs_robot_meshes/base_link.STL
[0.199s] -- Up-to-date: /home/ubuntu/my_n10_topic/workspace/install/wheeltec_robot_urdf/share/wheeltec_robot_urdf/meshes/top_mec_bs_robot_meshes
[0.199s] -- Up-to-date: /home/ubuntu/my_n10_topic/workspace/install/wheeltec_robot_urdf/share/wheeltec_robot_urdf/meshes/top_mec_bs_robot_meshes/rf_wheel_link.STL
[0.200s] -- Up-to-date: /home/ubuntu/my_n10_topic/workspace/install/wheeltec_robot_urdf/share/wheeltec_robot_urdf/meshes/top_mec_bs_robot_meshes/controller_link.STL
[0.200s] -- Up-to-date: /home/ubuntu/my_n10_topic/workspace/install/wheeltec_robot_urdf/share/wheeltec_robot_urdf/meshes/top_mec_bs_robot_meshes/camera_link.STL
[0.200s] -- Up-to-date: /home/ubuntu/my_n10_topic/workspace/install/wheeltec_robot_urdf/share/wheeltec_robot_urdf/meshes/top_mec_bs_robot_meshes/rb_wheel_link.STL
[0.200s] -- Up-to-date: /home/ubuntu/my_n10_topic/workspace/install/wheeltec_robot_urdf/share/wheeltec_robot_urdf/meshes/top_mec_bs_robot_meshes/lb_wheel_link.STL
[0.200s] -- Up-to-date: /home/ubuntu/my_n10_topic/workspace/install/wheeltec_robot_urdf/share/wheeltec_robot_urdf/meshes/top_mec_bs_robot_meshes/lf_wheel_link.STL
[0.200s] -- Up-to-date: /home/ubuntu/my_n10_topic/workspace/install/wheeltec_robot_urdf/share/wheeltec_robot_urdf/meshes/top_mec_bs_robot_meshes/laser.STL
[0.200s] -- Up-to-date: /home/ubuntu/my_n10_topic/workspace/install/wheeltec_robot_urdf/share/wheeltec_robot_urdf/meshes/top_mec_bs_robot_meshes/base_link.STL
[0.200s] -- Up-to-date: /home/ubuntu/my_n10_topic/workspace/install/wheeltec_robot_urdf/share/wheeltec_robot_urdf/rviz
[0.200s] -- Up-to-date: /home/ubuntu/my_n10_topic/workspace/install/wheeltec_robot_urdf/share/wheeltec_robot_urdf/rviz/model.rviz
[0.201s] -- Up-to-date: /home/ubuntu/my_n10_topic/workspace/install/wheeltec_robot_urdf/share/wheeltec_robot_urdf/urdf
[0.202s] -- Up-to-date: /home/ubuntu/my_n10_topic/workspace/install/wheeltec_robot_urdf/share/wheeltec_robot_urdf/urdf/mini_tank_moveit_four.urdf
[0.202s] -- Up-to-date: /home/ubuntu/my_n10_topic/workspace/install/wheeltec_robot_urdf/share/wheeltec_robot_urdf/urdf/flagship_4wd_bs_robot.urdf
[0.202s] -- Up-to-date: /home/ubuntu/my_n10_topic/workspace/install/wheeltec_robot_urdf/share/wheeltec_robot_urdf/urdf/r3S_4wd_robot.urdf
[0.202s] -- Up-to-date: /home/ubuntu/my_n10_topic/workspace/install/wheeltec_robot_urdf/share/wheeltec_robot_urdf/urdf/top_akm_dl_robot.urdf
[0.202s] -- Up-to-date: /home/ubuntu/my_n10_topic/workspace/install/wheeltec_robot_urdf/share/wheeltec_robot_urdf/urdf/top_mec_EightDrive_robot.urdf
[0.202s] -- Up-to-date: /home/ubuntu/my_n10_topic/workspace/install/wheeltec_robot_urdf/share/wheeltec_robot_urdf/urdf/flagship_mec_dl_robot.urdf
[0.202s] -- Up-to-date: /home/ubuntu/my_n10_topic/workspace/install/wheeltec_robot_urdf/share/wheeltec_robot_urdf/urdf/s300_yw_robot.urdf
[0.202s] -- Up-to-date: /home/ubuntu/my_n10_topic/workspace/install/wheeltec_robot_urdf/share/wheeltec_robot_urdf/urdf/mini_mec_moveit_four.urdf
[0.202s] -- Up-to-date: /home/ubuntu/my_n10_topic/workspace/install/wheeltec_robot_urdf/share/wheeltec_robot_urdf/urdf/top_akm_bs_robot.urdf
[0.202s] -- Up-to-date: /home/ubuntu/my_n10_topic/workspace/install/wheeltec_robot_urdf/share/wheeltec_robot_urdf/urdf/top_mec_bs_robot.urdf
[0.202s] -- Up-to-date: /home/ubuntu/my_n10_topic/workspace/install/wheeltec_robot_urdf/share/wheeltec_robot_urdf/urdf/four_wheel_diff_bs_robot.urdf
[0.202s] -- Up-to-date: /home/ubuntu/my_n10_topic/workspace/install/wheeltec_robot_urdf/share/wheeltec_robot_urdf/urdf/mini_akm_robot.urdf
[0.203s] -- Up-to-date: /home/ubuntu/my_n10_topic/workspace/install/wheeltec_robot_urdf/share/wheeltec_robot_urdf/urdf/senior_4wd_dl_robot.urdf
[0.203s] -- Up-to-date: /home/ubuntu/my_n10_topic/workspace/install/wheeltec_robot_urdf/share/wheeltec_robot_urdf/urdf/four_wheel_diff_dl_robot.urdf
[0.203s] -- Up-to-date: /home/ubuntu/my_n10_topic/workspace/install/wheeltec_robot_urdf/share/wheeltec_robot_urdf/urdf/flagship_mec_bs_robot.urdf
[0.203s] -- Up-to-date: /home/ubuntu/my_n10_topic/workspace/install/wheeltec_robot_urdf/share/wheeltec_robot_urdf/urdf/senior_mec_dl_robot.urdf
[0.203s] -- Up-to-date: /home/ubuntu/my_n10_topic/workspace/install/wheeltec_robot_urdf/share/wheeltec_robot_urdf/urdf/senior_mec_bs_robot.urdf
[0.203s] -- Up-to-date: /home/ubuntu/my_n10_topic/workspace/install/wheeltec_robot_urdf/share/wheeltec_robot_urdf/urdf/mini_mec_robot.urdf
[0.203s] -- Up-to-date: /home/ubuntu/my_n10_topic/workspace/install/wheeltec_robot_urdf/share/wheeltec_robot_urdf/urdf/senior_diff_robot.urdf
[0.207s] -- Up-to-date: /home/ubuntu/my_n10_topic/workspace/install/wheeltec_robot_urdf/share/wheeltec_robot_urdf/urdf/mini_4wd_moveit_four.urdf
[0.209s] -- Up-to-date: /home/ubuntu/my_n10_topic/workspace/install/wheeltec_robot_urdf/share/wheeltec_robot_urdf/urdf/S100_diff_robot.urdf
[0.209s] -- Up-to-date: /home/ubuntu/my_n10_topic/workspace/install/wheeltec_robot_urdf/share/wheeltec_robot_urdf/urdf/top_omni_robot.urdf
[0.209s] -- Up-to-date: /home/ubuntu/my_n10_topic/workspace/install/wheeltec_robot_urdf/share/wheeltec_robot_urdf/urdf/top_4wd_dl_robot.urdf
[0.209s] -- Up-to-date: /home/ubuntu/my_n10_topic/workspace/install/wheeltec_robot_urdf/share/wheeltec_robot_urdf/urdf/senior_4wd_bs_robot.urdf
[0.209s] -- Up-to-date: /home/ubuntu/my_n10_topic/workspace/install/wheeltec_robot_urdf/share/wheeltec_robot_urdf/urdf/top_4wd_bs_robot.urdf
[0.209s] -- Up-to-date: /home/ubuntu/my_n10_topic/workspace/install/wheeltec_robot_urdf/share/wheeltec_robot_urdf/urdf/mini_mec_moveit_six.urdf
[0.209s] -- Up-to-date: /home/ubuntu/my_n10_topic/workspace/install/wheeltec_robot_urdf/share/wheeltec_robot_urdf/urdf/mini_4wd_robot.urdf
[0.209s] -- Up-to-date: /home/ubuntu/my_n10_topic/workspace/install/wheeltec_robot_urdf/share/wheeltec_robot_urdf/urdf/flagship_4wd_dl_robot.urdf
[0.209s] -- Up-to-date: /home/ubuntu/my_n10_topic/workspace/install/wheeltec_robot_urdf/share/wheeltec_robot_urdf/urdf/senior_omni_robot.urdf
[0.209s] -- Up-to-date: /home/ubuntu/my_n10_topic/workspace/install/wheeltec_robot_urdf/share/wheeltec_robot_urdf/urdf/top_mec_dl_robot.urdf
[0.209s] -- Up-to-date: /home/ubuntu/my_n10_topic/workspace/install/wheeltec_robot_urdf/share/wheeltec_robot_urdf/urdf/brushless_senior_diff.urdf
[0.210s] -- Up-to-date: /home/ubuntu/my_n10_topic/workspace/install/wheeltec_robot_urdf/share/wheeltec_robot_urdf/urdf/s300_mini_robot.urdf
[0.210s] -- Up-to-date: /home/ubuntu/my_n10_topic/workspace/install/wheeltec_robot_urdf/share/wheeltec_robot_urdf/urdf/mini_tank_robot.urdf
[0.210s] -- Up-to-date: /home/ubuntu/my_n10_topic/workspace/install/wheeltec_robot_urdf/share/wheeltec_robot_urdf/urdf/senior_akm_robot.urdf
[0.210s] -- Up-to-date: /home/ubuntu/my_n10_topic/workspace/install/wheeltec_robot_urdf/share/wheeltec_robot_urdf/urdf/mini_diff_robot.urdf
[0.210s] -- Up-to-date: /home/ubuntu/my_n10_topic/workspace/install/wheeltec_robot_urdf/share/wheeltec_robot_urdf/urdf/mini_omni_robot.urdf
[0.210s] -- Up-to-date: /home/ubuntu/my_n10_topic/workspace/install/wheeltec_robot_urdf/share/wheeltec_robot_urdf/urdf/r3s_mec_robot.urdf
[0.210s] -- Up-to-date: /home/ubuntu/my_n10_topic/workspace/install/wheeltec_robot_urdf/share/ament_index/resource_index/package_run_dependencies/wheeltec_robot_urdf
[0.210s] -- Up-to-date: /home/ubuntu/my_n10_topic/workspace/install/wheeltec_robot_urdf/share/ament_index/resource_index/parent_prefix_path/wheeltec_robot_urdf
[0.210s] -- Up-to-date: /home/ubuntu/my_n10_topic/workspace/install/wheeltec_robot_urdf/share/wheeltec_robot_urdf/environment/ament_prefix_path.sh
[0.210s] -- Up-to-date: /home/ubuntu/my_n10_topic/workspace/install/wheeltec_robot_urdf/share/wheeltec_robot_urdf/environment/ament_prefix_path.dsv
[0.210s] -- Up-to-date: /home/ubuntu/my_n10_topic/workspace/install/wheeltec_robot_urdf/share/wheeltec_robot_urdf/environment/path.sh
[0.210s] -- Up-to-date: /home/ubuntu/my_n10_topic/workspace/install/wheeltec_robot_urdf/share/wheeltec_robot_urdf/environment/path.dsv
[0.210s] -- Up-to-date: /home/ubuntu/my_n10_topic/workspace/install/wheeltec_robot_urdf/share/wheeltec_robot_urdf/local_setup.bash
[0.210s] -- Up-to-date: /home/ubuntu/my_n10_topic/workspace/install/wheeltec_robot_urdf/share/wheeltec_robot_urdf/local_setup.sh
[0.210s] -- Up-to-date: /home/ubuntu/my_n10_topic/workspace/install/wheeltec_robot_urdf/share/wheeltec_robot_urdf/local_setup.zsh
[0.210s] -- Up-to-date: /home/ubuntu/my_n10_topic/workspace/install/wheeltec_robot_urdf/share/wheeltec_robot_urdf/local_setup.dsv
[0.210s] -- Installing: /home/ubuntu/my_n10_topic/workspace/install/wheeltec_robot_urdf/share/wheeltec_robot_urdf/package.dsv
[0.211s] -- Up-to-date: /home/ubuntu/my_n10_topic/workspace/install/wheeltec_robot_urdf/share/ament_index/resource_index/packages/wheeltec_robot_urdf
[0.211s] -- Up-to-date: /home/ubuntu/my_n10_topic/workspace/install/wheeltec_robot_urdf/share/wheeltec_robot_urdf/cmake/wheeltec_robot_urdfConfig.cmake
[0.211s] -- Up-to-date: /home/ubuntu/my_n10_topic/workspace/install/wheeltec_robot_urdf/share/wheeltec_robot_urdf/cmake/wheeltec_robot_urdfConfig-version.cmake
[0.211s] -- Up-to-date: /home/ubuntu/my_n10_topic/workspace/install/wheeltec_robot_urdf/share/wheeltec_robot_urdf/package.xml
[0.211s] Invoked command in '/home/ubuntu/my_n10_topic/workspace/build/wheeltec_robot_urdf' returned '0': CMAKE_PREFIX_PATH=${CMAKE_PREFIX_PATH}:/opt/ros/humble /usr/bin/cmake --install /home/ubuntu/my_n10_topic/workspace/build/wheeltec_robot_urdf
