[0.025s] Invoking command in '/home/ubuntu/my_n10_topic/workspace/build/serial': /usr/bin/cmake /home/ubuntu/my_n10_topic/workspace/src/serial -DCATKIN_INSTALL_INTO_PREFIX_ROOT=0 -DCMAKE_INSTALL_PREFIX=/home/ubuntu/my_n10_topic/workspace/install/serial
[0.040s] [0mCMake Deprecation Warning at CMakeLists.txt:1 (cmake_minimum_required):
[0.040s]   Compatibility with CMake < 2.8.12 will be removed from a future version of
[0.040s]   CMake.
[0.041s] 
[0.041s]   Update the VERSION argument <min> value or use a ...<max> suffix to tell
[0.041s]   CMake that the project does not need compatibility with older versions.
[0.041s] 
[0.041s] [0m
[0.060s] [31mCMake Error at CMakeLists.txt:5 (find_package):
[0.060s]   By not providing "Findcatkin.cmake" in CMAKE_MODULE_PATH this project has
[0.060s]   asked CMake to find a package configuration file provided by "catkin", but
[0.060s]   CMake did not find one.
[0.060s] 
[0.060s]   Could not find a package configuration file provided by "catkin" with any
[0.060s]   of the following names:
[0.060s] 
[0.060s]     catkinConfig.cmake
[0.061s]     catkin-config.cmake
[0.061s] 
[0.061s]   Add the installation prefix of "catkin" to CMAKE_PREFIX_PATH or set
[0.061s]   "catkin_DIR" to a directory containing one of the above files.  If "catkin"
[0.061s]   provides a separate development package or SDK, be sure it has been
[0.061s]   installed.
[0.061s] 
[0.061s] [0m
[0.062s] -- Configuring incomplete, errors occurred!
[0.062s] See also "/home/ubuntu/my_n10_topic/workspace/build/serial/CMakeFiles/CMakeOutput.log".
[0.067s] Invoked command in '/home/ubuntu/my_n10_topic/workspace/build/serial' returned '1': /usr/bin/cmake /home/ubuntu/my_n10_topic/workspace/src/serial -DCATKIN_INSTALL_INTO_PREFIX_ROOT=0 -DCMAKE_INSTALL_PREFIX=/home/ubuntu/my_n10_topic/workspace/install/serial
