[0.024s] Invoking command in '/home/ubuntu/my_n10_topic/workspace/build/n10_lidar_driver': CMAKE_PREFIX_PATH=${CMAKE_PREFIX_PATH}:/opt/ros/humble /usr/bin/cmake /home/ubuntu/my_n10_topic/workspace/src/n10_lidar_driver -DCMAKE_INSTALL_PREFIX=/home/ubuntu/my_n10_topic/workspace/install/n10_lidar_driver
[0.081s] -- Found ament_cmake: 1.3.11 (/opt/ros/humble/share/ament_cmake/cmake)
[0.239s] -- Found rclcpp: 16.0.11 (/opt/ros/humble/share/rclcpp/cmake)
[0.279s] -- Found rosidl_generator_c: 3.1.6 (/opt/ros/humble/share/rosidl_generator_c/cmake)
[0.282s] -- Found rosidl_adapter: 3.1.6 (/opt/ros/humble/share/rosidl_adapter/cmake)
[0.289s] -- Found rosidl_generator_cpp: 3.1.6 (/opt/ros/humble/share/rosidl_generator_cpp/cmake)
[0.301s] -- Using all available rosidl_typesupport_c: rosidl_typesupport_fastrtps_c;rosidl_typesupport_introspection_c
[0.315s] -- Using all available rosidl_typesupport_cpp: rosidl_typesupport_fastrtps_cpp;rosidl_typesupport_introspection_cpp
[0.356s] -- Found rmw_implementation_cmake: 6.1.2 (/opt/ros/humble/share/rmw_implementation_cmake/cmake)
[0.358s] -- Found rmw_fastrtps_cpp: 6.2.7 (/opt/ros/humble/share/rmw_fastrtps_cpp/cmake)
[0.483s] -- Using RMW implementation 'rmw_fastrtps_cpp' as default
[0.542s] -- Found sensor_msgs: 4.2.4 (/opt/ros/humble/share/sensor_msgs/cmake)
[0.581s] -- Found serial: 1.2.1 (/home/ubuntu/lidar_ros2/lidar_ws/install/serial/share/serial/cmake)
[0.712s] -- Configuring done
[0.733s] [31mCMake Error at CMakeLists.txt:22 (add_executable):
[0.733s]   Target "n10_driver_node" links to target "serial::serial" but the target
[0.734s]   was not found.  Perhaps a find_package() call is missing for an IMPORTED
[0.734s]   target, or an ALIAS target is missing?
[0.734s] 
[0.734s] [0m
[0.951s] -- Generating done
[0.956s] [0mCMake Generate step failed.  Build files cannot be regenerated correctly.[0m
[0.981s] Invoked command in '/home/ubuntu/my_n10_topic/workspace/build/n10_lidar_driver' returned '1': CMAKE_PREFIX_PATH=${CMAKE_PREFIX_PATH}:/opt/ros/humble /usr/bin/cmake /home/ubuntu/my_n10_topic/workspace/src/n10_lidar_driver -DCMAKE_INSTALL_PREFIX=/home/ubuntu/my_n10_topic/workspace/install/n10_lidar_driver
