[0.010s] Invoking command in '/home/ubuntu/my_n10_topic/workspace/build/n10_driver': CMAKE_PREFIX_PATH=${CMAKE_PREFIX_PATH}:/opt/ros/humble /usr/bin/cmake /home/ubuntu/my_n10_topic/workspace/src/n10_driver -DCMAKE_INSTALL_PREFIX=/home/ubuntu/my_n10_topic/workspace/install/n10_driver
[0.079s] -- The C compiler identification is GNU 11.4.0
[0.141s] -- The CXX compiler identification is GNU 11.4.0
[0.148s] -- Detecting C compiler ABI info
[0.221s] -- Detecting C compiler ABI info - done
[0.226s] -- Check for working C compiler: /usr/bin/cc - skipped
[0.226s] -- Detecting C compile features
[0.227s] -- Detecting C compile features - done
[0.230s] -- Detecting CXX compiler ABI info
[0.310s] -- Detecting CXX compiler ABI info - done
[0.316s] -- Check for working CXX compiler: /usr/bin/c++ - skipped
[0.316s] -- Detecting CXX compile features
[0.316s] -- Detecting CXX compile features - done
[0.318s] -- Found ament_cmake: 1.3.11 (/opt/ros/humble/share/ament_cmake/cmake)
[0.469s] -- Found Python3: /usr/bin/python3 (found version "3.10.12") found components: Interpreter 
[0.560s] -- Found rclcpp: 16.0.11 (/opt/ros/humble/share/rclcpp/cmake)
[0.601s] -- Found rosidl_generator_c: 3.1.6 (/opt/ros/humble/share/rosidl_generator_c/cmake)
[0.605s] -- Found rosidl_adapter: 3.1.6 (/opt/ros/humble/share/rosidl_adapter/cmake)
[0.613s] -- Found rosidl_generator_cpp: 3.1.6 (/opt/ros/humble/share/rosidl_generator_cpp/cmake)
[0.623s] -- Using all available rosidl_typesupport_c: rosidl_typesupport_fastrtps_c;rosidl_typesupport_introspection_c
[0.639s] -- Using all available rosidl_typesupport_cpp: rosidl_typesupport_fastrtps_cpp;rosidl_typesupport_introspection_cpp
[0.680s] -- Found rmw_implementation_cmake: 6.1.2 (/opt/ros/humble/share/rmw_implementation_cmake/cmake)
[0.682s] -- Found rmw_fastrtps_cpp: 6.2.7 (/opt/ros/humble/share/rmw_fastrtps_cpp/cmake)
[0.780s] -- Found OpenSSL: /usr/lib/x86_64-linux-gnu/libcrypto.so (found version "3.0.2")  
[0.802s] -- Found FastRTPS: /opt/ros/humble/include  
[0.836s] -- Using RMW implementation 'rmw_fastrtps_cpp' as default
[0.845s] -- Looking for pthread.h
[0.930s] -- Looking for pthread.h - found
[0.931s] -- Performing Test CMAKE_HAVE_LIBC_PTHREAD
[1.010s] -- Performing Test CMAKE_HAVE_LIBC_PTHREAD - Success
[1.011s] -- Found Threads: TRUE  
[1.053s] -- Found sensor_msgs: 4.2.4 (/opt/ros/humble/share/sensor_msgs/cmake)
[1.078s] -- Found serial: 1.2.1 (/home/ubuntu/lidar_ros2/lidar_ws/install/serial/share/serial/cmake)
[1.082s] -- Found ament_lint_auto: 0.12.11 (/opt/ros/humble/share/ament_lint_auto/cmake)
[1.149s] -- Added test 'cppcheck' to perform static code analysis on C / C++ code
[1.149s] -- Configured cppcheck include dirs: /home/ubuntu/my_n10_topic/workspace/src/n10_driver/include
[1.150s] -- Configured cppcheck exclude dirs and/or files: 
[1.150s] -- Added test 'flake8' to check Python code syntax and style conventions
[1.150s] -- Added test 'lint_cmake' to check CMake code style
[1.151s] -- Added test 'pep257' to check Python code against some of the docstring style conventions in PEP 257
[1.152s] -- Added test 'uncrustify' to check C / C++ code style
[1.152s] -- Configured uncrustify additional arguments: 
[1.152s] -- Added test 'xmllint' to check XML markup files
[1.154s] -- Configuring done
[1.160s] [31mCMake Error at CMakeLists.txt:22 (add_executable):
[1.160s]   Target "n10_node" links to target "serial::serial" but the target was not
[1.160s]   found.  Perhaps a find_package() call is missing for an IMPORTED target, or
[1.160s]   an ALIAS target is missing?
[1.160s] 
[1.160s] [0m
[1.166s] -- Generating done
[1.167s] [0mCMake Generate step failed.  Build files cannot be regenerated correctly.[0m
[1.176s] Invoked command in '/home/ubuntu/my_n10_topic/workspace/build/n10_driver' returned '1': CMAKE_PREFIX_PATH=${CMAKE_PREFIX_PATH}:/opt/ros/humble /usr/bin/cmake /home/ubuntu/my_n10_topic/workspace/src/n10_driver -DCMAKE_INSTALL_PREFIX=/home/ubuntu/my_n10_topic/workspace/install/n10_driver
