[0.105s] DEBUG:colcon:Command line arguments: ['/usr/bin/colcon', 'build']
[0.105s] DEBUG:colcon:Parsed command line arguments: Namespace(log_base=None, log_level=None, verb_name='build', build_base='build', install_base='install', merge_install=False, symlink_install=False, test_result_base=None, continue_on_error=False, executor='parallel', parallel_workers=12, event_handlers=None, ignore_user_meta=False, metas=['./colcon.meta'], base_paths=['.'], packages_ignore=None, packages_ignore_regex=None, paths=None, packages_up_to=None, packages_up_to_regex=None, packages_above=None, packages_above_and_dependencies=None, packages_above_depth=None, packages_select_by_dep=None, packages_skip_by_dep=None, packages_skip_up_to=None, packages_select_build_failed=False, packages_skip_build_finished=False, packages_select_test_failures=False, packages_skip_test_passed=False, packages_select=None, packages_skip=None, packages_select_regex=None, packages_skip_regex=None, packages_start=None, packages_end=None, allow_overriding=[], cmake_args=None, cmake_target=None, cmake_target_skip_unavailable=False, cmake_clean_cache=False, cmake_clean_first=False, cmake_force_configure=False, ament_cmake_args=None, catkin_cmake_args=None, catkin_skip_building_tests=False, verb_parser=<colcon_defaults.argument_parser.defaults.DefaultArgumentsDecorator object at 0x7d3158524640>, verb_extension=<colcon_core.verb.build.BuildVerb object at 0x7d31586d93c0>, main=<bound method BuildVerb.main of <colcon_core.verb.build.BuildVerb object at 0x7d31586d93c0>>)
[0.298s] Level 1:colcon.colcon_core.package_discovery:discover_packages(colcon_meta) check parameters
[0.298s] Level 1:colcon.colcon_core.package_discovery:discover_packages(recursive) check parameters
[0.298s] Level 1:colcon.colcon_core.package_discovery:discover_packages(ignore) check parameters
[0.298s] Level 1:colcon.colcon_core.package_discovery:discover_packages(path) check parameters
[0.298s] Level 1:colcon.colcon_core.package_discovery:discover_packages(colcon_meta) discover
[0.298s] Level 1:colcon.colcon_core.package_discovery:discover_packages(recursive) discover
[0.299s] INFO:colcon.colcon_core.package_discovery:Crawling recursively for packages in '/home/ubuntu/my_n10_topic/workspace'
[0.299s] Level 1:colcon.colcon_core.package_identification:_identify(.) by extensions ['ignore', 'ignore_ament_install']
[0.299s] Level 1:colcon.colcon_core.package_identification:_identify(.) by extension 'ignore'
[0.299s] Level 1:colcon.colcon_core.package_identification:_identify(.) by extension 'ignore_ament_install'
[0.299s] Level 1:colcon.colcon_core.package_identification:_identify(.) by extensions ['colcon_pkg']
[0.299s] Level 1:colcon.colcon_core.package_identification:_identify(.) by extension 'colcon_pkg'
[0.300s] Level 1:colcon.colcon_core.package_identification:_identify(.) by extensions ['colcon_meta']
[0.300s] Level 1:colcon.colcon_core.package_identification:_identify(.) by extension 'colcon_meta'
[0.300s] Level 1:colcon.colcon_core.package_identification:_identify(.) by extensions ['ros']
[0.300s] Level 1:colcon.colcon_core.package_identification:_identify(.) by extension 'ros'
[0.314s] Level 1:colcon.colcon_core.package_identification:_identify(.) by extensions ['cmake', 'python']
[0.315s] Level 1:colcon.colcon_core.package_identification:_identify(.) by extension 'cmake'
[0.315s] Level 1:colcon.colcon_core.package_identification:_identify(.) by extension 'python'
[0.315s] Level 1:colcon.colcon_core.package_identification:_identify(.) by extensions ['python_setup_py']
[0.315s] Level 1:colcon.colcon_core.package_identification:_identify(.) by extension 'python_setup_py'
[0.315s] Level 1:colcon.colcon_core.package_identification:_identify(build) by extensions ['ignore', 'ignore_ament_install']
[0.315s] Level 1:colcon.colcon_core.package_identification:_identify(build) by extension 'ignore'
[0.315s] Level 1:colcon.colcon_core.package_identification:_identify(build) ignored
[0.315s] Level 1:colcon.colcon_core.package_identification:_identify(install) by extensions ['ignore', 'ignore_ament_install']
[0.315s] Level 1:colcon.colcon_core.package_identification:_identify(install) by extension 'ignore'
[0.315s] Level 1:colcon.colcon_core.package_identification:_identify(install) ignored
[0.316s] Level 1:colcon.colcon_core.package_identification:_identify(log) by extensions ['ignore', 'ignore_ament_install']
[0.316s] Level 1:colcon.colcon_core.package_identification:_identify(log) by extension 'ignore'
[0.316s] Level 1:colcon.colcon_core.package_identification:_identify(log) ignored
[0.316s] Level 1:colcon.colcon_core.package_identification:_identify(src) by extensions ['ignore', 'ignore_ament_install']
[0.316s] Level 1:colcon.colcon_core.package_identification:_identify(src) by extension 'ignore'
[0.316s] Level 1:colcon.colcon_core.package_identification:_identify(src) by extension 'ignore_ament_install'
[0.316s] Level 1:colcon.colcon_core.package_identification:_identify(src) by extensions ['colcon_pkg']
[0.316s] Level 1:colcon.colcon_core.package_identification:_identify(src) by extension 'colcon_pkg'
[0.316s] Level 1:colcon.colcon_core.package_identification:_identify(src) by extensions ['colcon_meta']
[0.316s] Level 1:colcon.colcon_core.package_identification:_identify(src) by extension 'colcon_meta'
[0.316s] Level 1:colcon.colcon_core.package_identification:_identify(src) by extensions ['ros']
[0.316s] Level 1:colcon.colcon_core.package_identification:_identify(src) by extension 'ros'
[0.316s] Level 1:colcon.colcon_core.package_identification:_identify(src) by extensions ['cmake', 'python']
[0.316s] Level 1:colcon.colcon_core.package_identification:_identify(src) by extension 'cmake'
[0.316s] Level 1:colcon.colcon_core.package_identification:_identify(src) by extension 'python'
[0.316s] Level 1:colcon.colcon_core.package_identification:_identify(src) by extensions ['python_setup_py']
[0.316s] Level 1:colcon.colcon_core.package_identification:_identify(src) by extension 'python_setup_py'
[0.316s] Level 1:colcon.colcon_core.package_identification:_identify(src/LSLIDAR_X_ROS2-20240228) by extensions ['ignore', 'ignore_ament_install']
[0.316s] Level 1:colcon.colcon_core.package_identification:_identify(src/LSLIDAR_X_ROS2-20240228) by extension 'ignore'
[0.316s] Level 1:colcon.colcon_core.package_identification:_identify(src/LSLIDAR_X_ROS2-20240228) by extension 'ignore_ament_install'
[0.316s] Level 1:colcon.colcon_core.package_identification:_identify(src/LSLIDAR_X_ROS2-20240228) by extensions ['colcon_pkg']
[0.316s] Level 1:colcon.colcon_core.package_identification:_identify(src/LSLIDAR_X_ROS2-20240228) by extension 'colcon_pkg'
[0.317s] Level 1:colcon.colcon_core.package_identification:_identify(src/LSLIDAR_X_ROS2-20240228) by extensions ['colcon_meta']
[0.317s] Level 1:colcon.colcon_core.package_identification:_identify(src/LSLIDAR_X_ROS2-20240228) by extension 'colcon_meta'
[0.317s] Level 1:colcon.colcon_core.package_identification:_identify(src/LSLIDAR_X_ROS2-20240228) by extensions ['ros']
[0.317s] Level 1:colcon.colcon_core.package_identification:_identify(src/LSLIDAR_X_ROS2-20240228) by extension 'ros'
[0.317s] Level 1:colcon.colcon_core.package_identification:_identify(src/LSLIDAR_X_ROS2-20240228) by extensions ['cmake', 'python']
[0.317s] Level 1:colcon.colcon_core.package_identification:_identify(src/LSLIDAR_X_ROS2-20240228) by extension 'cmake'
[0.317s] Level 1:colcon.colcon_core.package_identification:_identify(src/LSLIDAR_X_ROS2-20240228) by extension 'python'
[0.317s] Level 1:colcon.colcon_core.package_identification:_identify(src/LSLIDAR_X_ROS2-20240228) by extensions ['python_setup_py']
[0.317s] Level 1:colcon.colcon_core.package_identification:_identify(src/LSLIDAR_X_ROS2-20240228) by extension 'python_setup_py'
[0.317s] Level 1:colcon.colcon_core.package_identification:_identify(src/LSLIDAR_X_ROS2-20240228/src) by extensions ['ignore', 'ignore_ament_install']
[0.317s] Level 1:colcon.colcon_core.package_identification:_identify(src/LSLIDAR_X_ROS2-20240228/src) by extension 'ignore'
[0.317s] Level 1:colcon.colcon_core.package_identification:_identify(src/LSLIDAR_X_ROS2-20240228/src) by extension 'ignore_ament_install'
[0.318s] Level 1:colcon.colcon_core.package_identification:_identify(src/LSLIDAR_X_ROS2-20240228/src) by extensions ['colcon_pkg']
[0.318s] Level 1:colcon.colcon_core.package_identification:_identify(src/LSLIDAR_X_ROS2-20240228/src) by extension 'colcon_pkg'
[0.318s] Level 1:colcon.colcon_core.package_identification:_identify(src/LSLIDAR_X_ROS2-20240228/src) by extensions ['colcon_meta']
[0.318s] Level 1:colcon.colcon_core.package_identification:_identify(src/LSLIDAR_X_ROS2-20240228/src) by extension 'colcon_meta'
[0.318s] Level 1:colcon.colcon_core.package_identification:_identify(src/LSLIDAR_X_ROS2-20240228/src) by extensions ['ros']
[0.318s] Level 1:colcon.colcon_core.package_identification:_identify(src/LSLIDAR_X_ROS2-20240228/src) by extension 'ros'
[0.318s] Level 1:colcon.colcon_core.package_identification:_identify(src/LSLIDAR_X_ROS2-20240228/src) by extensions ['cmake', 'python']
[0.318s] Level 1:colcon.colcon_core.package_identification:_identify(src/LSLIDAR_X_ROS2-20240228/src) by extension 'cmake'
[0.318s] Level 1:colcon.colcon_core.package_identification:_identify(src/LSLIDAR_X_ROS2-20240228/src) by extension 'python'
[0.318s] Level 1:colcon.colcon_core.package_identification:_identify(src/LSLIDAR_X_ROS2-20240228/src) by extensions ['python_setup_py']
[0.318s] Level 1:colcon.colcon_core.package_identification:_identify(src/LSLIDAR_X_ROS2-20240228/src) by extension 'python_setup_py'
[0.318s] Level 1:colcon.colcon_core.package_identification:_identify(src/LSLIDAR_X_ROS2-20240228/src/lslidar_driver) by extensions ['ignore', 'ignore_ament_install']
[0.318s] Level 1:colcon.colcon_core.package_identification:_identify(src/LSLIDAR_X_ROS2-20240228/src/lslidar_driver) by extension 'ignore'
[0.318s] Level 1:colcon.colcon_core.package_identification:_identify(src/LSLIDAR_X_ROS2-20240228/src/lslidar_driver) by extension 'ignore_ament_install'
[0.318s] Level 1:colcon.colcon_core.package_identification:_identify(src/LSLIDAR_X_ROS2-20240228/src/lslidar_driver) by extensions ['colcon_pkg']
[0.318s] Level 1:colcon.colcon_core.package_identification:_identify(src/LSLIDAR_X_ROS2-20240228/src/lslidar_driver) by extension 'colcon_pkg'
[0.318s] Level 1:colcon.colcon_core.package_identification:_identify(src/LSLIDAR_X_ROS2-20240228/src/lslidar_driver) by extensions ['colcon_meta']
[0.318s] Level 1:colcon.colcon_core.package_identification:_identify(src/LSLIDAR_X_ROS2-20240228/src/lslidar_driver) by extension 'colcon_meta'
[0.318s] Level 1:colcon.colcon_core.package_identification:_identify(src/LSLIDAR_X_ROS2-20240228/src/lslidar_driver) by extensions ['ros']
[0.318s] Level 1:colcon.colcon_core.package_identification:_identify(src/LSLIDAR_X_ROS2-20240228/src/lslidar_driver) by extension 'ros'
[0.323s] DEBUG:colcon.colcon_core.package_identification:Package 'src/LSLIDAR_X_ROS2-20240228/src/lslidar_driver' with type 'ros.ament_cmake' and name 'lslidar_driver'
[0.323s] Level 1:colcon.colcon_core.package_identification:_identify(src/LSLIDAR_X_ROS2-20240228/src/lslidar_msgs) by extensions ['ignore', 'ignore_ament_install']
[0.323s] Level 1:colcon.colcon_core.package_identification:_identify(src/LSLIDAR_X_ROS2-20240228/src/lslidar_msgs) by extension 'ignore'
[0.323s] Level 1:colcon.colcon_core.package_identification:_identify(src/LSLIDAR_X_ROS2-20240228/src/lslidar_msgs) by extension 'ignore_ament_install'
[0.323s] Level 1:colcon.colcon_core.package_identification:_identify(src/LSLIDAR_X_ROS2-20240228/src/lslidar_msgs) by extensions ['colcon_pkg']
[0.323s] Level 1:colcon.colcon_core.package_identification:_identify(src/LSLIDAR_X_ROS2-20240228/src/lslidar_msgs) by extension 'colcon_pkg'
[0.323s] Level 1:colcon.colcon_core.package_identification:_identify(src/LSLIDAR_X_ROS2-20240228/src/lslidar_msgs) by extensions ['colcon_meta']
[0.324s] Level 1:colcon.colcon_core.package_identification:_identify(src/LSLIDAR_X_ROS2-20240228/src/lslidar_msgs) by extension 'colcon_meta'
[0.324s] Level 1:colcon.colcon_core.package_identification:_identify(src/LSLIDAR_X_ROS2-20240228/src/lslidar_msgs) by extensions ['ros']
[0.324s] Level 1:colcon.colcon_core.package_identification:_identify(src/LSLIDAR_X_ROS2-20240228/src/lslidar_msgs) by extension 'ros'
[0.325s] DEBUG:colcon.colcon_core.package_identification:Package 'src/LSLIDAR_X_ROS2-20240228/src/lslidar_msgs' with type 'ros.ament_cmake' and name 'lslidar_msgs'
[0.325s] Level 1:colcon.colcon_core.package_identification:_identify(src/turn_on_wheeltec_robot) by extensions ['ignore', 'ignore_ament_install']
[0.325s] Level 1:colcon.colcon_core.package_identification:_identify(src/turn_on_wheeltec_robot) by extension 'ignore'
[0.325s] Level 1:colcon.colcon_core.package_identification:_identify(src/turn_on_wheeltec_robot) by extension 'ignore_ament_install'
[0.325s] Level 1:colcon.colcon_core.package_identification:_identify(src/turn_on_wheeltec_robot) by extensions ['colcon_pkg']
[0.325s] Level 1:colcon.colcon_core.package_identification:_identify(src/turn_on_wheeltec_robot) by extension 'colcon_pkg'
[0.325s] Level 1:colcon.colcon_core.package_identification:_identify(src/turn_on_wheeltec_robot) by extensions ['colcon_meta']
[0.325s] Level 1:colcon.colcon_core.package_identification:_identify(src/turn_on_wheeltec_robot) by extension 'colcon_meta'
[0.325s] Level 1:colcon.colcon_core.package_identification:_identify(src/turn_on_wheeltec_robot) by extensions ['ros']
[0.325s] Level 1:colcon.colcon_core.package_identification:_identify(src/turn_on_wheeltec_robot) by extension 'ros'
[0.328s] DEBUG:colcon.colcon_core.package_identification:Package 'src/turn_on_wheeltec_robot' with type 'ros.ament_cmake' and name 'turn_on_wheeltec_robot'
[0.328s] Level 1:colcon.colcon_core.package_identification:_identify(src/wheeltec_robot_msg) by extensions ['ignore', 'ignore_ament_install']
[0.328s] Level 1:colcon.colcon_core.package_identification:_identify(src/wheeltec_robot_msg) by extension 'ignore'
[0.328s] Level 1:colcon.colcon_core.package_identification:_identify(src/wheeltec_robot_msg) by extension 'ignore_ament_install'
[0.328s] Level 1:colcon.colcon_core.package_identification:_identify(src/wheeltec_robot_msg) by extensions ['colcon_pkg']
[0.329s] Level 1:colcon.colcon_core.package_identification:_identify(src/wheeltec_robot_msg) by extension 'colcon_pkg'
[0.329s] Level 1:colcon.colcon_core.package_identification:_identify(src/wheeltec_robot_msg) by extensions ['colcon_meta']
[0.329s] Level 1:colcon.colcon_core.package_identification:_identify(src/wheeltec_robot_msg) by extension 'colcon_meta'
[0.329s] Level 1:colcon.colcon_core.package_identification:_identify(src/wheeltec_robot_msg) by extensions ['ros']
[0.329s] Level 1:colcon.colcon_core.package_identification:_identify(src/wheeltec_robot_msg) by extension 'ros'
[0.330s] DEBUG:colcon.colcon_core.package_identification:Package 'src/wheeltec_robot_msg' with type 'ros.ament_cmake' and name 'wheeltec_robot_msg'
[0.330s] Level 1:colcon.colcon_core.package_identification:_identify(src/wheeltec_robot_slam) by extensions ['ignore', 'ignore_ament_install']
[0.330s] Level 1:colcon.colcon_core.package_identification:_identify(src/wheeltec_robot_slam) by extension 'ignore'
[0.330s] Level 1:colcon.colcon_core.package_identification:_identify(src/wheeltec_robot_slam) by extension 'ignore_ament_install'
[0.330s] Level 1:colcon.colcon_core.package_identification:_identify(src/wheeltec_robot_slam) by extensions ['colcon_pkg']
[0.330s] Level 1:colcon.colcon_core.package_identification:_identify(src/wheeltec_robot_slam) by extension 'colcon_pkg'
[0.330s] Level 1:colcon.colcon_core.package_identification:_identify(src/wheeltec_robot_slam) by extensions ['colcon_meta']
[0.330s] Level 1:colcon.colcon_core.package_identification:_identify(src/wheeltec_robot_slam) by extension 'colcon_meta'
[0.330s] Level 1:colcon.colcon_core.package_identification:_identify(src/wheeltec_robot_slam) by extensions ['ros']
[0.330s] Level 1:colcon.colcon_core.package_identification:_identify(src/wheeltec_robot_slam) by extension 'ros'
[0.330s] Level 1:colcon.colcon_core.package_identification:_identify(src/wheeltec_robot_slam) by extensions ['cmake', 'python']
[0.330s] Level 1:colcon.colcon_core.package_identification:_identify(src/wheeltec_robot_slam) by extension 'cmake'
[0.330s] Level 1:colcon.colcon_core.package_identification:_identify(src/wheeltec_robot_slam) by extension 'python'
[0.330s] Level 1:colcon.colcon_core.package_identification:_identify(src/wheeltec_robot_slam) by extensions ['python_setup_py']
[0.330s] Level 1:colcon.colcon_core.package_identification:_identify(src/wheeltec_robot_slam) by extension 'python_setup_py'
[0.330s] Level 1:colcon.colcon_core.package_identification:_identify(src/wheeltec_robot_slam/wheeltec_slam_toolbox) by extensions ['ignore', 'ignore_ament_install']
[0.330s] Level 1:colcon.colcon_core.package_identification:_identify(src/wheeltec_robot_slam/wheeltec_slam_toolbox) by extension 'ignore'
[0.330s] Level 1:colcon.colcon_core.package_identification:_identify(src/wheeltec_robot_slam/wheeltec_slam_toolbox) by extension 'ignore_ament_install'
[0.330s] Level 1:colcon.colcon_core.package_identification:_identify(src/wheeltec_robot_slam/wheeltec_slam_toolbox) by extensions ['colcon_pkg']
[0.330s] Level 1:colcon.colcon_core.package_identification:_identify(src/wheeltec_robot_slam/wheeltec_slam_toolbox) by extension 'colcon_pkg'
[0.331s] Level 1:colcon.colcon_core.package_identification:_identify(src/wheeltec_robot_slam/wheeltec_slam_toolbox) by extensions ['colcon_meta']
[0.331s] Level 1:colcon.colcon_core.package_identification:_identify(src/wheeltec_robot_slam/wheeltec_slam_toolbox) by extension 'colcon_meta'
[0.331s] Level 1:colcon.colcon_core.package_identification:_identify(src/wheeltec_robot_slam/wheeltec_slam_toolbox) by extensions ['ros']
[0.331s] Level 1:colcon.colcon_core.package_identification:_identify(src/wheeltec_robot_slam/wheeltec_slam_toolbox) by extension 'ros'
[0.332s] DEBUG:colcon.colcon_core.package_identification:Package 'src/wheeltec_robot_slam/wheeltec_slam_toolbox' with type 'ros.ament_cmake' and name 'wheeltec_slam_toolbox'
[0.332s] Level 1:colcon.colcon_core.package_identification:_identify(src/wheeltec_robot_urdf) by extensions ['ignore', 'ignore_ament_install']
[0.332s] Level 1:colcon.colcon_core.package_identification:_identify(src/wheeltec_robot_urdf) by extension 'ignore'
[0.332s] Level 1:colcon.colcon_core.package_identification:_identify(src/wheeltec_robot_urdf) by extension 'ignore_ament_install'
[0.332s] Level 1:colcon.colcon_core.package_identification:_identify(src/wheeltec_robot_urdf) by extensions ['colcon_pkg']
[0.332s] Level 1:colcon.colcon_core.package_identification:_identify(src/wheeltec_robot_urdf) by extension 'colcon_pkg'
[0.332s] Level 1:colcon.colcon_core.package_identification:_identify(src/wheeltec_robot_urdf) by extensions ['colcon_meta']
[0.332s] Level 1:colcon.colcon_core.package_identification:_identify(src/wheeltec_robot_urdf) by extension 'colcon_meta'
[0.332s] Level 1:colcon.colcon_core.package_identification:_identify(src/wheeltec_robot_urdf) by extensions ['ros']
[0.332s] Level 1:colcon.colcon_core.package_identification:_identify(src/wheeltec_robot_urdf) by extension 'ros'
[0.332s] Level 1:colcon.colcon_core.package_identification:_identify(src/wheeltec_robot_urdf) by extensions ['cmake', 'python']
[0.332s] Level 1:colcon.colcon_core.package_identification:_identify(src/wheeltec_robot_urdf) by extension 'cmake'
[0.332s] Level 1:colcon.colcon_core.package_identification:_identify(src/wheeltec_robot_urdf) by extension 'python'
[0.332s] Level 1:colcon.colcon_core.package_identification:_identify(src/wheeltec_robot_urdf) by extensions ['python_setup_py']
[0.332s] Level 1:colcon.colcon_core.package_identification:_identify(src/wheeltec_robot_urdf) by extension 'python_setup_py'
[0.332s] Level 1:colcon.colcon_core.package_identification:_identify(src/wheeltec_robot_urdf/wheeltec_robot_urdf) by extensions ['ignore', 'ignore_ament_install']
[0.332s] Level 1:colcon.colcon_core.package_identification:_identify(src/wheeltec_robot_urdf/wheeltec_robot_urdf) by extension 'ignore'
[0.332s] Level 1:colcon.colcon_core.package_identification:_identify(src/wheeltec_robot_urdf/wheeltec_robot_urdf) by extension 'ignore_ament_install'
[0.333s] Level 1:colcon.colcon_core.package_identification:_identify(src/wheeltec_robot_urdf/wheeltec_robot_urdf) by extensions ['colcon_pkg']
[0.333s] Level 1:colcon.colcon_core.package_identification:_identify(src/wheeltec_robot_urdf/wheeltec_robot_urdf) by extension 'colcon_pkg'
[0.333s] Level 1:colcon.colcon_core.package_identification:_identify(src/wheeltec_robot_urdf/wheeltec_robot_urdf) by extensions ['colcon_meta']
[0.333s] Level 1:colcon.colcon_core.package_identification:_identify(src/wheeltec_robot_urdf/wheeltec_robot_urdf) by extension 'colcon_meta'
[0.333s] Level 1:colcon.colcon_core.package_identification:_identify(src/wheeltec_robot_urdf/wheeltec_robot_urdf) by extensions ['ros']
[0.333s] Level 1:colcon.colcon_core.package_identification:_identify(src/wheeltec_robot_urdf/wheeltec_robot_urdf) by extension 'ros'
[0.333s] DEBUG:colcon.colcon_core.package_identification:Package 'src/wheeltec_robot_urdf/wheeltec_robot_urdf' with type 'ros.ament_cmake' and name 'wheeltec_robot_urdf'
[0.333s] Level 1:colcon.colcon_core.package_discovery:discover_packages(recursive) using defaults
[0.334s] Level 1:colcon.colcon_core.package_discovery:discover_packages(ignore) discover
[0.334s] Level 1:colcon.colcon_core.package_discovery:discover_packages(ignore) using defaults
[0.334s] Level 1:colcon.colcon_core.package_discovery:discover_packages(path) discover
[0.334s] Level 1:colcon.colcon_core.package_discovery:discover_packages(path) using defaults
[0.374s] Level 1:colcon.colcon_core.package_discovery:discover_packages(prefix_path) check parameters
[0.374s] Level 1:colcon.colcon_core.package_discovery:discover_packages(prefix_path) discover
[0.376s] WARNING:colcon.colcon_ros.prefix_path.ament:The path '/home/ubuntu/my_n10_topic/workspace/install/wheeltec_cartographer' in the environment variable AMENT_PREFIX_PATH doesn't exist
[0.376s] WARNING:colcon.colcon_ros.prefix_path.ament:The path '/home/ubuntu/my_n10_topic/workspace/install/slam_gmapping' in the environment variable AMENT_PREFIX_PATH doesn't exist
[0.376s] WARNING:colcon.colcon_ros.prefix_path.ament:The path '/home/ubuntu/my_n10_topic/workspace/install/openslam_gmapping' in the environment variable AMENT_PREFIX_PATH doesn't exist
[0.377s] WARNING:colcon.colcon_ros.prefix_path.catkin:The path '/home/ubuntu/my_n10_topic/workspace/install/wheeltec_cartographer' in the environment variable CMAKE_PREFIX_PATH doesn't exist
[0.377s] WARNING:colcon.colcon_ros.prefix_path.catkin:The path '/home/ubuntu/my_n10_topic/workspace/install/slam_gmapping' in the environment variable CMAKE_PREFIX_PATH doesn't exist
[0.377s] WARNING:colcon.colcon_ros.prefix_path.catkin:The path '/home/ubuntu/my_n10_topic/workspace/install/openslam_gmapping' in the environment variable CMAKE_PREFIX_PATH doesn't exist
[0.378s] DEBUG:colcon.colcon_installed_package_information.package_discovery:Found 6 installed packages in /home/ubuntu/my_n10_topic/workspace/install
[0.380s] DEBUG:colcon.colcon_installed_package_information.package_discovery:Found 412 installed packages in /opt/ros/humble
[0.382s] Level 1:colcon.colcon_core.package_discovery:discover_packages(prefix_path) using defaults
[0.433s] Level 5:colcon.colcon_core.verb:set package 'lslidar_msgs' build argument 'cmake_args' from command line to 'None'
[0.434s] Level 5:colcon.colcon_core.verb:set package 'lslidar_msgs' build argument 'cmake_target' from command line to 'None'
[0.434s] Level 5:colcon.colcon_core.verb:set package 'lslidar_msgs' build argument 'cmake_target_skip_unavailable' from command line to 'False'
[0.434s] Level 5:colcon.colcon_core.verb:set package 'lslidar_msgs' build argument 'cmake_clean_cache' from command line to 'False'
[0.434s] Level 5:colcon.colcon_core.verb:set package 'lslidar_msgs' build argument 'cmake_clean_first' from command line to 'False'
[0.434s] Level 5:colcon.colcon_core.verb:set package 'lslidar_msgs' build argument 'cmake_force_configure' from command line to 'False'
[0.434s] Level 5:colcon.colcon_core.verb:set package 'lslidar_msgs' build argument 'ament_cmake_args' from command line to 'None'
[0.434s] Level 5:colcon.colcon_core.verb:set package 'lslidar_msgs' build argument 'catkin_cmake_args' from command line to 'None'
[0.434s] Level 5:colcon.colcon_core.verb:set package 'lslidar_msgs' build argument 'catkin_skip_building_tests' from command line to 'False'
[0.434s] DEBUG:colcon.colcon_core.verb:Building package 'lslidar_msgs' with the following arguments: {'ament_cmake_args': None, 'build_base': '/home/ubuntu/my_n10_topic/workspace/build/lslidar_msgs', 'catkin_cmake_args': None, 'catkin_skip_building_tests': False, 'cmake_args': None, 'cmake_clean_cache': False, 'cmake_clean_first': False, 'cmake_force_configure': False, 'cmake_target': None, 'cmake_target_skip_unavailable': False, 'install_base': '/home/ubuntu/my_n10_topic/workspace/install/lslidar_msgs', 'merge_install': False, 'path': '/home/ubuntu/my_n10_topic/workspace/src/LSLIDAR_X_ROS2-20240228/src/lslidar_msgs', 'symlink_install': False, 'test_result_base': None}
[0.434s] Level 5:colcon.colcon_core.verb:set package 'wheeltec_robot_msg' build argument 'cmake_args' from command line to 'None'
[0.434s] Level 5:colcon.colcon_core.verb:set package 'wheeltec_robot_msg' build argument 'cmake_target' from command line to 'None'
[0.434s] Level 5:colcon.colcon_core.verb:set package 'wheeltec_robot_msg' build argument 'cmake_target_skip_unavailable' from command line to 'False'
[0.434s] Level 5:colcon.colcon_core.verb:set package 'wheeltec_robot_msg' build argument 'cmake_clean_cache' from command line to 'False'
[0.434s] Level 5:colcon.colcon_core.verb:set package 'wheeltec_robot_msg' build argument 'cmake_clean_first' from command line to 'False'
[0.434s] Level 5:colcon.colcon_core.verb:set package 'wheeltec_robot_msg' build argument 'cmake_force_configure' from command line to 'False'
[0.434s] Level 5:colcon.colcon_core.verb:set package 'wheeltec_robot_msg' build argument 'ament_cmake_args' from command line to 'None'
[0.434s] Level 5:colcon.colcon_core.verb:set package 'wheeltec_robot_msg' build argument 'catkin_cmake_args' from command line to 'None'
[0.434s] Level 5:colcon.colcon_core.verb:set package 'wheeltec_robot_msg' build argument 'catkin_skip_building_tests' from command line to 'False'
[0.434s] DEBUG:colcon.colcon_core.verb:Building package 'wheeltec_robot_msg' with the following arguments: {'ament_cmake_args': None, 'build_base': '/home/ubuntu/my_n10_topic/workspace/build/wheeltec_robot_msg', 'catkin_cmake_args': None, 'catkin_skip_building_tests': False, 'cmake_args': None, 'cmake_clean_cache': False, 'cmake_clean_first': False, 'cmake_force_configure': False, 'cmake_target': None, 'cmake_target_skip_unavailable': False, 'install_base': '/home/ubuntu/my_n10_topic/workspace/install/wheeltec_robot_msg', 'merge_install': False, 'path': '/home/ubuntu/my_n10_topic/workspace/src/wheeltec_robot_msg', 'symlink_install': False, 'test_result_base': None}
[0.435s] Level 5:colcon.colcon_core.verb:set package 'wheeltec_robot_urdf' build argument 'cmake_args' from command line to 'None'
[0.435s] Level 5:colcon.colcon_core.verb:set package 'wheeltec_robot_urdf' build argument 'cmake_target' from command line to 'None'
[0.435s] Level 5:colcon.colcon_core.verb:set package 'wheeltec_robot_urdf' build argument 'cmake_target_skip_unavailable' from command line to 'False'
[0.435s] Level 5:colcon.colcon_core.verb:set package 'wheeltec_robot_urdf' build argument 'cmake_clean_cache' from command line to 'False'
[0.435s] Level 5:colcon.colcon_core.verb:set package 'wheeltec_robot_urdf' build argument 'cmake_clean_first' from command line to 'False'
[0.435s] Level 5:colcon.colcon_core.verb:set package 'wheeltec_robot_urdf' build argument 'cmake_force_configure' from command line to 'False'
[0.435s] Level 5:colcon.colcon_core.verb:set package 'wheeltec_robot_urdf' build argument 'ament_cmake_args' from command line to 'None'
[0.435s] Level 5:colcon.colcon_core.verb:set package 'wheeltec_robot_urdf' build argument 'catkin_cmake_args' from command line to 'None'
[0.435s] Level 5:colcon.colcon_core.verb:set package 'wheeltec_robot_urdf' build argument 'catkin_skip_building_tests' from command line to 'False'
[0.435s] DEBUG:colcon.colcon_core.verb:Building package 'wheeltec_robot_urdf' with the following arguments: {'ament_cmake_args': None, 'build_base': '/home/ubuntu/my_n10_topic/workspace/build/wheeltec_robot_urdf', 'catkin_cmake_args': None, 'catkin_skip_building_tests': False, 'cmake_args': None, 'cmake_clean_cache': False, 'cmake_clean_first': False, 'cmake_force_configure': False, 'cmake_target': None, 'cmake_target_skip_unavailable': False, 'install_base': '/home/ubuntu/my_n10_topic/workspace/install/wheeltec_robot_urdf', 'merge_install': False, 'path': '/home/ubuntu/my_n10_topic/workspace/src/wheeltec_robot_urdf/wheeltec_robot_urdf', 'symlink_install': False, 'test_result_base': None}
[0.435s] Level 5:colcon.colcon_core.verb:set package 'wheeltec_slam_toolbox' build argument 'cmake_args' from command line to 'None'
[0.435s] Level 5:colcon.colcon_core.verb:set package 'wheeltec_slam_toolbox' build argument 'cmake_target' from command line to 'None'
[0.435s] Level 5:colcon.colcon_core.verb:set package 'wheeltec_slam_toolbox' build argument 'cmake_target_skip_unavailable' from command line to 'False'
[0.435s] Level 5:colcon.colcon_core.verb:set package 'wheeltec_slam_toolbox' build argument 'cmake_clean_cache' from command line to 'False'
[0.435s] Level 5:colcon.colcon_core.verb:set package 'wheeltec_slam_toolbox' build argument 'cmake_clean_first' from command line to 'False'
[0.435s] Level 5:colcon.colcon_core.verb:set package 'wheeltec_slam_toolbox' build argument 'cmake_force_configure' from command line to 'False'
[0.435s] Level 5:colcon.colcon_core.verb:set package 'wheeltec_slam_toolbox' build argument 'ament_cmake_args' from command line to 'None'
[0.435s] Level 5:colcon.colcon_core.verb:set package 'wheeltec_slam_toolbox' build argument 'catkin_cmake_args' from command line to 'None'
[0.435s] Level 5:colcon.colcon_core.verb:set package 'wheeltec_slam_toolbox' build argument 'catkin_skip_building_tests' from command line to 'False'
[0.435s] DEBUG:colcon.colcon_core.verb:Building package 'wheeltec_slam_toolbox' with the following arguments: {'ament_cmake_args': None, 'build_base': '/home/ubuntu/my_n10_topic/workspace/build/wheeltec_slam_toolbox', 'catkin_cmake_args': None, 'catkin_skip_building_tests': False, 'cmake_args': None, 'cmake_clean_cache': False, 'cmake_clean_first': False, 'cmake_force_configure': False, 'cmake_target': None, 'cmake_target_skip_unavailable': False, 'install_base': '/home/ubuntu/my_n10_topic/workspace/install/wheeltec_slam_toolbox', 'merge_install': False, 'path': '/home/ubuntu/my_n10_topic/workspace/src/wheeltec_robot_slam/wheeltec_slam_toolbox', 'symlink_install': False, 'test_result_base': None}
[0.436s] Level 5:colcon.colcon_core.verb:set package 'lslidar_driver' build argument 'cmake_args' from command line to 'None'
[0.436s] Level 5:colcon.colcon_core.verb:set package 'lslidar_driver' build argument 'cmake_target' from command line to 'None'
[0.436s] Level 5:colcon.colcon_core.verb:set package 'lslidar_driver' build argument 'cmake_target_skip_unavailable' from command line to 'False'
[0.436s] Level 5:colcon.colcon_core.verb:set package 'lslidar_driver' build argument 'cmake_clean_cache' from command line to 'False'
[0.436s] Level 5:colcon.colcon_core.verb:set package 'lslidar_driver' build argument 'cmake_clean_first' from command line to 'False'
[0.436s] Level 5:colcon.colcon_core.verb:set package 'lslidar_driver' build argument 'cmake_force_configure' from command line to 'False'
[0.436s] Level 5:colcon.colcon_core.verb:set package 'lslidar_driver' build argument 'ament_cmake_args' from command line to 'None'
[0.436s] Level 5:colcon.colcon_core.verb:set package 'lslidar_driver' build argument 'catkin_cmake_args' from command line to 'None'
[0.436s] Level 5:colcon.colcon_core.verb:set package 'lslidar_driver' build argument 'catkin_skip_building_tests' from command line to 'False'
[0.436s] DEBUG:colcon.colcon_core.verb:Building package 'lslidar_driver' with the following arguments: {'ament_cmake_args': None, 'build_base': '/home/ubuntu/my_n10_topic/workspace/build/lslidar_driver', 'catkin_cmake_args': None, 'catkin_skip_building_tests': False, 'cmake_args': None, 'cmake_clean_cache': False, 'cmake_clean_first': False, 'cmake_force_configure': False, 'cmake_target': None, 'cmake_target_skip_unavailable': False, 'install_base': '/home/ubuntu/my_n10_topic/workspace/install/lslidar_driver', 'merge_install': False, 'path': '/home/ubuntu/my_n10_topic/workspace/src/LSLIDAR_X_ROS2-20240228/src/lslidar_driver', 'symlink_install': False, 'test_result_base': None}
[0.436s] Level 5:colcon.colcon_core.verb:set package 'turn_on_wheeltec_robot' build argument 'cmake_args' from command line to 'None'
[0.436s] Level 5:colcon.colcon_core.verb:set package 'turn_on_wheeltec_robot' build argument 'cmake_target' from command line to 'None'
[0.436s] Level 5:colcon.colcon_core.verb:set package 'turn_on_wheeltec_robot' build argument 'cmake_target_skip_unavailable' from command line to 'False'
[0.436s] Level 5:colcon.colcon_core.verb:set package 'turn_on_wheeltec_robot' build argument 'cmake_clean_cache' from command line to 'False'
[0.436s] Level 5:colcon.colcon_core.verb:set package 'turn_on_wheeltec_robot' build argument 'cmake_clean_first' from command line to 'False'
[0.436s] Level 5:colcon.colcon_core.verb:set package 'turn_on_wheeltec_robot' build argument 'cmake_force_configure' from command line to 'False'
[0.436s] Level 5:colcon.colcon_core.verb:set package 'turn_on_wheeltec_robot' build argument 'ament_cmake_args' from command line to 'None'
[0.436s] Level 5:colcon.colcon_core.verb:set package 'turn_on_wheeltec_robot' build argument 'catkin_cmake_args' from command line to 'None'
[0.436s] Level 5:colcon.colcon_core.verb:set package 'turn_on_wheeltec_robot' build argument 'catkin_skip_building_tests' from command line to 'False'
[0.436s] DEBUG:colcon.colcon_core.verb:Building package 'turn_on_wheeltec_robot' with the following arguments: {'ament_cmake_args': None, 'build_base': '/home/ubuntu/my_n10_topic/workspace/build/turn_on_wheeltec_robot', 'catkin_cmake_args': None, 'catkin_skip_building_tests': False, 'cmake_args': None, 'cmake_clean_cache': False, 'cmake_clean_first': False, 'cmake_force_configure': False, 'cmake_target': None, 'cmake_target_skip_unavailable': False, 'install_base': '/home/ubuntu/my_n10_topic/workspace/install/turn_on_wheeltec_robot', 'merge_install': False, 'path': '/home/ubuntu/my_n10_topic/workspace/src/turn_on_wheeltec_robot', 'symlink_install': False, 'test_result_base': None}
[0.436s] INFO:colcon.colcon_core.executor:Executing jobs using 'parallel' executor
[0.438s] DEBUG:colcon.colcon_parallel_executor.executor.parallel:run_until_complete
[0.438s] INFO:colcon.colcon_ros.task.ament_cmake.build:Building ROS package in '/home/ubuntu/my_n10_topic/workspace/src/LSLIDAR_X_ROS2-20240228/src/lslidar_msgs' with build type 'ament_cmake'
[0.438s] INFO:colcon.colcon_cmake.task.cmake.build:Building CMake package in '/home/ubuntu/my_n10_topic/workspace/src/LSLIDAR_X_ROS2-20240228/src/lslidar_msgs'
[0.440s] INFO:colcon.colcon_core.plugin_system:Skipping extension 'colcon_core.shell.bat': Not used on non-Windows systems
[0.440s] INFO:colcon.colcon_core.shell:Skip shell extension 'powershell' for command environment: Not usable outside of PowerShell
[0.441s] DEBUG:colcon.colcon_core.shell:Skip shell extension 'dsv' for command environment
[0.446s] INFO:colcon.colcon_ros.task.ament_cmake.build:Building ROS package in '/home/ubuntu/my_n10_topic/workspace/src/wheeltec_robot_msg' with build type 'ament_cmake'
[0.447s] INFO:colcon.colcon_cmake.task.cmake.build:Building CMake package in '/home/ubuntu/my_n10_topic/workspace/src/wheeltec_robot_msg'
[0.447s] INFO:colcon.colcon_core.shell:Skip shell extension 'powershell' for command environment: Not usable outside of PowerShell
[0.448s] DEBUG:colcon.colcon_core.shell:Skip shell extension 'dsv' for command environment
[0.455s] INFO:colcon.colcon_ros.task.ament_cmake.build:Building ROS package in '/home/ubuntu/my_n10_topic/workspace/src/wheeltec_robot_urdf/wheeltec_robot_urdf' with build type 'ament_cmake'
[0.456s] INFO:colcon.colcon_cmake.task.cmake.build:Building CMake package in '/home/ubuntu/my_n10_topic/workspace/src/wheeltec_robot_urdf/wheeltec_robot_urdf'
[0.456s] INFO:colcon.colcon_core.shell:Skip shell extension 'powershell' for command environment: Not usable outside of PowerShell
[0.456s] DEBUG:colcon.colcon_core.shell:Skip shell extension 'dsv' for command environment
[0.460s] INFO:colcon.colcon_ros.task.ament_cmake.build:Building ROS package in '/home/ubuntu/my_n10_topic/workspace/src/wheeltec_robot_slam/wheeltec_slam_toolbox' with build type 'ament_cmake'
[0.461s] INFO:colcon.colcon_cmake.task.cmake.build:Building CMake package in '/home/ubuntu/my_n10_topic/workspace/src/wheeltec_robot_slam/wheeltec_slam_toolbox'
[0.461s] INFO:colcon.colcon_core.shell:Skip shell extension 'powershell' for command environment: Not usable outside of PowerShell
[0.461s] DEBUG:colcon.colcon_core.shell:Skip shell extension 'dsv' for command environment
[0.475s] DEBUG:colcon.colcon_core.event_handler.log_command:Invoking command in '/home/ubuntu/my_n10_topic/workspace/build/lslidar_msgs': CMAKE_PREFIX_PATH=${CMAKE_PREFIX_PATH}:/opt/ros/humble /usr/bin/cmake --build /home/ubuntu/my_n10_topic/workspace/build/lslidar_msgs -- -j12 -l12
[0.484s] DEBUG:colcon.colcon_core.event_handler.log_command:Invoking command in '/home/ubuntu/my_n10_topic/workspace/build/wheeltec_robot_msg': CMAKE_PREFIX_PATH=${CMAKE_PREFIX_PATH}:/opt/ros/humble /usr/bin/cmake --build /home/ubuntu/my_n10_topic/workspace/build/wheeltec_robot_msg -- -j12 -l12
[0.485s] DEBUG:colcon.colcon_core.event_handler.log_command:Invoking command in '/home/ubuntu/my_n10_topic/workspace/build/wheeltec_robot_urdf': CMAKE_PREFIX_PATH=${CMAKE_PREFIX_PATH}:/opt/ros/humble /usr/bin/cmake --build /home/ubuntu/my_n10_topic/workspace/build/wheeltec_robot_urdf -- -j12 -l12
[0.495s] DEBUG:colcon.colcon_core.event_handler.log_command:Invoking command in '/home/ubuntu/my_n10_topic/workspace/build/wheeltec_slam_toolbox': CMAKE_PREFIX_PATH=${CMAKE_PREFIX_PATH}:/opt/ros/humble /usr/bin/cmake --build /home/ubuntu/my_n10_topic/workspace/build/wheeltec_slam_toolbox -- -j12 -l12
[0.548s] DEBUG:colcon.colcon_core.event_handler.log_command:Invoked command in '/home/ubuntu/my_n10_topic/workspace/build/wheeltec_robot_urdf' returned '0': CMAKE_PREFIX_PATH=${CMAKE_PREFIX_PATH}:/opt/ros/humble /usr/bin/cmake --build /home/ubuntu/my_n10_topic/workspace/build/wheeltec_robot_urdf -- -j12 -l12
[0.567s] DEBUG:colcon.colcon_core.event_handler.log_command:Invoking command in '/home/ubuntu/my_n10_topic/workspace/build/wheeltec_robot_urdf': CMAKE_PREFIX_PATH=${CMAKE_PREFIX_PATH}:/opt/ros/humble /usr/bin/cmake --install /home/ubuntu/my_n10_topic/workspace/build/wheeltec_robot_urdf
[0.616s] Level 1:colcon.colcon_core.environment:create_environment_scripts_only(wheeltec_robot_urdf)
[0.619s] Level 1:colcon.colcon_core.environment:checking '/home/ubuntu/my_n10_topic/workspace/install/wheeltec_robot_urdf' for CMake module files
[0.624s] Level 1:colcon.colcon_core.environment:checking '/home/ubuntu/my_n10_topic/workspace/install/wheeltec_robot_urdf' for CMake config files
[0.635s] Level 1:colcon.colcon_core.shell:create_environment_hook('wheeltec_robot_urdf', 'cmake_prefix_path')
[0.636s] INFO:colcon.colcon_core.shell:Creating environment hook '/home/ubuntu/my_n10_topic/workspace/install/wheeltec_robot_urdf/share/wheeltec_robot_urdf/hook/cmake_prefix_path.ps1'
[0.637s] INFO:colcon.colcon_core.shell:Creating environment descriptor '/home/ubuntu/my_n10_topic/workspace/install/wheeltec_robot_urdf/share/wheeltec_robot_urdf/hook/cmake_prefix_path.dsv'
[0.638s] INFO:colcon.colcon_core.shell:Creating environment hook '/home/ubuntu/my_n10_topic/workspace/install/wheeltec_robot_urdf/share/wheeltec_robot_urdf/hook/cmake_prefix_path.sh'
[0.642s] Level 1:colcon.colcon_core.environment:checking '/home/ubuntu/my_n10_topic/workspace/install/wheeltec_robot_urdf/bin'
[0.642s] Level 1:colcon.colcon_core.environment:checking '/home/ubuntu/my_n10_topic/workspace/install/wheeltec_robot_urdf/lib/pkgconfig/wheeltec_robot_urdf.pc'
[0.643s] Level 1:colcon.colcon_core.environment:checking '/home/ubuntu/my_n10_topic/workspace/install/wheeltec_robot_urdf/lib/python3.10/site-packages'
[0.643s] Level 1:colcon.colcon_core.environment:checking '/home/ubuntu/my_n10_topic/workspace/install/wheeltec_robot_urdf/bin'
[0.644s] INFO:colcon.colcon_core.shell:Creating package script '/home/ubuntu/my_n10_topic/workspace/install/wheeltec_robot_urdf/share/wheeltec_robot_urdf/package.ps1'
[0.646s] INFO:colcon.colcon_core.shell:Creating package descriptor '/home/ubuntu/my_n10_topic/workspace/install/wheeltec_robot_urdf/share/wheeltec_robot_urdf/package.dsv'
[0.653s] INFO:colcon.colcon_core.shell:Creating package script '/home/ubuntu/my_n10_topic/workspace/install/wheeltec_robot_urdf/share/wheeltec_robot_urdf/package.sh'
[0.658s] INFO:colcon.colcon_core.shell:Creating package script '/home/ubuntu/my_n10_topic/workspace/install/wheeltec_robot_urdf/share/wheeltec_robot_urdf/package.bash'
[0.659s] INFO:colcon.colcon_core.shell:Creating package script '/home/ubuntu/my_n10_topic/workspace/install/wheeltec_robot_urdf/share/wheeltec_robot_urdf/package.zsh'
[0.661s] Level 1:colcon.colcon_core.environment:create_file_with_runtime_dependencies(/home/ubuntu/my_n10_topic/workspace/install/wheeltec_robot_urdf/share/colcon-core/packages/wheeltec_robot_urdf)
[0.664s] DEBUG:colcon.colcon_core.event_handler.log_command:Invoked command in '/home/ubuntu/my_n10_topic/workspace/build/wheeltec_robot_urdf' returned '0': CMAKE_PREFIX_PATH=${CMAKE_PREFIX_PATH}:/opt/ros/humble /usr/bin/cmake --install /home/ubuntu/my_n10_topic/workspace/build/wheeltec_robot_urdf
[0.665s] Level 1:colcon.colcon_core.environment:create_environment_scripts_only(wheeltec_robot_urdf)
[0.666s] Level 1:colcon.colcon_core.environment:checking '/home/ubuntu/my_n10_topic/workspace/install/wheeltec_robot_urdf' for CMake module files
[0.667s] Level 1:colcon.colcon_core.environment:checking '/home/ubuntu/my_n10_topic/workspace/install/wheeltec_robot_urdf' for CMake config files
[0.668s] Level 1:colcon.colcon_core.shell:create_environment_hook('wheeltec_robot_urdf', 'cmake_prefix_path')
[0.668s] INFO:colcon.colcon_core.shell:Creating environment hook '/home/ubuntu/my_n10_topic/workspace/install/wheeltec_robot_urdf/share/wheeltec_robot_urdf/hook/cmake_prefix_path.ps1'
[0.669s] INFO:colcon.colcon_core.shell:Creating environment descriptor '/home/ubuntu/my_n10_topic/workspace/install/wheeltec_robot_urdf/share/wheeltec_robot_urdf/hook/cmake_prefix_path.dsv'
[0.670s] INFO:colcon.colcon_core.shell:Creating environment hook '/home/ubuntu/my_n10_topic/workspace/install/wheeltec_robot_urdf/share/wheeltec_robot_urdf/hook/cmake_prefix_path.sh'
[0.670s] Level 1:colcon.colcon_core.environment:checking '/home/ubuntu/my_n10_topic/workspace/install/wheeltec_robot_urdf/bin'
[0.670s] Level 1:colcon.colcon_core.environment:checking '/home/ubuntu/my_n10_topic/workspace/install/wheeltec_robot_urdf/lib/pkgconfig/wheeltec_robot_urdf.pc'
[0.671s] Level 1:colcon.colcon_core.environment:checking '/home/ubuntu/my_n10_topic/workspace/install/wheeltec_robot_urdf/lib/python3.10/site-packages'
[0.671s] Level 1:colcon.colcon_core.environment:checking '/home/ubuntu/my_n10_topic/workspace/install/wheeltec_robot_urdf/bin'
[0.671s] INFO:colcon.colcon_core.shell:Creating package script '/home/ubuntu/my_n10_topic/workspace/install/wheeltec_robot_urdf/share/wheeltec_robot_urdf/package.ps1'
[0.672s] INFO:colcon.colcon_core.shell:Creating package descriptor '/home/ubuntu/my_n10_topic/workspace/install/wheeltec_robot_urdf/share/wheeltec_robot_urdf/package.dsv'
[0.673s] INFO:colcon.colcon_core.shell:Creating package script '/home/ubuntu/my_n10_topic/workspace/install/wheeltec_robot_urdf/share/wheeltec_robot_urdf/package.sh'
[0.673s] INFO:colcon.colcon_core.shell:Creating package script '/home/ubuntu/my_n10_topic/workspace/install/wheeltec_robot_urdf/share/wheeltec_robot_urdf/package.bash'
[0.674s] INFO:colcon.colcon_core.shell:Creating package script '/home/ubuntu/my_n10_topic/workspace/install/wheeltec_robot_urdf/share/wheeltec_robot_urdf/package.zsh'
[0.674s] Level 1:colcon.colcon_core.environment:create_file_with_runtime_dependencies(/home/ubuntu/my_n10_topic/workspace/install/wheeltec_robot_urdf/share/colcon-core/packages/wheeltec_robot_urdf)
[0.676s] DEBUG:colcon.colcon_core.event_handler.log_command:Invoked command in '/home/ubuntu/my_n10_topic/workspace/build/wheeltec_slam_toolbox' returned '0': CMAKE_PREFIX_PATH=${CMAKE_PREFIX_PATH}:/opt/ros/humble /usr/bin/cmake --build /home/ubuntu/my_n10_topic/workspace/build/wheeltec_slam_toolbox -- -j12 -l12
[0.680s] DEBUG:colcon.colcon_core.event_handler.log_command:Invoking command in '/home/ubuntu/my_n10_topic/workspace/build/wheeltec_slam_toolbox': CMAKE_PREFIX_PATH=${CMAKE_PREFIX_PATH}:/opt/ros/humble /usr/bin/cmake --install /home/ubuntu/my_n10_topic/workspace/build/wheeltec_slam_toolbox
[0.694s] Level 1:colcon.colcon_core.environment:create_environment_scripts_only(wheeltec_slam_toolbox)
[0.695s] Level 1:colcon.colcon_core.environment:checking '/home/ubuntu/my_n10_topic/workspace/install/wheeltec_slam_toolbox' for CMake module files
[0.695s] Level 1:colcon.colcon_core.environment:checking '/home/ubuntu/my_n10_topic/workspace/install/wheeltec_slam_toolbox' for CMake config files
[0.697s] DEBUG:colcon.colcon_core.event_handler.log_command:Invoked command in '/home/ubuntu/my_n10_topic/workspace/build/wheeltec_slam_toolbox' returned '0': CMAKE_PREFIX_PATH=${CMAKE_PREFIX_PATH}:/opt/ros/humble /usr/bin/cmake --install /home/ubuntu/my_n10_topic/workspace/build/wheeltec_slam_toolbox
[0.697s] Level 1:colcon.colcon_core.shell:create_environment_hook('wheeltec_slam_toolbox', 'cmake_prefix_path')
[0.697s] INFO:colcon.colcon_core.shell:Creating environment hook '/home/ubuntu/my_n10_topic/workspace/install/wheeltec_slam_toolbox/share/wheeltec_slam_toolbox/hook/cmake_prefix_path.ps1'
[0.699s] INFO:colcon.colcon_core.shell:Creating environment descriptor '/home/ubuntu/my_n10_topic/workspace/install/wheeltec_slam_toolbox/share/wheeltec_slam_toolbox/hook/cmake_prefix_path.dsv'
[0.700s] INFO:colcon.colcon_core.shell:Creating environment hook '/home/ubuntu/my_n10_topic/workspace/install/wheeltec_slam_toolbox/share/wheeltec_slam_toolbox/hook/cmake_prefix_path.sh'
[0.701s] Level 1:colcon.colcon_core.environment:checking '/home/ubuntu/my_n10_topic/workspace/install/wheeltec_slam_toolbox/lib'
[0.701s] Level 1:colcon.colcon_core.environment:checking '/home/ubuntu/my_n10_topic/workspace/install/wheeltec_slam_toolbox/bin'
[0.701s] Level 1:colcon.colcon_core.environment:checking '/home/ubuntu/my_n10_topic/workspace/install/wheeltec_slam_toolbox/lib/pkgconfig/wheeltec_slam_toolbox.pc'
[0.702s] Level 1:colcon.colcon_core.environment:checking '/home/ubuntu/my_n10_topic/workspace/install/wheeltec_slam_toolbox/lib/python3.10/site-packages'
[0.702s] Level 1:colcon.colcon_core.environment:checking '/home/ubuntu/my_n10_topic/workspace/install/wheeltec_slam_toolbox/bin'
[0.702s] INFO:colcon.colcon_core.shell:Creating package script '/home/ubuntu/my_n10_topic/workspace/install/wheeltec_slam_toolbox/share/wheeltec_slam_toolbox/package.ps1'
[0.703s] INFO:colcon.colcon_core.shell:Creating package descriptor '/home/ubuntu/my_n10_topic/workspace/install/wheeltec_slam_toolbox/share/wheeltec_slam_toolbox/package.dsv'
[0.704s] INFO:colcon.colcon_core.shell:Creating package script '/home/ubuntu/my_n10_topic/workspace/install/wheeltec_slam_toolbox/share/wheeltec_slam_toolbox/package.sh'
[0.705s] INFO:colcon.colcon_core.shell:Creating package script '/home/ubuntu/my_n10_topic/workspace/install/wheeltec_slam_toolbox/share/wheeltec_slam_toolbox/package.bash'
[0.706s] INFO:colcon.colcon_core.shell:Creating package script '/home/ubuntu/my_n10_topic/workspace/install/wheeltec_slam_toolbox/share/wheeltec_slam_toolbox/package.zsh'
[0.707s] Level 1:colcon.colcon_core.environment:create_file_with_runtime_dependencies(/home/ubuntu/my_n10_topic/workspace/install/wheeltec_slam_toolbox/share/colcon-core/packages/wheeltec_slam_toolbox)
[0.708s] Level 1:colcon.colcon_core.environment:create_environment_scripts_only(wheeltec_slam_toolbox)
[0.708s] Level 1:colcon.colcon_core.environment:checking '/home/ubuntu/my_n10_topic/workspace/install/wheeltec_slam_toolbox' for CMake module files
[0.708s] Level 1:colcon.colcon_core.environment:checking '/home/ubuntu/my_n10_topic/workspace/install/wheeltec_slam_toolbox' for CMake config files
[0.709s] Level 1:colcon.colcon_core.shell:create_environment_hook('wheeltec_slam_toolbox', 'cmake_prefix_path')
[0.709s] INFO:colcon.colcon_core.shell:Creating environment hook '/home/ubuntu/my_n10_topic/workspace/install/wheeltec_slam_toolbox/share/wheeltec_slam_toolbox/hook/cmake_prefix_path.ps1'
[0.709s] INFO:colcon.colcon_core.shell:Creating environment descriptor '/home/ubuntu/my_n10_topic/workspace/install/wheeltec_slam_toolbox/share/wheeltec_slam_toolbox/hook/cmake_prefix_path.dsv'
[0.710s] INFO:colcon.colcon_core.shell:Creating environment hook '/home/ubuntu/my_n10_topic/workspace/install/wheeltec_slam_toolbox/share/wheeltec_slam_toolbox/hook/cmake_prefix_path.sh'
[0.710s] Level 1:colcon.colcon_core.environment:checking '/home/ubuntu/my_n10_topic/workspace/install/wheeltec_slam_toolbox/lib'
[0.711s] Level 1:colcon.colcon_core.environment:checking '/home/ubuntu/my_n10_topic/workspace/install/wheeltec_slam_toolbox/bin'
[0.711s] Level 1:colcon.colcon_core.environment:checking '/home/ubuntu/my_n10_topic/workspace/install/wheeltec_slam_toolbox/lib/pkgconfig/wheeltec_slam_toolbox.pc'
[0.711s] Level 1:colcon.colcon_core.environment:checking '/home/ubuntu/my_n10_topic/workspace/install/wheeltec_slam_toolbox/lib/python3.10/site-packages'
[0.711s] Level 1:colcon.colcon_core.environment:checking '/home/ubuntu/my_n10_topic/workspace/install/wheeltec_slam_toolbox/bin'
[0.711s] INFO:colcon.colcon_core.shell:Creating package script '/home/ubuntu/my_n10_topic/workspace/install/wheeltec_slam_toolbox/share/wheeltec_slam_toolbox/package.ps1'
[0.712s] INFO:colcon.colcon_core.shell:Creating package descriptor '/home/ubuntu/my_n10_topic/workspace/install/wheeltec_slam_toolbox/share/wheeltec_slam_toolbox/package.dsv'
[0.712s] INFO:colcon.colcon_core.shell:Creating package script '/home/ubuntu/my_n10_topic/workspace/install/wheeltec_slam_toolbox/share/wheeltec_slam_toolbox/package.sh'
[0.712s] INFO:colcon.colcon_core.shell:Creating package script '/home/ubuntu/my_n10_topic/workspace/install/wheeltec_slam_toolbox/share/wheeltec_slam_toolbox/package.bash'
[0.713s] INFO:colcon.colcon_core.shell:Creating package script '/home/ubuntu/my_n10_topic/workspace/install/wheeltec_slam_toolbox/share/wheeltec_slam_toolbox/package.zsh'
[0.714s] Level 1:colcon.colcon_core.environment:create_file_with_runtime_dependencies(/home/ubuntu/my_n10_topic/workspace/install/wheeltec_slam_toolbox/share/colcon-core/packages/wheeltec_slam_toolbox)
[1.031s] DEBUG:colcon.colcon_core.event_handler.log_command:Invoked command in '/home/ubuntu/my_n10_topic/workspace/build/wheeltec_robot_msg' returned '0': CMAKE_PREFIX_PATH=${CMAKE_PREFIX_PATH}:/opt/ros/humble /usr/bin/cmake --build /home/ubuntu/my_n10_topic/workspace/build/wheeltec_robot_msg -- -j12 -l12
[1.036s] DEBUG:colcon.colcon_core.event_handler.log_command:Invoking command in '/home/ubuntu/my_n10_topic/workspace/build/wheeltec_robot_msg': CMAKE_PREFIX_PATH=${CMAKE_PREFIX_PATH}:/opt/ros/humble /usr/bin/cmake --install /home/ubuntu/my_n10_topic/workspace/build/wheeltec_robot_msg
[1.045s] DEBUG:colcon.colcon_core.event_handler.log_command:Invoked command in '/home/ubuntu/my_n10_topic/workspace/build/lslidar_msgs' returned '0': CMAKE_PREFIX_PATH=${CMAKE_PREFIX_PATH}:/opt/ros/humble /usr/bin/cmake --build /home/ubuntu/my_n10_topic/workspace/build/lslidar_msgs -- -j12 -l12
[1.051s] DEBUG:colcon.colcon_core.event_handler.log_command:Invoking command in '/home/ubuntu/my_n10_topic/workspace/build/lslidar_msgs': CMAKE_PREFIX_PATH=${CMAKE_PREFIX_PATH}:/opt/ros/humble /usr/bin/cmake --install /home/ubuntu/my_n10_topic/workspace/build/lslidar_msgs
[1.101s] Level 1:colcon.colcon_core.environment:create_environment_scripts_only(lslidar_msgs)
[1.101s] Level 1:colcon.colcon_core.environment:checking '/home/ubuntu/my_n10_topic/workspace/install/lslidar_msgs' for CMake module files
[1.102s] DEBUG:colcon.colcon_core.event_handler.log_command:Invoked command in '/home/ubuntu/my_n10_topic/workspace/build/lslidar_msgs' returned '0': CMAKE_PREFIX_PATH=${CMAKE_PREFIX_PATH}:/opt/ros/humble /usr/bin/cmake --install /home/ubuntu/my_n10_topic/workspace/build/lslidar_msgs
[1.103s] Level 1:colcon.colcon_core.environment:checking '/home/ubuntu/my_n10_topic/workspace/install/lslidar_msgs' for CMake config files
[1.104s] Level 1:colcon.colcon_core.shell:create_environment_hook('lslidar_msgs', 'cmake_prefix_path')
[1.104s] INFO:colcon.colcon_core.shell:Creating environment hook '/home/ubuntu/my_n10_topic/workspace/install/lslidar_msgs/share/lslidar_msgs/hook/cmake_prefix_path.ps1'
[1.105s] INFO:colcon.colcon_core.shell:Creating environment descriptor '/home/ubuntu/my_n10_topic/workspace/install/lslidar_msgs/share/lslidar_msgs/hook/cmake_prefix_path.dsv'
[1.105s] INFO:colcon.colcon_core.shell:Creating environment hook '/home/ubuntu/my_n10_topic/workspace/install/lslidar_msgs/share/lslidar_msgs/hook/cmake_prefix_path.sh'
[1.106s] Level 1:colcon.colcon_core.environment:checking '/home/ubuntu/my_n10_topic/workspace/install/lslidar_msgs/lib'
[1.107s] Level 1:colcon.colcon_core.shell:create_environment_hook('lslidar_msgs', 'ld_library_path_lib')
[1.107s] INFO:colcon.colcon_core.shell:Creating environment hook '/home/ubuntu/my_n10_topic/workspace/install/lslidar_msgs/share/lslidar_msgs/hook/ld_library_path_lib.ps1'
[1.109s] INFO:colcon.colcon_core.shell:Creating environment descriptor '/home/ubuntu/my_n10_topic/workspace/install/lslidar_msgs/share/lslidar_msgs/hook/ld_library_path_lib.dsv'
[1.109s] INFO:colcon.colcon_core.shell:Creating environment hook '/home/ubuntu/my_n10_topic/workspace/install/lslidar_msgs/share/lslidar_msgs/hook/ld_library_path_lib.sh'
[1.110s] Level 1:colcon.colcon_core.environment:checking '/home/ubuntu/my_n10_topic/workspace/install/lslidar_msgs/bin'
[1.110s] Level 1:colcon.colcon_core.environment:checking '/home/ubuntu/my_n10_topic/workspace/install/lslidar_msgs/lib/pkgconfig/lslidar_msgs.pc'
[1.110s] Level 1:colcon.colcon_core.environment:checking '/home/ubuntu/my_n10_topic/workspace/install/lslidar_msgs/lib/python3.10/site-packages'
[1.111s] Level 1:colcon.colcon_core.environment:checking '/home/ubuntu/my_n10_topic/workspace/install/lslidar_msgs/bin'
[1.111s] INFO:colcon.colcon_core.shell:Creating package script '/home/ubuntu/my_n10_topic/workspace/install/lslidar_msgs/share/lslidar_msgs/package.ps1'
[1.112s] INFO:colcon.colcon_core.shell:Creating package descriptor '/home/ubuntu/my_n10_topic/workspace/install/lslidar_msgs/share/lslidar_msgs/package.dsv'
[1.113s] INFO:colcon.colcon_core.shell:Creating package script '/home/ubuntu/my_n10_topic/workspace/install/lslidar_msgs/share/lslidar_msgs/package.sh'
[1.114s] INFO:colcon.colcon_core.shell:Creating package script '/home/ubuntu/my_n10_topic/workspace/install/lslidar_msgs/share/lslidar_msgs/package.bash'
[1.114s] INFO:colcon.colcon_core.shell:Creating package script '/home/ubuntu/my_n10_topic/workspace/install/lslidar_msgs/share/lslidar_msgs/package.zsh'
[1.115s] Level 1:colcon.colcon_core.environment:create_file_with_runtime_dependencies(/home/ubuntu/my_n10_topic/workspace/install/lslidar_msgs/share/colcon-core/packages/lslidar_msgs)
[1.116s] Level 1:colcon.colcon_core.environment:create_environment_scripts_only(lslidar_msgs)
[1.116s] Level 1:colcon.colcon_core.environment:checking '/home/ubuntu/my_n10_topic/workspace/install/lslidar_msgs' for CMake module files
[1.119s] Level 1:colcon.colcon_core.environment:checking '/home/ubuntu/my_n10_topic/workspace/install/lslidar_msgs' for CMake config files
[1.119s] Level 1:colcon.colcon_core.shell:create_environment_hook('lslidar_msgs', 'cmake_prefix_path')
[1.120s] INFO:colcon.colcon_core.shell:Creating environment hook '/home/ubuntu/my_n10_topic/workspace/install/lslidar_msgs/share/lslidar_msgs/hook/cmake_prefix_path.ps1'
[1.120s] INFO:colcon.colcon_core.shell:Creating environment descriptor '/home/ubuntu/my_n10_topic/workspace/install/lslidar_msgs/share/lslidar_msgs/hook/cmake_prefix_path.dsv'
[1.125s] INFO:colcon.colcon_core.shell:Creating environment hook '/home/ubuntu/my_n10_topic/workspace/install/lslidar_msgs/share/lslidar_msgs/hook/cmake_prefix_path.sh'
[1.133s] Level 1:colcon.colcon_core.environment:checking '/home/ubuntu/my_n10_topic/workspace/install/lslidar_msgs/lib'
[1.133s] Level 1:colcon.colcon_core.shell:create_environment_hook('lslidar_msgs', 'ld_library_path_lib')
[1.134s] INFO:colcon.colcon_core.shell:Creating environment hook '/home/ubuntu/my_n10_topic/workspace/install/lslidar_msgs/share/lslidar_msgs/hook/ld_library_path_lib.ps1'
[1.134s] INFO:colcon.colcon_core.shell:Creating environment descriptor '/home/ubuntu/my_n10_topic/workspace/install/lslidar_msgs/share/lslidar_msgs/hook/ld_library_path_lib.dsv'
[1.135s] INFO:colcon.colcon_core.shell:Creating environment hook '/home/ubuntu/my_n10_topic/workspace/install/lslidar_msgs/share/lslidar_msgs/hook/ld_library_path_lib.sh'
[1.136s] Level 1:colcon.colcon_core.environment:checking '/home/ubuntu/my_n10_topic/workspace/install/lslidar_msgs/bin'
[1.136s] Level 1:colcon.colcon_core.environment:checking '/home/ubuntu/my_n10_topic/workspace/install/lslidar_msgs/lib/pkgconfig/lslidar_msgs.pc'
[1.136s] Level 1:colcon.colcon_core.environment:checking '/home/ubuntu/my_n10_topic/workspace/install/lslidar_msgs/lib/python3.10/site-packages'
[1.136s] Level 1:colcon.colcon_core.environment:checking '/home/ubuntu/my_n10_topic/workspace/install/lslidar_msgs/bin'
[1.137s] INFO:colcon.colcon_core.shell:Creating package script '/home/ubuntu/my_n10_topic/workspace/install/lslidar_msgs/share/lslidar_msgs/package.ps1'
[1.138s] INFO:colcon.colcon_core.shell:Creating package descriptor '/home/ubuntu/my_n10_topic/workspace/install/lslidar_msgs/share/lslidar_msgs/package.dsv'
[1.138s] INFO:colcon.colcon_core.shell:Creating package script '/home/ubuntu/my_n10_topic/workspace/install/lslidar_msgs/share/lslidar_msgs/package.sh'
[1.140s] INFO:colcon.colcon_core.shell:Creating package script '/home/ubuntu/my_n10_topic/workspace/install/lslidar_msgs/share/lslidar_msgs/package.bash'
[1.140s] INFO:colcon.colcon_core.shell:Creating package script '/home/ubuntu/my_n10_topic/workspace/install/lslidar_msgs/share/lslidar_msgs/package.zsh'
[1.141s] Level 1:colcon.colcon_core.environment:create_file_with_runtime_dependencies(/home/ubuntu/my_n10_topic/workspace/install/lslidar_msgs/share/colcon-core/packages/lslidar_msgs)
[1.142s] INFO:colcon.colcon_ros.task.ament_cmake.build:Building ROS package in '/home/ubuntu/my_n10_topic/workspace/src/LSLIDAR_X_ROS2-20240228/src/lslidar_driver' with build type 'ament_cmake'
[1.142s] INFO:colcon.colcon_cmake.task.cmake.build:Building CMake package in '/home/ubuntu/my_n10_topic/workspace/src/LSLIDAR_X_ROS2-20240228/src/lslidar_driver'
[1.142s] INFO:colcon.colcon_core.shell:Skip shell extension 'powershell' for command environment: Not usable outside of PowerShell
[1.143s] DEBUG:colcon.colcon_core.shell:Skip shell extension 'dsv' for command environment
[1.151s] Level 1:colcon.colcon_core.environment:create_environment_scripts_only(wheeltec_robot_msg)
[1.152s] Level 1:colcon.colcon_core.environment:checking '/home/ubuntu/my_n10_topic/workspace/install/wheeltec_robot_msg' for CMake module files
[1.153s] DEBUG:colcon.colcon_core.event_handler.log_command:Invoked command in '/home/ubuntu/my_n10_topic/workspace/build/wheeltec_robot_msg' returned '0': CMAKE_PREFIX_PATH=${CMAKE_PREFIX_PATH}:/opt/ros/humble /usr/bin/cmake --install /home/ubuntu/my_n10_topic/workspace/build/wheeltec_robot_msg
[1.153s] Level 1:colcon.colcon_core.environment:checking '/home/ubuntu/my_n10_topic/workspace/install/wheeltec_robot_msg' for CMake config files
[1.153s] Level 1:colcon.colcon_core.shell:create_environment_hook('wheeltec_robot_msg', 'cmake_prefix_path')
[1.154s] INFO:colcon.colcon_core.shell:Creating environment hook '/home/ubuntu/my_n10_topic/workspace/install/wheeltec_robot_msg/share/wheeltec_robot_msg/hook/cmake_prefix_path.ps1'
[1.154s] INFO:colcon.colcon_core.shell:Creating environment descriptor '/home/ubuntu/my_n10_topic/workspace/install/wheeltec_robot_msg/share/wheeltec_robot_msg/hook/cmake_prefix_path.dsv'
[1.155s] INFO:colcon.colcon_core.shell:Creating environment hook '/home/ubuntu/my_n10_topic/workspace/install/wheeltec_robot_msg/share/wheeltec_robot_msg/hook/cmake_prefix_path.sh'
[1.156s] Level 1:colcon.colcon_core.environment:checking '/home/ubuntu/my_n10_topic/workspace/install/wheeltec_robot_msg/lib'
[1.156s] Level 1:colcon.colcon_core.shell:create_environment_hook('wheeltec_robot_msg', 'ld_library_path_lib')
[1.156s] INFO:colcon.colcon_core.shell:Creating environment hook '/home/ubuntu/my_n10_topic/workspace/install/wheeltec_robot_msg/share/wheeltec_robot_msg/hook/ld_library_path_lib.ps1'
[1.157s] INFO:colcon.colcon_core.shell:Creating environment descriptor '/home/ubuntu/my_n10_topic/workspace/install/wheeltec_robot_msg/share/wheeltec_robot_msg/hook/ld_library_path_lib.dsv'
[1.158s] INFO:colcon.colcon_core.shell:Creating environment hook '/home/ubuntu/my_n10_topic/workspace/install/wheeltec_robot_msg/share/wheeltec_robot_msg/hook/ld_library_path_lib.sh'
[1.158s] Level 1:colcon.colcon_core.environment:checking '/home/ubuntu/my_n10_topic/workspace/install/wheeltec_robot_msg/bin'
[1.159s] Level 1:colcon.colcon_core.environment:checking '/home/ubuntu/my_n10_topic/workspace/install/wheeltec_robot_msg/lib/pkgconfig/wheeltec_robot_msg.pc'
[1.159s] Level 1:colcon.colcon_core.environment:checking '/home/ubuntu/my_n10_topic/workspace/install/wheeltec_robot_msg/lib/python3.10/site-packages'
[1.159s] Level 1:colcon.colcon_core.environment:checking '/home/ubuntu/my_n10_topic/workspace/install/wheeltec_robot_msg/bin'
[1.159s] INFO:colcon.colcon_core.shell:Creating package script '/home/ubuntu/my_n10_topic/workspace/install/wheeltec_robot_msg/share/wheeltec_robot_msg/package.ps1'
[1.160s] INFO:colcon.colcon_core.shell:Creating package descriptor '/home/ubuntu/my_n10_topic/workspace/install/wheeltec_robot_msg/share/wheeltec_robot_msg/package.dsv'
[1.161s] INFO:colcon.colcon_core.shell:Creating package script '/home/ubuntu/my_n10_topic/workspace/install/wheeltec_robot_msg/share/wheeltec_robot_msg/package.sh'
[1.161s] INFO:colcon.colcon_core.shell:Creating package script '/home/ubuntu/my_n10_topic/workspace/install/wheeltec_robot_msg/share/wheeltec_robot_msg/package.bash'
[1.162s] INFO:colcon.colcon_core.shell:Creating package script '/home/ubuntu/my_n10_topic/workspace/install/wheeltec_robot_msg/share/wheeltec_robot_msg/package.zsh'
[1.162s] Level 1:colcon.colcon_core.environment:create_file_with_runtime_dependencies(/home/ubuntu/my_n10_topic/workspace/install/wheeltec_robot_msg/share/colcon-core/packages/wheeltec_robot_msg)
[1.162s] Level 1:colcon.colcon_core.environment:create_environment_scripts_only(wheeltec_robot_msg)
[1.163s] Level 1:colcon.colcon_core.environment:checking '/home/ubuntu/my_n10_topic/workspace/install/wheeltec_robot_msg' for CMake module files
[1.164s] Level 1:colcon.colcon_core.environment:checking '/home/ubuntu/my_n10_topic/workspace/install/wheeltec_robot_msg' for CMake config files
[1.164s] Level 1:colcon.colcon_core.shell:create_environment_hook('wheeltec_robot_msg', 'cmake_prefix_path')
[1.164s] INFO:colcon.colcon_core.shell:Creating environment hook '/home/ubuntu/my_n10_topic/workspace/install/wheeltec_robot_msg/share/wheeltec_robot_msg/hook/cmake_prefix_path.ps1'
[1.165s] INFO:colcon.colcon_core.shell:Creating environment descriptor '/home/ubuntu/my_n10_topic/workspace/install/wheeltec_robot_msg/share/wheeltec_robot_msg/hook/cmake_prefix_path.dsv'
[1.165s] INFO:colcon.colcon_core.shell:Creating environment hook '/home/ubuntu/my_n10_topic/workspace/install/wheeltec_robot_msg/share/wheeltec_robot_msg/hook/cmake_prefix_path.sh'
[1.166s] Level 1:colcon.colcon_core.environment:checking '/home/ubuntu/my_n10_topic/workspace/install/wheeltec_robot_msg/lib'
[1.166s] Level 1:colcon.colcon_core.shell:create_environment_hook('wheeltec_robot_msg', 'ld_library_path_lib')
[1.167s] INFO:colcon.colcon_core.shell:Creating environment hook '/home/ubuntu/my_n10_topic/workspace/install/wheeltec_robot_msg/share/wheeltec_robot_msg/hook/ld_library_path_lib.ps1'
[1.167s] INFO:colcon.colcon_core.shell:Creating environment descriptor '/home/ubuntu/my_n10_topic/workspace/install/wheeltec_robot_msg/share/wheeltec_robot_msg/hook/ld_library_path_lib.dsv'
[1.168s] INFO:colcon.colcon_core.shell:Creating environment hook '/home/ubuntu/my_n10_topic/workspace/install/wheeltec_robot_msg/share/wheeltec_robot_msg/hook/ld_library_path_lib.sh'
[1.168s] Level 1:colcon.colcon_core.environment:checking '/home/ubuntu/my_n10_topic/workspace/install/wheeltec_robot_msg/bin'
[1.168s] Level 1:colcon.colcon_core.environment:checking '/home/ubuntu/my_n10_topic/workspace/install/wheeltec_robot_msg/lib/pkgconfig/wheeltec_robot_msg.pc'
[1.169s] Level 1:colcon.colcon_core.environment:checking '/home/ubuntu/my_n10_topic/workspace/install/wheeltec_robot_msg/lib/python3.10/site-packages'
[1.169s] Level 1:colcon.colcon_core.environment:checking '/home/ubuntu/my_n10_topic/workspace/install/wheeltec_robot_msg/bin'
[1.169s] INFO:colcon.colcon_core.shell:Creating package script '/home/ubuntu/my_n10_topic/workspace/install/wheeltec_robot_msg/share/wheeltec_robot_msg/package.ps1'
[1.170s] INFO:colcon.colcon_core.shell:Creating package descriptor '/home/ubuntu/my_n10_topic/workspace/install/wheeltec_robot_msg/share/wheeltec_robot_msg/package.dsv'
[1.171s] INFO:colcon.colcon_core.shell:Creating package script '/home/ubuntu/my_n10_topic/workspace/install/wheeltec_robot_msg/share/wheeltec_robot_msg/package.sh'
[1.172s] INFO:colcon.colcon_core.shell:Creating package script '/home/ubuntu/my_n10_topic/workspace/install/wheeltec_robot_msg/share/wheeltec_robot_msg/package.bash'
[1.172s] INFO:colcon.colcon_core.shell:Creating package script '/home/ubuntu/my_n10_topic/workspace/install/wheeltec_robot_msg/share/wheeltec_robot_msg/package.zsh'
[1.173s] Level 1:colcon.colcon_core.environment:create_file_with_runtime_dependencies(/home/ubuntu/my_n10_topic/workspace/install/wheeltec_robot_msg/share/colcon-core/packages/wheeltec_robot_msg)
[1.175s] INFO:colcon.colcon_ros.task.ament_cmake.build:Building ROS package in '/home/ubuntu/my_n10_topic/workspace/src/turn_on_wheeltec_robot' with build type 'ament_cmake'
[1.175s] INFO:colcon.colcon_cmake.task.cmake.build:Building CMake package in '/home/ubuntu/my_n10_topic/workspace/src/turn_on_wheeltec_robot'
[1.175s] INFO:colcon.colcon_core.shell:Skip shell extension 'powershell' for command environment: Not usable outside of PowerShell
[1.175s] DEBUG:colcon.colcon_core.shell:Skip shell extension 'dsv' for command environment
[1.185s] DEBUG:colcon.colcon_core.event_handler.log_command:Invoking command in '/home/ubuntu/my_n10_topic/workspace/build/lslidar_driver': CMAKE_PREFIX_PATH=/home/ubuntu/my_n10_topic/workspace/install/lslidar_msgs:/home/ubuntu/my_n10_topic/workspace/install/wheeltec_slam_toolbox:/home/ubuntu/my_n10_topic/workspace/install/wheeltec_cartographer:/home/ubuntu/my_n10_topic/workspace/install/slam_gmapping:/home/ubuntu/my_n10_topic/workspace/install/openslam_gmapping:/home/ubuntu/my_n10_topic/workspace/install/wheeltec_robot_urdf:/home/ubuntu/my_n10_topic/workspace/install/turn_on_wheeltec_robot:/home/ubuntu/my_n10_topic/workspace/install/wheeltec_robot_msg:/home/ubuntu/my_n10_topic/workspace/install/lslidar_driver:/home/ubuntu/lidar_ros2/lidar_ws/install/serial:/home/ubuntu/lidar_ros2/lidar_ws/install/serial:/opt/ros/humble LD_LIBRARY_PATH=/home/ubuntu/my_n10_topic/workspace/install/lslidar_msgs/lib:/home/ubuntu/my_n10_topic/workspace/install/openslam_gmapping/lib:/home/ubuntu/my_n10_topic/workspace/install/turn_on_wheeltec_robot/lib:/home/ubuntu/my_n10_topic/workspace/install/wheeltec_robot_msg/lib:/usr/lib/x86_64-linux-gnu/gazebo-11/plugins:/opt/ros/humble/opt/rviz_ogre_vendor/lib:/opt/ros/humble/lib/x86_64-linux-gnu:/opt/ros/humble/lib /usr/bin/cmake --build /home/ubuntu/my_n10_topic/workspace/build/lslidar_driver -- -j12 -l12
[1.199s] DEBUG:colcon.colcon_core.event_handler.log_command:Invoking command in '/home/ubuntu/my_n10_topic/workspace/build/turn_on_wheeltec_robot': CMAKE_PREFIX_PATH=/home/ubuntu/my_n10_topic/workspace/install/wheeltec_robot_msg:/home/ubuntu/my_n10_topic/workspace/install/wheeltec_slam_toolbox:/home/ubuntu/my_n10_topic/workspace/install/wheeltec_cartographer:/home/ubuntu/my_n10_topic/workspace/install/slam_gmapping:/home/ubuntu/my_n10_topic/workspace/install/openslam_gmapping:/home/ubuntu/my_n10_topic/workspace/install/wheeltec_robot_urdf:/home/ubuntu/my_n10_topic/workspace/install/turn_on_wheeltec_robot:/home/ubuntu/my_n10_topic/workspace/install/lslidar_driver:/home/ubuntu/my_n10_topic/workspace/install/lslidar_msgs:/home/ubuntu/lidar_ros2/lidar_ws/install/serial:/home/ubuntu/lidar_ros2/lidar_ws/install/serial:/opt/ros/humble LD_LIBRARY_PATH=/home/ubuntu/my_n10_topic/workspace/install/wheeltec_robot_msg/lib:/home/ubuntu/my_n10_topic/workspace/install/openslam_gmapping/lib:/home/ubuntu/my_n10_topic/workspace/install/turn_on_wheeltec_robot/lib:/home/ubuntu/my_n10_topic/workspace/install/lslidar_msgs/lib:/usr/lib/x86_64-linux-gnu/gazebo-11/plugins:/opt/ros/humble/opt/rviz_ogre_vendor/lib:/opt/ros/humble/lib/x86_64-linux-gnu:/opt/ros/humble/lib /usr/bin/cmake --build /home/ubuntu/my_n10_topic/workspace/build/turn_on_wheeltec_robot -- -j12 -l12
[1.342s] DEBUG:colcon.colcon_core.event_handler.log_command:Invoked command in '/home/ubuntu/my_n10_topic/workspace/build/lslidar_driver' returned '0': CMAKE_PREFIX_PATH=/home/ubuntu/my_n10_topic/workspace/install/lslidar_msgs:/home/ubuntu/my_n10_topic/workspace/install/wheeltec_slam_toolbox:/home/ubuntu/my_n10_topic/workspace/install/wheeltec_cartographer:/home/ubuntu/my_n10_topic/workspace/install/slam_gmapping:/home/ubuntu/my_n10_topic/workspace/install/openslam_gmapping:/home/ubuntu/my_n10_topic/workspace/install/wheeltec_robot_urdf:/home/ubuntu/my_n10_topic/workspace/install/turn_on_wheeltec_robot:/home/ubuntu/my_n10_topic/workspace/install/wheeltec_robot_msg:/home/ubuntu/my_n10_topic/workspace/install/lslidar_driver:/home/ubuntu/lidar_ros2/lidar_ws/install/serial:/home/ubuntu/lidar_ros2/lidar_ws/install/serial:/opt/ros/humble LD_LIBRARY_PATH=/home/ubuntu/my_n10_topic/workspace/install/lslidar_msgs/lib:/home/ubuntu/my_n10_topic/workspace/install/openslam_gmapping/lib:/home/ubuntu/my_n10_topic/workspace/install/turn_on_wheeltec_robot/lib:/home/ubuntu/my_n10_topic/workspace/install/wheeltec_robot_msg/lib:/usr/lib/x86_64-linux-gnu/gazebo-11/plugins:/opt/ros/humble/opt/rviz_ogre_vendor/lib:/opt/ros/humble/lib/x86_64-linux-gnu:/opt/ros/humble/lib /usr/bin/cmake --build /home/ubuntu/my_n10_topic/workspace/build/lslidar_driver -- -j12 -l12
[1.346s] DEBUG:colcon.colcon_core.event_handler.log_command:Invoking command in '/home/ubuntu/my_n10_topic/workspace/build/lslidar_driver': CMAKE_PREFIX_PATH=/home/ubuntu/my_n10_topic/workspace/install/lslidar_msgs:/home/ubuntu/my_n10_topic/workspace/install/wheeltec_slam_toolbox:/home/ubuntu/my_n10_topic/workspace/install/wheeltec_cartographer:/home/ubuntu/my_n10_topic/workspace/install/slam_gmapping:/home/ubuntu/my_n10_topic/workspace/install/openslam_gmapping:/home/ubuntu/my_n10_topic/workspace/install/wheeltec_robot_urdf:/home/ubuntu/my_n10_topic/workspace/install/turn_on_wheeltec_robot:/home/ubuntu/my_n10_topic/workspace/install/wheeltec_robot_msg:/home/ubuntu/my_n10_topic/workspace/install/lslidar_driver:/home/ubuntu/lidar_ros2/lidar_ws/install/serial:/home/ubuntu/lidar_ros2/lidar_ws/install/serial:/opt/ros/humble LD_LIBRARY_PATH=/home/ubuntu/my_n10_topic/workspace/install/lslidar_msgs/lib:/home/ubuntu/my_n10_topic/workspace/install/openslam_gmapping/lib:/home/ubuntu/my_n10_topic/workspace/install/turn_on_wheeltec_robot/lib:/home/ubuntu/my_n10_topic/workspace/install/wheeltec_robot_msg/lib:/usr/lib/x86_64-linux-gnu/gazebo-11/plugins:/opt/ros/humble/opt/rviz_ogre_vendor/lib:/opt/ros/humble/lib/x86_64-linux-gnu:/opt/ros/humble/lib /usr/bin/cmake --install /home/ubuntu/my_n10_topic/workspace/build/lslidar_driver
[1.368s] Level 1:colcon.colcon_core.environment:create_environment_scripts_only(lslidar_driver)
[1.369s] Level 1:colcon.colcon_core.environment:checking '/home/ubuntu/my_n10_topic/workspace/install/lslidar_driver' for CMake module files
[1.369s] DEBUG:colcon.colcon_core.event_handler.log_command:Invoked command in '/home/ubuntu/my_n10_topic/workspace/build/lslidar_driver' returned '0': CMAKE_PREFIX_PATH=/home/ubuntu/my_n10_topic/workspace/install/lslidar_msgs:/home/ubuntu/my_n10_topic/workspace/install/wheeltec_slam_toolbox:/home/ubuntu/my_n10_topic/workspace/install/wheeltec_cartographer:/home/ubuntu/my_n10_topic/workspace/install/slam_gmapping:/home/ubuntu/my_n10_topic/workspace/install/openslam_gmapping:/home/ubuntu/my_n10_topic/workspace/install/wheeltec_robot_urdf:/home/ubuntu/my_n10_topic/workspace/install/turn_on_wheeltec_robot:/home/ubuntu/my_n10_topic/workspace/install/wheeltec_robot_msg:/home/ubuntu/my_n10_topic/workspace/install/lslidar_driver:/home/ubuntu/lidar_ros2/lidar_ws/install/serial:/home/ubuntu/lidar_ros2/lidar_ws/install/serial:/opt/ros/humble LD_LIBRARY_PATH=/home/ubuntu/my_n10_topic/workspace/install/lslidar_msgs/lib:/home/ubuntu/my_n10_topic/workspace/install/openslam_gmapping/lib:/home/ubuntu/my_n10_topic/workspace/install/turn_on_wheeltec_robot/lib:/home/ubuntu/my_n10_topic/workspace/install/wheeltec_robot_msg/lib:/usr/lib/x86_64-linux-gnu/gazebo-11/plugins:/opt/ros/humble/opt/rviz_ogre_vendor/lib:/opt/ros/humble/lib/x86_64-linux-gnu:/opt/ros/humble/lib /usr/bin/cmake --install /home/ubuntu/my_n10_topic/workspace/build/lslidar_driver
[1.370s] Level 1:colcon.colcon_core.environment:checking '/home/ubuntu/my_n10_topic/workspace/install/lslidar_driver' for CMake config files
[1.370s] Level 1:colcon.colcon_core.shell:create_environment_hook('lslidar_driver', 'cmake_prefix_path')
[1.371s] INFO:colcon.colcon_core.shell:Creating environment hook '/home/ubuntu/my_n10_topic/workspace/install/lslidar_driver/share/lslidar_driver/hook/cmake_prefix_path.ps1'
[1.372s] INFO:colcon.colcon_core.shell:Creating environment descriptor '/home/ubuntu/my_n10_topic/workspace/install/lslidar_driver/share/lslidar_driver/hook/cmake_prefix_path.dsv'
[1.373s] INFO:colcon.colcon_core.shell:Creating environment hook '/home/ubuntu/my_n10_topic/workspace/install/lslidar_driver/share/lslidar_driver/hook/cmake_prefix_path.sh'
[1.374s] Level 1:colcon.colcon_core.environment:checking '/home/ubuntu/my_n10_topic/workspace/install/lslidar_driver/lib'
[1.374s] Level 1:colcon.colcon_core.environment:checking '/home/ubuntu/my_n10_topic/workspace/install/lslidar_driver/bin'
[1.374s] Level 1:colcon.colcon_core.environment:checking '/home/ubuntu/my_n10_topic/workspace/install/lslidar_driver/lib/pkgconfig/lslidar_driver.pc'
[1.374s] Level 1:colcon.colcon_core.environment:checking '/home/ubuntu/my_n10_topic/workspace/install/lslidar_driver/lib/python3.10/site-packages'
[1.375s] Level 1:colcon.colcon_core.environment:checking '/home/ubuntu/my_n10_topic/workspace/install/lslidar_driver/bin'
[1.375s] INFO:colcon.colcon_core.shell:Creating package script '/home/ubuntu/my_n10_topic/workspace/install/lslidar_driver/share/lslidar_driver/package.ps1'
[1.376s] INFO:colcon.colcon_core.shell:Creating package descriptor '/home/ubuntu/my_n10_topic/workspace/install/lslidar_driver/share/lslidar_driver/package.dsv'
[1.377s] INFO:colcon.colcon_core.shell:Creating package script '/home/ubuntu/my_n10_topic/workspace/install/lslidar_driver/share/lslidar_driver/package.sh'
[1.377s] INFO:colcon.colcon_core.shell:Creating package script '/home/ubuntu/my_n10_topic/workspace/install/lslidar_driver/share/lslidar_driver/package.bash'
[1.378s] INFO:colcon.colcon_core.shell:Creating package script '/home/ubuntu/my_n10_topic/workspace/install/lslidar_driver/share/lslidar_driver/package.zsh'
[1.379s] Level 1:colcon.colcon_core.environment:create_file_with_runtime_dependencies(/home/ubuntu/my_n10_topic/workspace/install/lslidar_driver/share/colcon-core/packages/lslidar_driver)
[1.380s] Level 1:colcon.colcon_core.environment:create_environment_scripts_only(lslidar_driver)
[1.380s] Level 1:colcon.colcon_core.environment:checking '/home/ubuntu/my_n10_topic/workspace/install/lslidar_driver' for CMake module files
[1.381s] Level 1:colcon.colcon_core.environment:checking '/home/ubuntu/my_n10_topic/workspace/install/lslidar_driver' for CMake config files
[1.381s] Level 1:colcon.colcon_core.shell:create_environment_hook('lslidar_driver', 'cmake_prefix_path')
[1.381s] INFO:colcon.colcon_core.shell:Creating environment hook '/home/ubuntu/my_n10_topic/workspace/install/lslidar_driver/share/lslidar_driver/hook/cmake_prefix_path.ps1'
[1.382s] INFO:colcon.colcon_core.shell:Creating environment descriptor '/home/ubuntu/my_n10_topic/workspace/install/lslidar_driver/share/lslidar_driver/hook/cmake_prefix_path.dsv'
[1.383s] INFO:colcon.colcon_core.shell:Creating environment hook '/home/ubuntu/my_n10_topic/workspace/install/lslidar_driver/share/lslidar_driver/hook/cmake_prefix_path.sh'
[1.384s] Level 1:colcon.colcon_core.environment:checking '/home/ubuntu/my_n10_topic/workspace/install/lslidar_driver/lib'
[1.384s] Level 1:colcon.colcon_core.environment:checking '/home/ubuntu/my_n10_topic/workspace/install/lslidar_driver/bin'
[1.384s] Level 1:colcon.colcon_core.environment:checking '/home/ubuntu/my_n10_topic/workspace/install/lslidar_driver/lib/pkgconfig/lslidar_driver.pc'
[1.384s] Level 1:colcon.colcon_core.environment:checking '/home/ubuntu/my_n10_topic/workspace/install/lslidar_driver/lib/python3.10/site-packages'
[1.384s] Level 1:colcon.colcon_core.environment:checking '/home/ubuntu/my_n10_topic/workspace/install/lslidar_driver/bin'
[1.385s] INFO:colcon.colcon_core.shell:Creating package script '/home/ubuntu/my_n10_topic/workspace/install/lslidar_driver/share/lslidar_driver/package.ps1'
[1.385s] INFO:colcon.colcon_core.shell:Creating package descriptor '/home/ubuntu/my_n10_topic/workspace/install/lslidar_driver/share/lslidar_driver/package.dsv'
[1.386s] INFO:colcon.colcon_core.shell:Creating package script '/home/ubuntu/my_n10_topic/workspace/install/lslidar_driver/share/lslidar_driver/package.sh'
[1.387s] INFO:colcon.colcon_core.shell:Creating package script '/home/ubuntu/my_n10_topic/workspace/install/lslidar_driver/share/lslidar_driver/package.bash'
[1.388s] INFO:colcon.colcon_core.shell:Creating package script '/home/ubuntu/my_n10_topic/workspace/install/lslidar_driver/share/lslidar_driver/package.zsh'
[1.388s] Level 1:colcon.colcon_core.environment:create_file_with_runtime_dependencies(/home/ubuntu/my_n10_topic/workspace/install/lslidar_driver/share/colcon-core/packages/lslidar_driver)
[1.748s] DEBUG:colcon.colcon_core.event_handler.log_command:Invoked command in '/home/ubuntu/my_n10_topic/workspace/build/turn_on_wheeltec_robot' returned '0': CMAKE_PREFIX_PATH=/home/ubuntu/my_n10_topic/workspace/install/wheeltec_robot_msg:/home/ubuntu/my_n10_topic/workspace/install/wheeltec_slam_toolbox:/home/ubuntu/my_n10_topic/workspace/install/wheeltec_cartographer:/home/ubuntu/my_n10_topic/workspace/install/slam_gmapping:/home/ubuntu/my_n10_topic/workspace/install/openslam_gmapping:/home/ubuntu/my_n10_topic/workspace/install/wheeltec_robot_urdf:/home/ubuntu/my_n10_topic/workspace/install/turn_on_wheeltec_robot:/home/ubuntu/my_n10_topic/workspace/install/lslidar_driver:/home/ubuntu/my_n10_topic/workspace/install/lslidar_msgs:/home/ubuntu/lidar_ros2/lidar_ws/install/serial:/home/ubuntu/lidar_ros2/lidar_ws/install/serial:/opt/ros/humble LD_LIBRARY_PATH=/home/ubuntu/my_n10_topic/workspace/install/wheeltec_robot_msg/lib:/home/ubuntu/my_n10_topic/workspace/install/openslam_gmapping/lib:/home/ubuntu/my_n10_topic/workspace/install/turn_on_wheeltec_robot/lib:/home/ubuntu/my_n10_topic/workspace/install/lslidar_msgs/lib:/usr/lib/x86_64-linux-gnu/gazebo-11/plugins:/opt/ros/humble/opt/rviz_ogre_vendor/lib:/opt/ros/humble/lib/x86_64-linux-gnu:/opt/ros/humble/lib /usr/bin/cmake --build /home/ubuntu/my_n10_topic/workspace/build/turn_on_wheeltec_robot -- -j12 -l12
[1.752s] DEBUG:colcon.colcon_core.event_handler.log_command:Invoking command in '/home/ubuntu/my_n10_topic/workspace/build/turn_on_wheeltec_robot': CMAKE_PREFIX_PATH=/home/ubuntu/my_n10_topic/workspace/install/wheeltec_robot_msg:/home/ubuntu/my_n10_topic/workspace/install/wheeltec_slam_toolbox:/home/ubuntu/my_n10_topic/workspace/install/wheeltec_cartographer:/home/ubuntu/my_n10_topic/workspace/install/slam_gmapping:/home/ubuntu/my_n10_topic/workspace/install/openslam_gmapping:/home/ubuntu/my_n10_topic/workspace/install/wheeltec_robot_urdf:/home/ubuntu/my_n10_topic/workspace/install/turn_on_wheeltec_robot:/home/ubuntu/my_n10_topic/workspace/install/lslidar_driver:/home/ubuntu/my_n10_topic/workspace/install/lslidar_msgs:/home/ubuntu/lidar_ros2/lidar_ws/install/serial:/home/ubuntu/lidar_ros2/lidar_ws/install/serial:/opt/ros/humble LD_LIBRARY_PATH=/home/ubuntu/my_n10_topic/workspace/install/wheeltec_robot_msg/lib:/home/ubuntu/my_n10_topic/workspace/install/openslam_gmapping/lib:/home/ubuntu/my_n10_topic/workspace/install/turn_on_wheeltec_robot/lib:/home/ubuntu/my_n10_topic/workspace/install/lslidar_msgs/lib:/usr/lib/x86_64-linux-gnu/gazebo-11/plugins:/opt/ros/humble/opt/rviz_ogre_vendor/lib:/opt/ros/humble/lib/x86_64-linux-gnu:/opt/ros/humble/lib /usr/bin/cmake --install /home/ubuntu/my_n10_topic/workspace/build/turn_on_wheeltec_robot
[1.833s] Level 1:colcon.colcon_core.environment:create_environment_scripts_only(turn_on_wheeltec_robot)
[1.834s] Level 1:colcon.colcon_core.environment:checking '/home/ubuntu/my_n10_topic/workspace/install/turn_on_wheeltec_robot' for CMake module files
[1.834s] DEBUG:colcon.colcon_core.event_handler.log_command:Invoked command in '/home/ubuntu/my_n10_topic/workspace/build/turn_on_wheeltec_robot' returned '0': CMAKE_PREFIX_PATH=/home/ubuntu/my_n10_topic/workspace/install/wheeltec_robot_msg:/home/ubuntu/my_n10_topic/workspace/install/wheeltec_slam_toolbox:/home/ubuntu/my_n10_topic/workspace/install/wheeltec_cartographer:/home/ubuntu/my_n10_topic/workspace/install/slam_gmapping:/home/ubuntu/my_n10_topic/workspace/install/openslam_gmapping:/home/ubuntu/my_n10_topic/workspace/install/wheeltec_robot_urdf:/home/ubuntu/my_n10_topic/workspace/install/turn_on_wheeltec_robot:/home/ubuntu/my_n10_topic/workspace/install/lslidar_driver:/home/ubuntu/my_n10_topic/workspace/install/lslidar_msgs:/home/ubuntu/lidar_ros2/lidar_ws/install/serial:/home/ubuntu/lidar_ros2/lidar_ws/install/serial:/opt/ros/humble LD_LIBRARY_PATH=/home/ubuntu/my_n10_topic/workspace/install/wheeltec_robot_msg/lib:/home/ubuntu/my_n10_topic/workspace/install/openslam_gmapping/lib:/home/ubuntu/my_n10_topic/workspace/install/turn_on_wheeltec_robot/lib:/home/ubuntu/my_n10_topic/workspace/install/lslidar_msgs/lib:/usr/lib/x86_64-linux-gnu/gazebo-11/plugins:/opt/ros/humble/opt/rviz_ogre_vendor/lib:/opt/ros/humble/lib/x86_64-linux-gnu:/opt/ros/humble/lib /usr/bin/cmake --install /home/ubuntu/my_n10_topic/workspace/build/turn_on_wheeltec_robot
[1.835s] Level 1:colcon.colcon_core.environment:checking '/home/ubuntu/my_n10_topic/workspace/install/turn_on_wheeltec_robot' for CMake config files
[1.836s] Level 1:colcon.colcon_core.shell:create_environment_hook('turn_on_wheeltec_robot', 'cmake_prefix_path')
[1.836s] INFO:colcon.colcon_core.shell:Creating environment hook '/home/ubuntu/my_n10_topic/workspace/install/turn_on_wheeltec_robot/share/turn_on_wheeltec_robot/hook/cmake_prefix_path.ps1'
[1.837s] INFO:colcon.colcon_core.shell:Creating environment descriptor '/home/ubuntu/my_n10_topic/workspace/install/turn_on_wheeltec_robot/share/turn_on_wheeltec_robot/hook/cmake_prefix_path.dsv'
[1.838s] INFO:colcon.colcon_core.shell:Creating environment hook '/home/ubuntu/my_n10_topic/workspace/install/turn_on_wheeltec_robot/share/turn_on_wheeltec_robot/hook/cmake_prefix_path.sh'
[1.839s] Level 1:colcon.colcon_core.environment:checking '/home/ubuntu/my_n10_topic/workspace/install/turn_on_wheeltec_robot/lib'
[1.839s] Level 1:colcon.colcon_core.shell:create_environment_hook('turn_on_wheeltec_robot', 'ld_library_path_lib')
[1.839s] INFO:colcon.colcon_core.shell:Creating environment hook '/home/ubuntu/my_n10_topic/workspace/install/turn_on_wheeltec_robot/share/turn_on_wheeltec_robot/hook/ld_library_path_lib.ps1'
[1.840s] INFO:colcon.colcon_core.shell:Creating environment descriptor '/home/ubuntu/my_n10_topic/workspace/install/turn_on_wheeltec_robot/share/turn_on_wheeltec_robot/hook/ld_library_path_lib.dsv'
[1.841s] INFO:colcon.colcon_core.shell:Creating environment hook '/home/ubuntu/my_n10_topic/workspace/install/turn_on_wheeltec_robot/share/turn_on_wheeltec_robot/hook/ld_library_path_lib.sh'
[1.842s] Level 1:colcon.colcon_core.environment:checking '/home/ubuntu/my_n10_topic/workspace/install/turn_on_wheeltec_robot/bin'
[1.842s] Level 1:colcon.colcon_core.environment:checking '/home/ubuntu/my_n10_topic/workspace/install/turn_on_wheeltec_robot/lib/pkgconfig/turn_on_wheeltec_robot.pc'
[1.842s] Level 1:colcon.colcon_core.environment:checking '/home/ubuntu/my_n10_topic/workspace/install/turn_on_wheeltec_robot/lib/python3.10/site-packages'
[1.842s] Level 1:colcon.colcon_core.environment:checking '/home/ubuntu/my_n10_topic/workspace/install/turn_on_wheeltec_robot/bin'
[1.843s] INFO:colcon.colcon_core.shell:Creating package script '/home/ubuntu/my_n10_topic/workspace/install/turn_on_wheeltec_robot/share/turn_on_wheeltec_robot/package.ps1'
[1.844s] INFO:colcon.colcon_core.shell:Creating package descriptor '/home/ubuntu/my_n10_topic/workspace/install/turn_on_wheeltec_robot/share/turn_on_wheeltec_robot/package.dsv'
[1.845s] INFO:colcon.colcon_core.shell:Creating package script '/home/ubuntu/my_n10_topic/workspace/install/turn_on_wheeltec_robot/share/turn_on_wheeltec_robot/package.sh'
[1.846s] INFO:colcon.colcon_core.shell:Creating package script '/home/ubuntu/my_n10_topic/workspace/install/turn_on_wheeltec_robot/share/turn_on_wheeltec_robot/package.bash'
[1.846s] INFO:colcon.colcon_core.shell:Creating package script '/home/ubuntu/my_n10_topic/workspace/install/turn_on_wheeltec_robot/share/turn_on_wheeltec_robot/package.zsh'
[1.847s] Level 1:colcon.colcon_core.environment:create_file_with_runtime_dependencies(/home/ubuntu/my_n10_topic/workspace/install/turn_on_wheeltec_robot/share/colcon-core/packages/turn_on_wheeltec_robot)
[1.848s] Level 1:colcon.colcon_core.environment:create_environment_scripts_only(turn_on_wheeltec_robot)
[1.849s] Level 1:colcon.colcon_core.environment:checking '/home/ubuntu/my_n10_topic/workspace/install/turn_on_wheeltec_robot' for CMake module files
[1.849s] Level 1:colcon.colcon_core.environment:checking '/home/ubuntu/my_n10_topic/workspace/install/turn_on_wheeltec_robot' for CMake config files
[1.850s] Level 1:colcon.colcon_core.shell:create_environment_hook('turn_on_wheeltec_robot', 'cmake_prefix_path')
[1.850s] INFO:colcon.colcon_core.shell:Creating environment hook '/home/ubuntu/my_n10_topic/workspace/install/turn_on_wheeltec_robot/share/turn_on_wheeltec_robot/hook/cmake_prefix_path.ps1'
[1.851s] INFO:colcon.colcon_core.shell:Creating environment descriptor '/home/ubuntu/my_n10_topic/workspace/install/turn_on_wheeltec_robot/share/turn_on_wheeltec_robot/hook/cmake_prefix_path.dsv'
[1.851s] INFO:colcon.colcon_core.shell:Creating environment hook '/home/ubuntu/my_n10_topic/workspace/install/turn_on_wheeltec_robot/share/turn_on_wheeltec_robot/hook/cmake_prefix_path.sh'
[1.852s] Level 1:colcon.colcon_core.environment:checking '/home/ubuntu/my_n10_topic/workspace/install/turn_on_wheeltec_robot/lib'
[1.852s] Level 1:colcon.colcon_core.shell:create_environment_hook('turn_on_wheeltec_robot', 'ld_library_path_lib')
[1.853s] INFO:colcon.colcon_core.shell:Creating environment hook '/home/ubuntu/my_n10_topic/workspace/install/turn_on_wheeltec_robot/share/turn_on_wheeltec_robot/hook/ld_library_path_lib.ps1'
[1.853s] INFO:colcon.colcon_core.shell:Creating environment descriptor '/home/ubuntu/my_n10_topic/workspace/install/turn_on_wheeltec_robot/share/turn_on_wheeltec_robot/hook/ld_library_path_lib.dsv'
[1.854s] INFO:colcon.colcon_core.shell:Creating environment hook '/home/ubuntu/my_n10_topic/workspace/install/turn_on_wheeltec_robot/share/turn_on_wheeltec_robot/hook/ld_library_path_lib.sh'
[1.855s] Level 1:colcon.colcon_core.environment:checking '/home/ubuntu/my_n10_topic/workspace/install/turn_on_wheeltec_robot/bin'
[1.855s] Level 1:colcon.colcon_core.environment:checking '/home/ubuntu/my_n10_topic/workspace/install/turn_on_wheeltec_robot/lib/pkgconfig/turn_on_wheeltec_robot.pc'
[1.855s] Level 1:colcon.colcon_core.environment:checking '/home/ubuntu/my_n10_topic/workspace/install/turn_on_wheeltec_robot/lib/python3.10/site-packages'
[1.855s] Level 1:colcon.colcon_core.environment:checking '/home/ubuntu/my_n10_topic/workspace/install/turn_on_wheeltec_robot/bin'
[1.856s] INFO:colcon.colcon_core.shell:Creating package script '/home/ubuntu/my_n10_topic/workspace/install/turn_on_wheeltec_robot/share/turn_on_wheeltec_robot/package.ps1'
[1.857s] INFO:colcon.colcon_core.shell:Creating package descriptor '/home/ubuntu/my_n10_topic/workspace/install/turn_on_wheeltec_robot/share/turn_on_wheeltec_robot/package.dsv'
[1.857s] INFO:colcon.colcon_core.shell:Creating package script '/home/ubuntu/my_n10_topic/workspace/install/turn_on_wheeltec_robot/share/turn_on_wheeltec_robot/package.sh'
[1.858s] INFO:colcon.colcon_core.shell:Creating package script '/home/ubuntu/my_n10_topic/workspace/install/turn_on_wheeltec_robot/share/turn_on_wheeltec_robot/package.bash'
[1.859s] INFO:colcon.colcon_core.shell:Creating package script '/home/ubuntu/my_n10_topic/workspace/install/turn_on_wheeltec_robot/share/turn_on_wheeltec_robot/package.zsh'
[1.859s] Level 1:colcon.colcon_core.environment:create_file_with_runtime_dependencies(/home/ubuntu/my_n10_topic/workspace/install/turn_on_wheeltec_robot/share/colcon-core/packages/turn_on_wheeltec_robot)
[1.860s] DEBUG:colcon.colcon_parallel_executor.executor.parallel:closing loop
[1.861s] DEBUG:colcon.colcon_parallel_executor.executor.parallel:loop closed
[1.861s] DEBUG:colcon.colcon_parallel_executor.executor.parallel:run_until_complete finished with '0'
[1.861s] DEBUG:colcon.colcon_core.event_reactor:joining thread
[1.870s] INFO:colcon.colcon_core.plugin_system:Skipping extension 'colcon_notification.desktop_notification.terminal_notifier': Not used on non-Darwin systems
[1.870s] INFO:colcon.colcon_core.plugin_system:Skipping extension 'colcon_notification.desktop_notification.win32': Not used on non-Windows systems
[1.870s] INFO:colcon.colcon_notification.desktop_notification:Sending desktop notification using 'notify2'
[1.889s] DEBUG:colcon.colcon_core.event_reactor:joined thread
[1.889s] INFO:colcon.colcon_core.shell:Creating prefix script '/home/ubuntu/my_n10_topic/workspace/install/local_setup.ps1'
[1.891s] INFO:colcon.colcon_core.shell:Creating prefix util module '/home/ubuntu/my_n10_topic/workspace/install/_local_setup_util_ps1.py'
[1.893s] INFO:colcon.colcon_core.shell:Creating prefix chain script '/home/ubuntu/my_n10_topic/workspace/install/setup.ps1'
[1.896s] INFO:colcon.colcon_core.shell:Creating prefix script '/home/ubuntu/my_n10_topic/workspace/install/local_setup.sh'
[1.897s] INFO:colcon.colcon_core.shell:Creating prefix util module '/home/ubuntu/my_n10_topic/workspace/install/_local_setup_util_sh.py'
[1.898s] INFO:colcon.colcon_core.shell:Creating prefix chain script '/home/ubuntu/my_n10_topic/workspace/install/setup.sh'
[1.900s] INFO:colcon.colcon_core.shell:Creating prefix script '/home/ubuntu/my_n10_topic/workspace/install/local_setup.bash'
[1.901s] INFO:colcon.colcon_core.shell:Creating prefix chain script '/home/ubuntu/my_n10_topic/workspace/install/setup.bash'
[1.903s] INFO:colcon.colcon_core.shell:Creating prefix script '/home/ubuntu/my_n10_topic/workspace/install/local_setup.zsh'
[1.903s] INFO:colcon.colcon_core.shell:Creating prefix chain script '/home/ubuntu/my_n10_topic/workspace/install/setup.zsh'
