[0.181s] DEBUG:colcon:Command line arguments: ['/usr/bin/colcon', 'build']
[0.182s] DEBUG:colcon:Parsed command line arguments: Namespace(log_base=None, log_level=None, verb_name='build', build_base='build', install_base='install', merge_install=False, symlink_install=False, test_result_base=None, continue_on_error=False, executor='parallel', parallel_workers=12, event_handlers=None, ignore_user_meta=False, metas=['./colcon.meta'], base_paths=['.'], packages_ignore=None, packages_ignore_regex=None, paths=None, packages_up_to=None, packages_up_to_regex=None, packages_above=None, packages_above_and_dependencies=None, packages_above_depth=None, packages_select_by_dep=None, packages_skip_by_dep=None, packages_skip_up_to=None, packages_select_build_failed=False, packages_skip_build_finished=False, packages_select_test_failures=False, packages_skip_test_passed=False, packages_select=None, packages_skip=None, packages_select_regex=None, packages_skip_regex=None, packages_start=None, packages_end=None, allow_overriding=[], cmake_args=None, cmake_target=None, cmake_target_skip_unavailable=False, cmake_clean_cache=False, cmake_clean_first=False, cmake_force_configure=False, ament_cmake_args=None, catkin_cmake_args=None, catkin_skip_building_tests=False, verb_parser=<colcon_defaults.argument_parser.defaults.DefaultArgumentsDecorator object at 0x7ec1b622fb20>, verb_extension=<colcon_core.verb.build.BuildVerb object at 0x7ec1b63dc940>, main=<bound method BuildVerb.main of <colcon_core.verb.build.BuildVerb object at 0x7ec1b63dc940>>)
[0.409s] Level 1:colcon.colcon_core.package_discovery:discover_packages(colcon_meta) check parameters
[0.409s] Level 1:colcon.colcon_core.package_discovery:discover_packages(recursive) check parameters
[0.409s] Level 1:colcon.colcon_core.package_discovery:discover_packages(ignore) check parameters
[0.409s] Level 1:colcon.colcon_core.package_discovery:discover_packages(path) check parameters
[0.409s] Level 1:colcon.colcon_core.package_discovery:discover_packages(colcon_meta) discover
[0.409s] Level 1:colcon.colcon_core.package_discovery:discover_packages(recursive) discover
[0.409s] INFO:colcon.colcon_core.package_discovery:Crawling recursively for packages in '/home/ubuntu/my_n10_topic/workspace'
[0.409s] Level 1:colcon.colcon_core.package_identification:_identify(.) by extensions ['ignore', 'ignore_ament_install']
[0.409s] Level 1:colcon.colcon_core.package_identification:_identify(.) by extension 'ignore'
[0.410s] Level 1:colcon.colcon_core.package_identification:_identify(.) by extension 'ignore_ament_install'
[0.410s] Level 1:colcon.colcon_core.package_identification:_identify(.) by extensions ['colcon_pkg']
[0.410s] Level 1:colcon.colcon_core.package_identification:_identify(.) by extension 'colcon_pkg'
[0.410s] Level 1:colcon.colcon_core.package_identification:_identify(.) by extensions ['colcon_meta']
[0.410s] Level 1:colcon.colcon_core.package_identification:_identify(.) by extension 'colcon_meta'
[0.410s] Level 1:colcon.colcon_core.package_identification:_identify(.) by extensions ['ros']
[0.410s] Level 1:colcon.colcon_core.package_identification:_identify(.) by extension 'ros'
[0.425s] Level 1:colcon.colcon_core.package_identification:_identify(.) by extensions ['cmake', 'python']
[0.425s] Level 1:colcon.colcon_core.package_identification:_identify(.) by extension 'cmake'
[0.425s] Level 1:colcon.colcon_core.package_identification:_identify(.) by extension 'python'
[0.425s] Level 1:colcon.colcon_core.package_identification:_identify(.) by extensions ['python_setup_py']
[0.425s] Level 1:colcon.colcon_core.package_identification:_identify(.) by extension 'python_setup_py'
[0.426s] Level 1:colcon.colcon_core.package_identification:_identify(build) by extensions ['ignore', 'ignore_ament_install']
[0.426s] Level 1:colcon.colcon_core.package_identification:_identify(build) by extension 'ignore'
[0.426s] Level 1:colcon.colcon_core.package_identification:_identify(build) ignored
[0.426s] Level 1:colcon.colcon_core.package_identification:_identify(install) by extensions ['ignore', 'ignore_ament_install']
[0.426s] Level 1:colcon.colcon_core.package_identification:_identify(install) by extension 'ignore'
[0.426s] Level 1:colcon.colcon_core.package_identification:_identify(install) ignored
[0.426s] Level 1:colcon.colcon_core.package_identification:_identify(log) by extensions ['ignore', 'ignore_ament_install']
[0.426s] Level 1:colcon.colcon_core.package_identification:_identify(log) by extension 'ignore'
[0.426s] Level 1:colcon.colcon_core.package_identification:_identify(log) ignored
[0.427s] Level 1:colcon.colcon_core.package_identification:_identify(src) by extensions ['ignore', 'ignore_ament_install']
[0.427s] Level 1:colcon.colcon_core.package_identification:_identify(src) by extension 'ignore'
[0.427s] Level 1:colcon.colcon_core.package_identification:_identify(src) by extension 'ignore_ament_install'
[0.427s] Level 1:colcon.colcon_core.package_identification:_identify(src) by extensions ['colcon_pkg']
[0.427s] Level 1:colcon.colcon_core.package_identification:_identify(src) by extension 'colcon_pkg'
[0.427s] Level 1:colcon.colcon_core.package_identification:_identify(src) by extensions ['colcon_meta']
[0.427s] Level 1:colcon.colcon_core.package_identification:_identify(src) by extension 'colcon_meta'
[0.427s] Level 1:colcon.colcon_core.package_identification:_identify(src) by extensions ['ros']
[0.427s] Level 1:colcon.colcon_core.package_identification:_identify(src) by extension 'ros'
[0.427s] Level 1:colcon.colcon_core.package_identification:_identify(src) by extensions ['cmake', 'python']
[0.427s] Level 1:colcon.colcon_core.package_identification:_identify(src) by extension 'cmake'
[0.427s] Level 1:colcon.colcon_core.package_identification:_identify(src) by extension 'python'
[0.427s] Level 1:colcon.colcon_core.package_identification:_identify(src) by extensions ['python_setup_py']
[0.427s] Level 1:colcon.colcon_core.package_identification:_identify(src) by extension 'python_setup_py'
[0.427s] Level 1:colcon.colcon_core.package_identification:_identify(src/LSLIDAR_X_ROS2-20240228) by extensions ['ignore', 'ignore_ament_install']
[0.427s] Level 1:colcon.colcon_core.package_identification:_identify(src/LSLIDAR_X_ROS2-20240228) by extension 'ignore'
[0.427s] Level 1:colcon.colcon_core.package_identification:_identify(src/LSLIDAR_X_ROS2-20240228) by extension 'ignore_ament_install'
[0.427s] Level 1:colcon.colcon_core.package_identification:_identify(src/LSLIDAR_X_ROS2-20240228) by extensions ['colcon_pkg']
[0.427s] Level 1:colcon.colcon_core.package_identification:_identify(src/LSLIDAR_X_ROS2-20240228) by extension 'colcon_pkg'
[0.427s] Level 1:colcon.colcon_core.package_identification:_identify(src/LSLIDAR_X_ROS2-20240228) by extensions ['colcon_meta']
[0.427s] Level 1:colcon.colcon_core.package_identification:_identify(src/LSLIDAR_X_ROS2-20240228) by extension 'colcon_meta'
[0.427s] Level 1:colcon.colcon_core.package_identification:_identify(src/LSLIDAR_X_ROS2-20240228) by extensions ['ros']
[0.427s] Level 1:colcon.colcon_core.package_identification:_identify(src/LSLIDAR_X_ROS2-20240228) by extension 'ros'
[0.428s] Level 1:colcon.colcon_core.package_identification:_identify(src/LSLIDAR_X_ROS2-20240228) by extensions ['cmake', 'python']
[0.428s] Level 1:colcon.colcon_core.package_identification:_identify(src/LSLIDAR_X_ROS2-20240228) by extension 'cmake'
[0.428s] Level 1:colcon.colcon_core.package_identification:_identify(src/LSLIDAR_X_ROS2-20240228) by extension 'python'
[0.428s] Level 1:colcon.colcon_core.package_identification:_identify(src/LSLIDAR_X_ROS2-20240228) by extensions ['python_setup_py']
[0.428s] Level 1:colcon.colcon_core.package_identification:_identify(src/LSLIDAR_X_ROS2-20240228) by extension 'python_setup_py'
[0.428s] Level 1:colcon.colcon_core.package_identification:_identify(src/LSLIDAR_X_ROS2-20240228/src) by extensions ['ignore', 'ignore_ament_install']
[0.428s] Level 1:colcon.colcon_core.package_identification:_identify(src/LSLIDAR_X_ROS2-20240228/src) by extension 'ignore'
[0.428s] Level 1:colcon.colcon_core.package_identification:_identify(src/LSLIDAR_X_ROS2-20240228/src) by extension 'ignore_ament_install'
[0.428s] Level 1:colcon.colcon_core.package_identification:_identify(src/LSLIDAR_X_ROS2-20240228/src) by extensions ['colcon_pkg']
[0.428s] Level 1:colcon.colcon_core.package_identification:_identify(src/LSLIDAR_X_ROS2-20240228/src) by extension 'colcon_pkg'
[0.428s] Level 1:colcon.colcon_core.package_identification:_identify(src/LSLIDAR_X_ROS2-20240228/src) by extensions ['colcon_meta']
[0.428s] Level 1:colcon.colcon_core.package_identification:_identify(src/LSLIDAR_X_ROS2-20240228/src) by extension 'colcon_meta'
[0.428s] Level 1:colcon.colcon_core.package_identification:_identify(src/LSLIDAR_X_ROS2-20240228/src) by extensions ['ros']
[0.428s] Level 1:colcon.colcon_core.package_identification:_identify(src/LSLIDAR_X_ROS2-20240228/src) by extension 'ros'
[0.428s] Level 1:colcon.colcon_core.package_identification:_identify(src/LSLIDAR_X_ROS2-20240228/src) by extensions ['cmake', 'python']
[0.428s] Level 1:colcon.colcon_core.package_identification:_identify(src/LSLIDAR_X_ROS2-20240228/src) by extension 'cmake'
[0.428s] Level 1:colcon.colcon_core.package_identification:_identify(src/LSLIDAR_X_ROS2-20240228/src) by extension 'python'
[0.428s] Level 1:colcon.colcon_core.package_identification:_identify(src/LSLIDAR_X_ROS2-20240228/src) by extensions ['python_setup_py']
[0.428s] Level 1:colcon.colcon_core.package_identification:_identify(src/LSLIDAR_X_ROS2-20240228/src) by extension 'python_setup_py'
[0.428s] Level 1:colcon.colcon_core.package_identification:_identify(src/LSLIDAR_X_ROS2-20240228/src/lslidar_driver) by extensions ['ignore', 'ignore_ament_install']
[0.428s] Level 1:colcon.colcon_core.package_identification:_identify(src/LSLIDAR_X_ROS2-20240228/src/lslidar_driver) by extension 'ignore'
[0.428s] Level 1:colcon.colcon_core.package_identification:_identify(src/LSLIDAR_X_ROS2-20240228/src/lslidar_driver) by extension 'ignore_ament_install'
[0.428s] Level 1:colcon.colcon_core.package_identification:_identify(src/LSLIDAR_X_ROS2-20240228/src/lslidar_driver) by extensions ['colcon_pkg']
[0.428s] Level 1:colcon.colcon_core.package_identification:_identify(src/LSLIDAR_X_ROS2-20240228/src/lslidar_driver) by extension 'colcon_pkg'
[0.429s] Level 1:colcon.colcon_core.package_identification:_identify(src/LSLIDAR_X_ROS2-20240228/src/lslidar_driver) by extensions ['colcon_meta']
[0.429s] Level 1:colcon.colcon_core.package_identification:_identify(src/LSLIDAR_X_ROS2-20240228/src/lslidar_driver) by extension 'colcon_meta'
[0.429s] Level 1:colcon.colcon_core.package_identification:_identify(src/LSLIDAR_X_ROS2-20240228/src/lslidar_driver) by extensions ['ros']
[0.429s] Level 1:colcon.colcon_core.package_identification:_identify(src/LSLIDAR_X_ROS2-20240228/src/lslidar_driver) by extension 'ros'
[0.431s] DEBUG:colcon.colcon_core.package_identification:Package 'src/LSLIDAR_X_ROS2-20240228/src/lslidar_driver' with type 'ros.ament_cmake' and name 'lslidar_driver'
[0.432s] Level 1:colcon.colcon_core.package_identification:_identify(src/LSLIDAR_X_ROS2-20240228/src/lslidar_msgs) by extensions ['ignore', 'ignore_ament_install']
[0.432s] Level 1:colcon.colcon_core.package_identification:_identify(src/LSLIDAR_X_ROS2-20240228/src/lslidar_msgs) by extension 'ignore'
[0.432s] Level 1:colcon.colcon_core.package_identification:_identify(src/LSLIDAR_X_ROS2-20240228/src/lslidar_msgs) by extension 'ignore_ament_install'
[0.432s] Level 1:colcon.colcon_core.package_identification:_identify(src/LSLIDAR_X_ROS2-20240228/src/lslidar_msgs) by extensions ['colcon_pkg']
[0.432s] Level 1:colcon.colcon_core.package_identification:_identify(src/LSLIDAR_X_ROS2-20240228/src/lslidar_msgs) by extension 'colcon_pkg'
[0.432s] Level 1:colcon.colcon_core.package_identification:_identify(src/LSLIDAR_X_ROS2-20240228/src/lslidar_msgs) by extensions ['colcon_meta']
[0.432s] Level 1:colcon.colcon_core.package_identification:_identify(src/LSLIDAR_X_ROS2-20240228/src/lslidar_msgs) by extension 'colcon_meta'
[0.432s] Level 1:colcon.colcon_core.package_identification:_identify(src/LSLIDAR_X_ROS2-20240228/src/lslidar_msgs) by extensions ['ros']
[0.432s] Level 1:colcon.colcon_core.package_identification:_identify(src/LSLIDAR_X_ROS2-20240228/src/lslidar_msgs) by extension 'ros'
[0.433s] DEBUG:colcon.colcon_core.package_identification:Package 'src/LSLIDAR_X_ROS2-20240228/src/lslidar_msgs' with type 'ros.ament_cmake' and name 'lslidar_msgs'
[0.433s] Level 1:colcon.colcon_core.package_discovery:discover_packages(recursive) using defaults
[0.433s] Level 1:colcon.colcon_core.package_discovery:discover_packages(ignore) discover
[0.433s] Level 1:colcon.colcon_core.package_discovery:discover_packages(ignore) using defaults
[0.433s] Level 1:colcon.colcon_core.package_discovery:discover_packages(path) discover
[0.433s] Level 1:colcon.colcon_core.package_discovery:discover_packages(path) using defaults
[0.473s] Level 1:colcon.colcon_core.package_discovery:discover_packages(prefix_path) check parameters
[0.474s] Level 1:colcon.colcon_core.package_discovery:discover_packages(prefix_path) discover
[0.476s] DEBUG:colcon.colcon_installed_package_information.package_discovery:Found 5 installed packages in /home/ubuntu/my_n10_topic/workspace/install
[0.478s] DEBUG:colcon.colcon_installed_package_information.package_discovery:Found 412 installed packages in /opt/ros/humble
[0.480s] Level 1:colcon.colcon_core.package_discovery:discover_packages(prefix_path) using defaults
[0.544s] Level 5:colcon.colcon_core.verb:set package 'lslidar_msgs' build argument 'cmake_args' from command line to 'None'
[0.544s] Level 5:colcon.colcon_core.verb:set package 'lslidar_msgs' build argument 'cmake_target' from command line to 'None'
[0.544s] Level 5:colcon.colcon_core.verb:set package 'lslidar_msgs' build argument 'cmake_target_skip_unavailable' from command line to 'False'
[0.544s] Level 5:colcon.colcon_core.verb:set package 'lslidar_msgs' build argument 'cmake_clean_cache' from command line to 'False'
[0.544s] Level 5:colcon.colcon_core.verb:set package 'lslidar_msgs' build argument 'cmake_clean_first' from command line to 'False'
[0.544s] Level 5:colcon.colcon_core.verb:set package 'lslidar_msgs' build argument 'cmake_force_configure' from command line to 'False'
[0.544s] Level 5:colcon.colcon_core.verb:set package 'lslidar_msgs' build argument 'ament_cmake_args' from command line to 'None'
[0.544s] Level 5:colcon.colcon_core.verb:set package 'lslidar_msgs' build argument 'catkin_cmake_args' from command line to 'None'
[0.544s] Level 5:colcon.colcon_core.verb:set package 'lslidar_msgs' build argument 'catkin_skip_building_tests' from command line to 'False'
[0.544s] DEBUG:colcon.colcon_core.verb:Building package 'lslidar_msgs' with the following arguments: {'ament_cmake_args': None, 'build_base': '/home/ubuntu/my_n10_topic/workspace/build/lslidar_msgs', 'catkin_cmake_args': None, 'catkin_skip_building_tests': False, 'cmake_args': None, 'cmake_clean_cache': False, 'cmake_clean_first': False, 'cmake_force_configure': False, 'cmake_target': None, 'cmake_target_skip_unavailable': False, 'install_base': '/home/ubuntu/my_n10_topic/workspace/install/lslidar_msgs', 'merge_install': False, 'path': '/home/ubuntu/my_n10_topic/workspace/src/LSLIDAR_X_ROS2-20240228/src/lslidar_msgs', 'symlink_install': False, 'test_result_base': None}
[0.545s] Level 5:colcon.colcon_core.verb:set package 'lslidar_driver' build argument 'cmake_args' from command line to 'None'
[0.545s] Level 5:colcon.colcon_core.verb:set package 'lslidar_driver' build argument 'cmake_target' from command line to 'None'
[0.545s] Level 5:colcon.colcon_core.verb:set package 'lslidar_driver' build argument 'cmake_target_skip_unavailable' from command line to 'False'
[0.545s] Level 5:colcon.colcon_core.verb:set package 'lslidar_driver' build argument 'cmake_clean_cache' from command line to 'False'
[0.545s] Level 5:colcon.colcon_core.verb:set package 'lslidar_driver' build argument 'cmake_clean_first' from command line to 'False'
[0.545s] Level 5:colcon.colcon_core.verb:set package 'lslidar_driver' build argument 'cmake_force_configure' from command line to 'False'
[0.545s] Level 5:colcon.colcon_core.verb:set package 'lslidar_driver' build argument 'ament_cmake_args' from command line to 'None'
[0.545s] Level 5:colcon.colcon_core.verb:set package 'lslidar_driver' build argument 'catkin_cmake_args' from command line to 'None'
[0.545s] Level 5:colcon.colcon_core.verb:set package 'lslidar_driver' build argument 'catkin_skip_building_tests' from command line to 'False'
[0.546s] DEBUG:colcon.colcon_core.verb:Building package 'lslidar_driver' with the following arguments: {'ament_cmake_args': None, 'build_base': '/home/ubuntu/my_n10_topic/workspace/build/lslidar_driver', 'catkin_cmake_args': None, 'catkin_skip_building_tests': False, 'cmake_args': None, 'cmake_clean_cache': False, 'cmake_clean_first': False, 'cmake_force_configure': False, 'cmake_target': None, 'cmake_target_skip_unavailable': False, 'install_base': '/home/ubuntu/my_n10_topic/workspace/install/lslidar_driver', 'merge_install': False, 'path': '/home/ubuntu/my_n10_topic/workspace/src/LSLIDAR_X_ROS2-20240228/src/lslidar_driver', 'symlink_install': False, 'test_result_base': None}
[0.546s] INFO:colcon.colcon_core.executor:Executing jobs using 'parallel' executor
[0.547s] DEBUG:colcon.colcon_parallel_executor.executor.parallel:run_until_complete
[0.547s] INFO:colcon.colcon_ros.task.ament_cmake.build:Building ROS package in '/home/ubuntu/my_n10_topic/workspace/src/LSLIDAR_X_ROS2-20240228/src/lslidar_msgs' with build type 'ament_cmake'
[0.548s] INFO:colcon.colcon_cmake.task.cmake.build:Building CMake package in '/home/ubuntu/my_n10_topic/workspace/src/LSLIDAR_X_ROS2-20240228/src/lslidar_msgs'
[0.550s] INFO:colcon.colcon_core.plugin_system:Skipping extension 'colcon_core.shell.bat': Not used on non-Windows systems
[0.550s] INFO:colcon.colcon_core.shell:Skip shell extension 'powershell' for command environment: Not usable outside of PowerShell
[0.550s] DEBUG:colcon.colcon_core.shell:Skip shell extension 'dsv' for command environment
[0.566s] DEBUG:colcon.colcon_core.event_handler.log_command:Invoking command in '/home/ubuntu/my_n10_topic/workspace/build/lslidar_msgs': CMAKE_PREFIX_PATH=${CMAKE_PREFIX_PATH}:/opt/ros/humble /usr/bin/cmake --build /home/ubuntu/my_n10_topic/workspace/build/lslidar_msgs -- -j12 -l12
[1.089s] DEBUG:colcon.colcon_core.event_handler.log_command:Invoked command in '/home/ubuntu/my_n10_topic/workspace/build/lslidar_msgs' returned '0': CMAKE_PREFIX_PATH=${CMAKE_PREFIX_PATH}:/opt/ros/humble /usr/bin/cmake --build /home/ubuntu/my_n10_topic/workspace/build/lslidar_msgs -- -j12 -l12
[1.113s] DEBUG:colcon.colcon_core.event_handler.log_command:Invoking command in '/home/ubuntu/my_n10_topic/workspace/build/lslidar_msgs': CMAKE_PREFIX_PATH=${CMAKE_PREFIX_PATH}:/opt/ros/humble /usr/bin/cmake --install /home/ubuntu/my_n10_topic/workspace/build/lslidar_msgs
[1.211s] Level 1:colcon.colcon_core.environment:create_environment_scripts_only(lslidar_msgs)
[1.212s] DEBUG:colcon.colcon_core.event_handler.log_command:Invoked command in '/home/ubuntu/my_n10_topic/workspace/build/lslidar_msgs' returned '0': CMAKE_PREFIX_PATH=${CMAKE_PREFIX_PATH}:/opt/ros/humble /usr/bin/cmake --install /home/ubuntu/my_n10_topic/workspace/build/lslidar_msgs
[1.214s] Level 1:colcon.colcon_core.environment:checking '/home/ubuntu/my_n10_topic/workspace/install/lslidar_msgs' for CMake module files
[1.214s] Level 1:colcon.colcon_core.environment:checking '/home/ubuntu/my_n10_topic/workspace/install/lslidar_msgs' for CMake config files
[1.215s] Level 1:colcon.colcon_core.shell:create_environment_hook('lslidar_msgs', 'cmake_prefix_path')
[1.215s] INFO:colcon.colcon_core.shell:Creating environment hook '/home/ubuntu/my_n10_topic/workspace/install/lslidar_msgs/share/lslidar_msgs/hook/cmake_prefix_path.ps1'
[1.216s] INFO:colcon.colcon_core.shell:Creating environment descriptor '/home/ubuntu/my_n10_topic/workspace/install/lslidar_msgs/share/lslidar_msgs/hook/cmake_prefix_path.dsv'
[1.216s] INFO:colcon.colcon_core.shell:Creating environment hook '/home/ubuntu/my_n10_topic/workspace/install/lslidar_msgs/share/lslidar_msgs/hook/cmake_prefix_path.sh'
[1.217s] Level 1:colcon.colcon_core.environment:checking '/home/ubuntu/my_n10_topic/workspace/install/lslidar_msgs/lib'
[1.217s] Level 1:colcon.colcon_core.shell:create_environment_hook('lslidar_msgs', 'ld_library_path_lib')
[1.218s] INFO:colcon.colcon_core.shell:Creating environment hook '/home/ubuntu/my_n10_topic/workspace/install/lslidar_msgs/share/lslidar_msgs/hook/ld_library_path_lib.ps1'
[1.218s] INFO:colcon.colcon_core.shell:Creating environment descriptor '/home/ubuntu/my_n10_topic/workspace/install/lslidar_msgs/share/lslidar_msgs/hook/ld_library_path_lib.dsv'
[1.218s] INFO:colcon.colcon_core.shell:Creating environment hook '/home/ubuntu/my_n10_topic/workspace/install/lslidar_msgs/share/lslidar_msgs/hook/ld_library_path_lib.sh'
[1.219s] Level 1:colcon.colcon_core.environment:checking '/home/ubuntu/my_n10_topic/workspace/install/lslidar_msgs/bin'
[1.219s] Level 1:colcon.colcon_core.environment:checking '/home/ubuntu/my_n10_topic/workspace/install/lslidar_msgs/lib/pkgconfig/lslidar_msgs.pc'
[1.219s] Level 1:colcon.colcon_core.environment:checking '/home/ubuntu/my_n10_topic/workspace/install/lslidar_msgs/lib/python3.10/site-packages'
[1.219s] Level 1:colcon.colcon_core.environment:checking '/home/ubuntu/my_n10_topic/workspace/install/lslidar_msgs/bin'
[1.220s] INFO:colcon.colcon_core.shell:Creating package script '/home/ubuntu/my_n10_topic/workspace/install/lslidar_msgs/share/lslidar_msgs/package.ps1'
[1.221s] INFO:colcon.colcon_core.shell:Creating package descriptor '/home/ubuntu/my_n10_topic/workspace/install/lslidar_msgs/share/lslidar_msgs/package.dsv'
[1.221s] INFO:colcon.colcon_core.shell:Creating package script '/home/ubuntu/my_n10_topic/workspace/install/lslidar_msgs/share/lslidar_msgs/package.sh'
[1.222s] INFO:colcon.colcon_core.shell:Creating package script '/home/ubuntu/my_n10_topic/workspace/install/lslidar_msgs/share/lslidar_msgs/package.bash'
[1.223s] INFO:colcon.colcon_core.shell:Creating package script '/home/ubuntu/my_n10_topic/workspace/install/lslidar_msgs/share/lslidar_msgs/package.zsh'
[1.223s] Level 1:colcon.colcon_core.environment:create_file_with_runtime_dependencies(/home/ubuntu/my_n10_topic/workspace/install/lslidar_msgs/share/colcon-core/packages/lslidar_msgs)
[1.224s] Level 1:colcon.colcon_core.environment:create_environment_scripts_only(lslidar_msgs)
[1.224s] Level 1:colcon.colcon_core.environment:checking '/home/ubuntu/my_n10_topic/workspace/install/lslidar_msgs' for CMake module files
[1.225s] Level 1:colcon.colcon_core.environment:checking '/home/ubuntu/my_n10_topic/workspace/install/lslidar_msgs' for CMake config files
[1.225s] Level 1:colcon.colcon_core.shell:create_environment_hook('lslidar_msgs', 'cmake_prefix_path')
[1.226s] INFO:colcon.colcon_core.shell:Creating environment hook '/home/ubuntu/my_n10_topic/workspace/install/lslidar_msgs/share/lslidar_msgs/hook/cmake_prefix_path.ps1'
[1.226s] INFO:colcon.colcon_core.shell:Creating environment descriptor '/home/ubuntu/my_n10_topic/workspace/install/lslidar_msgs/share/lslidar_msgs/hook/cmake_prefix_path.dsv'
[1.227s] INFO:colcon.colcon_core.shell:Creating environment hook '/home/ubuntu/my_n10_topic/workspace/install/lslidar_msgs/share/lslidar_msgs/hook/cmake_prefix_path.sh'
[1.227s] Level 1:colcon.colcon_core.environment:checking '/home/ubuntu/my_n10_topic/workspace/install/lslidar_msgs/lib'
[1.227s] Level 1:colcon.colcon_core.shell:create_environment_hook('lslidar_msgs', 'ld_library_path_lib')
[1.228s] INFO:colcon.colcon_core.shell:Creating environment hook '/home/ubuntu/my_n10_topic/workspace/install/lslidar_msgs/share/lslidar_msgs/hook/ld_library_path_lib.ps1'
[1.228s] INFO:colcon.colcon_core.shell:Creating environment descriptor '/home/ubuntu/my_n10_topic/workspace/install/lslidar_msgs/share/lslidar_msgs/hook/ld_library_path_lib.dsv'
[1.228s] INFO:colcon.colcon_core.shell:Creating environment hook '/home/ubuntu/my_n10_topic/workspace/install/lslidar_msgs/share/lslidar_msgs/hook/ld_library_path_lib.sh'
[1.229s] Level 1:colcon.colcon_core.environment:checking '/home/ubuntu/my_n10_topic/workspace/install/lslidar_msgs/bin'
[1.229s] Level 1:colcon.colcon_core.environment:checking '/home/ubuntu/my_n10_topic/workspace/install/lslidar_msgs/lib/pkgconfig/lslidar_msgs.pc'
[1.229s] Level 1:colcon.colcon_core.environment:checking '/home/ubuntu/my_n10_topic/workspace/install/lslidar_msgs/lib/python3.10/site-packages'
[1.230s] Level 1:colcon.colcon_core.environment:checking '/home/ubuntu/my_n10_topic/workspace/install/lslidar_msgs/bin'
[1.230s] INFO:colcon.colcon_core.shell:Creating package script '/home/ubuntu/my_n10_topic/workspace/install/lslidar_msgs/share/lslidar_msgs/package.ps1'
[1.230s] INFO:colcon.colcon_core.shell:Creating package descriptor '/home/ubuntu/my_n10_topic/workspace/install/lslidar_msgs/share/lslidar_msgs/package.dsv'
[1.231s] INFO:colcon.colcon_core.shell:Creating package script '/home/ubuntu/my_n10_topic/workspace/install/lslidar_msgs/share/lslidar_msgs/package.sh'
[1.232s] INFO:colcon.colcon_core.shell:Creating package script '/home/ubuntu/my_n10_topic/workspace/install/lslidar_msgs/share/lslidar_msgs/package.bash'
[1.232s] INFO:colcon.colcon_core.shell:Creating package script '/home/ubuntu/my_n10_topic/workspace/install/lslidar_msgs/share/lslidar_msgs/package.zsh'
[1.233s] Level 1:colcon.colcon_core.environment:create_file_with_runtime_dependencies(/home/ubuntu/my_n10_topic/workspace/install/lslidar_msgs/share/colcon-core/packages/lslidar_msgs)
[1.233s] INFO:colcon.colcon_ros.task.ament_cmake.build:Building ROS package in '/home/ubuntu/my_n10_topic/workspace/src/LSLIDAR_X_ROS2-20240228/src/lslidar_driver' with build type 'ament_cmake'
[1.233s] INFO:colcon.colcon_cmake.task.cmake.build:Building CMake package in '/home/ubuntu/my_n10_topic/workspace/src/LSLIDAR_X_ROS2-20240228/src/lslidar_driver'
[1.233s] INFO:colcon.colcon_core.shell:Skip shell extension 'powershell' for command environment: Not usable outside of PowerShell
[1.234s] DEBUG:colcon.colcon_core.shell:Skip shell extension 'dsv' for command environment
[1.255s] DEBUG:colcon.colcon_core.event_handler.log_command:Invoking command in '/home/ubuntu/my_n10_topic/workspace/build/lslidar_driver': CMAKE_PREFIX_PATH=/home/ubuntu/my_n10_topic/workspace/install/lslidar_msgs:/home/ubuntu/my_n10_topic/workspace/install/lslidar_driver:/home/ubuntu/lidar_ros2/lidar_ws/install/serial:/home/ubuntu/lidar_ros2/lidar_ws/install/serial:/opt/ros/humble /usr/bin/cmake --build /home/ubuntu/my_n10_topic/workspace/build/lslidar_driver -- -j12 -l12
[28.151s] DEBUG:colcon.colcon_core.event_handler.log_command:Invoked command in '/home/ubuntu/my_n10_topic/workspace/build/lslidar_driver' returned '0': CMAKE_PREFIX_PATH=/home/ubuntu/my_n10_topic/workspace/install/lslidar_msgs:/home/ubuntu/my_n10_topic/workspace/install/lslidar_driver:/home/ubuntu/lidar_ros2/lidar_ws/install/serial:/home/ubuntu/lidar_ros2/lidar_ws/install/serial:/opt/ros/humble /usr/bin/cmake --build /home/ubuntu/my_n10_topic/workspace/build/lslidar_driver -- -j12 -l12
[28.191s] DEBUG:colcon.colcon_core.event_handler.log_command:Invoking command in '/home/ubuntu/my_n10_topic/workspace/build/lslidar_driver': CMAKE_PREFIX_PATH=/home/ubuntu/my_n10_topic/workspace/install/lslidar_msgs:/home/ubuntu/my_n10_topic/workspace/install/lslidar_driver:/home/ubuntu/lidar_ros2/lidar_ws/install/serial:/home/ubuntu/lidar_ros2/lidar_ws/install/serial:/opt/ros/humble /usr/bin/cmake --install /home/ubuntu/my_n10_topic/workspace/build/lslidar_driver
[28.336s] Level 1:colcon.colcon_core.environment:create_environment_scripts_only(lslidar_driver)
[28.339s] Level 1:colcon.colcon_core.environment:checking '/home/ubuntu/my_n10_topic/workspace/install/lslidar_driver' for CMake module files
[28.340s] DEBUG:colcon.colcon_core.event_handler.log_command:Invoked command in '/home/ubuntu/my_n10_topic/workspace/build/lslidar_driver' returned '0': CMAKE_PREFIX_PATH=/home/ubuntu/my_n10_topic/workspace/install/lslidar_msgs:/home/ubuntu/my_n10_topic/workspace/install/lslidar_driver:/home/ubuntu/lidar_ros2/lidar_ws/install/serial:/home/ubuntu/lidar_ros2/lidar_ws/install/serial:/opt/ros/humble /usr/bin/cmake --install /home/ubuntu/my_n10_topic/workspace/build/lslidar_driver
[28.341s] Level 1:colcon.colcon_core.environment:checking '/home/ubuntu/my_n10_topic/workspace/install/lslidar_driver' for CMake config files
[28.342s] Level 1:colcon.colcon_core.shell:create_environment_hook('lslidar_driver', 'cmake_prefix_path')
[28.343s] INFO:colcon.colcon_core.shell:Creating environment hook '/home/ubuntu/my_n10_topic/workspace/install/lslidar_driver/share/lslidar_driver/hook/cmake_prefix_path.ps1'
[28.347s] INFO:colcon.colcon_core.shell:Creating environment descriptor '/home/ubuntu/my_n10_topic/workspace/install/lslidar_driver/share/lslidar_driver/hook/cmake_prefix_path.dsv'
[28.349s] INFO:colcon.colcon_core.shell:Creating environment hook '/home/ubuntu/my_n10_topic/workspace/install/lslidar_driver/share/lslidar_driver/hook/cmake_prefix_path.sh'
[28.352s] Level 1:colcon.colcon_core.environment:checking '/home/ubuntu/my_n10_topic/workspace/install/lslidar_driver/lib'
[28.352s] Level 1:colcon.colcon_core.environment:checking '/home/ubuntu/my_n10_topic/workspace/install/lslidar_driver/bin'
[28.352s] Level 1:colcon.colcon_core.environment:checking '/home/ubuntu/my_n10_topic/workspace/install/lslidar_driver/lib/pkgconfig/lslidar_driver.pc'
[28.353s] Level 1:colcon.colcon_core.environment:checking '/home/ubuntu/my_n10_topic/workspace/install/lslidar_driver/lib/python3.10/site-packages'
[28.354s] Level 1:colcon.colcon_core.environment:checking '/home/ubuntu/my_n10_topic/workspace/install/lslidar_driver/bin'
[28.354s] INFO:colcon.colcon_core.shell:Creating package script '/home/ubuntu/my_n10_topic/workspace/install/lslidar_driver/share/lslidar_driver/package.ps1'
[28.356s] INFO:colcon.colcon_core.shell:Creating package descriptor '/home/ubuntu/my_n10_topic/workspace/install/lslidar_driver/share/lslidar_driver/package.dsv'
[28.357s] INFO:colcon.colcon_core.shell:Creating package script '/home/ubuntu/my_n10_topic/workspace/install/lslidar_driver/share/lslidar_driver/package.sh'
[28.362s] INFO:colcon.colcon_core.shell:Creating package script '/home/ubuntu/my_n10_topic/workspace/install/lslidar_driver/share/lslidar_driver/package.bash'
[28.364s] INFO:colcon.colcon_core.shell:Creating package script '/home/ubuntu/my_n10_topic/workspace/install/lslidar_driver/share/lslidar_driver/package.zsh'
[28.366s] Level 1:colcon.colcon_core.environment:create_file_with_runtime_dependencies(/home/ubuntu/my_n10_topic/workspace/install/lslidar_driver/share/colcon-core/packages/lslidar_driver)
[28.367s] Level 1:colcon.colcon_core.environment:create_environment_scripts_only(lslidar_driver)
[28.367s] Level 1:colcon.colcon_core.environment:checking '/home/ubuntu/my_n10_topic/workspace/install/lslidar_driver' for CMake module files
[28.368s] Level 1:colcon.colcon_core.environment:checking '/home/ubuntu/my_n10_topic/workspace/install/lslidar_driver' for CMake config files
[28.368s] Level 1:colcon.colcon_core.shell:create_environment_hook('lslidar_driver', 'cmake_prefix_path')
[28.368s] INFO:colcon.colcon_core.shell:Creating environment hook '/home/ubuntu/my_n10_topic/workspace/install/lslidar_driver/share/lslidar_driver/hook/cmake_prefix_path.ps1'
[28.369s] INFO:colcon.colcon_core.shell:Creating environment descriptor '/home/ubuntu/my_n10_topic/workspace/install/lslidar_driver/share/lslidar_driver/hook/cmake_prefix_path.dsv'
[28.370s] INFO:colcon.colcon_core.shell:Creating environment hook '/home/ubuntu/my_n10_topic/workspace/install/lslidar_driver/share/lslidar_driver/hook/cmake_prefix_path.sh'
[28.371s] Level 1:colcon.colcon_core.environment:checking '/home/ubuntu/my_n10_topic/workspace/install/lslidar_driver/lib'
[28.371s] Level 1:colcon.colcon_core.environment:checking '/home/ubuntu/my_n10_topic/workspace/install/lslidar_driver/bin'
[28.371s] Level 1:colcon.colcon_core.environment:checking '/home/ubuntu/my_n10_topic/workspace/install/lslidar_driver/lib/pkgconfig/lslidar_driver.pc'
[28.371s] Level 1:colcon.colcon_core.environment:checking '/home/ubuntu/my_n10_topic/workspace/install/lslidar_driver/lib/python3.10/site-packages'
[28.371s] Level 1:colcon.colcon_core.environment:checking '/home/ubuntu/my_n10_topic/workspace/install/lslidar_driver/bin'
[28.372s] INFO:colcon.colcon_core.shell:Creating package script '/home/ubuntu/my_n10_topic/workspace/install/lslidar_driver/share/lslidar_driver/package.ps1'
[28.373s] INFO:colcon.colcon_core.shell:Creating package descriptor '/home/ubuntu/my_n10_topic/workspace/install/lslidar_driver/share/lslidar_driver/package.dsv'
[28.373s] INFO:colcon.colcon_core.shell:Creating package script '/home/ubuntu/my_n10_topic/workspace/install/lslidar_driver/share/lslidar_driver/package.sh'
[28.374s] INFO:colcon.colcon_core.shell:Creating package script '/home/ubuntu/my_n10_topic/workspace/install/lslidar_driver/share/lslidar_driver/package.bash'
[28.375s] INFO:colcon.colcon_core.shell:Creating package script '/home/ubuntu/my_n10_topic/workspace/install/lslidar_driver/share/lslidar_driver/package.zsh'
[28.375s] Level 1:colcon.colcon_core.environment:create_file_with_runtime_dependencies(/home/ubuntu/my_n10_topic/workspace/install/lslidar_driver/share/colcon-core/packages/lslidar_driver)
[28.377s] DEBUG:colcon.colcon_parallel_executor.executor.parallel:closing loop
[28.380s] DEBUG:colcon.colcon_parallel_executor.executor.parallel:loop closed
[28.381s] DEBUG:colcon.colcon_parallel_executor.executor.parallel:run_until_complete finished with '0'
[28.381s] DEBUG:colcon.colcon_core.event_reactor:joining thread
[28.431s] INFO:colcon.colcon_core.plugin_system:Skipping extension 'colcon_notification.desktop_notification.terminal_notifier': Not used on non-Darwin systems
[28.431s] INFO:colcon.colcon_core.plugin_system:Skipping extension 'colcon_notification.desktop_notification.win32': Not used on non-Windows systems
[28.431s] INFO:colcon.colcon_notification.desktop_notification:Sending desktop notification using 'notify2'
[28.614s] DEBUG:colcon.colcon_core.event_reactor:joined thread
[28.615s] INFO:colcon.colcon_core.shell:Creating prefix script '/home/ubuntu/my_n10_topic/workspace/install/local_setup.ps1'
[28.619s] INFO:colcon.colcon_core.shell:Creating prefix util module '/home/ubuntu/my_n10_topic/workspace/install/_local_setup_util_ps1.py'
[28.622s] INFO:colcon.colcon_core.shell:Creating prefix chain script '/home/ubuntu/my_n10_topic/workspace/install/setup.ps1'
[28.626s] INFO:colcon.colcon_core.shell:Creating prefix script '/home/ubuntu/my_n10_topic/workspace/install/local_setup.sh'
[28.628s] INFO:colcon.colcon_core.shell:Creating prefix util module '/home/ubuntu/my_n10_topic/workspace/install/_local_setup_util_sh.py'
[28.629s] INFO:colcon.colcon_core.shell:Creating prefix chain script '/home/ubuntu/my_n10_topic/workspace/install/setup.sh'
[28.632s] INFO:colcon.colcon_core.shell:Creating prefix script '/home/ubuntu/my_n10_topic/workspace/install/local_setup.bash'
[28.633s] INFO:colcon.colcon_core.shell:Creating prefix chain script '/home/ubuntu/my_n10_topic/workspace/install/setup.bash'
[28.635s] INFO:colcon.colcon_core.shell:Creating prefix script '/home/ubuntu/my_n10_topic/workspace/install/local_setup.zsh'
[28.637s] INFO:colcon.colcon_core.shell:Creating prefix chain script '/home/ubuntu/my_n10_topic/workspace/install/setup.zsh'
