[0.032s] Invoking command in '/home/ubuntu/my_n10_topic/workspace/build/lslidar_msgs': CMAKE_PREFIX_PATH=${CMAKE_PREFIX_PATH}:/opt/ros/humble /usr/bin/cmake /home/ubuntu/my_n10_topic/workspace/src/LSLIDAR_X_ROS2-20240228/src/lslidar_msgs -DCMAKE_INSTALL_PREFIX=/home/ubuntu/my_n10_topic/workspace/install/lslidar_msgs
[0.225s] -- The C compiler identification is GNU 11.4.0
[0.332s] -- The CXX compiler identification is GNU 11.4.0
[0.345s] -- Detecting C compiler ABI info
[0.482s] -- Detecting C compiler ABI info - done
[0.486s] -- Check for working C compiler: /usr/bin/cc - skipped
[0.486s] -- Detecting C compile features
[0.486s] -- Detecting C compile features - done
[0.488s] -- Detecting CXX compiler ABI info
[0.648s] -- Detecting CXX compiler ABI info - done
[0.655s] -- Check for working CXX compiler: /usr/bin/c++ - skipped
[0.655s] -- Detecting CXX compile features
[0.656s] -- Detecting CXX compile features - done
[0.659s] -- Found ament_cmake: 1.3.11 (/opt/ros/humble/share/ament_cmake/cmake)
[0.885s] -- Found Python3: /usr/bin/python3 (found version "3.10.12") found components: Interpreter 
[1.026s] -- Found std_msgs: 4.2.4 (/opt/ros/humble/share/std_msgs/cmake)
[1.077s] -- Found rosidl_generator_c: 3.1.6 (/opt/ros/humble/share/rosidl_generator_c/cmake)
[1.084s] -- Found rosidl_adapter: 3.1.6 (/opt/ros/humble/share/rosidl_adapter/cmake)
[1.098s] -- Found rosidl_generator_cpp: 3.1.6 (/opt/ros/humble/share/rosidl_generator_cpp/cmake)
[1.123s] -- Using all available rosidl_typesupport_c: rosidl_typesupport_fastrtps_c;rosidl_typesupport_introspection_c
[1.148s] -- Using all available rosidl_typesupport_cpp: rosidl_typesupport_fastrtps_cpp;rosidl_typesupport_introspection_cpp
[1.195s] -- Found sensor_msgs: 4.2.4 (/opt/ros/humble/share/sensor_msgs/cmake)
[1.253s] -- Found rosidl_default_generators: 1.2.0 (/opt/ros/humble/share/rosidl_default_generators/cmake)
[1.266s] -- Found ament_lint_auto: 0.12.11 (/opt/ros/humble/share/ament_lint_auto/cmake)
[1.758s] -- Found ament_cmake_ros: 0.10.0 (/opt/ros/humble/share/ament_cmake_ros/cmake)
[2.311s] -- Using all available rosidl_typesupport_c: rosidl_typesupport_fastrtps_c;rosidl_typesupport_introspection_c
[2.508s] -- Using all available rosidl_typesupport_cpp: rosidl_typesupport_fastrtps_cpp;rosidl_typesupport_introspection_cpp
[2.559s] -- Found PythonInterp: /usr/bin/python3 (found suitable version "3.10.12", minimum required is "3.6") 
[2.561s] -- Found python_cmake_module: 0.10.0 (/opt/ros/humble/share/python_cmake_module/cmake)
[2.608s] -- Found PythonLibs: /usr/lib/x86_64-linux-gnu/libpython3.10.so (found suitable version "3.10.12", minimum required is "3.5") 
[2.608s] -- Using PYTHON_EXECUTABLE: /usr/bin/python3
[2.608s] -- Using PYTHON_INCLUDE_DIRS: /usr/include/python3.10
[2.608s] -- Using PYTHON_LIBRARIES: /usr/lib/x86_64-linux-gnu/libpython3.10.so
[2.640s] -- Found PythonExtra: .so  
[2.719s] -- Added test 'copyright' to check source files copyright and LICENSE
[2.720s] -- Added test 'lint_cmake' to check CMake code style
[2.722s] -- Added test 'xmllint' to check XML markup files
[2.727s] -- Configuring done
[2.801s] -- Generating done
[2.820s] -- Build files have been written to: /home/ubuntu/my_n10_topic/workspace/build/lslidar_msgs
[2.833s] Invoked command in '/home/ubuntu/my_n10_topic/workspace/build/lslidar_msgs' returned '0': CMAKE_PREFIX_PATH=${CMAKE_PREFIX_PATH}:/opt/ros/humble /usr/bin/cmake /home/ubuntu/my_n10_topic/workspace/src/LSLIDAR_X_ROS2-20240228/src/lslidar_msgs -DCMAKE_INSTALL_PREFIX=/home/ubuntu/my_n10_topic/workspace/install/lslidar_msgs
[2.836s] Invoking command in '/home/ubuntu/my_n10_topic/workspace/build/lslidar_msgs': CMAKE_PREFIX_PATH=${CMAKE_PREFIX_PATH}:/opt/ros/humble /usr/bin/cmake --build /home/ubuntu/my_n10_topic/workspace/build/lslidar_msgs -- -j12 -l12
[2.935s] [  1%] [34m[1mGenerating C code for ROS interfaces[0m
[2.944s] [  3%] [34m[1mGenerating C++ code for ROS interfaces[0m
[2.969s] [  3%] Built target ament_cmake_python_copy_lslidar_msgs
[3.400s] running egg_info
[3.401s] creating lslidar_msgs.egg-info
[3.401s] writing lslidar_msgs.egg-info/PKG-INFO
[3.402s] writing dependency_links to lslidar_msgs.egg-info/dependency_links.txt
[3.402s] writing top-level names to lslidar_msgs.egg-info/top_level.txt
[3.404s] writing manifest file 'lslidar_msgs.egg-info/SOURCES.txt'
[3.406s] reading manifest file 'lslidar_msgs.egg-info/SOURCES.txt'
[3.407s] writing manifest file 'lslidar_msgs.egg-info/SOURCES.txt'
[3.446s] [  3%] Built target ament_cmake_python_build_lslidar_msgs_egg
[3.736s] [  3%] Built target lslidar_msgs__cpp
[3.767s] [  4%] [34m[1mGenerating C++ type support dispatch for ROS interfaces[0m
[3.767s] [  6%] [34m[1mGenerating C++ introspection for ROS interfaces[0m
[3.776s] [  7%] [34m[1mGenerating C++ type support for eProsima Fast-RTPS[0m
[4.154s] [  9%] [32mBuilding C object CMakeFiles/lslidar_msgs__rosidl_generator_c.dir/rosidl_generator_c/lslidar_msgs/msg/detail/lslidar_packet__functions.c.o[0m
[4.168s] [ 12%] [32mBuilding C object CMakeFiles/lslidar_msgs__rosidl_generator_c.dir/rosidl_generator_c/lslidar_msgs/msg/detail/lslidar_sweep__functions.c.o[0m
[4.168s] [ 12%] [32mBuilding C object CMakeFiles/lslidar_msgs__rosidl_generator_c.dir/rosidl_generator_c/lslidar_msgs/msg/detail/lslidar_difop__functions.c.o[0m
[4.168s] [ 14%] [32mBuilding C object CMakeFiles/lslidar_msgs__rosidl_generator_c.dir/rosidl_generator_c/lslidar_msgs/msg/detail/lslidar_point__functions.c.o[0m
[4.181s] [ 15%] [32mBuilding C object CMakeFiles/lslidar_msgs__rosidl_generator_c.dir/rosidl_generator_c/lslidar_msgs/msg/detail/lslidar_scan__functions.c.o[0m
[4.440s] [ 17%] [32m[1mLinking C shared library liblslidar_msgs__rosidl_generator_c.so[0m
[4.558s] [ 17%] Built target lslidar_msgs__rosidl_generator_c
[4.616s] [ 19%] [32mBuilding CXX object CMakeFiles/lslidar_msgs__rosidl_typesupport_cpp.dir/rosidl_typesupport_cpp/lslidar_msgs/msg/lslidar_sweep__type_support.cpp.o[0m
[4.617s] [ 20%] [34m[1mGenerating C type support for eProsima Fast-RTPS[0m
[4.633s] [ 23%] [32mBuilding CXX object CMakeFiles/lslidar_msgs__rosidl_typesupport_cpp.dir/rosidl_typesupport_cpp/lslidar_msgs/msg/lslidar_difop__type_support.cpp.o[0m
[4.634s] [ 23%] [34m[1mGenerating C type support dispatch for ROS interfaces[0m
[4.650s] [ 25%] [34m[1mGenerating C introspection for ROS interfaces[0m
[4.650s] [ 26%] [32mBuilding CXX object CMakeFiles/lslidar_msgs__rosidl_typesupport_cpp.dir/rosidl_typesupport_cpp/lslidar_msgs/msg/lslidar_packet__type_support.cpp.o[0m
[4.663s] [ 28%] [32mBuilding CXX object CMakeFiles/lslidar_msgs__rosidl_typesupport_cpp.dir/rosidl_typesupport_cpp/lslidar_msgs/msg/lslidar_point__type_support.cpp.o[0m
[4.664s] [ 30%] [32mBuilding CXX object CMakeFiles/lslidar_msgs__rosidl_typesupport_cpp.dir/rosidl_typesupport_cpp/lslidar_msgs/msg/lslidar_scan__type_support.cpp.o[0m
[4.701s] [ 31%] [32mBuilding CXX object CMakeFiles/lslidar_msgs__rosidl_typesupport_introspection_cpp.dir/rosidl_typesupport_introspection_cpp/lslidar_msgs/msg/detail/lslidar_difop__type_support.cpp.o[0m
[4.724s] [ 33%] [32mBuilding CXX object CMakeFiles/lslidar_msgs__rosidl_typesupport_introspection_cpp.dir/rosidl_typesupport_introspection_cpp/lslidar_msgs/msg/detail/lslidar_point__type_support.cpp.o[0m
[4.785s] [ 34%] [32mBuilding CXX object CMakeFiles/lslidar_msgs__rosidl_typesupport_introspection_cpp.dir/rosidl_typesupport_introspection_cpp/lslidar_msgs/msg/detail/lslidar_packet__type_support.cpp.o[0m
[5.306s] [ 36%] [32mBuilding CXX object CMakeFiles/lslidar_msgs__rosidl_typesupport_introspection_cpp.dir/rosidl_typesupport_introspection_cpp/lslidar_msgs/msg/detail/lslidar_scan__type_support.cpp.o[0m
[5.420s] [ 38%] [32mBuilding CXX object CMakeFiles/lslidar_msgs__rosidl_typesupport_introspection_cpp.dir/rosidl_typesupport_introspection_cpp/lslidar_msgs/msg/detail/lslidar_sweep__type_support.cpp.o[0m
[5.421s] [ 39%] [32mBuilding CXX object CMakeFiles/lslidar_msgs__rosidl_typesupport_fastrtps_cpp.dir/rosidl_typesupport_fastrtps_cpp/lslidar_msgs/msg/detail/dds_fastrtps/lslidar_difop__type_support.cpp.o[0m
[5.529s] [ 41%] [32mBuilding CXX object CMakeFiles/lslidar_msgs__rosidl_typesupport_fastrtps_cpp.dir/rosidl_typesupport_fastrtps_cpp/lslidar_msgs/msg/detail/dds_fastrtps/lslidar_packet__type_support.cpp.o[0m
[5.587s] [ 42%] [32mBuilding CXX object CMakeFiles/lslidar_msgs__rosidl_typesupport_fastrtps_cpp.dir/rosidl_typesupport_fastrtps_cpp/lslidar_msgs/msg/detail/dds_fastrtps/lslidar_point__type_support.cpp.o[0m
[5.610s] [ 44%] [32mBuilding CXX object CMakeFiles/lslidar_msgs__rosidl_typesupport_fastrtps_cpp.dir/rosidl_typesupport_fastrtps_cpp/lslidar_msgs/msg/detail/dds_fastrtps/lslidar_scan__type_support.cpp.o[0m
[5.611s] [ 46%] [32mBuilding CXX object CMakeFiles/lslidar_msgs__rosidl_typesupport_c.dir/rosidl_typesupport_c/lslidar_msgs/msg/lslidar_difop__type_support.cpp.o[0m
[5.661s] [ 47%] [32mBuilding CXX object CMakeFiles/lslidar_msgs__rosidl_typesupport_fastrtps_cpp.dir/rosidl_typesupport_fastrtps_cpp/lslidar_msgs/msg/detail/dds_fastrtps/lslidar_sweep__type_support.cpp.o[0m
[5.688s] [ 49%] [32m[1mLinking CXX shared library liblslidar_msgs__rosidl_typesupport_cpp.so[0m
[5.706s] [ 50%] [32mBuilding CXX object CMakeFiles/lslidar_msgs__rosidl_typesupport_c.dir/rosidl_typesupport_c/lslidar_msgs/msg/lslidar_packet__type_support.cpp.o[0m
[5.706s] [ 52%] [32mBuilding CXX object CMakeFiles/lslidar_msgs__rosidl_typesupport_c.dir/rosidl_typesupport_c/lslidar_msgs/msg/lslidar_point__type_support.cpp.o[0m
[5.750s] [ 53%] [32mBuilding CXX object CMakeFiles/lslidar_msgs__rosidl_typesupport_c.dir/rosidl_typesupport_c/lslidar_msgs/msg/lslidar_scan__type_support.cpp.o[0m
[5.807s] [ 55%] [32mBuilding CXX object CMakeFiles/lslidar_msgs__rosidl_typesupport_fastrtps_c.dir/rosidl_typesupport_fastrtps_c/lslidar_msgs/msg/detail/lslidar_packet__type_support_c.cpp.o[0m
[5.812s] [ 57%] [32mBuilding CXX object CMakeFiles/lslidar_msgs__rosidl_typesupport_c.dir/rosidl_typesupport_c/lslidar_msgs/msg/lslidar_sweep__type_support.cpp.o[0m
[5.813s] [ 58%] [32mBuilding CXX object CMakeFiles/lslidar_msgs__rosidl_typesupport_fastrtps_c.dir/rosidl_typesupport_fastrtps_c/lslidar_msgs/msg/detail/lslidar_difop__type_support_c.cpp.o[0m
[5.871s] [ 58%] Built target lslidar_msgs__rosidl_typesupport_cpp
[5.899s] [ 60%] [32m[1mLinking CXX shared library liblslidar_msgs__rosidl_typesupport_c.so[0m
[5.926s] [ 61%] [32mBuilding CXX object CMakeFiles/lslidar_msgs__rosidl_typesupport_fastrtps_c.dir/rosidl_typesupport_fastrtps_c/lslidar_msgs/msg/detail/lslidar_point__type_support_c.cpp.o[0m
[6.047s] [ 61%] Built target lslidar_msgs__rosidl_typesupport_c
[6.083s] [ 63%] [32mBuilding CXX object CMakeFiles/lslidar_msgs__rosidl_typesupport_fastrtps_c.dir/rosidl_typesupport_fastrtps_c/lslidar_msgs/msg/detail/lslidar_sweep__type_support_c.cpp.o[0m
[6.087s] [ 65%] [32mBuilding CXX object CMakeFiles/lslidar_msgs__rosidl_typesupport_fastrtps_c.dir/rosidl_typesupport_fastrtps_c/lslidar_msgs/msg/detail/lslidar_scan__type_support_c.cpp.o[0m
[6.151s] [ 66%] [32mBuilding C object CMakeFiles/lslidar_msgs__rosidl_typesupport_introspection_c.dir/rosidl_typesupport_introspection_c/lslidar_msgs/msg/detail/lslidar_difop__type_support.c.o[0m
[6.195s] [ 68%] [32mBuilding C object CMakeFiles/lslidar_msgs__rosidl_typesupport_introspection_c.dir/rosidl_typesupport_introspection_c/lslidar_msgs/msg/detail/lslidar_packet__type_support.c.o[0m
[6.233s] [ 69%] [32mBuilding C object CMakeFiles/lslidar_msgs__rosidl_typesupport_introspection_c.dir/rosidl_typesupport_introspection_c/lslidar_msgs/msg/detail/lslidar_point__type_support.c.o[0m
[6.247s] [ 71%] [32mBuilding C object CMakeFiles/lslidar_msgs__rosidl_typesupport_introspection_c.dir/rosidl_typesupport_introspection_c/lslidar_msgs/msg/detail/lslidar_scan__type_support.c.o[0m
[6.271s] [ 73%] [32mBuilding C object CMakeFiles/lslidar_msgs__rosidl_typesupport_introspection_c.dir/rosidl_typesupport_introspection_c/lslidar_msgs/msg/detail/lslidar_sweep__type_support.c.o[0m
[6.318s] [ 74%] [32m[1mLinking CXX shared library liblslidar_msgs__rosidl_typesupport_introspection_cpp.so[0m
[6.369s] [ 76%] [32m[1mLinking C shared library liblslidar_msgs__rosidl_typesupport_introspection_c.so[0m
[6.432s] [ 77%] [32m[1mLinking CXX shared library liblslidar_msgs__rosidl_typesupport_fastrtps_cpp.so[0m
[6.459s] [ 77%] Built target lslidar_msgs__rosidl_typesupport_introspection_c
[6.529s] [ 77%] Built target lslidar_msgs__rosidl_typesupport_introspection_cpp
[6.559s] [ 77%] Built target lslidar_msgs__rosidl_typesupport_fastrtps_cpp
[6.621s] [ 79%] [32m[1mLinking CXX shared library liblslidar_msgs__rosidl_typesupport_fastrtps_c.so[0m
[6.768s] [ 79%] Built target lslidar_msgs__rosidl_typesupport_fastrtps_c
[6.812s] [ 79%] Built target lslidar_msgs
[6.857s] [ 80%] [34m[1mGenerating Python code for ROS interfaces[0m
[7.802s] [ 80%] Built target lslidar_msgs__py
[7.854s] [ 82%] [32mBuilding C object CMakeFiles/lslidar_msgs__rosidl_generator_py.dir/rosidl_generator_py/lslidar_msgs/msg/_lslidar_packet_s.c.o[0m
[7.854s] [ 84%] [32mBuilding C object CMakeFiles/lslidar_msgs__rosidl_generator_py.dir/rosidl_generator_py/lslidar_msgs/msg/_lslidar_difop_s.c.o[0m
[7.854s] [ 85%] [32mBuilding C object CMakeFiles/lslidar_msgs__rosidl_generator_py.dir/rosidl_generator_py/lslidar_msgs/msg/_lslidar_sweep_s.c.o[0m
[7.856s] [ 87%] [32mBuilding C object CMakeFiles/lslidar_msgs__rosidl_generator_py.dir/rosidl_generator_py/lslidar_msgs/msg/_lslidar_point_s.c.o[0m
[7.856s] [ 88%] [32mBuilding C object CMakeFiles/lslidar_msgs__rosidl_generator_py.dir/rosidl_generator_py/lslidar_msgs/msg/_lslidar_scan_s.c.o[0m
[8.024s] [ 90%] [32m[1mLinking C shared library rosidl_generator_py/lslidar_msgs/liblslidar_msgs__rosidl_generator_py.so[0m
[8.105s] [ 90%] Built target lslidar_msgs__rosidl_generator_py
[8.136s] [ 92%] [32mBuilding C object CMakeFiles/lslidar_msgs__rosidl_typesupport_c__pyext.dir/rosidl_generator_py/lslidar_msgs/_lslidar_msgs_s.ep.rosidl_typesupport_c.c.o[0m
[8.137s] [ 93%] [32mBuilding C object CMakeFiles/lslidar_msgs__rosidl_typesupport_introspection_c__pyext.dir/rosidl_generator_py/lslidar_msgs/_lslidar_msgs_s.ep.rosidl_typesupport_introspection_c.c.o[0m
[8.147s] [ 95%] [32mBuilding C object CMakeFiles/lslidar_msgs__rosidl_typesupport_fastrtps_c__pyext.dir/rosidl_generator_py/lslidar_msgs/_lslidar_msgs_s.ep.rosidl_typesupport_fastrtps_c.c.o[0m
[8.299s] [ 96%] [32m[1mLinking C shared library rosidl_generator_py/lslidar_msgs/lslidar_msgs_s__rosidl_typesupport_introspection_c.cpython-310-x86_64-linux-gnu.so[0m
[8.316s] [ 98%] [32m[1mLinking C shared library rosidl_generator_py/lslidar_msgs/lslidar_msgs_s__rosidl_typesupport_fastrtps_c.cpython-310-x86_64-linux-gnu.so[0m
[8.321s] [100%] [32m[1mLinking C shared library rosidl_generator_py/lslidar_msgs/lslidar_msgs_s__rosidl_typesupport_c.cpython-310-x86_64-linux-gnu.so[0m
[8.374s] [100%] Built target lslidar_msgs__rosidl_typesupport_introspection_c__pyext
[8.391s] [100%] Built target lslidar_msgs__rosidl_typesupport_fastrtps_c__pyext
[8.395s] [100%] Built target lslidar_msgs__rosidl_typesupport_c__pyext
[8.422s] Invoked command in '/home/ubuntu/my_n10_topic/workspace/build/lslidar_msgs' returned '0': CMAKE_PREFIX_PATH=${CMAKE_PREFIX_PATH}:/opt/ros/humble /usr/bin/cmake --build /home/ubuntu/my_n10_topic/workspace/build/lslidar_msgs -- -j12 -l12
[8.425s] Invoking command in '/home/ubuntu/my_n10_topic/workspace/build/lslidar_msgs': CMAKE_PREFIX_PATH=${CMAKE_PREFIX_PATH}:/opt/ros/humble /usr/bin/cmake --install /home/ubuntu/my_n10_topic/workspace/build/lslidar_msgs
[8.443s] -- Install configuration: ""
[8.443s] -- Installing: /home/ubuntu/my_n10_topic/workspace/install/lslidar_msgs/share/ament_index/resource_index/rosidl_interfaces/lslidar_msgs
[8.444s] -- Installing: /home/ubuntu/my_n10_topic/workspace/install/lslidar_msgs/include/lslidar_msgs/lslidar_msgs
[8.444s] -- Installing: /home/ubuntu/my_n10_topic/workspace/install/lslidar_msgs/include/lslidar_msgs/lslidar_msgs/msg
[8.445s] -- Installing: /home/ubuntu/my_n10_topic/workspace/install/lslidar_msgs/include/lslidar_msgs/lslidar_msgs/msg/lslidar_difop.h
[8.445s] -- Installing: /home/ubuntu/my_n10_topic/workspace/install/lslidar_msgs/include/lslidar_msgs/lslidar_msgs/msg/lslidar_point.h
[8.445s] -- Installing: /home/ubuntu/my_n10_topic/workspace/install/lslidar_msgs/include/lslidar_msgs/lslidar_msgs/msg/lslidar_packet.h
[8.445s] -- Installing: /home/ubuntu/my_n10_topic/workspace/install/lslidar_msgs/include/lslidar_msgs/lslidar_msgs/msg/rosidl_generator_c__visibility_control.h
[8.445s] -- Installing: /home/ubuntu/my_n10_topic/workspace/install/lslidar_msgs/include/lslidar_msgs/lslidar_msgs/msg/lslidar_scan.h
[8.445s] -- Installing: /home/ubuntu/my_n10_topic/workspace/install/lslidar_msgs/include/lslidar_msgs/lslidar_msgs/msg/lslidar_sweep.h
[8.445s] -- Installing: /home/ubuntu/my_n10_topic/workspace/install/lslidar_msgs/include/lslidar_msgs/lslidar_msgs/msg/detail
[8.446s] -- Installing: /home/ubuntu/my_n10_topic/workspace/install/lslidar_msgs/include/lslidar_msgs/lslidar_msgs/msg/detail/lslidar_point__functions.c
[8.446s] -- Installing: /home/ubuntu/my_n10_topic/workspace/install/lslidar_msgs/include/lslidar_msgs/lslidar_msgs/msg/detail/lslidar_sweep__functions.c
[8.446s] -- Installing: /home/ubuntu/my_n10_topic/workspace/install/lslidar_msgs/include/lslidar_msgs/lslidar_msgs/msg/detail/lslidar_packet__functions.h
[8.446s] -- Installing: /home/ubuntu/my_n10_topic/workspace/install/lslidar_msgs/include/lslidar_msgs/lslidar_msgs/msg/detail/lslidar_difop__functions.c
[8.446s] -- Installing: /home/ubuntu/my_n10_topic/workspace/install/lslidar_msgs/include/lslidar_msgs/lslidar_msgs/msg/detail/lslidar_sweep__struct.h
[8.446s] -- Installing: /home/ubuntu/my_n10_topic/workspace/install/lslidar_msgs/include/lslidar_msgs/lslidar_msgs/msg/detail/lslidar_scan__functions.h
[8.446s] -- Installing: /home/ubuntu/my_n10_topic/workspace/install/lslidar_msgs/include/lslidar_msgs/lslidar_msgs/msg/detail/lslidar_packet__type_support.h
[8.446s] -- Installing: /home/ubuntu/my_n10_topic/workspace/install/lslidar_msgs/include/lslidar_msgs/lslidar_msgs/msg/detail/lslidar_packet__struct.h
[8.447s] -- Installing: /home/ubuntu/my_n10_topic/workspace/install/lslidar_msgs/include/lslidar_msgs/lslidar_msgs/msg/detail/lslidar_scan__type_support.h
[8.447s] -- Installing: /home/ubuntu/my_n10_topic/workspace/install/lslidar_msgs/include/lslidar_msgs/lslidar_msgs/msg/detail/lslidar_difop__struct.h
[8.447s] -- Installing: /home/ubuntu/my_n10_topic/workspace/install/lslidar_msgs/include/lslidar_msgs/lslidar_msgs/msg/detail/lslidar_scan__functions.c
[8.447s] -- Installing: /home/ubuntu/my_n10_topic/workspace/install/lslidar_msgs/include/lslidar_msgs/lslidar_msgs/msg/detail/lslidar_difop__functions.h
[8.447s] -- Installing: /home/ubuntu/my_n10_topic/workspace/install/lslidar_msgs/include/lslidar_msgs/lslidar_msgs/msg/detail/lslidar_difop__type_support.h
[8.447s] -- Installing: /home/ubuntu/my_n10_topic/workspace/install/lslidar_msgs/include/lslidar_msgs/lslidar_msgs/msg/detail/lslidar_point__functions.h
[8.447s] -- Installing: /home/ubuntu/my_n10_topic/workspace/install/lslidar_msgs/include/lslidar_msgs/lslidar_msgs/msg/detail/lslidar_packet__functions.c
[8.447s] -- Installing: /home/ubuntu/my_n10_topic/workspace/install/lslidar_msgs/include/lslidar_msgs/lslidar_msgs/msg/detail/lslidar_sweep__type_support.h
[8.447s] -- Installing: /home/ubuntu/my_n10_topic/workspace/install/lslidar_msgs/include/lslidar_msgs/lslidar_msgs/msg/detail/lslidar_point__type_support.h
[8.447s] -- Installing: /home/ubuntu/my_n10_topic/workspace/install/lslidar_msgs/include/lslidar_msgs/lslidar_msgs/msg/detail/lslidar_scan__struct.h
[8.447s] -- Installing: /home/ubuntu/my_n10_topic/workspace/install/lslidar_msgs/include/lslidar_msgs/lslidar_msgs/msg/detail/lslidar_sweep__functions.h
[8.447s] -- Installing: /home/ubuntu/my_n10_topic/workspace/install/lslidar_msgs/include/lslidar_msgs/lslidar_msgs/msg/detail/lslidar_point__struct.h
[8.447s] -- Installing: /home/ubuntu/my_n10_topic/workspace/install/lslidar_msgs/share/lslidar_msgs/environment/library_path.sh
[8.447s] -- Installing: /home/ubuntu/my_n10_topic/workspace/install/lslidar_msgs/share/lslidar_msgs/environment/library_path.dsv
[8.447s] -- Installing: /home/ubuntu/my_n10_topic/workspace/install/lslidar_msgs/lib/liblslidar_msgs__rosidl_generator_c.so
[8.447s] -- Set runtime path of "/home/ubuntu/my_n10_topic/workspace/install/lslidar_msgs/lib/liblslidar_msgs__rosidl_generator_c.so" to ""
[8.448s] -- Up-to-date: /home/ubuntu/my_n10_topic/workspace/install/lslidar_msgs/include/lslidar_msgs/lslidar_msgs
[8.448s] -- Up-to-date: /home/ubuntu/my_n10_topic/workspace/install/lslidar_msgs/include/lslidar_msgs/lslidar_msgs/msg
[8.449s] -- Up-to-date: /home/ubuntu/my_n10_topic/workspace/install/lslidar_msgs/include/lslidar_msgs/lslidar_msgs/msg/detail
[8.449s] -- Installing: /home/ubuntu/my_n10_topic/workspace/install/lslidar_msgs/include/lslidar_msgs/lslidar_msgs/msg/detail/lslidar_scan__rosidl_typesupport_fastrtps_c.h
[8.449s] -- Installing: /home/ubuntu/my_n10_topic/workspace/install/lslidar_msgs/include/lslidar_msgs/lslidar_msgs/msg/detail/lslidar_point__rosidl_typesupport_fastrtps_c.h
[8.449s] -- Installing: /home/ubuntu/my_n10_topic/workspace/install/lslidar_msgs/include/lslidar_msgs/lslidar_msgs/msg/detail/lslidar_difop__rosidl_typesupport_fastrtps_c.h
[8.449s] -- Installing: /home/ubuntu/my_n10_topic/workspace/install/lslidar_msgs/include/lslidar_msgs/lslidar_msgs/msg/detail/lslidar_sweep__rosidl_typesupport_fastrtps_c.h
[8.449s] -- Installing: /home/ubuntu/my_n10_topic/workspace/install/lslidar_msgs/include/lslidar_msgs/lslidar_msgs/msg/detail/lslidar_packet__rosidl_typesupport_fastrtps_c.h
[8.449s] -- Installing: /home/ubuntu/my_n10_topic/workspace/install/lslidar_msgs/include/lslidar_msgs/lslidar_msgs/msg/rosidl_typesupport_fastrtps_c__visibility_control.h
[8.449s] -- Installing: /home/ubuntu/my_n10_topic/workspace/install/lslidar_msgs/lib/liblslidar_msgs__rosidl_typesupport_fastrtps_c.so
[8.449s] -- Set runtime path of "/home/ubuntu/my_n10_topic/workspace/install/lslidar_msgs/lib/liblslidar_msgs__rosidl_typesupport_fastrtps_c.so" to ""
[8.449s] -- Up-to-date: /home/ubuntu/my_n10_topic/workspace/install/lslidar_msgs/include/lslidar_msgs/lslidar_msgs
[8.450s] -- Up-to-date: /home/ubuntu/my_n10_topic/workspace/install/lslidar_msgs/include/lslidar_msgs/lslidar_msgs/msg
[8.450s] -- Installing: /home/ubuntu/my_n10_topic/workspace/install/lslidar_msgs/include/lslidar_msgs/lslidar_msgs/msg/lslidar_scan.hpp
[8.450s] -- Installing: /home/ubuntu/my_n10_topic/workspace/install/lslidar_msgs/include/lslidar_msgs/lslidar_msgs/msg/lslidar_packet.hpp
[8.450s] -- Installing: /home/ubuntu/my_n10_topic/workspace/install/lslidar_msgs/include/lslidar_msgs/lslidar_msgs/msg/lslidar_point.hpp
[8.450s] -- Installing: /home/ubuntu/my_n10_topic/workspace/install/lslidar_msgs/include/lslidar_msgs/lslidar_msgs/msg/lslidar_difop.hpp
[8.450s] -- Up-to-date: /home/ubuntu/my_n10_topic/workspace/install/lslidar_msgs/include/lslidar_msgs/lslidar_msgs/msg/detail
[8.450s] -- Installing: /home/ubuntu/my_n10_topic/workspace/install/lslidar_msgs/include/lslidar_msgs/lslidar_msgs/msg/detail/lslidar_packet__struct.hpp
[8.450s] -- Installing: /home/ubuntu/my_n10_topic/workspace/install/lslidar_msgs/include/lslidar_msgs/lslidar_msgs/msg/detail/lslidar_scan__traits.hpp
[8.450s] -- Installing: /home/ubuntu/my_n10_topic/workspace/install/lslidar_msgs/include/lslidar_msgs/lslidar_msgs/msg/detail/lslidar_sweep__type_support.hpp
[8.451s] -- Installing: /home/ubuntu/my_n10_topic/workspace/install/lslidar_msgs/include/lslidar_msgs/lslidar_msgs/msg/detail/lslidar_difop__builder.hpp
[8.451s] -- Installing: /home/ubuntu/my_n10_topic/workspace/install/lslidar_msgs/include/lslidar_msgs/lslidar_msgs/msg/detail/lslidar_difop__struct.hpp
[8.451s] -- Installing: /home/ubuntu/my_n10_topic/workspace/install/lslidar_msgs/include/lslidar_msgs/lslidar_msgs/msg/detail/lslidar_packet__builder.hpp
[8.451s] -- Installing: /home/ubuntu/my_n10_topic/workspace/install/lslidar_msgs/include/lslidar_msgs/lslidar_msgs/msg/detail/lslidar_sweep__builder.hpp
[8.451s] -- Installing: /home/ubuntu/my_n10_topic/workspace/install/lslidar_msgs/include/lslidar_msgs/lslidar_msgs/msg/detail/lslidar_scan__type_support.hpp
[8.451s] -- Installing: /home/ubuntu/my_n10_topic/workspace/install/lslidar_msgs/include/lslidar_msgs/lslidar_msgs/msg/detail/lslidar_sweep__traits.hpp
[8.451s] -- Installing: /home/ubuntu/my_n10_topic/workspace/install/lslidar_msgs/include/lslidar_msgs/lslidar_msgs/msg/detail/lslidar_scan__builder.hpp
[8.451s] -- Installing: /home/ubuntu/my_n10_topic/workspace/install/lslidar_msgs/include/lslidar_msgs/lslidar_msgs/msg/detail/lslidar_point__struct.hpp
[8.451s] -- Installing: /home/ubuntu/my_n10_topic/workspace/install/lslidar_msgs/include/lslidar_msgs/lslidar_msgs/msg/detail/lslidar_difop__traits.hpp
[8.451s] -- Installing: /home/ubuntu/my_n10_topic/workspace/install/lslidar_msgs/include/lslidar_msgs/lslidar_msgs/msg/detail/lslidar_packet__type_support.hpp
[8.451s] -- Installing: /home/ubuntu/my_n10_topic/workspace/install/lslidar_msgs/include/lslidar_msgs/lslidar_msgs/msg/detail/lslidar_point__traits.hpp
[8.451s] -- Installing: /home/ubuntu/my_n10_topic/workspace/install/lslidar_msgs/include/lslidar_msgs/lslidar_msgs/msg/detail/lslidar_scan__struct.hpp
[8.451s] -- Installing: /home/ubuntu/my_n10_topic/workspace/install/lslidar_msgs/include/lslidar_msgs/lslidar_msgs/msg/detail/lslidar_packet__traits.hpp
[8.451s] -- Installing: /home/ubuntu/my_n10_topic/workspace/install/lslidar_msgs/include/lslidar_msgs/lslidar_msgs/msg/detail/lslidar_difop__type_support.hpp
[8.451s] -- Installing: /home/ubuntu/my_n10_topic/workspace/install/lslidar_msgs/include/lslidar_msgs/lslidar_msgs/msg/detail/lslidar_point__builder.hpp
[8.451s] -- Installing: /home/ubuntu/my_n10_topic/workspace/install/lslidar_msgs/include/lslidar_msgs/lslidar_msgs/msg/detail/lslidar_sweep__struct.hpp
[8.451s] -- Installing: /home/ubuntu/my_n10_topic/workspace/install/lslidar_msgs/include/lslidar_msgs/lslidar_msgs/msg/detail/lslidar_point__type_support.hpp
[8.451s] -- Installing: /home/ubuntu/my_n10_topic/workspace/install/lslidar_msgs/include/lslidar_msgs/lslidar_msgs/msg/lslidar_sweep.hpp
[8.451s] -- Installing: /home/ubuntu/my_n10_topic/workspace/install/lslidar_msgs/include/lslidar_msgs/lslidar_msgs/msg/rosidl_generator_cpp__visibility_control.hpp
[8.451s] -- Up-to-date: /home/ubuntu/my_n10_topic/workspace/install/lslidar_msgs/include/lslidar_msgs/lslidar_msgs
[8.452s] -- Up-to-date: /home/ubuntu/my_n10_topic/workspace/install/lslidar_msgs/include/lslidar_msgs/lslidar_msgs/msg
[8.452s] -- Installing: /home/ubuntu/my_n10_topic/workspace/install/lslidar_msgs/include/lslidar_msgs/lslidar_msgs/msg/rosidl_typesupport_fastrtps_cpp__visibility_control.h
[8.452s] -- Up-to-date: /home/ubuntu/my_n10_topic/workspace/install/lslidar_msgs/include/lslidar_msgs/lslidar_msgs/msg/detail
[8.452s] -- Installing: /home/ubuntu/my_n10_topic/workspace/install/lslidar_msgs/include/lslidar_msgs/lslidar_msgs/msg/detail/dds_fastrtps
[8.452s] -- Installing: /home/ubuntu/my_n10_topic/workspace/install/lslidar_msgs/include/lslidar_msgs/lslidar_msgs/msg/detail/lslidar_sweep__rosidl_typesupport_fastrtps_cpp.hpp
[8.452s] -- Installing: /home/ubuntu/my_n10_topic/workspace/install/lslidar_msgs/include/lslidar_msgs/lslidar_msgs/msg/detail/lslidar_packet__rosidl_typesupport_fastrtps_cpp.hpp
[8.452s] -- Installing: /home/ubuntu/my_n10_topic/workspace/install/lslidar_msgs/include/lslidar_msgs/lslidar_msgs/msg/detail/lslidar_point__rosidl_typesupport_fastrtps_cpp.hpp
[8.452s] -- Installing: /home/ubuntu/my_n10_topic/workspace/install/lslidar_msgs/include/lslidar_msgs/lslidar_msgs/msg/detail/lslidar_difop__rosidl_typesupport_fastrtps_cpp.hpp
[8.452s] -- Installing: /home/ubuntu/my_n10_topic/workspace/install/lslidar_msgs/include/lslidar_msgs/lslidar_msgs/msg/detail/lslidar_scan__rosidl_typesupport_fastrtps_cpp.hpp
[8.452s] -- Installing: /home/ubuntu/my_n10_topic/workspace/install/lslidar_msgs/lib/liblslidar_msgs__rosidl_typesupport_fastrtps_cpp.so
[8.452s] -- Set runtime path of "/home/ubuntu/my_n10_topic/workspace/install/lslidar_msgs/lib/liblslidar_msgs__rosidl_typesupport_fastrtps_cpp.so" to ""
[8.452s] -- Up-to-date: /home/ubuntu/my_n10_topic/workspace/install/lslidar_msgs/include/lslidar_msgs/lslidar_msgs
[8.452s] -- Up-to-date: /home/ubuntu/my_n10_topic/workspace/install/lslidar_msgs/include/lslidar_msgs/lslidar_msgs/msg
[8.452s] -- Installing: /home/ubuntu/my_n10_topic/workspace/install/lslidar_msgs/include/lslidar_msgs/lslidar_msgs/msg/rosidl_typesupport_introspection_c__visibility_control.h
[8.452s] -- Up-to-date: /home/ubuntu/my_n10_topic/workspace/install/lslidar_msgs/include/lslidar_msgs/lslidar_msgs/msg/detail
[8.453s] -- Installing: /home/ubuntu/my_n10_topic/workspace/install/lslidar_msgs/include/lslidar_msgs/lslidar_msgs/msg/detail/lslidar_difop__rosidl_typesupport_introspection_c.h
[8.453s] -- Installing: /home/ubuntu/my_n10_topic/workspace/install/lslidar_msgs/include/lslidar_msgs/lslidar_msgs/msg/detail/lslidar_sweep__rosidl_typesupport_introspection_c.h
[8.453s] -- Installing: /home/ubuntu/my_n10_topic/workspace/install/lslidar_msgs/include/lslidar_msgs/lslidar_msgs/msg/detail/lslidar_scan__type_support.c
[8.453s] -- Installing: /home/ubuntu/my_n10_topic/workspace/install/lslidar_msgs/include/lslidar_msgs/lslidar_msgs/msg/detail/lslidar_sweep__type_support.c
[8.453s] -- Installing: /home/ubuntu/my_n10_topic/workspace/install/lslidar_msgs/include/lslidar_msgs/lslidar_msgs/msg/detail/lslidar_point__type_support.c
[8.453s] -- Installing: /home/ubuntu/my_n10_topic/workspace/install/lslidar_msgs/include/lslidar_msgs/lslidar_msgs/msg/detail/lslidar_packet__rosidl_typesupport_introspection_c.h
[8.453s] -- Installing: /home/ubuntu/my_n10_topic/workspace/install/lslidar_msgs/include/lslidar_msgs/lslidar_msgs/msg/detail/lslidar_difop__type_support.c
[8.453s] -- Installing: /home/ubuntu/my_n10_topic/workspace/install/lslidar_msgs/include/lslidar_msgs/lslidar_msgs/msg/detail/lslidar_scan__rosidl_typesupport_introspection_c.h
[8.453s] -- Installing: /home/ubuntu/my_n10_topic/workspace/install/lslidar_msgs/include/lslidar_msgs/lslidar_msgs/msg/detail/lslidar_point__rosidl_typesupport_introspection_c.h
[8.453s] -- Installing: /home/ubuntu/my_n10_topic/workspace/install/lslidar_msgs/include/lslidar_msgs/lslidar_msgs/msg/detail/lslidar_packet__type_support.c
[8.453s] -- Installing: /home/ubuntu/my_n10_topic/workspace/install/lslidar_msgs/lib/liblslidar_msgs__rosidl_typesupport_introspection_c.so
[8.453s] -- Set runtime path of "/home/ubuntu/my_n10_topic/workspace/install/lslidar_msgs/lib/liblslidar_msgs__rosidl_typesupport_introspection_c.so" to ""
[8.453s] -- Installing: /home/ubuntu/my_n10_topic/workspace/install/lslidar_msgs/lib/liblslidar_msgs__rosidl_typesupport_c.so
[8.453s] -- Set runtime path of "/home/ubuntu/my_n10_topic/workspace/install/lslidar_msgs/lib/liblslidar_msgs__rosidl_typesupport_c.so" to ""
[8.453s] -- Up-to-date: /home/ubuntu/my_n10_topic/workspace/install/lslidar_msgs/include/lslidar_msgs/lslidar_msgs
[8.453s] -- Up-to-date: /home/ubuntu/my_n10_topic/workspace/install/lslidar_msgs/include/lslidar_msgs/lslidar_msgs/msg
[8.453s] -- Up-to-date: /home/ubuntu/my_n10_topic/workspace/install/lslidar_msgs/include/lslidar_msgs/lslidar_msgs/msg/detail
[8.453s] -- Installing: /home/ubuntu/my_n10_topic/workspace/install/lslidar_msgs/include/lslidar_msgs/lslidar_msgs/msg/detail/lslidar_difop__type_support.cpp
[8.454s] -- Installing: /home/ubuntu/my_n10_topic/workspace/install/lslidar_msgs/include/lslidar_msgs/lslidar_msgs/msg/detail/lslidar_sweep__type_support.cpp
[8.454s] -- Installing: /home/ubuntu/my_n10_topic/workspace/install/lslidar_msgs/include/lslidar_msgs/lslidar_msgs/msg/detail/lslidar_sweep__rosidl_typesupport_introspection_cpp.hpp
[8.454s] -- Installing: /home/ubuntu/my_n10_topic/workspace/install/lslidar_msgs/include/lslidar_msgs/lslidar_msgs/msg/detail/lslidar_point__rosidl_typesupport_introspection_cpp.hpp
[8.454s] -- Installing: /home/ubuntu/my_n10_topic/workspace/install/lslidar_msgs/include/lslidar_msgs/lslidar_msgs/msg/detail/lslidar_difop__rosidl_typesupport_introspection_cpp.hpp
[8.454s] -- Installing: /home/ubuntu/my_n10_topic/workspace/install/lslidar_msgs/include/lslidar_msgs/lslidar_msgs/msg/detail/lslidar_scan__rosidl_typesupport_introspection_cpp.hpp
[8.454s] -- Installing: /home/ubuntu/my_n10_topic/workspace/install/lslidar_msgs/include/lslidar_msgs/lslidar_msgs/msg/detail/lslidar_scan__type_support.cpp
[8.454s] -- Installing: /home/ubuntu/my_n10_topic/workspace/install/lslidar_msgs/include/lslidar_msgs/lslidar_msgs/msg/detail/lslidar_point__type_support.cpp
[8.454s] -- Installing: /home/ubuntu/my_n10_topic/workspace/install/lslidar_msgs/include/lslidar_msgs/lslidar_msgs/msg/detail/lslidar_packet__rosidl_typesupport_introspection_cpp.hpp
[8.454s] -- Installing: /home/ubuntu/my_n10_topic/workspace/install/lslidar_msgs/include/lslidar_msgs/lslidar_msgs/msg/detail/lslidar_packet__type_support.cpp
[8.454s] -- Installing: /home/ubuntu/my_n10_topic/workspace/install/lslidar_msgs/lib/liblslidar_msgs__rosidl_typesupport_introspection_cpp.so
[8.454s] -- Set runtime path of "/home/ubuntu/my_n10_topic/workspace/install/lslidar_msgs/lib/liblslidar_msgs__rosidl_typesupport_introspection_cpp.so" to ""
[8.454s] -- Installing: /home/ubuntu/my_n10_topic/workspace/install/lslidar_msgs/lib/liblslidar_msgs__rosidl_typesupport_cpp.so
[8.455s] -- Set runtime path of "/home/ubuntu/my_n10_topic/workspace/install/lslidar_msgs/lib/liblslidar_msgs__rosidl_typesupport_cpp.so" to ""
[8.455s] -- Installing: /home/ubuntu/my_n10_topic/workspace/install/lslidar_msgs/share/lslidar_msgs/environment/pythonpath.sh
[8.455s] -- Installing: /home/ubuntu/my_n10_topic/workspace/install/lslidar_msgs/share/lslidar_msgs/environment/pythonpath.dsv
[8.455s] -- Installing: /home/ubuntu/my_n10_topic/workspace/install/lslidar_msgs/local/lib/python3.10/dist-packages/lslidar_msgs-1.2.0-py3.10.egg-info
[8.456s] -- Installing: /home/ubuntu/my_n10_topic/workspace/install/lslidar_msgs/local/lib/python3.10/dist-packages/lslidar_msgs-1.2.0-py3.10.egg-info/dependency_links.txt
[8.456s] -- Installing: /home/ubuntu/my_n10_topic/workspace/install/lslidar_msgs/local/lib/python3.10/dist-packages/lslidar_msgs-1.2.0-py3.10.egg-info/PKG-INFO
[8.456s] -- Installing: /home/ubuntu/my_n10_topic/workspace/install/lslidar_msgs/local/lib/python3.10/dist-packages/lslidar_msgs-1.2.0-py3.10.egg-info/SOURCES.txt
[8.456s] -- Installing: /home/ubuntu/my_n10_topic/workspace/install/lslidar_msgs/local/lib/python3.10/dist-packages/lslidar_msgs-1.2.0-py3.10.egg-info/top_level.txt
[8.456s] -- Installing: /home/ubuntu/my_n10_topic/workspace/install/lslidar_msgs/local/lib/python3.10/dist-packages/lslidar_msgs
[8.456s] -- Installing: /home/ubuntu/my_n10_topic/workspace/install/lslidar_msgs/local/lib/python3.10/dist-packages/lslidar_msgs/__init__.py
[8.456s] -- Installing: /home/ubuntu/my_n10_topic/workspace/install/lslidar_msgs/local/lib/python3.10/dist-packages/lslidar_msgs/_lslidar_msgs_s.ep.rosidl_typesupport_fastrtps_c.c
[8.457s] -- Installing: /home/ubuntu/my_n10_topic/workspace/install/lslidar_msgs/local/lib/python3.10/dist-packages/lslidar_msgs/lslidar_msgs_s__rosidl_typesupport_c.cpython-310-x86_64-linux-gnu.so
[8.457s] -- Installing: /home/ubuntu/my_n10_topic/workspace/install/lslidar_msgs/local/lib/python3.10/dist-packages/lslidar_msgs/msg
[8.457s] -- Installing: /home/ubuntu/my_n10_topic/workspace/install/lslidar_msgs/local/lib/python3.10/dist-packages/lslidar_msgs/msg/__init__.py
[8.457s] -- Installing: /home/ubuntu/my_n10_topic/workspace/install/lslidar_msgs/local/lib/python3.10/dist-packages/lslidar_msgs/msg/_lslidar_point_s.c
[8.457s] -- Installing: /home/ubuntu/my_n10_topic/workspace/install/lslidar_msgs/local/lib/python3.10/dist-packages/lslidar_msgs/msg/_lslidar_sweep_s.c
[8.457s] -- Installing: /home/ubuntu/my_n10_topic/workspace/install/lslidar_msgs/local/lib/python3.10/dist-packages/lslidar_msgs/msg/_lslidar_packet.py
[8.457s] -- Installing: /home/ubuntu/my_n10_topic/workspace/install/lslidar_msgs/local/lib/python3.10/dist-packages/lslidar_msgs/msg/_lslidar_scan_s.c
[8.457s] -- Installing: /home/ubuntu/my_n10_topic/workspace/install/lslidar_msgs/local/lib/python3.10/dist-packages/lslidar_msgs/msg/_lslidar_scan.py
[8.458s] -- Installing: /home/ubuntu/my_n10_topic/workspace/install/lslidar_msgs/local/lib/python3.10/dist-packages/lslidar_msgs/msg/_lslidar_point.py
[8.458s] -- Installing: /home/ubuntu/my_n10_topic/workspace/install/lslidar_msgs/local/lib/python3.10/dist-packages/lslidar_msgs/msg/_lslidar_difop_s.c
[8.458s] -- Installing: /home/ubuntu/my_n10_topic/workspace/install/lslidar_msgs/local/lib/python3.10/dist-packages/lslidar_msgs/msg/_lslidar_packet_s.c
[8.458s] -- Installing: /home/ubuntu/my_n10_topic/workspace/install/lslidar_msgs/local/lib/python3.10/dist-packages/lslidar_msgs/msg/_lslidar_difop.py
[8.458s] -- Installing: /home/ubuntu/my_n10_topic/workspace/install/lslidar_msgs/local/lib/python3.10/dist-packages/lslidar_msgs/msg/_lslidar_sweep.py
[8.459s] -- Installing: /home/ubuntu/my_n10_topic/workspace/install/lslidar_msgs/local/lib/python3.10/dist-packages/lslidar_msgs/lslidar_msgs_s__rosidl_typesupport_introspection_c.cpython-310-x86_64-linux-gnu.so
[8.459s] -- Installing: /home/ubuntu/my_n10_topic/workspace/install/lslidar_msgs/local/lib/python3.10/dist-packages/lslidar_msgs/_lslidar_msgs_s.ep.rosidl_typesupport_introspection_c.c
[8.459s] -- Installing: /home/ubuntu/my_n10_topic/workspace/install/lslidar_msgs/local/lib/python3.10/dist-packages/lslidar_msgs/_lslidar_msgs_s.ep.rosidl_typesupport_c.c
[8.459s] -- Installing: /home/ubuntu/my_n10_topic/workspace/install/lslidar_msgs/local/lib/python3.10/dist-packages/lslidar_msgs/lslidar_msgs_s__rosidl_typesupport_fastrtps_c.cpython-310-x86_64-linux-gnu.so
[8.459s] -- Installing: /home/ubuntu/my_n10_topic/workspace/install/lslidar_msgs/local/lib/python3.10/dist-packages/lslidar_msgs/liblslidar_msgs__rosidl_generator_py.so
[8.520s] Listing '/home/ubuntu/my_n10_topic/workspace/install/lslidar_msgs/local/lib/python3.10/dist-packages/lslidar_msgs'...
[8.520s] Compiling '/home/ubuntu/my_n10_topic/workspace/install/lslidar_msgs/local/lib/python3.10/dist-packages/lslidar_msgs/__init__.py'...
[8.520s] Listing '/home/ubuntu/my_n10_topic/workspace/install/lslidar_msgs/local/lib/python3.10/dist-packages/lslidar_msgs/msg'...
[8.521s] Compiling '/home/ubuntu/my_n10_topic/workspace/install/lslidar_msgs/local/lib/python3.10/dist-packages/lslidar_msgs/msg/__init__.py'...
[8.521s] Compiling '/home/ubuntu/my_n10_topic/workspace/install/lslidar_msgs/local/lib/python3.10/dist-packages/lslidar_msgs/msg/_lslidar_difop.py'...
[8.521s] Compiling '/home/ubuntu/my_n10_topic/workspace/install/lslidar_msgs/local/lib/python3.10/dist-packages/lslidar_msgs/msg/_lslidar_packet.py'...
[8.521s] Compiling '/home/ubuntu/my_n10_topic/workspace/install/lslidar_msgs/local/lib/python3.10/dist-packages/lslidar_msgs/msg/_lslidar_point.py'...
[8.521s] Compiling '/home/ubuntu/my_n10_topic/workspace/install/lslidar_msgs/local/lib/python3.10/dist-packages/lslidar_msgs/msg/_lslidar_scan.py'...
[8.521s] Compiling '/home/ubuntu/my_n10_topic/workspace/install/lslidar_msgs/local/lib/python3.10/dist-packages/lslidar_msgs/msg/_lslidar_sweep.py'...
[8.529s] -- Installing: /home/ubuntu/my_n10_topic/workspace/install/lslidar_msgs/local/lib/python3.10/dist-packages/lslidar_msgs/lslidar_msgs_s__rosidl_typesupport_fastrtps_c.cpython-310-x86_64-linux-gnu.so
[8.530s] -- Set runtime path of "/home/ubuntu/my_n10_topic/workspace/install/lslidar_msgs/local/lib/python3.10/dist-packages/lslidar_msgs/lslidar_msgs_s__rosidl_typesupport_fastrtps_c.cpython-310-x86_64-linux-gnu.so" to ""
[8.530s] -- Installing: /home/ubuntu/my_n10_topic/workspace/install/lslidar_msgs/local/lib/python3.10/dist-packages/lslidar_msgs/lslidar_msgs_s__rosidl_typesupport_introspection_c.cpython-310-x86_64-linux-gnu.so
[8.530s] -- Set runtime path of "/home/ubuntu/my_n10_topic/workspace/install/lslidar_msgs/local/lib/python3.10/dist-packages/lslidar_msgs/lslidar_msgs_s__rosidl_typesupport_introspection_c.cpython-310-x86_64-linux-gnu.so" to ""
[8.531s] -- Installing: /home/ubuntu/my_n10_topic/workspace/install/lslidar_msgs/local/lib/python3.10/dist-packages/lslidar_msgs/lslidar_msgs_s__rosidl_typesupport_c.cpython-310-x86_64-linux-gnu.so
[8.531s] -- Set runtime path of "/home/ubuntu/my_n10_topic/workspace/install/lslidar_msgs/local/lib/python3.10/dist-packages/lslidar_msgs/lslidar_msgs_s__rosidl_typesupport_c.cpython-310-x86_64-linux-gnu.so" to ""
[8.532s] -- Installing: /home/ubuntu/my_n10_topic/workspace/install/lslidar_msgs/lib/liblslidar_msgs__rosidl_generator_py.so
[8.532s] -- Set runtime path of "/home/ubuntu/my_n10_topic/workspace/install/lslidar_msgs/lib/liblslidar_msgs__rosidl_generator_py.so" to ""
[8.532s] -- Installing: /home/ubuntu/my_n10_topic/workspace/install/lslidar_msgs/share/lslidar_msgs/msg/LslidarDifop.idl
[8.532s] -- Installing: /home/ubuntu/my_n10_topic/workspace/install/lslidar_msgs/share/lslidar_msgs/msg/LslidarPacket.idl
[8.533s] -- Installing: /home/ubuntu/my_n10_topic/workspace/install/lslidar_msgs/share/lslidar_msgs/msg/LslidarPoint.idl
[8.533s] -- Installing: /home/ubuntu/my_n10_topic/workspace/install/lslidar_msgs/share/lslidar_msgs/msg/LslidarScan.idl
[8.533s] -- Installing: /home/ubuntu/my_n10_topic/workspace/install/lslidar_msgs/share/lslidar_msgs/msg/LslidarSweep.idl
[8.534s] -- Installing: /home/ubuntu/my_n10_topic/workspace/install/lslidar_msgs/share/lslidar_msgs/msg/LslidarDifop.msg
[8.534s] -- Installing: /home/ubuntu/my_n10_topic/workspace/install/lslidar_msgs/share/lslidar_msgs/msg/LslidarPacket.msg
[8.534s] -- Installing: /home/ubuntu/my_n10_topic/workspace/install/lslidar_msgs/share/lslidar_msgs/msg/LslidarPoint.msg
[8.534s] -- Installing: /home/ubuntu/my_n10_topic/workspace/install/lslidar_msgs/share/lslidar_msgs/msg/LslidarScan.msg
[8.535s] -- Installing: /home/ubuntu/my_n10_topic/workspace/install/lslidar_msgs/share/lslidar_msgs/msg/LslidarSweep.msg
[8.535s] -- Installing: /home/ubuntu/my_n10_topic/workspace/install/lslidar_msgs/share/ament_index/resource_index/package_run_dependencies/lslidar_msgs
[8.535s] -- Installing: /home/ubuntu/my_n10_topic/workspace/install/lslidar_msgs/share/ament_index/resource_index/parent_prefix_path/lslidar_msgs
[8.535s] -- Installing: /home/ubuntu/my_n10_topic/workspace/install/lslidar_msgs/share/lslidar_msgs/environment/ament_prefix_path.sh
[8.535s] -- Installing: /home/ubuntu/my_n10_topic/workspace/install/lslidar_msgs/share/lslidar_msgs/environment/ament_prefix_path.dsv
[8.535s] -- Installing: /home/ubuntu/my_n10_topic/workspace/install/lslidar_msgs/share/lslidar_msgs/environment/path.sh
[8.536s] -- Installing: /home/ubuntu/my_n10_topic/workspace/install/lslidar_msgs/share/lslidar_msgs/environment/path.dsv
[8.536s] -- Installing: /home/ubuntu/my_n10_topic/workspace/install/lslidar_msgs/share/lslidar_msgs/local_setup.bash
[8.536s] -- Installing: /home/ubuntu/my_n10_topic/workspace/install/lslidar_msgs/share/lslidar_msgs/local_setup.sh
[8.536s] -- Installing: /home/ubuntu/my_n10_topic/workspace/install/lslidar_msgs/share/lslidar_msgs/local_setup.zsh
[8.537s] -- Installing: /home/ubuntu/my_n10_topic/workspace/install/lslidar_msgs/share/lslidar_msgs/local_setup.dsv
[8.537s] -- Installing: /home/ubuntu/my_n10_topic/workspace/install/lslidar_msgs/share/lslidar_msgs/package.dsv
[8.537s] -- Installing: /home/ubuntu/my_n10_topic/workspace/install/lslidar_msgs/share/ament_index/resource_index/packages/lslidar_msgs
[8.537s] -- Installing: /home/ubuntu/my_n10_topic/workspace/install/lslidar_msgs/share/lslidar_msgs/cmake/export_lslidar_msgs__rosidl_generator_cExport.cmake
[8.538s] -- Installing: /home/ubuntu/my_n10_topic/workspace/install/lslidar_msgs/share/lslidar_msgs/cmake/export_lslidar_msgs__rosidl_generator_cExport-noconfig.cmake
[8.538s] -- Installing: /home/ubuntu/my_n10_topic/workspace/install/lslidar_msgs/share/lslidar_msgs/cmake/export_lslidar_msgs__rosidl_typesupport_fastrtps_cExport.cmake
[8.538s] -- Installing: /home/ubuntu/my_n10_topic/workspace/install/lslidar_msgs/share/lslidar_msgs/cmake/export_lslidar_msgs__rosidl_typesupport_fastrtps_cExport-noconfig.cmake
[8.538s] -- Installing: /home/ubuntu/my_n10_topic/workspace/install/lslidar_msgs/share/lslidar_msgs/cmake/export_lslidar_msgs__rosidl_generator_cppExport.cmake
[8.538s] -- Installing: /home/ubuntu/my_n10_topic/workspace/install/lslidar_msgs/share/lslidar_msgs/cmake/export_lslidar_msgs__rosidl_typesupport_fastrtps_cppExport.cmake
[8.539s] -- Installing: /home/ubuntu/my_n10_topic/workspace/install/lslidar_msgs/share/lslidar_msgs/cmake/export_lslidar_msgs__rosidl_typesupport_fastrtps_cppExport-noconfig.cmake
[8.539s] -- Installing: /home/ubuntu/my_n10_topic/workspace/install/lslidar_msgs/share/lslidar_msgs/cmake/lslidar_msgs__rosidl_typesupport_introspection_cExport.cmake
[8.539s] -- Installing: /home/ubuntu/my_n10_topic/workspace/install/lslidar_msgs/share/lslidar_msgs/cmake/lslidar_msgs__rosidl_typesupport_introspection_cExport-noconfig.cmake
[8.540s] -- Installing: /home/ubuntu/my_n10_topic/workspace/install/lslidar_msgs/share/lslidar_msgs/cmake/lslidar_msgs__rosidl_typesupport_cExport.cmake
[8.540s] -- Installing: /home/ubuntu/my_n10_topic/workspace/install/lslidar_msgs/share/lslidar_msgs/cmake/lslidar_msgs__rosidl_typesupport_cExport-noconfig.cmake
[8.540s] -- Installing: /home/ubuntu/my_n10_topic/workspace/install/lslidar_msgs/share/lslidar_msgs/cmake/lslidar_msgs__rosidl_typesupport_introspection_cppExport.cmake
[8.541s] -- Installing: /home/ubuntu/my_n10_topic/workspace/install/lslidar_msgs/share/lslidar_msgs/cmake/lslidar_msgs__rosidl_typesupport_introspection_cppExport-noconfig.cmake
[8.541s] -- Installing: /home/ubuntu/my_n10_topic/workspace/install/lslidar_msgs/share/lslidar_msgs/cmake/lslidar_msgs__rosidl_typesupport_cppExport.cmake
[8.541s] -- Installing: /home/ubuntu/my_n10_topic/workspace/install/lslidar_msgs/share/lslidar_msgs/cmake/lslidar_msgs__rosidl_typesupport_cppExport-noconfig.cmake
[8.542s] -- Installing: /home/ubuntu/my_n10_topic/workspace/install/lslidar_msgs/share/lslidar_msgs/cmake/export_lslidar_msgs__rosidl_generator_pyExport.cmake
[8.542s] -- Installing: /home/ubuntu/my_n10_topic/workspace/install/lslidar_msgs/share/lslidar_msgs/cmake/export_lslidar_msgs__rosidl_generator_pyExport-noconfig.cmake
[8.542s] -- Installing: /home/ubuntu/my_n10_topic/workspace/install/lslidar_msgs/share/lslidar_msgs/cmake/rosidl_cmake-extras.cmake
[8.543s] -- Installing: /home/ubuntu/my_n10_topic/workspace/install/lslidar_msgs/share/lslidar_msgs/cmake/ament_cmake_export_dependencies-extras.cmake
[8.543s] -- Installing: /home/ubuntu/my_n10_topic/workspace/install/lslidar_msgs/share/lslidar_msgs/cmake/ament_cmake_export_include_directories-extras.cmake
[8.543s] -- Installing: /home/ubuntu/my_n10_topic/workspace/install/lslidar_msgs/share/lslidar_msgs/cmake/ament_cmake_export_libraries-extras.cmake
[8.543s] -- Installing: /home/ubuntu/my_n10_topic/workspace/install/lslidar_msgs/share/lslidar_msgs/cmake/ament_cmake_export_targets-extras.cmake
[8.543s] -- Installing: /home/ubuntu/my_n10_topic/workspace/install/lslidar_msgs/share/lslidar_msgs/cmake/rosidl_cmake_export_typesupport_targets-extras.cmake
[8.543s] -- Installing: /home/ubuntu/my_n10_topic/workspace/install/lslidar_msgs/share/lslidar_msgs/cmake/rosidl_cmake_export_typesupport_libraries-extras.cmake
[8.544s] -- Installing: /home/ubuntu/my_n10_topic/workspace/install/lslidar_msgs/share/lslidar_msgs/cmake/lslidar_msgsConfig.cmake
[8.544s] -- Installing: /home/ubuntu/my_n10_topic/workspace/install/lslidar_msgs/share/lslidar_msgs/cmake/lslidar_msgsConfig-version.cmake
[8.544s] -- Installing: /home/ubuntu/my_n10_topic/workspace/install/lslidar_msgs/share/lslidar_msgs/package.xml
[8.548s] Invoked command in '/home/ubuntu/my_n10_topic/workspace/build/lslidar_msgs' returned '0': CMAKE_PREFIX_PATH=${CMAKE_PREFIX_PATH}:/opt/ros/humble /usr/bin/cmake --install /home/ubuntu/my_n10_topic/workspace/build/lslidar_msgs
