[0.025s] Invoking command in '/home/ubuntu/my_n10_topic/workspace/build/wheeltec_robot_msg': CMAKE_PREFIX_PATH=${CMAKE_PREFIX_PATH}:/opt/ros/humble /usr/bin/cmake --build /home/ubuntu/my_n10_topic/workspace/build/wheeltec_robot_msg -- -j12 -l12
[0.087s] [35m[1mConsolidate compiler generated dependencies of target wheeltec_robot_msg__rosidl_generator_c[0m
[0.111s] [  2%] Built target wheeltec_robot_msg__cpp
[0.118s] [ 12%] Built target wheeltec_robot_msg__rosidl_generator_c
[0.119s] [35m[1mConsolidate compiler generated dependencies of target wheeltec_robot_msg__rosidl_typesupport_fastrtps_cpp[0m
[0.132s] [35m[1mConsolidate compiler generated dependencies of target wheeltec_robot_msg__rosidl_typesupport_cpp[0m
[0.140s] [35m[1mConsolidate compiler generated dependencies of target wheeltec_robot_msg__rosidl_typesupport_introspection_cpp[0m
[0.165s] [ 12%] Built target ament_cmake_python_copy_wheeltec_robot_msg
[0.215s] [35m[1mConsolidate compiler generated dependencies of target wheeltec_robot_msg__rosidl_typesupport_introspection_c[0m
[0.215s] [35m[1mConsolidate compiler generated dependencies of target wheeltec_robot_msg__rosidl_typesupport_fastrtps_c[0m
[0.216s] [ 23%] Built target wheeltec_robot_msg__rosidl_typesupport_introspection_cpp
[0.216s] [ 33%] Built target wheeltec_robot_msg__rosidl_typesupport_cpp
[0.217s] [35m[1mConsolidate compiler generated dependencies of target wheeltec_robot_msg__rosidl_typesupport_c[0m
[0.217s] [ 43%] Built target wheeltec_robot_msg__rosidl_typesupport_fastrtps_cpp
[0.217s] [ 53%] Built target wheeltec_robot_msg__rosidl_typesupport_introspection_c
[0.217s] [ 64%] Built target wheeltec_robot_msg__rosidl_typesupport_fastrtps_c
[0.217s] [ 74%] Built target wheeltec_robot_msg__rosidl_typesupport_c
[0.259s] [ 74%] Built target wheeltec_robot_msg
[0.303s] [ 76%] Built target wheeltec_robot_msg__py
[0.317s] [35m[1mConsolidate compiler generated dependencies of target wheeltec_robot_msg__rosidl_generator_py[0m
[0.340s] [ 84%] Built target wheeltec_robot_msg__rosidl_generator_py
[0.364s] [35m[1mConsolidate compiler generated dependencies of target wheeltec_robot_msg__rosidl_typesupport_fastrtps_c__pyext[0m
[0.381s] [ 89%] Built target wheeltec_robot_msg__rosidl_typesupport_fastrtps_c__pyext
[0.387s] [35m[1mConsolidate compiler generated dependencies of target wheeltec_robot_msg__rosidl_typesupport_c__pyext[0m
[0.390s] [35m[1mConsolidate compiler generated dependencies of target wheeltec_robot_msg__rosidl_typesupport_introspection_c__pyext[0m
[0.412s] [ 94%] Built target wheeltec_robot_msg__rosidl_typesupport_c__pyext
[0.415s] [100%] Built target wheeltec_robot_msg__rosidl_typesupport_introspection_c__pyext
[0.442s] running egg_info
[0.442s] writing wheeltec_robot_msg.egg-info/PKG-INFO
[0.443s] writing dependency_links to wheeltec_robot_msg.egg-info/dependency_links.txt
[0.443s] writing top-level names to wheeltec_robot_msg.egg-info/top_level.txt
[0.444s] reading manifest file 'wheeltec_robot_msg.egg-info/SOURCES.txt'
[0.445s] writing manifest file 'wheeltec_robot_msg.egg-info/SOURCES.txt'
[0.473s] [100%] Built target ament_cmake_python_build_wheeltec_robot_msg_egg
[0.498s] Invoked command in '/home/ubuntu/my_n10_topic/workspace/build/wheeltec_robot_msg' returned '0': CMAKE_PREFIX_PATH=${CMAKE_PREFIX_PATH}:/opt/ros/humble /usr/bin/cmake --build /home/ubuntu/my_n10_topic/workspace/build/wheeltec_robot_msg -- -j12 -l12
[0.498s] Invoking command in '/home/ubuntu/my_n10_topic/workspace/build/wheeltec_robot_msg': CMAKE_PREFIX_PATH=${CMAKE_PREFIX_PATH}:/opt/ros/humble /usr/bin/cmake --install /home/ubuntu/my_n10_topic/workspace/build/wheeltec_robot_msg
[0.510s] -- Install configuration: ""
[0.510s] -- Up-to-date: /home/ubuntu/my_n10_topic/workspace/install/wheeltec_robot_msg/share/ament_index/resource_index/rosidl_interfaces/wheeltec_robot_msg
[0.510s] -- Up-to-date: /home/ubuntu/my_n10_topic/workspace/install/wheeltec_robot_msg/include/wheeltec_robot_msg/wheeltec_robot_msg
[0.510s] -- Up-to-date: /home/ubuntu/my_n10_topic/workspace/install/wheeltec_robot_msg/include/wheeltec_robot_msg/wheeltec_robot_msg/msg
[0.511s] -- Up-to-date: /home/ubuntu/my_n10_topic/workspace/install/wheeltec_robot_msg/include/wheeltec_robot_msg/wheeltec_robot_msg/msg/rosidl_generator_c__visibility_control.h
[0.511s] -- Up-to-date: /home/ubuntu/my_n10_topic/workspace/install/wheeltec_robot_msg/include/wheeltec_robot_msg/wheeltec_robot_msg/msg/supersonic.h
[0.511s] -- Up-to-date: /home/ubuntu/my_n10_topic/workspace/install/wheeltec_robot_msg/include/wheeltec_robot_msg/wheeltec_robot_msg/msg/detail
[0.511s] -- Up-to-date: /home/ubuntu/my_n10_topic/workspace/install/wheeltec_robot_msg/include/wheeltec_robot_msg/wheeltec_robot_msg/msg/detail/supersonic__functions.h
[0.511s] -- Up-to-date: /home/ubuntu/my_n10_topic/workspace/install/wheeltec_robot_msg/include/wheeltec_robot_msg/wheeltec_robot_msg/msg/detail/data__struct.h
[0.511s] -- Up-to-date: /home/ubuntu/my_n10_topic/workspace/install/wheeltec_robot_msg/include/wheeltec_robot_msg/wheeltec_robot_msg/msg/detail/data__type_support.h
[0.511s] -- Up-to-date: /home/ubuntu/my_n10_topic/workspace/install/wheeltec_robot_msg/include/wheeltec_robot_msg/wheeltec_robot_msg/msg/detail/data__functions.c
[0.511s] -- Up-to-date: /home/ubuntu/my_n10_topic/workspace/install/wheeltec_robot_msg/include/wheeltec_robot_msg/wheeltec_robot_msg/msg/detail/data__functions.h
[0.511s] -- Up-to-date: /home/ubuntu/my_n10_topic/workspace/install/wheeltec_robot_msg/include/wheeltec_robot_msg/wheeltec_robot_msg/msg/detail/supersonic__struct.h
[0.512s] -- Up-to-date: /home/ubuntu/my_n10_topic/workspace/install/wheeltec_robot_msg/include/wheeltec_robot_msg/wheeltec_robot_msg/msg/detail/supersonic__type_support.h
[0.512s] -- Up-to-date: /home/ubuntu/my_n10_topic/workspace/install/wheeltec_robot_msg/include/wheeltec_robot_msg/wheeltec_robot_msg/msg/detail/supersonic__functions.c
[0.512s] -- Up-to-date: /home/ubuntu/my_n10_topic/workspace/install/wheeltec_robot_msg/include/wheeltec_robot_msg/wheeltec_robot_msg/msg/data.h
[0.512s] -- Up-to-date: /home/ubuntu/my_n10_topic/workspace/install/wheeltec_robot_msg/share/wheeltec_robot_msg/environment/library_path.sh
[0.512s] -- Up-to-date: /home/ubuntu/my_n10_topic/workspace/install/wheeltec_robot_msg/share/wheeltec_robot_msg/environment/library_path.dsv
[0.512s] -- Up-to-date: /home/ubuntu/my_n10_topic/workspace/install/wheeltec_robot_msg/lib/libwheeltec_robot_msg__rosidl_generator_c.so
[0.512s] -- Up-to-date: /home/ubuntu/my_n10_topic/workspace/install/wheeltec_robot_msg/include/wheeltec_robot_msg/wheeltec_robot_msg
[0.512s] -- Up-to-date: /home/ubuntu/my_n10_topic/workspace/install/wheeltec_robot_msg/include/wheeltec_robot_msg/wheeltec_robot_msg/msg
[0.513s] -- Up-to-date: /home/ubuntu/my_n10_topic/workspace/install/wheeltec_robot_msg/include/wheeltec_robot_msg/wheeltec_robot_msg/msg/detail
[0.513s] -- Up-to-date: /home/ubuntu/my_n10_topic/workspace/install/wheeltec_robot_msg/include/wheeltec_robot_msg/wheeltec_robot_msg/msg/detail/supersonic__rosidl_typesupport_fastrtps_c.h
[0.513s] -- Up-to-date: /home/ubuntu/my_n10_topic/workspace/install/wheeltec_robot_msg/include/wheeltec_robot_msg/wheeltec_robot_msg/msg/detail/data__rosidl_typesupport_fastrtps_c.h
[0.513s] -- Up-to-date: /home/ubuntu/my_n10_topic/workspace/install/wheeltec_robot_msg/include/wheeltec_robot_msg/wheeltec_robot_msg/msg/rosidl_typesupport_fastrtps_c__visibility_control.h
[0.513s] -- Up-to-date: /home/ubuntu/my_n10_topic/workspace/install/wheeltec_robot_msg/lib/libwheeltec_robot_msg__rosidl_typesupport_fastrtps_c.so
[0.513s] -- Up-to-date: /home/ubuntu/my_n10_topic/workspace/install/wheeltec_robot_msg/include/wheeltec_robot_msg/wheeltec_robot_msg
[0.513s] -- Up-to-date: /home/ubuntu/my_n10_topic/workspace/install/wheeltec_robot_msg/include/wheeltec_robot_msg/wheeltec_robot_msg/msg
[0.513s] -- Up-to-date: /home/ubuntu/my_n10_topic/workspace/install/wheeltec_robot_msg/include/wheeltec_robot_msg/wheeltec_robot_msg/msg/rosidl_typesupport_introspection_c__visibility_control.h
[0.513s] -- Up-to-date: /home/ubuntu/my_n10_topic/workspace/install/wheeltec_robot_msg/include/wheeltec_robot_msg/wheeltec_robot_msg/msg/detail
[0.513s] -- Up-to-date: /home/ubuntu/my_n10_topic/workspace/install/wheeltec_robot_msg/include/wheeltec_robot_msg/wheeltec_robot_msg/msg/detail/supersonic__rosidl_typesupport_introspection_c.h
[0.513s] -- Up-to-date: /home/ubuntu/my_n10_topic/workspace/install/wheeltec_robot_msg/include/wheeltec_robot_msg/wheeltec_robot_msg/msg/detail/data__rosidl_typesupport_introspection_c.h
[0.513s] -- Up-to-date: /home/ubuntu/my_n10_topic/workspace/install/wheeltec_robot_msg/include/wheeltec_robot_msg/wheeltec_robot_msg/msg/detail/supersonic__type_support.c
[0.513s] -- Up-to-date: /home/ubuntu/my_n10_topic/workspace/install/wheeltec_robot_msg/include/wheeltec_robot_msg/wheeltec_robot_msg/msg/detail/data__type_support.c
[0.514s] -- Up-to-date: /home/ubuntu/my_n10_topic/workspace/install/wheeltec_robot_msg/lib/libwheeltec_robot_msg__rosidl_typesupport_introspection_c.so
[0.514s] -- Up-to-date: /home/ubuntu/my_n10_topic/workspace/install/wheeltec_robot_msg/lib/libwheeltec_robot_msg__rosidl_typesupport_c.so
[0.514s] -- Up-to-date: /home/ubuntu/my_n10_topic/workspace/install/wheeltec_robot_msg/include/wheeltec_robot_msg/wheeltec_robot_msg
[0.514s] -- Up-to-date: /home/ubuntu/my_n10_topic/workspace/install/wheeltec_robot_msg/include/wheeltec_robot_msg/wheeltec_robot_msg/msg
[0.514s] -- Up-to-date: /home/ubuntu/my_n10_topic/workspace/install/wheeltec_robot_msg/include/wheeltec_robot_msg/wheeltec_robot_msg/msg/data.hpp
[0.514s] -- Up-to-date: /home/ubuntu/my_n10_topic/workspace/install/wheeltec_robot_msg/include/wheeltec_robot_msg/wheeltec_robot_msg/msg/detail
[0.514s] -- Up-to-date: /home/ubuntu/my_n10_topic/workspace/install/wheeltec_robot_msg/include/wheeltec_robot_msg/wheeltec_robot_msg/msg/detail/data__traits.hpp
[0.514s] -- Up-to-date: /home/ubuntu/my_n10_topic/workspace/install/wheeltec_robot_msg/include/wheeltec_robot_msg/wheeltec_robot_msg/msg/detail/data__struct.hpp
[0.514s] -- Up-to-date: /home/ubuntu/my_n10_topic/workspace/install/wheeltec_robot_msg/include/wheeltec_robot_msg/wheeltec_robot_msg/msg/detail/data__builder.hpp
[0.514s] -- Up-to-date: /home/ubuntu/my_n10_topic/workspace/install/wheeltec_robot_msg/include/wheeltec_robot_msg/wheeltec_robot_msg/msg/detail/supersonic__builder.hpp
[0.514s] -- Up-to-date: /home/ubuntu/my_n10_topic/workspace/install/wheeltec_robot_msg/include/wheeltec_robot_msg/wheeltec_robot_msg/msg/detail/supersonic__traits.hpp
[0.514s] -- Up-to-date: /home/ubuntu/my_n10_topic/workspace/install/wheeltec_robot_msg/include/wheeltec_robot_msg/wheeltec_robot_msg/msg/detail/data__type_support.hpp
[0.515s] -- Up-to-date: /home/ubuntu/my_n10_topic/workspace/install/wheeltec_robot_msg/include/wheeltec_robot_msg/wheeltec_robot_msg/msg/detail/supersonic__type_support.hpp
[0.515s] -- Up-to-date: /home/ubuntu/my_n10_topic/workspace/install/wheeltec_robot_msg/include/wheeltec_robot_msg/wheeltec_robot_msg/msg/detail/supersonic__struct.hpp
[0.515s] -- Up-to-date: /home/ubuntu/my_n10_topic/workspace/install/wheeltec_robot_msg/include/wheeltec_robot_msg/wheeltec_robot_msg/msg/supersonic.hpp
[0.515s] -- Up-to-date: /home/ubuntu/my_n10_topic/workspace/install/wheeltec_robot_msg/include/wheeltec_robot_msg/wheeltec_robot_msg/msg/rosidl_generator_cpp__visibility_control.hpp
[0.515s] -- Up-to-date: /home/ubuntu/my_n10_topic/workspace/install/wheeltec_robot_msg/include/wheeltec_robot_msg/wheeltec_robot_msg
[0.515s] -- Up-to-date: /home/ubuntu/my_n10_topic/workspace/install/wheeltec_robot_msg/include/wheeltec_robot_msg/wheeltec_robot_msg/msg
[0.515s] -- Up-to-date: /home/ubuntu/my_n10_topic/workspace/install/wheeltec_robot_msg/include/wheeltec_robot_msg/wheeltec_robot_msg/msg/rosidl_typesupport_fastrtps_cpp__visibility_control.h
[0.515s] -- Up-to-date: /home/ubuntu/my_n10_topic/workspace/install/wheeltec_robot_msg/include/wheeltec_robot_msg/wheeltec_robot_msg/msg/detail
[0.515s] -- Up-to-date: /home/ubuntu/my_n10_topic/workspace/install/wheeltec_robot_msg/include/wheeltec_robot_msg/wheeltec_robot_msg/msg/detail/supersonic__rosidl_typesupport_fastrtps_cpp.hpp
[0.515s] -- Up-to-date: /home/ubuntu/my_n10_topic/workspace/install/wheeltec_robot_msg/include/wheeltec_robot_msg/wheeltec_robot_msg/msg/detail/data__rosidl_typesupport_fastrtps_cpp.hpp
[0.515s] -- Up-to-date: /home/ubuntu/my_n10_topic/workspace/install/wheeltec_robot_msg/include/wheeltec_robot_msg/wheeltec_robot_msg/msg/detail/dds_fastrtps
[0.515s] -- Up-to-date: /home/ubuntu/my_n10_topic/workspace/install/wheeltec_robot_msg/lib/libwheeltec_robot_msg__rosidl_typesupport_fastrtps_cpp.so
[0.515s] -- Up-to-date: /home/ubuntu/my_n10_topic/workspace/install/wheeltec_robot_msg/include/wheeltec_robot_msg/wheeltec_robot_msg
[0.516s] -- Up-to-date: /home/ubuntu/my_n10_topic/workspace/install/wheeltec_robot_msg/include/wheeltec_robot_msg/wheeltec_robot_msg/msg
[0.516s] -- Up-to-date: /home/ubuntu/my_n10_topic/workspace/install/wheeltec_robot_msg/include/wheeltec_robot_msg/wheeltec_robot_msg/msg/detail
[0.516s] -- Up-to-date: /home/ubuntu/my_n10_topic/workspace/install/wheeltec_robot_msg/include/wheeltec_robot_msg/wheeltec_robot_msg/msg/detail/data__type_support.cpp
[0.516s] -- Up-to-date: /home/ubuntu/my_n10_topic/workspace/install/wheeltec_robot_msg/include/wheeltec_robot_msg/wheeltec_robot_msg/msg/detail/supersonic__rosidl_typesupport_introspection_cpp.hpp
[0.516s] -- Up-to-date: /home/ubuntu/my_n10_topic/workspace/install/wheeltec_robot_msg/include/wheeltec_robot_msg/wheeltec_robot_msg/msg/detail/data__rosidl_typesupport_introspection_cpp.hpp
[0.516s] -- Up-to-date: /home/ubuntu/my_n10_topic/workspace/install/wheeltec_robot_msg/include/wheeltec_robot_msg/wheeltec_robot_msg/msg/detail/supersonic__type_support.cpp
[0.516s] -- Up-to-date: /home/ubuntu/my_n10_topic/workspace/install/wheeltec_robot_msg/lib/libwheeltec_robot_msg__rosidl_typesupport_introspection_cpp.so
[0.516s] -- Up-to-date: /home/ubuntu/my_n10_topic/workspace/install/wheeltec_robot_msg/lib/libwheeltec_robot_msg__rosidl_typesupport_cpp.so
[0.516s] -- Up-to-date: /home/ubuntu/my_n10_topic/workspace/install/wheeltec_robot_msg/share/wheeltec_robot_msg/environment/pythonpath.sh
[0.516s] -- Up-to-date: /home/ubuntu/my_n10_topic/workspace/install/wheeltec_robot_msg/share/wheeltec_robot_msg/environment/pythonpath.dsv
[0.516s] -- Up-to-date: /home/ubuntu/my_n10_topic/workspace/install/wheeltec_robot_msg/local/lib/python3.10/dist-packages/wheeltec_robot_msg-0.0.0-py3.10.egg-info
[0.516s] -- Installing: /home/ubuntu/my_n10_topic/workspace/install/wheeltec_robot_msg/local/lib/python3.10/dist-packages/wheeltec_robot_msg-0.0.0-py3.10.egg-info/dependency_links.txt
[0.516s] -- Installing: /home/ubuntu/my_n10_topic/workspace/install/wheeltec_robot_msg/local/lib/python3.10/dist-packages/wheeltec_robot_msg-0.0.0-py3.10.egg-info/PKG-INFO
[0.516s] -- Installing: /home/ubuntu/my_n10_topic/workspace/install/wheeltec_robot_msg/local/lib/python3.10/dist-packages/wheeltec_robot_msg-0.0.0-py3.10.egg-info/SOURCES.txt
[0.517s] -- Installing: /home/ubuntu/my_n10_topic/workspace/install/wheeltec_robot_msg/local/lib/python3.10/dist-packages/wheeltec_robot_msg-0.0.0-py3.10.egg-info/top_level.txt
[0.517s] -- Up-to-date: /home/ubuntu/my_n10_topic/workspace/install/wheeltec_robot_msg/local/lib/python3.10/dist-packages/wheeltec_robot_msg
[0.517s] -- Up-to-date: /home/ubuntu/my_n10_topic/workspace/install/wheeltec_robot_msg/local/lib/python3.10/dist-packages/wheeltec_robot_msg/__init__.py
[0.517s] -- Up-to-date: /home/ubuntu/my_n10_topic/workspace/install/wheeltec_robot_msg/local/lib/python3.10/dist-packages/wheeltec_robot_msg/wheeltec_robot_msg_s__rosidl_typesupport_introspection_c.cpython-310-x86_64-linux-gnu.so
[0.517s] -- Up-to-date: /home/ubuntu/my_n10_topic/workspace/install/wheeltec_robot_msg/local/lib/python3.10/dist-packages/wheeltec_robot_msg/_wheeltec_robot_msg_s.ep.rosidl_typesupport_c.c
[0.517s] -- Up-to-date: /home/ubuntu/my_n10_topic/workspace/install/wheeltec_robot_msg/local/lib/python3.10/dist-packages/wheeltec_robot_msg/libwheeltec_robot_msg__rosidl_generator_py.so
[0.517s] -- Up-to-date: /home/ubuntu/my_n10_topic/workspace/install/wheeltec_robot_msg/local/lib/python3.10/dist-packages/wheeltec_robot_msg/msg
[0.517s] -- Up-to-date: /home/ubuntu/my_n10_topic/workspace/install/wheeltec_robot_msg/local/lib/python3.10/dist-packages/wheeltec_robot_msg/msg/__init__.py
[0.517s] -- Up-to-date: /home/ubuntu/my_n10_topic/workspace/install/wheeltec_robot_msg/local/lib/python3.10/dist-packages/wheeltec_robot_msg/msg/_supersonic.py
[0.517s] -- Up-to-date: /home/ubuntu/my_n10_topic/workspace/install/wheeltec_robot_msg/local/lib/python3.10/dist-packages/wheeltec_robot_msg/msg/_supersonic_s.c
[0.517s] -- Up-to-date: /home/ubuntu/my_n10_topic/workspace/install/wheeltec_robot_msg/local/lib/python3.10/dist-packages/wheeltec_robot_msg/msg/_data.py
[0.517s] -- Up-to-date: /home/ubuntu/my_n10_topic/workspace/install/wheeltec_robot_msg/local/lib/python3.10/dist-packages/wheeltec_robot_msg/msg/_data_s.c
[0.517s] -- Up-to-date: /home/ubuntu/my_n10_topic/workspace/install/wheeltec_robot_msg/local/lib/python3.10/dist-packages/wheeltec_robot_msg/wheeltec_robot_msg_s__rosidl_typesupport_fastrtps_c.cpython-310-x86_64-linux-gnu.so
[0.519s] -- Up-to-date: /home/ubuntu/my_n10_topic/workspace/install/wheeltec_robot_msg/local/lib/python3.10/dist-packages/wheeltec_robot_msg/_wheeltec_robot_msg_s.ep.rosidl_typesupport_introspection_c.c
[0.520s] -- Up-to-date: /home/ubuntu/my_n10_topic/workspace/install/wheeltec_robot_msg/local/lib/python3.10/dist-packages/wheeltec_robot_msg/wheeltec_robot_msg_s__rosidl_typesupport_c.cpython-310-x86_64-linux-gnu.so
[0.520s] -- Up-to-date: /home/ubuntu/my_n10_topic/workspace/install/wheeltec_robot_msg/local/lib/python3.10/dist-packages/wheeltec_robot_msg/_wheeltec_robot_msg_s.ep.rosidl_typesupport_fastrtps_c.c
[0.554s] Listing '/home/ubuntu/my_n10_topic/workspace/install/wheeltec_robot_msg/local/lib/python3.10/dist-packages/wheeltec_robot_msg'...
[0.554s] Listing '/home/ubuntu/my_n10_topic/workspace/install/wheeltec_robot_msg/local/lib/python3.10/dist-packages/wheeltec_robot_msg/msg'...
[0.557s] -- Up-to-date: /home/ubuntu/my_n10_topic/workspace/install/wheeltec_robot_msg/local/lib/python3.10/dist-packages/wheeltec_robot_msg/wheeltec_robot_msg_s__rosidl_typesupport_fastrtps_c.cpython-310-x86_64-linux-gnu.so
[0.557s] -- Up-to-date: /home/ubuntu/my_n10_topic/workspace/install/wheeltec_robot_msg/local/lib/python3.10/dist-packages/wheeltec_robot_msg/wheeltec_robot_msg_s__rosidl_typesupport_introspection_c.cpython-310-x86_64-linux-gnu.so
[0.557s] -- Up-to-date: /home/ubuntu/my_n10_topic/workspace/install/wheeltec_robot_msg/local/lib/python3.10/dist-packages/wheeltec_robot_msg/wheeltec_robot_msg_s__rosidl_typesupport_c.cpython-310-x86_64-linux-gnu.so
[0.558s] -- Up-to-date: /home/ubuntu/my_n10_topic/workspace/install/wheeltec_robot_msg/lib/libwheeltec_robot_msg__rosidl_generator_py.so
[0.558s] -- Up-to-date: /home/ubuntu/my_n10_topic/workspace/install/wheeltec_robot_msg/share/wheeltec_robot_msg/msg/Data.idl
[0.558s] -- Up-to-date: /home/ubuntu/my_n10_topic/workspace/install/wheeltec_robot_msg/share/wheeltec_robot_msg/msg/Supersonic.idl
[0.558s] -- Up-to-date: /home/ubuntu/my_n10_topic/workspace/install/wheeltec_robot_msg/share/wheeltec_robot_msg/msg/Data.msg
[0.558s] -- Up-to-date: /home/ubuntu/my_n10_topic/workspace/install/wheeltec_robot_msg/share/wheeltec_robot_msg/msg/Supersonic.msg
[0.558s] -- Up-to-date: /home/ubuntu/my_n10_topic/workspace/install/wheeltec_robot_msg/share/ament_index/resource_index/package_run_dependencies/wheeltec_robot_msg
[0.558s] -- Up-to-date: /home/ubuntu/my_n10_topic/workspace/install/wheeltec_robot_msg/share/ament_index/resource_index/parent_prefix_path/wheeltec_robot_msg
[0.558s] -- Up-to-date: /home/ubuntu/my_n10_topic/workspace/install/wheeltec_robot_msg/share/wheeltec_robot_msg/environment/ament_prefix_path.sh
[0.558s] -- Up-to-date: /home/ubuntu/my_n10_topic/workspace/install/wheeltec_robot_msg/share/wheeltec_robot_msg/environment/ament_prefix_path.dsv
[0.558s] -- Up-to-date: /home/ubuntu/my_n10_topic/workspace/install/wheeltec_robot_msg/share/wheeltec_robot_msg/environment/path.sh
[0.559s] -- Up-to-date: /home/ubuntu/my_n10_topic/workspace/install/wheeltec_robot_msg/share/wheeltec_robot_msg/environment/path.dsv
[0.559s] -- Up-to-date: /home/ubuntu/my_n10_topic/workspace/install/wheeltec_robot_msg/share/wheeltec_robot_msg/local_setup.bash
[0.559s] -- Up-to-date: /home/ubuntu/my_n10_topic/workspace/install/wheeltec_robot_msg/share/wheeltec_robot_msg/local_setup.sh
[0.560s] -- Up-to-date: /home/ubuntu/my_n10_topic/workspace/install/wheeltec_robot_msg/share/wheeltec_robot_msg/local_setup.zsh
[0.560s] -- Up-to-date: /home/ubuntu/my_n10_topic/workspace/install/wheeltec_robot_msg/share/wheeltec_robot_msg/local_setup.dsv
[0.560s] -- Installing: /home/ubuntu/my_n10_topic/workspace/install/wheeltec_robot_msg/share/wheeltec_robot_msg/package.dsv
[0.560s] -- Up-to-date: /home/ubuntu/my_n10_topic/workspace/install/wheeltec_robot_msg/share/ament_index/resource_index/packages/wheeltec_robot_msg
[0.560s] -- Up-to-date: /home/ubuntu/my_n10_topic/workspace/install/wheeltec_robot_msg/share/wheeltec_robot_msg/cmake/export_wheeltec_robot_msg__rosidl_generator_cExport.cmake
[0.561s] -- Up-to-date: /home/ubuntu/my_n10_topic/workspace/install/wheeltec_robot_msg/share/wheeltec_robot_msg/cmake/export_wheeltec_robot_msg__rosidl_generator_cExport-noconfig.cmake
[0.561s] -- Up-to-date: /home/ubuntu/my_n10_topic/workspace/install/wheeltec_robot_msg/share/wheeltec_robot_msg/cmake/export_wheeltec_robot_msg__rosidl_typesupport_fastrtps_cExport.cmake
[0.561s] -- Up-to-date: /home/ubuntu/my_n10_topic/workspace/install/wheeltec_robot_msg/share/wheeltec_robot_msg/cmake/export_wheeltec_robot_msg__rosidl_typesupport_fastrtps_cExport-noconfig.cmake
[0.562s] -- Up-to-date: /home/ubuntu/my_n10_topic/workspace/install/wheeltec_robot_msg/share/wheeltec_robot_msg/cmake/wheeltec_robot_msg__rosidl_typesupport_introspection_cExport.cmake
[0.562s] -- Up-to-date: /home/ubuntu/my_n10_topic/workspace/install/wheeltec_robot_msg/share/wheeltec_robot_msg/cmake/wheeltec_robot_msg__rosidl_typesupport_introspection_cExport-noconfig.cmake
[0.562s] -- Up-to-date: /home/ubuntu/my_n10_topic/workspace/install/wheeltec_robot_msg/share/wheeltec_robot_msg/cmake/wheeltec_robot_msg__rosidl_typesupport_cExport.cmake
[0.564s] -- Up-to-date: /home/ubuntu/my_n10_topic/workspace/install/wheeltec_robot_msg/share/wheeltec_robot_msg/cmake/wheeltec_robot_msg__rosidl_typesupport_cExport-noconfig.cmake
[0.564s] -- Up-to-date: /home/ubuntu/my_n10_topic/workspace/install/wheeltec_robot_msg/share/wheeltec_robot_msg/cmake/export_wheeltec_robot_msg__rosidl_generator_cppExport.cmake
[0.564s] -- Up-to-date: /home/ubuntu/my_n10_topic/workspace/install/wheeltec_robot_msg/share/wheeltec_robot_msg/cmake/export_wheeltec_robot_msg__rosidl_typesupport_fastrtps_cppExport.cmake
[0.565s] -- Up-to-date: /home/ubuntu/my_n10_topic/workspace/install/wheeltec_robot_msg/share/wheeltec_robot_msg/cmake/export_wheeltec_robot_msg__rosidl_typesupport_fastrtps_cppExport-noconfig.cmake
[0.565s] -- Up-to-date: /home/ubuntu/my_n10_topic/workspace/install/wheeltec_robot_msg/share/wheeltec_robot_msg/cmake/wheeltec_robot_msg__rosidl_typesupport_introspection_cppExport.cmake
[0.565s] -- Up-to-date: /home/ubuntu/my_n10_topic/workspace/install/wheeltec_robot_msg/share/wheeltec_robot_msg/cmake/wheeltec_robot_msg__rosidl_typesupport_introspection_cppExport-noconfig.cmake
[0.566s] -- Up-to-date: /home/ubuntu/my_n10_topic/workspace/install/wheeltec_robot_msg/share/wheeltec_robot_msg/cmake/wheeltec_robot_msg__rosidl_typesupport_cppExport.cmake
[0.566s] -- Up-to-date: /home/ubuntu/my_n10_topic/workspace/install/wheeltec_robot_msg/share/wheeltec_robot_msg/cmake/wheeltec_robot_msg__rosidl_typesupport_cppExport-noconfig.cmake
[0.566s] -- Up-to-date: /home/ubuntu/my_n10_topic/workspace/install/wheeltec_robot_msg/share/wheeltec_robot_msg/cmake/export_wheeltec_robot_msg__rosidl_generator_pyExport.cmake
[0.566s] -- Up-to-date: /home/ubuntu/my_n10_topic/workspace/install/wheeltec_robot_msg/share/wheeltec_robot_msg/cmake/export_wheeltec_robot_msg__rosidl_generator_pyExport-noconfig.cmake
[0.567s] -- Up-to-date: /home/ubuntu/my_n10_topic/workspace/install/wheeltec_robot_msg/share/wheeltec_robot_msg/cmake/rosidl_cmake-extras.cmake
[0.567s] -- Up-to-date: /home/ubuntu/my_n10_topic/workspace/install/wheeltec_robot_msg/share/wheeltec_robot_msg/cmake/ament_cmake_export_dependencies-extras.cmake
[0.568s] -- Up-to-date: /home/ubuntu/my_n10_topic/workspace/install/wheeltec_robot_msg/share/wheeltec_robot_msg/cmake/ament_cmake_export_include_directories-extras.cmake
[0.568s] -- Up-to-date: /home/ubuntu/my_n10_topic/workspace/install/wheeltec_robot_msg/share/wheeltec_robot_msg/cmake/ament_cmake_export_libraries-extras.cmake
[0.571s] -- Up-to-date: /home/ubuntu/my_n10_topic/workspace/install/wheeltec_robot_msg/share/wheeltec_robot_msg/cmake/ament_cmake_export_targets-extras.cmake
[0.571s] -- Up-to-date: /home/ubuntu/my_n10_topic/workspace/install/wheeltec_robot_msg/share/wheeltec_robot_msg/cmake/rosidl_cmake_export_typesupport_targets-extras.cmake
[0.571s] -- Up-to-date: /home/ubuntu/my_n10_topic/workspace/install/wheeltec_robot_msg/share/wheeltec_robot_msg/cmake/rosidl_cmake_export_typesupport_libraries-extras.cmake
[0.571s] -- Up-to-date: /home/ubuntu/my_n10_topic/workspace/install/wheeltec_robot_msg/share/wheeltec_robot_msg/cmake/wheeltec_robot_msgConfig.cmake
[0.572s] -- Up-to-date: /home/ubuntu/my_n10_topic/workspace/install/wheeltec_robot_msg/share/wheeltec_robot_msg/cmake/wheeltec_robot_msgConfig-version.cmake
[0.572s] -- Up-to-date: /home/ubuntu/my_n10_topic/workspace/install/wheeltec_robot_msg/share/wheeltec_robot_msg/package.xml
[0.572s] Invoked command in '/home/ubuntu/my_n10_topic/workspace/build/wheeltec_robot_msg' returned '0': CMAKE_PREFIX_PATH=${CMAKE_PREFIX_PATH}:/opt/ros/humble /usr/bin/cmake --install /home/ubuntu/my_n10_topic/workspace/build/wheeltec_robot_msg
