[0.025s] Invoking command in '/home/ubuntu/my_n10_topic/workspace/build/wheeltec_robot_msg': CMAKE_PREFIX_PATH=${CMAKE_PREFIX_PATH}:/opt/ros/humble /usr/bin/cmake /home/ubuntu/my_n10_topic/workspace/src/wheeltec_robot_msg -DCMAKE_INSTALL_PREFIX=/home/ubuntu/my_n10_topic/workspace/install/wheeltec_robot_msg
[0.214s] -- The C compiler identification is GNU 11.4.0
[0.321s] -- The CXX compiler identification is GNU 11.4.0
[0.335s] -- Detecting C compiler ABI info
[0.453s] -- Detecting C compiler ABI info - done
[0.457s] -- Check for working C compiler: /usr/bin/cc - skipped
[0.457s] -- Detecting C compile features
[0.459s] -- Detecting C compile features - done
[0.462s] -- Detecting CXX compiler ABI info
[0.637s] -- Detecting CXX compiler ABI info - done
[0.646s] -- Check for working CXX compiler: /usr/bin/c++ - skipped
[0.646s] -- Detecting CXX compile features
[0.647s] -- Detecting CXX compile features - done
[0.652s] -- Found ament_cmake: 1.3.11 (/opt/ros/humble/share/ament_cmake/cmake)
[0.856s] -- Found Python3: /usr/bin/python3 (found version "3.10.12") found components: Interpreter 
[1.012s] -- Found rosidl_default_generators: 1.2.0 (/opt/ros/humble/share/rosidl_default_generators/cmake)
[1.018s] -- Using all available rosidl_typesupport_c: rosidl_typesupport_fastrtps_c;rosidl_typesupport_introspection_c
[1.028s] -- Found rosidl_adapter: 3.1.6 (/opt/ros/humble/share/rosidl_adapter/cmake)
[1.099s] -- Using all available rosidl_typesupport_cpp: rosidl_typesupport_fastrtps_cpp;rosidl_typesupport_introspection_cpp
[1.148s] -- Found std_msgs: 4.2.4 (/opt/ros/humble/share/std_msgs/cmake)
[1.581s] -- Found ament_cmake_cppcheck: 0.12.11 (/opt/ros/humble/share/ament_cmake_cppcheck/cmake)
[1.586s] -- Found ament_cmake_cpplint: 0.12.11 (/opt/ros/humble/share/ament_cmake_cpplint/cmake)
[1.590s] -- Found ament_cmake_uncrustify: 0.12.11 (/opt/ros/humble/share/ament_cmake_uncrustify/cmake)
[1.595s] -- Found ament_cmake_ros: 0.10.0 (/opt/ros/humble/share/ament_cmake_ros/cmake)
[1.911s] -- Using all available rosidl_typesupport_c: rosidl_typesupport_fastrtps_c;rosidl_typesupport_introspection_c
[2.357s] -- Using all available rosidl_typesupport_cpp: rosidl_typesupport_fastrtps_cpp;rosidl_typesupport_introspection_cpp
[2.408s] -- Found PythonInterp: /usr/bin/python3 (found suitable version "3.10.12", minimum required is "3.6") 
[2.414s] -- Found python_cmake_module: 0.10.0 (/opt/ros/humble/share/python_cmake_module/cmake)
[2.462s] -- Found PythonLibs: /usr/lib/x86_64-linux-gnu/libpython3.10.so (found suitable version "3.10.12", minimum required is "3.5") 
[2.462s] -- Using PYTHON_EXECUTABLE: /usr/bin/python3
[2.462s] -- Using PYTHON_INCLUDE_DIRS: /usr/include/python3.10
[2.462s] -- Using PYTHON_LIBRARIES: /usr/lib/x86_64-linux-gnu/libpython3.10.so
[2.499s] -- Found PythonExtra: .so  
[2.578s] -- Found ament_cmake_flake8: 0.12.11 (/opt/ros/humble/share/ament_cmake_flake8/cmake)
[2.581s] -- Found ament_cmake_pep257: 0.12.11 (/opt/ros/humble/share/ament_cmake_pep257/cmake)
[2.597s] -- Configuring done
[2.656s] -- Generating done
[2.670s] -- Build files have been written to: /home/ubuntu/my_n10_topic/workspace/build/wheeltec_robot_msg
[2.682s] Invoked command in '/home/ubuntu/my_n10_topic/workspace/build/wheeltec_robot_msg' returned '0': CMAKE_PREFIX_PATH=${CMAKE_PREFIX_PATH}:/opt/ros/humble /usr/bin/cmake /home/ubuntu/my_n10_topic/workspace/src/wheeltec_robot_msg -DCMAKE_INSTALL_PREFIX=/home/ubuntu/my_n10_topic/workspace/install/wheeltec_robot_msg
[2.687s] Invoking command in '/home/ubuntu/my_n10_topic/workspace/build/wheeltec_robot_msg': CMAKE_PREFIX_PATH=${CMAKE_PREFIX_PATH}:/opt/ros/humble /usr/bin/cmake --build /home/ubuntu/my_n10_topic/workspace/build/wheeltec_robot_msg -- -j12 -l12
[2.764s] [  2%] [34m[1mGenerating C code for ROS interfaces[0m
[2.784s] [  5%] [34m[1mGenerating C++ code for ROS interfaces[0m
[2.793s] [  5%] Built target ament_cmake_python_copy_wheeltec_robot_msg
[3.273s] [  7%] [32mBuilding C object CMakeFiles/wheeltec_robot_msg__rosidl_generator_c.dir/rosidl_generator_c/wheeltec_robot_msg/msg/detail/data__functions.c.o[0m
[3.274s] [ 10%] [32mBuilding C object CMakeFiles/wheeltec_robot_msg__rosidl_generator_c.dir/rosidl_generator_c/wheeltec_robot_msg/msg/detail/supersonic__functions.c.o[0m
[3.290s] running egg_info
[3.294s] creating wheeltec_robot_msg.egg-info
[3.294s] writing wheeltec_robot_msg.egg-info/PKG-INFO
[3.295s] writing dependency_links to wheeltec_robot_msg.egg-info/dependency_links.txt
[3.297s] writing top-level names to wheeltec_robot_msg.egg-info/top_level.txt
[3.298s] writing manifest file 'wheeltec_robot_msg.egg-info/SOURCES.txt'
[3.301s] reading manifest file 'wheeltec_robot_msg.egg-info/SOURCES.txt'
[3.302s] writing manifest file 'wheeltec_robot_msg.egg-info/SOURCES.txt'
[3.314s] [ 10%] Built target wheeltec_robot_msg__cpp
[3.357s] [ 15%] [34m[1mGenerating C++ introspection for ROS interfaces[0m
[3.357s] [ 15%] [34m[1mGenerating C++ type support dispatch for ROS interfaces[0m
[3.377s] [ 17%] [34m[1mGenerating C++ type support for eProsima Fast-RTPS[0m
[3.422s] [ 17%] Built target ament_cmake_python_build_wheeltec_robot_msg_egg
[3.433s] [ 20%] [32m[1mLinking C shared library libwheeltec_robot_msg__rosidl_generator_c.so[0m
[3.531s] [ 20%] Built target wheeltec_robot_msg__rosidl_generator_c
[3.550s] [ 25%] [34m[1mGenerating C type support for eProsima Fast-RTPS[0m
[3.550s] [ 25%] [34m[1mGenerating C type support dispatch for ROS interfaces[0m
[3.568s] [ 28%] [34m[1mGenerating C introspection for ROS interfaces[0m
[3.884s] [ 30%] [32mBuilding CXX object CMakeFiles/wheeltec_robot_msg__rosidl_typesupport_introspection_cpp.dir/rosidl_typesupport_introspection_cpp/wheeltec_robot_msg/msg/detail/data__type_support.cpp.o[0m
[3.885s] [ 33%] [32mBuilding CXX object CMakeFiles/wheeltec_robot_msg__rosidl_typesupport_introspection_cpp.dir/rosidl_typesupport_introspection_cpp/wheeltec_robot_msg/msg/detail/supersonic__type_support.cpp.o[0m
[3.901s] [ 35%] [32mBuilding CXX object CMakeFiles/wheeltec_robot_msg__rosidl_typesupport_cpp.dir/rosidl_typesupport_cpp/wheeltec_robot_msg/msg/supersonic__type_support.cpp.o[0m
[3.918s] [ 38%] [32mBuilding CXX object CMakeFiles/wheeltec_robot_msg__rosidl_typesupport_cpp.dir/rosidl_typesupport_cpp/wheeltec_robot_msg/msg/data__type_support.cpp.o[0m
[4.066s] [ 41%] [32mBuilding CXX object CMakeFiles/wheeltec_robot_msg__rosidl_typesupport_fastrtps_cpp.dir/rosidl_typesupport_fastrtps_cpp/wheeltec_robot_msg/msg/detail/dds_fastrtps/data__type_support.cpp.o[0m
[4.075s] [ 43%] [32mBuilding CXX object CMakeFiles/wheeltec_robot_msg__rosidl_typesupport_fastrtps_cpp.dir/rosidl_typesupport_fastrtps_cpp/wheeltec_robot_msg/msg/detail/dds_fastrtps/supersonic__type_support.cpp.o[0m
[4.298s] [ 46%] [32mBuilding CXX object CMakeFiles/wheeltec_robot_msg__rosidl_typesupport_c.dir/rosidl_typesupport_c/wheeltec_robot_msg/msg/data__type_support.cpp.o[0m
[4.298s] [ 48%] [32mBuilding C object CMakeFiles/wheeltec_robot_msg__rosidl_typesupport_introspection_c.dir/rosidl_typesupport_introspection_c/wheeltec_robot_msg/msg/detail/data__type_support.c.o[0m
[4.315s] [ 51%] [32mBuilding C object CMakeFiles/wheeltec_robot_msg__rosidl_typesupport_introspection_c.dir/rosidl_typesupport_introspection_c/wheeltec_robot_msg/msg/detail/supersonic__type_support.c.o[0m
[4.344s] [ 53%] [32mBuilding CXX object CMakeFiles/wheeltec_robot_msg__rosidl_typesupport_c.dir/rosidl_typesupport_c/wheeltec_robot_msg/msg/supersonic__type_support.cpp.o[0m
[4.398s] [ 56%] [32mBuilding CXX object CMakeFiles/wheeltec_robot_msg__rosidl_typesupport_fastrtps_c.dir/rosidl_typesupport_fastrtps_c/wheeltec_robot_msg/msg/detail/supersonic__type_support_c.cpp.o[0m
[4.413s] [ 58%] [32m[1mLinking CXX shared library libwheeltec_robot_msg__rosidl_typesupport_c.so[0m
[4.431s] [ 61%] [32mBuilding CXX object CMakeFiles/wheeltec_robot_msg__rosidl_typesupport_fastrtps_c.dir/rosidl_typesupport_fastrtps_c/wheeltec_robot_msg/msg/detail/data__type_support_c.cpp.o[0m
[4.441s] [ 64%] [32m[1mLinking C shared library libwheeltec_robot_msg__rosidl_typesupport_introspection_c.so[0m
[4.582s] [ 64%] Built target wheeltec_robot_msg__rosidl_typesupport_c
[4.693s] [ 64%] Built target wheeltec_robot_msg__rosidl_typesupport_introspection_c
[4.945s] [ 66%] [32m[1mLinking CXX shared library libwheeltec_robot_msg__rosidl_typesupport_introspection_cpp.so[0m
[5.179s] [ 69%] [32m[1mLinking CXX shared library libwheeltec_robot_msg__rosidl_typesupport_cpp.so[0m
[5.211s] [ 69%] Built target wheeltec_robot_msg__rosidl_typesupport_introspection_cpp
[5.310s] [ 71%] [32m[1mLinking CXX shared library libwheeltec_robot_msg__rosidl_typesupport_fastrtps_cpp.so[0m
[5.357s] [ 71%] Built target wheeltec_robot_msg__rosidl_typesupport_cpp
[5.550s] [ 71%] Built target wheeltec_robot_msg__rosidl_typesupport_fastrtps_cpp
[5.613s] [ 74%] [32m[1mLinking CXX shared library libwheeltec_robot_msg__rosidl_typesupport_fastrtps_c.so[0m
[5.870s] [ 74%] Built target wheeltec_robot_msg__rosidl_typesupport_fastrtps_c
[5.936s] [ 74%] Built target wheeltec_robot_msg
[6.025s] [ 76%] [34m[1mGenerating Python code for ROS interfaces[0m
[6.644s] [ 76%] Built target wheeltec_robot_msg__py
[6.692s] [ 79%] [32mBuilding C object CMakeFiles/wheeltec_robot_msg__rosidl_generator_py.dir/rosidl_generator_py/wheeltec_robot_msg/msg/_data_s.c.o[0m
[6.692s] [ 82%] [32mBuilding C object CMakeFiles/wheeltec_robot_msg__rosidl_generator_py.dir/rosidl_generator_py/wheeltec_robot_msg/msg/_supersonic_s.c.o[0m
[6.875s] [ 84%] [32m[1mLinking C shared library rosidl_generator_py/wheeltec_robot_msg/libwheeltec_robot_msg__rosidl_generator_py.so[0m
[6.961s] [ 84%] Built target wheeltec_robot_msg__rosidl_generator_py
[6.996s] [ 87%] [32mBuilding C object CMakeFiles/wheeltec_robot_msg__rosidl_typesupport_fastrtps_c__pyext.dir/rosidl_generator_py/wheeltec_robot_msg/_wheeltec_robot_msg_s.ep.rosidl_typesupport_fastrtps_c.c.o[0m
[6.997s] [ 89%] [32mBuilding C object CMakeFiles/wheeltec_robot_msg__rosidl_typesupport_introspection_c__pyext.dir/rosidl_generator_py/wheeltec_robot_msg/_wheeltec_robot_msg_s.ep.rosidl_typesupport_introspection_c.c.o[0m
[6.997s] [ 92%] [32mBuilding C object CMakeFiles/wheeltec_robot_msg__rosidl_typesupport_c__pyext.dir/rosidl_generator_py/wheeltec_robot_msg/_wheeltec_robot_msg_s.ep.rosidl_typesupport_c.c.o[0m
[7.131s] [ 94%] [32m[1mLinking C shared library rosidl_generator_py/wheeltec_robot_msg/wheeltec_robot_msg_s__rosidl_typesupport_fastrtps_c.cpython-310-x86_64-linux-gnu.so[0m
[7.132s] [ 97%] [32m[1mLinking C shared library rosidl_generator_py/wheeltec_robot_msg/wheeltec_robot_msg_s__rosidl_typesupport_introspection_c.cpython-310-x86_64-linux-gnu.so[0m
[7.147s] [100%] [32m[1mLinking C shared library rosidl_generator_py/wheeltec_robot_msg/wheeltec_robot_msg_s__rosidl_typesupport_c.cpython-310-x86_64-linux-gnu.so[0m
[7.206s] [100%] Built target wheeltec_robot_msg__rosidl_typesupport_introspection_c__pyext
[7.213s] [100%] Built target wheeltec_robot_msg__rosidl_typesupport_fastrtps_c__pyext
[7.218s] [100%] Built target wheeltec_robot_msg__rosidl_typesupport_c__pyext
[7.244s] Invoked command in '/home/ubuntu/my_n10_topic/workspace/build/wheeltec_robot_msg' returned '0': CMAKE_PREFIX_PATH=${CMAKE_PREFIX_PATH}:/opt/ros/humble /usr/bin/cmake --build /home/ubuntu/my_n10_topic/workspace/build/wheeltec_robot_msg -- -j12 -l12
[7.247s] Invoking command in '/home/ubuntu/my_n10_topic/workspace/build/wheeltec_robot_msg': CMAKE_PREFIX_PATH=${CMAKE_PREFIX_PATH}:/opt/ros/humble /usr/bin/cmake --install /home/ubuntu/my_n10_topic/workspace/build/wheeltec_robot_msg
[7.262s] -- Install configuration: ""
[7.262s] -- Installing: /home/ubuntu/my_n10_topic/workspace/install/wheeltec_robot_msg/share/ament_index/resource_index/rosidl_interfaces/wheeltec_robot_msg
[7.263s] -- Installing: /home/ubuntu/my_n10_topic/workspace/install/wheeltec_robot_msg/include/wheeltec_robot_msg/wheeltec_robot_msg
[7.263s] -- Installing: /home/ubuntu/my_n10_topic/workspace/install/wheeltec_robot_msg/include/wheeltec_robot_msg/wheeltec_robot_msg/msg
[7.263s] -- Installing: /home/ubuntu/my_n10_topic/workspace/install/wheeltec_robot_msg/include/wheeltec_robot_msg/wheeltec_robot_msg/msg/rosidl_generator_c__visibility_control.h
[7.263s] -- Installing: /home/ubuntu/my_n10_topic/workspace/install/wheeltec_robot_msg/include/wheeltec_robot_msg/wheeltec_robot_msg/msg/supersonic.h
[7.263s] -- Installing: /home/ubuntu/my_n10_topic/workspace/install/wheeltec_robot_msg/include/wheeltec_robot_msg/wheeltec_robot_msg/msg/detail
[7.263s] -- Installing: /home/ubuntu/my_n10_topic/workspace/install/wheeltec_robot_msg/include/wheeltec_robot_msg/wheeltec_robot_msg/msg/detail/supersonic__functions.h
[7.263s] -- Installing: /home/ubuntu/my_n10_topic/workspace/install/wheeltec_robot_msg/include/wheeltec_robot_msg/wheeltec_robot_msg/msg/detail/data__struct.h
[7.264s] -- Installing: /home/ubuntu/my_n10_topic/workspace/install/wheeltec_robot_msg/include/wheeltec_robot_msg/wheeltec_robot_msg/msg/detail/data__type_support.h
[7.264s] -- Installing: /home/ubuntu/my_n10_topic/workspace/install/wheeltec_robot_msg/include/wheeltec_robot_msg/wheeltec_robot_msg/msg/detail/data__functions.c
[7.264s] -- Installing: /home/ubuntu/my_n10_topic/workspace/install/wheeltec_robot_msg/include/wheeltec_robot_msg/wheeltec_robot_msg/msg/detail/data__functions.h
[7.264s] -- Installing: /home/ubuntu/my_n10_topic/workspace/install/wheeltec_robot_msg/include/wheeltec_robot_msg/wheeltec_robot_msg/msg/detail/supersonic__struct.h
[7.264s] -- Installing: /home/ubuntu/my_n10_topic/workspace/install/wheeltec_robot_msg/include/wheeltec_robot_msg/wheeltec_robot_msg/msg/detail/supersonic__type_support.h
[7.265s] -- Installing: /home/ubuntu/my_n10_topic/workspace/install/wheeltec_robot_msg/include/wheeltec_robot_msg/wheeltec_robot_msg/msg/detail/supersonic__functions.c
[7.265s] -- Installing: /home/ubuntu/my_n10_topic/workspace/install/wheeltec_robot_msg/include/wheeltec_robot_msg/wheeltec_robot_msg/msg/data.h
[7.265s] -- Installing: /home/ubuntu/my_n10_topic/workspace/install/wheeltec_robot_msg/share/wheeltec_robot_msg/environment/library_path.sh
[7.265s] -- Installing: /home/ubuntu/my_n10_topic/workspace/install/wheeltec_robot_msg/share/wheeltec_robot_msg/environment/library_path.dsv
[7.265s] -- Installing: /home/ubuntu/my_n10_topic/workspace/install/wheeltec_robot_msg/lib/libwheeltec_robot_msg__rosidl_generator_c.so
[7.266s] -- Set runtime path of "/home/ubuntu/my_n10_topic/workspace/install/wheeltec_robot_msg/lib/libwheeltec_robot_msg__rosidl_generator_c.so" to ""
[7.266s] -- Up-to-date: /home/ubuntu/my_n10_topic/workspace/install/wheeltec_robot_msg/include/wheeltec_robot_msg/wheeltec_robot_msg
[7.266s] -- Up-to-date: /home/ubuntu/my_n10_topic/workspace/install/wheeltec_robot_msg/include/wheeltec_robot_msg/wheeltec_robot_msg/msg
[7.267s] -- Up-to-date: /home/ubuntu/my_n10_topic/workspace/install/wheeltec_robot_msg/include/wheeltec_robot_msg/wheeltec_robot_msg/msg/detail
[7.267s] -- Installing: /home/ubuntu/my_n10_topic/workspace/install/wheeltec_robot_msg/include/wheeltec_robot_msg/wheeltec_robot_msg/msg/detail/supersonic__rosidl_typesupport_fastrtps_c.h
[7.267s] -- Installing: /home/ubuntu/my_n10_topic/workspace/install/wheeltec_robot_msg/include/wheeltec_robot_msg/wheeltec_robot_msg/msg/detail/data__rosidl_typesupport_fastrtps_c.h
[7.268s] -- Installing: /home/ubuntu/my_n10_topic/workspace/install/wheeltec_robot_msg/include/wheeltec_robot_msg/wheeltec_robot_msg/msg/rosidl_typesupport_fastrtps_c__visibility_control.h
[7.268s] -- Installing: /home/ubuntu/my_n10_topic/workspace/install/wheeltec_robot_msg/lib/libwheeltec_robot_msg__rosidl_typesupport_fastrtps_c.so
[7.268s] -- Set runtime path of "/home/ubuntu/my_n10_topic/workspace/install/wheeltec_robot_msg/lib/libwheeltec_robot_msg__rosidl_typesupport_fastrtps_c.so" to ""
[7.268s] -- Up-to-date: /home/ubuntu/my_n10_topic/workspace/install/wheeltec_robot_msg/include/wheeltec_robot_msg/wheeltec_robot_msg
[7.268s] -- Up-to-date: /home/ubuntu/my_n10_topic/workspace/install/wheeltec_robot_msg/include/wheeltec_robot_msg/wheeltec_robot_msg/msg
[7.268s] -- Installing: /home/ubuntu/my_n10_topic/workspace/install/wheeltec_robot_msg/include/wheeltec_robot_msg/wheeltec_robot_msg/msg/rosidl_typesupport_introspection_c__visibility_control.h
[7.269s] -- Up-to-date: /home/ubuntu/my_n10_topic/workspace/install/wheeltec_robot_msg/include/wheeltec_robot_msg/wheeltec_robot_msg/msg/detail
[7.269s] -- Installing: /home/ubuntu/my_n10_topic/workspace/install/wheeltec_robot_msg/include/wheeltec_robot_msg/wheeltec_robot_msg/msg/detail/supersonic__rosidl_typesupport_introspection_c.h
[7.269s] -- Installing: /home/ubuntu/my_n10_topic/workspace/install/wheeltec_robot_msg/include/wheeltec_robot_msg/wheeltec_robot_msg/msg/detail/data__rosidl_typesupport_introspection_c.h
[7.269s] -- Installing: /home/ubuntu/my_n10_topic/workspace/install/wheeltec_robot_msg/include/wheeltec_robot_msg/wheeltec_robot_msg/msg/detail/supersonic__type_support.c
[7.269s] -- Installing: /home/ubuntu/my_n10_topic/workspace/install/wheeltec_robot_msg/include/wheeltec_robot_msg/wheeltec_robot_msg/msg/detail/data__type_support.c
[7.269s] -- Installing: /home/ubuntu/my_n10_topic/workspace/install/wheeltec_robot_msg/lib/libwheeltec_robot_msg__rosidl_typesupport_introspection_c.so
[7.269s] -- Set runtime path of "/home/ubuntu/my_n10_topic/workspace/install/wheeltec_robot_msg/lib/libwheeltec_robot_msg__rosidl_typesupport_introspection_c.so" to ""
[7.269s] -- Installing: /home/ubuntu/my_n10_topic/workspace/install/wheeltec_robot_msg/lib/libwheeltec_robot_msg__rosidl_typesupport_c.so
[7.270s] -- Set runtime path of "/home/ubuntu/my_n10_topic/workspace/install/wheeltec_robot_msg/lib/libwheeltec_robot_msg__rosidl_typesupport_c.so" to ""
[7.270s] -- Up-to-date: /home/ubuntu/my_n10_topic/workspace/install/wheeltec_robot_msg/include/wheeltec_robot_msg/wheeltec_robot_msg
[7.270s] -- Up-to-date: /home/ubuntu/my_n10_topic/workspace/install/wheeltec_robot_msg/include/wheeltec_robot_msg/wheeltec_robot_msg/msg
[7.270s] -- Installing: /home/ubuntu/my_n10_topic/workspace/install/wheeltec_robot_msg/include/wheeltec_robot_msg/wheeltec_robot_msg/msg/data.hpp
[7.270s] -- Up-to-date: /home/ubuntu/my_n10_topic/workspace/install/wheeltec_robot_msg/include/wheeltec_robot_msg/wheeltec_robot_msg/msg/detail
[7.270s] -- Installing: /home/ubuntu/my_n10_topic/workspace/install/wheeltec_robot_msg/include/wheeltec_robot_msg/wheeltec_robot_msg/msg/detail/data__traits.hpp
[7.271s] -- Installing: /home/ubuntu/my_n10_topic/workspace/install/wheeltec_robot_msg/include/wheeltec_robot_msg/wheeltec_robot_msg/msg/detail/data__struct.hpp
[7.271s] -- Installing: /home/ubuntu/my_n10_topic/workspace/install/wheeltec_robot_msg/include/wheeltec_robot_msg/wheeltec_robot_msg/msg/detail/data__builder.hpp
[7.271s] -- Installing: /home/ubuntu/my_n10_topic/workspace/install/wheeltec_robot_msg/include/wheeltec_robot_msg/wheeltec_robot_msg/msg/detail/supersonic__builder.hpp
[7.271s] -- Installing: /home/ubuntu/my_n10_topic/workspace/install/wheeltec_robot_msg/include/wheeltec_robot_msg/wheeltec_robot_msg/msg/detail/supersonic__traits.hpp
[7.271s] -- Installing: /home/ubuntu/my_n10_topic/workspace/install/wheeltec_robot_msg/include/wheeltec_robot_msg/wheeltec_robot_msg/msg/detail/data__type_support.hpp
[7.271s] -- Installing: /home/ubuntu/my_n10_topic/workspace/install/wheeltec_robot_msg/include/wheeltec_robot_msg/wheeltec_robot_msg/msg/detail/supersonic__type_support.hpp
[7.272s] -- Installing: /home/ubuntu/my_n10_topic/workspace/install/wheeltec_robot_msg/include/wheeltec_robot_msg/wheeltec_robot_msg/msg/detail/supersonic__struct.hpp
[7.272s] -- Installing: /home/ubuntu/my_n10_topic/workspace/install/wheeltec_robot_msg/include/wheeltec_robot_msg/wheeltec_robot_msg/msg/supersonic.hpp
[7.272s] -- Installing: /home/ubuntu/my_n10_topic/workspace/install/wheeltec_robot_msg/include/wheeltec_robot_msg/wheeltec_robot_msg/msg/rosidl_generator_cpp__visibility_control.hpp
[7.272s] -- Up-to-date: /home/ubuntu/my_n10_topic/workspace/install/wheeltec_robot_msg/include/wheeltec_robot_msg/wheeltec_robot_msg
[7.272s] -- Up-to-date: /home/ubuntu/my_n10_topic/workspace/install/wheeltec_robot_msg/include/wheeltec_robot_msg/wheeltec_robot_msg/msg
[7.272s] -- Installing: /home/ubuntu/my_n10_topic/workspace/install/wheeltec_robot_msg/include/wheeltec_robot_msg/wheeltec_robot_msg/msg/rosidl_typesupport_fastrtps_cpp__visibility_control.h
[7.273s] -- Up-to-date: /home/ubuntu/my_n10_topic/workspace/install/wheeltec_robot_msg/include/wheeltec_robot_msg/wheeltec_robot_msg/msg/detail
[7.273s] -- Installing: /home/ubuntu/my_n10_topic/workspace/install/wheeltec_robot_msg/include/wheeltec_robot_msg/wheeltec_robot_msg/msg/detail/supersonic__rosidl_typesupport_fastrtps_cpp.hpp
[7.273s] -- Installing: /home/ubuntu/my_n10_topic/workspace/install/wheeltec_robot_msg/include/wheeltec_robot_msg/wheeltec_robot_msg/msg/detail/data__rosidl_typesupport_fastrtps_cpp.hpp
[7.273s] -- Installing: /home/ubuntu/my_n10_topic/workspace/install/wheeltec_robot_msg/include/wheeltec_robot_msg/wheeltec_robot_msg/msg/detail/dds_fastrtps
[7.273s] -- Installing: /home/ubuntu/my_n10_topic/workspace/install/wheeltec_robot_msg/lib/libwheeltec_robot_msg__rosidl_typesupport_fastrtps_cpp.so
[7.274s] -- Set runtime path of "/home/ubuntu/my_n10_topic/workspace/install/wheeltec_robot_msg/lib/libwheeltec_robot_msg__rosidl_typesupport_fastrtps_cpp.so" to ""
[7.274s] -- Up-to-date: /home/ubuntu/my_n10_topic/workspace/install/wheeltec_robot_msg/include/wheeltec_robot_msg/wheeltec_robot_msg
[7.274s] -- Up-to-date: /home/ubuntu/my_n10_topic/workspace/install/wheeltec_robot_msg/include/wheeltec_robot_msg/wheeltec_robot_msg/msg
[7.274s] -- Up-to-date: /home/ubuntu/my_n10_topic/workspace/install/wheeltec_robot_msg/include/wheeltec_robot_msg/wheeltec_robot_msg/msg/detail
[7.274s] -- Installing: /home/ubuntu/my_n10_topic/workspace/install/wheeltec_robot_msg/include/wheeltec_robot_msg/wheeltec_robot_msg/msg/detail/data__type_support.cpp
[7.275s] -- Installing: /home/ubuntu/my_n10_topic/workspace/install/wheeltec_robot_msg/include/wheeltec_robot_msg/wheeltec_robot_msg/msg/detail/supersonic__rosidl_typesupport_introspection_cpp.hpp
[7.275s] -- Installing: /home/ubuntu/my_n10_topic/workspace/install/wheeltec_robot_msg/include/wheeltec_robot_msg/wheeltec_robot_msg/msg/detail/data__rosidl_typesupport_introspection_cpp.hpp
[7.275s] -- Installing: /home/ubuntu/my_n10_topic/workspace/install/wheeltec_robot_msg/include/wheeltec_robot_msg/wheeltec_robot_msg/msg/detail/supersonic__type_support.cpp
[7.275s] -- Installing: /home/ubuntu/my_n10_topic/workspace/install/wheeltec_robot_msg/lib/libwheeltec_robot_msg__rosidl_typesupport_introspection_cpp.so
[7.276s] -- Set runtime path of "/home/ubuntu/my_n10_topic/workspace/install/wheeltec_robot_msg/lib/libwheeltec_robot_msg__rosidl_typesupport_introspection_cpp.so" to ""
[7.276s] -- Installing: /home/ubuntu/my_n10_topic/workspace/install/wheeltec_robot_msg/lib/libwheeltec_robot_msg__rosidl_typesupport_cpp.so
[7.276s] -- Set runtime path of "/home/ubuntu/my_n10_topic/workspace/install/wheeltec_robot_msg/lib/libwheeltec_robot_msg__rosidl_typesupport_cpp.so" to ""
[7.276s] -- Installing: /home/ubuntu/my_n10_topic/workspace/install/wheeltec_robot_msg/share/wheeltec_robot_msg/environment/pythonpath.sh
[7.276s] -- Installing: /home/ubuntu/my_n10_topic/workspace/install/wheeltec_robot_msg/share/wheeltec_robot_msg/environment/pythonpath.dsv
[7.277s] -- Installing: /home/ubuntu/my_n10_topic/workspace/install/wheeltec_robot_msg/local/lib/python3.10/dist-packages/wheeltec_robot_msg-0.0.0-py3.10.egg-info
[7.277s] -- Installing: /home/ubuntu/my_n10_topic/workspace/install/wheeltec_robot_msg/local/lib/python3.10/dist-packages/wheeltec_robot_msg-0.0.0-py3.10.egg-info/dependency_links.txt
[7.277s] -- Installing: /home/ubuntu/my_n10_topic/workspace/install/wheeltec_robot_msg/local/lib/python3.10/dist-packages/wheeltec_robot_msg-0.0.0-py3.10.egg-info/PKG-INFO
[7.277s] -- Installing: /home/ubuntu/my_n10_topic/workspace/install/wheeltec_robot_msg/local/lib/python3.10/dist-packages/wheeltec_robot_msg-0.0.0-py3.10.egg-info/SOURCES.txt
[7.277s] -- Installing: /home/ubuntu/my_n10_topic/workspace/install/wheeltec_robot_msg/local/lib/python3.10/dist-packages/wheeltec_robot_msg-0.0.0-py3.10.egg-info/top_level.txt
[7.277s] -- Installing: /home/ubuntu/my_n10_topic/workspace/install/wheeltec_robot_msg/local/lib/python3.10/dist-packages/wheeltec_robot_msg
[7.277s] -- Installing: /home/ubuntu/my_n10_topic/workspace/install/wheeltec_robot_msg/local/lib/python3.10/dist-packages/wheeltec_robot_msg/__init__.py
[7.278s] -- Installing: /home/ubuntu/my_n10_topic/workspace/install/wheeltec_robot_msg/local/lib/python3.10/dist-packages/wheeltec_robot_msg/wheeltec_robot_msg_s__rosidl_typesupport_introspection_c.cpython-310-x86_64-linux-gnu.so
[7.278s] -- Installing: /home/ubuntu/my_n10_topic/workspace/install/wheeltec_robot_msg/local/lib/python3.10/dist-packages/wheeltec_robot_msg/_wheeltec_robot_msg_s.ep.rosidl_typesupport_c.c
[7.278s] -- Installing: /home/ubuntu/my_n10_topic/workspace/install/wheeltec_robot_msg/local/lib/python3.10/dist-packages/wheeltec_robot_msg/libwheeltec_robot_msg__rosidl_generator_py.so
[7.278s] -- Installing: /home/ubuntu/my_n10_topic/workspace/install/wheeltec_robot_msg/local/lib/python3.10/dist-packages/wheeltec_robot_msg/msg
[7.279s] -- Installing: /home/ubuntu/my_n10_topic/workspace/install/wheeltec_robot_msg/local/lib/python3.10/dist-packages/wheeltec_robot_msg/msg/__init__.py
[7.279s] -- Installing: /home/ubuntu/my_n10_topic/workspace/install/wheeltec_robot_msg/local/lib/python3.10/dist-packages/wheeltec_robot_msg/msg/_supersonic.py
[7.279s] -- Installing: /home/ubuntu/my_n10_topic/workspace/install/wheeltec_robot_msg/local/lib/python3.10/dist-packages/wheeltec_robot_msg/msg/_supersonic_s.c
[7.279s] -- Installing: /home/ubuntu/my_n10_topic/workspace/install/wheeltec_robot_msg/local/lib/python3.10/dist-packages/wheeltec_robot_msg/msg/_data.py
[7.280s] -- Installing: /home/ubuntu/my_n10_topic/workspace/install/wheeltec_robot_msg/local/lib/python3.10/dist-packages/wheeltec_robot_msg/msg/_data_s.c
[7.280s] -- Installing: /home/ubuntu/my_n10_topic/workspace/install/wheeltec_robot_msg/local/lib/python3.10/dist-packages/wheeltec_robot_msg/wheeltec_robot_msg_s__rosidl_typesupport_fastrtps_c.cpython-310-x86_64-linux-gnu.so
[7.280s] -- Installing: /home/ubuntu/my_n10_topic/workspace/install/wheeltec_robot_msg/local/lib/python3.10/dist-packages/wheeltec_robot_msg/_wheeltec_robot_msg_s.ep.rosidl_typesupport_introspection_c.c
[7.280s] -- Installing: /home/ubuntu/my_n10_topic/workspace/install/wheeltec_robot_msg/local/lib/python3.10/dist-packages/wheeltec_robot_msg/wheeltec_robot_msg_s__rosidl_typesupport_c.cpython-310-x86_64-linux-gnu.so
[7.280s] -- Installing: /home/ubuntu/my_n10_topic/workspace/install/wheeltec_robot_msg/local/lib/python3.10/dist-packages/wheeltec_robot_msg/_wheeltec_robot_msg_s.ep.rosidl_typesupport_fastrtps_c.c
[7.329s] Listing '/home/ubuntu/my_n10_topic/workspace/install/wheeltec_robot_msg/local/lib/python3.10/dist-packages/wheeltec_robot_msg'...
[7.329s] Compiling '/home/ubuntu/my_n10_topic/workspace/install/wheeltec_robot_msg/local/lib/python3.10/dist-packages/wheeltec_robot_msg/__init__.py'...
[7.329s] Listing '/home/ubuntu/my_n10_topic/workspace/install/wheeltec_robot_msg/local/lib/python3.10/dist-packages/wheeltec_robot_msg/msg'...
[7.329s] Compiling '/home/ubuntu/my_n10_topic/workspace/install/wheeltec_robot_msg/local/lib/python3.10/dist-packages/wheeltec_robot_msg/msg/__init__.py'...
[7.329s] Compiling '/home/ubuntu/my_n10_topic/workspace/install/wheeltec_robot_msg/local/lib/python3.10/dist-packages/wheeltec_robot_msg/msg/_data.py'...
[7.329s] Compiling '/home/ubuntu/my_n10_topic/workspace/install/wheeltec_robot_msg/local/lib/python3.10/dist-packages/wheeltec_robot_msg/msg/_supersonic.py'...
[7.335s] -- Installing: /home/ubuntu/my_n10_topic/workspace/install/wheeltec_robot_msg/local/lib/python3.10/dist-packages/wheeltec_robot_msg/wheeltec_robot_msg_s__rosidl_typesupport_fastrtps_c.cpython-310-x86_64-linux-gnu.so
[7.336s] -- Set runtime path of "/home/ubuntu/my_n10_topic/workspace/install/wheeltec_robot_msg/local/lib/python3.10/dist-packages/wheeltec_robot_msg/wheeltec_robot_msg_s__rosidl_typesupport_fastrtps_c.cpython-310-x86_64-linux-gnu.so" to ""
[7.336s] -- Installing: /home/ubuntu/my_n10_topic/workspace/install/wheeltec_robot_msg/local/lib/python3.10/dist-packages/wheeltec_robot_msg/wheeltec_robot_msg_s__rosidl_typesupport_introspection_c.cpython-310-x86_64-linux-gnu.so
[7.337s] -- Set runtime path of "/home/ubuntu/my_n10_topic/workspace/install/wheeltec_robot_msg/local/lib/python3.10/dist-packages/wheeltec_robot_msg/wheeltec_robot_msg_s__rosidl_typesupport_introspection_c.cpython-310-x86_64-linux-gnu.so" to ""
[7.337s] -- Installing: /home/ubuntu/my_n10_topic/workspace/install/wheeltec_robot_msg/local/lib/python3.10/dist-packages/wheeltec_robot_msg/wheeltec_robot_msg_s__rosidl_typesupport_c.cpython-310-x86_64-linux-gnu.so
[7.338s] -- Set runtime path of "/home/ubuntu/my_n10_topic/workspace/install/wheeltec_robot_msg/local/lib/python3.10/dist-packages/wheeltec_robot_msg/wheeltec_robot_msg_s__rosidl_typesupport_c.cpython-310-x86_64-linux-gnu.so" to ""
[7.338s] -- Installing: /home/ubuntu/my_n10_topic/workspace/install/wheeltec_robot_msg/lib/libwheeltec_robot_msg__rosidl_generator_py.so
[7.338s] -- Set runtime path of "/home/ubuntu/my_n10_topic/workspace/install/wheeltec_robot_msg/lib/libwheeltec_robot_msg__rosidl_generator_py.so" to ""
[7.338s] -- Installing: /home/ubuntu/my_n10_topic/workspace/install/wheeltec_robot_msg/share/wheeltec_robot_msg/msg/Data.idl
[7.339s] -- Installing: /home/ubuntu/my_n10_topic/workspace/install/wheeltec_robot_msg/share/wheeltec_robot_msg/msg/Supersonic.idl
[7.339s] -- Installing: /home/ubuntu/my_n10_topic/workspace/install/wheeltec_robot_msg/share/wheeltec_robot_msg/msg/Data.msg
[7.339s] -- Installing: /home/ubuntu/my_n10_topic/workspace/install/wheeltec_robot_msg/share/wheeltec_robot_msg/msg/Supersonic.msg
[7.339s] -- Installing: /home/ubuntu/my_n10_topic/workspace/install/wheeltec_robot_msg/share/ament_index/resource_index/package_run_dependencies/wheeltec_robot_msg
[7.340s] -- Installing: /home/ubuntu/my_n10_topic/workspace/install/wheeltec_robot_msg/share/ament_index/resource_index/parent_prefix_path/wheeltec_robot_msg
[7.340s] -- Installing: /home/ubuntu/my_n10_topic/workspace/install/wheeltec_robot_msg/share/wheeltec_robot_msg/environment/ament_prefix_path.sh
[7.340s] -- Installing: /home/ubuntu/my_n10_topic/workspace/install/wheeltec_robot_msg/share/wheeltec_robot_msg/environment/ament_prefix_path.dsv
[7.340s] -- Installing: /home/ubuntu/my_n10_topic/workspace/install/wheeltec_robot_msg/share/wheeltec_robot_msg/environment/path.sh
[7.341s] -- Installing: /home/ubuntu/my_n10_topic/workspace/install/wheeltec_robot_msg/share/wheeltec_robot_msg/environment/path.dsv
[7.341s] -- Installing: /home/ubuntu/my_n10_topic/workspace/install/wheeltec_robot_msg/share/wheeltec_robot_msg/local_setup.bash
[7.341s] -- Installing: /home/ubuntu/my_n10_topic/workspace/install/wheeltec_robot_msg/share/wheeltec_robot_msg/local_setup.sh
[7.341s] -- Installing: /home/ubuntu/my_n10_topic/workspace/install/wheeltec_robot_msg/share/wheeltec_robot_msg/local_setup.zsh
[7.341s] -- Installing: /home/ubuntu/my_n10_topic/workspace/install/wheeltec_robot_msg/share/wheeltec_robot_msg/local_setup.dsv
[7.341s] -- Installing: /home/ubuntu/my_n10_topic/workspace/install/wheeltec_robot_msg/share/wheeltec_robot_msg/package.dsv
[7.342s] -- Installing: /home/ubuntu/my_n10_topic/workspace/install/wheeltec_robot_msg/share/ament_index/resource_index/packages/wheeltec_robot_msg
[7.342s] -- Installing: /home/ubuntu/my_n10_topic/workspace/install/wheeltec_robot_msg/share/wheeltec_robot_msg/cmake/export_wheeltec_robot_msg__rosidl_generator_cExport.cmake
[7.342s] -- Installing: /home/ubuntu/my_n10_topic/workspace/install/wheeltec_robot_msg/share/wheeltec_robot_msg/cmake/export_wheeltec_robot_msg__rosidl_generator_cExport-noconfig.cmake
[7.342s] -- Installing: /home/ubuntu/my_n10_topic/workspace/install/wheeltec_robot_msg/share/wheeltec_robot_msg/cmake/export_wheeltec_robot_msg__rosidl_typesupport_fastrtps_cExport.cmake
[7.343s] -- Installing: /home/ubuntu/my_n10_topic/workspace/install/wheeltec_robot_msg/share/wheeltec_robot_msg/cmake/export_wheeltec_robot_msg__rosidl_typesupport_fastrtps_cExport-noconfig.cmake
[7.343s] -- Installing: /home/ubuntu/my_n10_topic/workspace/install/wheeltec_robot_msg/share/wheeltec_robot_msg/cmake/wheeltec_robot_msg__rosidl_typesupport_introspection_cExport.cmake
[7.343s] -- Installing: /home/ubuntu/my_n10_topic/workspace/install/wheeltec_robot_msg/share/wheeltec_robot_msg/cmake/wheeltec_robot_msg__rosidl_typesupport_introspection_cExport-noconfig.cmake
[7.343s] -- Installing: /home/ubuntu/my_n10_topic/workspace/install/wheeltec_robot_msg/share/wheeltec_robot_msg/cmake/wheeltec_robot_msg__rosidl_typesupport_cExport.cmake
[7.344s] -- Installing: /home/ubuntu/my_n10_topic/workspace/install/wheeltec_robot_msg/share/wheeltec_robot_msg/cmake/wheeltec_robot_msg__rosidl_typesupport_cExport-noconfig.cmake
[7.344s] -- Installing: /home/ubuntu/my_n10_topic/workspace/install/wheeltec_robot_msg/share/wheeltec_robot_msg/cmake/export_wheeltec_robot_msg__rosidl_generator_cppExport.cmake
[7.344s] -- Installing: /home/ubuntu/my_n10_topic/workspace/install/wheeltec_robot_msg/share/wheeltec_robot_msg/cmake/export_wheeltec_robot_msg__rosidl_typesupport_fastrtps_cppExport.cmake
[7.345s] -- Installing: /home/ubuntu/my_n10_topic/workspace/install/wheeltec_robot_msg/share/wheeltec_robot_msg/cmake/export_wheeltec_robot_msg__rosidl_typesupport_fastrtps_cppExport-noconfig.cmake
[7.345s] -- Installing: /home/ubuntu/my_n10_topic/workspace/install/wheeltec_robot_msg/share/wheeltec_robot_msg/cmake/wheeltec_robot_msg__rosidl_typesupport_introspection_cppExport.cmake
[7.345s] -- Installing: /home/ubuntu/my_n10_topic/workspace/install/wheeltec_robot_msg/share/wheeltec_robot_msg/cmake/wheeltec_robot_msg__rosidl_typesupport_introspection_cppExport-noconfig.cmake
[7.345s] -- Installing: /home/ubuntu/my_n10_topic/workspace/install/wheeltec_robot_msg/share/wheeltec_robot_msg/cmake/wheeltec_robot_msg__rosidl_typesupport_cppExport.cmake
[7.345s] -- Installing: /home/ubuntu/my_n10_topic/workspace/install/wheeltec_robot_msg/share/wheeltec_robot_msg/cmake/wheeltec_robot_msg__rosidl_typesupport_cppExport-noconfig.cmake
[7.345s] -- Installing: /home/ubuntu/my_n10_topic/workspace/install/wheeltec_robot_msg/share/wheeltec_robot_msg/cmake/export_wheeltec_robot_msg__rosidl_generator_pyExport.cmake
[7.346s] -- Installing: /home/ubuntu/my_n10_topic/workspace/install/wheeltec_robot_msg/share/wheeltec_robot_msg/cmake/export_wheeltec_robot_msg__rosidl_generator_pyExport-noconfig.cmake
[7.346s] -- Installing: /home/ubuntu/my_n10_topic/workspace/install/wheeltec_robot_msg/share/wheeltec_robot_msg/cmake/rosidl_cmake-extras.cmake
[7.346s] -- Installing: /home/ubuntu/my_n10_topic/workspace/install/wheeltec_robot_msg/share/wheeltec_robot_msg/cmake/ament_cmake_export_dependencies-extras.cmake
[7.346s] -- Installing: /home/ubuntu/my_n10_topic/workspace/install/wheeltec_robot_msg/share/wheeltec_robot_msg/cmake/ament_cmake_export_include_directories-extras.cmake
[7.346s] -- Installing: /home/ubuntu/my_n10_topic/workspace/install/wheeltec_robot_msg/share/wheeltec_robot_msg/cmake/ament_cmake_export_libraries-extras.cmake
[7.346s] -- Installing: /home/ubuntu/my_n10_topic/workspace/install/wheeltec_robot_msg/share/wheeltec_robot_msg/cmake/ament_cmake_export_targets-extras.cmake
[7.346s] -- Installing: /home/ubuntu/my_n10_topic/workspace/install/wheeltec_robot_msg/share/wheeltec_robot_msg/cmake/rosidl_cmake_export_typesupport_targets-extras.cmake
[7.346s] -- Installing: /home/ubuntu/my_n10_topic/workspace/install/wheeltec_robot_msg/share/wheeltec_robot_msg/cmake/rosidl_cmake_export_typesupport_libraries-extras.cmake
[7.346s] -- Installing: /home/ubuntu/my_n10_topic/workspace/install/wheeltec_robot_msg/share/wheeltec_robot_msg/cmake/wheeltec_robot_msgConfig.cmake
[7.346s] -- Installing: /home/ubuntu/my_n10_topic/workspace/install/wheeltec_robot_msg/share/wheeltec_robot_msg/cmake/wheeltec_robot_msgConfig-version.cmake
[7.346s] -- Installing: /home/ubuntu/my_n10_topic/workspace/install/wheeltec_robot_msg/share/wheeltec_robot_msg/package.xml
[7.349s] Invoked command in '/home/ubuntu/my_n10_topic/workspace/build/wheeltec_robot_msg' returned '0': CMAKE_PREFIX_PATH=${CMAKE_PREFIX_PATH}:/opt/ros/humble /usr/bin/cmake --install /home/ubuntu/my_n10_topic/workspace/build/wheeltec_robot_msg
