[0.020s] Invoking command in '/home/ubuntu/my_n10_topic/workspace/build/serial': /usr/bin/cmake /home/ubuntu/my_n10_topic/workspace/src/serial -DCATKIN_INSTALL_INTO_PREFIX_ROOT=0 -DCMAKE_INSTALL_PREFIX=/home/ubuntu/my_n10_topic/workspace/install/serial
[0.035s] [0mCMake Deprecation Warning at CMakeLists.txt:1 (cmake_minimum_required):
[0.036s]   Compatibility with CMake < 2.8.12 will be removed from a future version of
[0.036s]   CMake.
[0.036s] 
[0.036s]   Update the VERSION argument <min> value or use a ...<max> suffix to tell
[0.036s]   CMake that the project does not need compatibility with older versions.
[0.036s] 
[0.036s] [0m
[0.264s] -- The C compiler identification is GNU 11.4.0
[0.437s] -- The CXX compiler identification is GNU 11.4.0
[0.449s] -- Detecting C compiler ABI info
[0.620s] -- Detecting C compiler ABI info - done
[0.626s] -- Check for working C compiler: /usr/bin/cc - skipped
[0.627s] -- Detecting C compile features
[0.628s] -- Detecting C compile features - done
[0.634s] -- Detecting CXX compiler ABI info
[0.777s] -- Detecting CXX compiler ABI info - done
[0.787s] -- Check for working CXX compiler: /usr/bin/c++ - skipped
[0.788s] -- Detecting CXX compile features
[0.788s] -- Detecting CXX compile features - done
[0.806s] [31mCMake Error at CMakeLists.txt:5 (find_package):
[0.806s]   By not providing "Findcatkin.cmake" in CMAKE_MODULE_PATH this project has
[0.806s]   asked CMake to find a package configuration file provided by "catkin", but
[0.806s]   CMake did not find one.
[0.806s] 
[0.806s]   Could not find a package configuration file provided by "catkin" with any
[0.806s]   of the following names:
[0.806s] 
[0.806s]     catkinConfig.cmake
[0.806s]     catkin-config.cmake
[0.806s] 
[0.807s]   Add the installation prefix of "catkin" to CMAKE_PREFIX_PATH or set
[0.807s]   "catkin_DIR" to a directory containing one of the above files.  If "catkin"
[0.807s]   provides a separate development package or SDK, be sure it has been
[0.807s]   installed.
[0.807s] 
[0.807s] [0m
[0.807s] -- Configuring incomplete, errors occurred!
[0.807s] See also "/home/ubuntu/my_n10_topic/workspace/build/serial/CMakeFiles/CMakeOutput.log".
[0.814s] Invoked command in '/home/ubuntu/my_n10_topic/workspace/build/serial' returned '1': /usr/bin/cmake /home/ubuntu/my_n10_topic/workspace/src/serial -DCATKIN_INSTALL_INTO_PREFIX_ROOT=0 -DCMAKE_INSTALL_PREFIX=/home/ubuntu/my_n10_topic/workspace/install/serial
