[0.013s] Invoking command in '/home/ubuntu/my_n10_topic/workspace/build/lslidar_driver': CMAKE_PREFIX_PATH=/home/ubuntu/my_n10_topic/workspace/install/lslidar_msgs:/home/ubuntu/my_n10_topic/workspace/install/lslidar_driver:/home/ubuntu/lidar_ros2/lidar_ws/install/serial:/home/ubuntu/lidar_ros2/lidar_ws/install/serial:/opt/ros/humble /usr/bin/cmake --build /home/ubuntu/my_n10_topic/workspace/build/lslidar_driver -- -j12 -l12
[0.101s] [100%] Built target lslidar_driver_node
[0.113s] Invoked command in '/home/ubuntu/my_n10_topic/workspace/build/lslidar_driver' returned '0': CMAKE_PREFIX_PATH=/home/ubuntu/my_n10_topic/workspace/install/lslidar_msgs:/home/ubuntu/my_n10_topic/workspace/install/lslidar_driver:/home/ubuntu/lidar_ros2/lidar_ws/install/serial:/home/ubuntu/lidar_ros2/lidar_ws/install/serial:/opt/ros/humble /usr/bin/cmake --build /home/ubuntu/my_n10_topic/workspace/build/lslidar_driver -- -j12 -l12
[0.115s] Invoking command in '/home/ubuntu/my_n10_topic/workspace/build/lslidar_driver': CMAKE_PREFIX_PATH=/home/ubuntu/my_n10_topic/workspace/install/lslidar_msgs:/home/ubuntu/my_n10_topic/workspace/install/lslidar_driver:/home/ubuntu/lidar_ros2/lidar_ws/install/serial:/home/ubuntu/lidar_ros2/lidar_ws/install/serial:/opt/ros/humble /usr/bin/cmake --install /home/ubuntu/my_n10_topic/workspace/build/lslidar_driver
[0.123s] -- Install configuration: ""
[0.123s] -- Up-to-date: /home/ubuntu/my_n10_topic/workspace/install/lslidar_driver/share/lslidar_driver/launch
[0.123s] -- Up-to-date: /home/ubuntu/my_n10_topic/workspace/install/lslidar_driver/share/lslidar_driver/launch/lsn10_launch.py
[0.123s] -- Up-to-date: /home/ubuntu/my_n10_topic/workspace/install/lslidar_driver/share/lslidar_driver/launch/lsn10_net_launch.py
[0.123s] -- Up-to-date: /home/ubuntu/my_n10_topic/workspace/install/lslidar_driver/share/lslidar_driver/launch/lslidar_double_launch.py
[0.123s] -- Up-to-date: /home/ubuntu/my_n10_topic/workspace/install/lslidar_driver/share/lslidar_driver/launch/lsm10_net_launch.py
[0.124s] -- Up-to-date: /home/ubuntu/my_n10_topic/workspace/install/lslidar_driver/share/lslidar_driver/launch/lsn10p_launch.py
[0.124s] -- Up-to-date: /home/ubuntu/my_n10_topic/workspace/install/lslidar_driver/share/lslidar_driver/launch/lsm10p_uart_launch.py
[0.124s] -- Up-to-date: /home/ubuntu/my_n10_topic/workspace/install/lslidar_driver/share/lslidar_driver/launch/lsm10_uart_launch.py
[0.124s] -- Up-to-date: /home/ubuntu/my_n10_topic/workspace/install/lslidar_driver/share/lslidar_driver/launch/lsm10p_net_launch.py
[0.124s] -- Up-to-date: /home/ubuntu/my_n10_topic/workspace/install/lslidar_driver/share/lslidar_driver/launch/lsn10p_net_launch.py
[0.124s] -- Up-to-date: /home/ubuntu/my_n10_topic/workspace/install/lslidar_driver/share/lslidar_driver/launch/viewer_scan_launch.py
[0.124s] -- Up-to-date: /home/ubuntu/my_n10_topic/workspace/install/lslidar_driver/share/lslidar_driver/params
[0.125s] -- Up-to-date: /home/ubuntu/my_n10_topic/workspace/install/lslidar_driver/share/lslidar_driver/params/lidar_uart_ros2
[0.125s] -- Up-to-date: /home/ubuntu/my_n10_topic/workspace/install/lslidar_driver/share/lslidar_driver/params/lidar_uart_ros2/lsm10.yaml
[0.125s] -- Up-to-date: /home/ubuntu/my_n10_topic/workspace/install/lslidar_driver/share/lslidar_driver/params/lidar_uart_ros2/lsn10p.yaml
[0.125s] -- Up-to-date: /home/ubuntu/my_n10_topic/workspace/install/lslidar_driver/share/lslidar_driver/params/lidar_uart_ros2/lsm10_p.yaml
[0.125s] -- Installing: /home/ubuntu/my_n10_topic/workspace/install/lslidar_driver/share/lslidar_driver/params/lidar_uart_ros2/lsn10.yaml
[0.125s] -- Up-to-date: /home/ubuntu/my_n10_topic/workspace/install/lslidar_driver/share/lslidar_driver/params/lidar_net_ros2
[0.125s] -- Up-to-date: /home/ubuntu/my_n10_topic/workspace/install/lslidar_driver/share/lslidar_driver/params/lidar_net_ros2/lsn10_net.yaml
[0.125s] -- Up-to-date: /home/ubuntu/my_n10_topic/workspace/install/lslidar_driver/share/lslidar_driver/params/lidar_net_ros2/lsm10p_net.yaml
[0.125s] -- Up-to-date: /home/ubuntu/my_n10_topic/workspace/install/lslidar_driver/share/lslidar_driver/params/lidar_net_ros2/lsm10_net.yaml
[0.125s] -- Up-to-date: /home/ubuntu/my_n10_topic/workspace/install/lslidar_driver/share/lslidar_driver/params/lidar_net_ros2/lsn10p_net.yaml
[0.125s] -- Up-to-date: /home/ubuntu/my_n10_topic/workspace/install/lslidar_driver/share/lslidar_driver/rviz
[0.125s] -- Up-to-date: /home/ubuntu/my_n10_topic/workspace/install/lslidar_driver/share/lslidar_driver/rviz/lslidar.rviz
[0.125s] -- Up-to-date: /home/ubuntu/my_n10_topic/workspace/install/lslidar_driver/lib/lslidar_driver/lslidar_driver_node
[0.125s] -- Up-to-date: /home/ubuntu/my_n10_topic/workspace/install/lslidar_driver/share/ament_index/resource_index/package_run_dependencies/lslidar_driver
[0.125s] -- Up-to-date: /home/ubuntu/my_n10_topic/workspace/install/lslidar_driver/share/ament_index/resource_index/parent_prefix_path/lslidar_driver
[0.126s] -- Up-to-date: /home/ubuntu/my_n10_topic/workspace/install/lslidar_driver/share/lslidar_driver/environment/ament_prefix_path.sh
[0.126s] -- Up-to-date: /home/ubuntu/my_n10_topic/workspace/install/lslidar_driver/share/lslidar_driver/environment/ament_prefix_path.dsv
[0.126s] -- Up-to-date: /home/ubuntu/my_n10_topic/workspace/install/lslidar_driver/share/lslidar_driver/environment/path.sh
[0.126s] -- Up-to-date: /home/ubuntu/my_n10_topic/workspace/install/lslidar_driver/share/lslidar_driver/environment/path.dsv
[0.126s] -- Up-to-date: /home/ubuntu/my_n10_topic/workspace/install/lslidar_driver/share/lslidar_driver/local_setup.bash
[0.126s] -- Up-to-date: /home/ubuntu/my_n10_topic/workspace/install/lslidar_driver/share/lslidar_driver/local_setup.sh
[0.126s] -- Up-to-date: /home/ubuntu/my_n10_topic/workspace/install/lslidar_driver/share/lslidar_driver/local_setup.zsh
[0.126s] -- Up-to-date: /home/ubuntu/my_n10_topic/workspace/install/lslidar_driver/share/lslidar_driver/local_setup.dsv
[0.126s] -- Installing: /home/ubuntu/my_n10_topic/workspace/install/lslidar_driver/share/lslidar_driver/package.dsv
[0.126s] -- Up-to-date: /home/ubuntu/my_n10_topic/workspace/install/lslidar_driver/share/ament_index/resource_index/packages/lslidar_driver
[0.126s] -- Up-to-date: /home/ubuntu/my_n10_topic/workspace/install/lslidar_driver/share/lslidar_driver/cmake/ament_cmake_export_dependencies-extras.cmake
[0.126s] -- Up-to-date: /home/ubuntu/my_n10_topic/workspace/install/lslidar_driver/share/lslidar_driver/cmake/ament_cmake_export_include_directories-extras.cmake
[0.126s] -- Up-to-date: /home/ubuntu/my_n10_topic/workspace/install/lslidar_driver/share/lslidar_driver/cmake/lslidar_driverConfig.cmake
[0.126s] -- Up-to-date: /home/ubuntu/my_n10_topic/workspace/install/lslidar_driver/share/lslidar_driver/cmake/lslidar_driverConfig-version.cmake
[0.126s] -- Up-to-date: /home/ubuntu/my_n10_topic/workspace/install/lslidar_driver/share/lslidar_driver/package.xml
[0.127s] Invoked command in '/home/ubuntu/my_n10_topic/workspace/build/lslidar_driver' returned '0': CMAKE_PREFIX_PATH=/home/ubuntu/my_n10_topic/workspace/install/lslidar_msgs:/home/ubuntu/my_n10_topic/workspace/install/lslidar_driver:/home/ubuntu/lidar_ros2/lidar_ws/install/serial:/home/ubuntu/lidar_ros2/lidar_ws/install/serial:/opt/ros/humble /usr/bin/cmake --install /home/ubuntu/my_n10_topic/workspace/build/lslidar_driver
