[0.025s] Invoking command in '/home/ubuntu/my_n10_topic/workspace/build/wheeltec_robot_urdf': CMAKE_PREFIX_PATH=${CMAKE_PREFIX_PATH}:/opt/ros/humble /usr/bin/cmake /home/ubuntu/my_n10_topic/workspace/src/wheeltec_robot_urdf/wheeltec_robot_urdf -DCMAKE_INSTALL_PREFIX=/home/ubuntu/my_n10_topic/workspace/install/wheeltec_robot_urdf
[0.209s] -- The C compiler identification is GNU 11.4.0
[0.328s] -- The CXX compiler identification is GNU 11.4.0
[0.343s] -- Detecting C compiler ABI info
[0.473s] -- Detecting C compiler ABI info - done
[0.483s] -- Check for working C compiler: /usr/bin/cc - skipped
[0.483s] -- Detecting C compile features
[0.484s] -- Detecting C compile features - done
[0.488s] -- Detecting CXX compiler ABI info
[0.631s] -- Detecting CXX compiler ABI info - done
[0.637s] -- Check for working CXX compiler: /usr/bin/c++ - skipped
[0.637s] -- Detecting CXX compile features
[0.637s] -- Detecting CXX compile features - done
[0.640s] -- Found ament_cmake: 1.3.11 (/opt/ros/humble/share/ament_cmake/cmake)
[0.855s] -- Found Python3: /usr/bin/python3 (found version "3.10.12") found components: Interpreter 
[1.007s] -- Found urdf: 2.6.1 (/opt/ros/humble/share/urdf/cmake)
[1.170s] -- Configuring done
[1.175s] -- Generating done
[1.178s] -- Build files have been written to: /home/ubuntu/my_n10_topic/workspace/build/wheeltec_robot_urdf
[1.192s] Invoked command in '/home/ubuntu/my_n10_topic/workspace/build/wheeltec_robot_urdf' returned '0': CMAKE_PREFIX_PATH=${CMAKE_PREFIX_PATH}:/opt/ros/humble /usr/bin/cmake /home/ubuntu/my_n10_topic/workspace/src/wheeltec_robot_urdf/wheeltec_robot_urdf -DCMAKE_INSTALL_PREFIX=/home/ubuntu/my_n10_topic/workspace/install/wheeltec_robot_urdf
[1.196s] Invoking command in '/home/ubuntu/my_n10_topic/workspace/build/wheeltec_robot_urdf': CMAKE_PREFIX_PATH=${CMAKE_PREFIX_PATH}:/opt/ros/humble /usr/bin/cmake --build /home/ubuntu/my_n10_topic/workspace/build/wheeltec_robot_urdf -- -j12 -l12
[1.271s] Invoked command in '/home/ubuntu/my_n10_topic/workspace/build/wheeltec_robot_urdf' returned '0': CMAKE_PREFIX_PATH=${CMAKE_PREFIX_PATH}:/opt/ros/humble /usr/bin/cmake --build /home/ubuntu/my_n10_topic/workspace/build/wheeltec_robot_urdf -- -j12 -l12
[1.291s] Invoking command in '/home/ubuntu/my_n10_topic/workspace/build/wheeltec_robot_urdf': CMAKE_PREFIX_PATH=${CMAKE_PREFIX_PATH}:/opt/ros/humble /usr/bin/cmake --install /home/ubuntu/my_n10_topic/workspace/build/wheeltec_robot_urdf
[1.306s] -- Install configuration: ""
[1.307s] -- Installing: /home/ubuntu/my_n10_topic/workspace/install/wheeltec_robot_urdf/share/wheeltec_robot_urdf/meshes
[1.307s] -- Installing: /home/ubuntu/my_n10_topic/workspace/install/wheeltec_robot_urdf/share/wheeltec_robot_urdf/meshes/four_wheel_diff_bs_robot_meshes
[1.307s] -- Installing: /home/ubuntu/my_n10_topic/workspace/install/wheeltec_robot_urdf/share/wheeltec_robot_urdf/meshes/four_wheel_diff_bs_robot_meshes/rf_wheel_link.STL
[1.313s] -- Installing: /home/ubuntu/my_n10_topic/workspace/install/wheeltec_robot_urdf/share/wheeltec_robot_urdf/meshes/four_wheel_diff_bs_robot_meshes/controller_link.STL
[1.332s] -- Installing: /home/ubuntu/my_n10_topic/workspace/install/wheeltec_robot_urdf/share/wheeltec_robot_urdf/meshes/four_wheel_diff_bs_robot_meshes/camera_link.STL
[1.337s] -- Installing: /home/ubuntu/my_n10_topic/workspace/install/wheeltec_robot_urdf/share/wheeltec_robot_urdf/meshes/four_wheel_diff_bs_robot_meshes/rb_wheel_link.STL
[1.347s] -- Installing: /home/ubuntu/my_n10_topic/workspace/install/wheeltec_robot_urdf/share/wheeltec_robot_urdf/meshes/four_wheel_diff_bs_robot_meshes/lb_wheel_link.STL
[1.359s] -- Installing: /home/ubuntu/my_n10_topic/workspace/install/wheeltec_robot_urdf/share/wheeltec_robot_urdf/meshes/four_wheel_diff_bs_robot_meshes/lf_wheel_link.STL
[1.364s] -- Installing: /home/ubuntu/my_n10_topic/workspace/install/wheeltec_robot_urdf/share/wheeltec_robot_urdf/meshes/four_wheel_diff_bs_robot_meshes/laser.STL
[1.368s] -- Installing: /home/ubuntu/my_n10_topic/workspace/install/wheeltec_robot_urdf/share/wheeltec_robot_urdf/meshes/four_wheel_diff_bs_robot_meshes/base_link.STL
[1.408s] -- Installing: /home/ubuntu/my_n10_topic/workspace/install/wheeltec_robot_urdf/share/wheeltec_robot_urdf/meshes/flagship_mec_dl_robot_meshes
[1.408s] -- Installing: /home/ubuntu/my_n10_topic/workspace/install/wheeltec_robot_urdf/share/wheeltec_robot_urdf/meshes/flagship_mec_dl_robot_meshes/rf_wheel_link.STL
[1.416s] -- Installing: /home/ubuntu/my_n10_topic/workspace/install/wheeltec_robot_urdf/share/wheeltec_robot_urdf/meshes/flagship_mec_dl_robot_meshes/controller_link.STL
[1.435s] -- Installing: /home/ubuntu/my_n10_topic/workspace/install/wheeltec_robot_urdf/share/wheeltec_robot_urdf/meshes/flagship_mec_dl_robot_meshes/camera_link.STL
[1.440s] -- Installing: /home/ubuntu/my_n10_topic/workspace/install/wheeltec_robot_urdf/share/wheeltec_robot_urdf/meshes/flagship_mec_dl_robot_meshes/rb_wheel_link.STL
[1.445s] -- Installing: /home/ubuntu/my_n10_topic/workspace/install/wheeltec_robot_urdf/share/wheeltec_robot_urdf/meshes/flagship_mec_dl_robot_meshes/lb_wheel_link.STL
[1.452s] -- Installing: /home/ubuntu/my_n10_topic/workspace/install/wheeltec_robot_urdf/share/wheeltec_robot_urdf/meshes/flagship_mec_dl_robot_meshes/lf_wheel_link.STL
[1.460s] -- Installing: /home/ubuntu/my_n10_topic/workspace/install/wheeltec_robot_urdf/share/wheeltec_robot_urdf/meshes/flagship_mec_dl_robot_meshes/laser.STL
[1.463s] -- Installing: /home/ubuntu/my_n10_topic/workspace/install/wheeltec_robot_urdf/share/wheeltec_robot_urdf/meshes/flagship_mec_dl_robot_meshes/base_link.STL
[1.519s] -- Installing: /home/ubuntu/my_n10_topic/workspace/install/wheeltec_robot_urdf/share/wheeltec_robot_urdf/meshes/senior_4wd_dl_robot_meshes
[1.520s] -- Installing: /home/ubuntu/my_n10_topic/workspace/install/wheeltec_robot_urdf/share/wheeltec_robot_urdf/meshes/senior_4wd_dl_robot_meshes/rf_wheel_link.STL
[1.521s] -- Installing: /home/ubuntu/my_n10_topic/workspace/install/wheeltec_robot_urdf/share/wheeltec_robot_urdf/meshes/senior_4wd_dl_robot_meshes/controller_link.STL
[1.537s] -- Installing: /home/ubuntu/my_n10_topic/workspace/install/wheeltec_robot_urdf/share/wheeltec_robot_urdf/meshes/senior_4wd_dl_robot_meshes/camera_link.STL
[1.541s] -- Installing: /home/ubuntu/my_n10_topic/workspace/install/wheeltec_robot_urdf/share/wheeltec_robot_urdf/meshes/senior_4wd_dl_robot_meshes/rb_wheel_link.STL
[1.543s] -- Installing: /home/ubuntu/my_n10_topic/workspace/install/wheeltec_robot_urdf/share/wheeltec_robot_urdf/meshes/senior_4wd_dl_robot_meshes/lb_wheel_link.STL
[1.545s] -- Installing: /home/ubuntu/my_n10_topic/workspace/install/wheeltec_robot_urdf/share/wheeltec_robot_urdf/meshes/senior_4wd_dl_robot_meshes/lf_wheel_link.STL
[1.546s] -- Installing: /home/ubuntu/my_n10_topic/workspace/install/wheeltec_robot_urdf/share/wheeltec_robot_urdf/meshes/senior_4wd_dl_robot_meshes/laser.STL
[1.548s] -- Installing: /home/ubuntu/my_n10_topic/workspace/install/wheeltec_robot_urdf/share/wheeltec_robot_urdf/meshes/senior_4wd_dl_robot_meshes/base_link.STL
[1.616s] -- Installing: /home/ubuntu/my_n10_topic/workspace/install/wheeltec_robot_urdf/share/wheeltec_robot_urdf/meshes/senior_omni_robot_meshes
[1.616s] -- Installing: /home/ubuntu/my_n10_topic/workspace/install/wheeltec_robot_urdf/share/wheeltec_robot_urdf/meshes/senior_omni_robot_meshes/quanxiang_wheel1_link.STL
[1.623s] -- Installing: /home/ubuntu/my_n10_topic/workspace/install/wheeltec_robot_urdf/share/wheeltec_robot_urdf/meshes/senior_omni_robot_meshes/controller_link.STL
[1.633s] -- Installing: /home/ubuntu/my_n10_topic/workspace/install/wheeltec_robot_urdf/share/wheeltec_robot_urdf/meshes/senior_omni_robot_meshes/camera_link.STL
[1.636s] -- Installing: /home/ubuntu/my_n10_topic/workspace/install/wheeltec_robot_urdf/share/wheeltec_robot_urdf/meshes/senior_omni_robot_meshes/quanxiang_wheel3_link.STL
[1.647s] -- Installing: /home/ubuntu/my_n10_topic/workspace/install/wheeltec_robot_urdf/share/wheeltec_robot_urdf/meshes/senior_omni_robot_meshes/laser.STL
[1.649s] -- Installing: /home/ubuntu/my_n10_topic/workspace/install/wheeltec_robot_urdf/share/wheeltec_robot_urdf/meshes/senior_omni_robot_meshes/quanxiang_wheel2_link.STL
[1.665s] -- Installing: /home/ubuntu/my_n10_topic/workspace/install/wheeltec_robot_urdf/share/wheeltec_robot_urdf/meshes/senior_omni_robot_meshes/base_link.STL
[1.705s] -- Installing: /home/ubuntu/my_n10_topic/workspace/install/wheeltec_robot_urdf/share/wheeltec_robot_urdf/meshes/top_akm_dl_meshes
[1.705s] -- Installing: /home/ubuntu/my_n10_topic/workspace/install/wheeltec_robot_urdf/share/wheeltec_robot_urdf/meshes/top_akm_dl_meshes/rf_wheel_link.STL
[1.710s] -- Installing: /home/ubuntu/my_n10_topic/workspace/install/wheeltec_robot_urdf/share/wheeltec_robot_urdf/meshes/top_akm_dl_meshes/right1_link.STL
[1.716s] -- Installing: /home/ubuntu/my_n10_topic/workspace/install/wheeltec_robot_urdf/share/wheeltec_robot_urdf/meshes/top_akm_dl_meshes/controller_link.STL
[1.737s] -- Installing: /home/ubuntu/my_n10_topic/workspace/install/wheeltec_robot_urdf/share/wheeltec_robot_urdf/meshes/top_akm_dl_meshes/camera_link.STL
[1.742s] -- Installing: /home/ubuntu/my_n10_topic/workspace/install/wheeltec_robot_urdf/share/wheeltec_robot_urdf/meshes/top_akm_dl_meshes/rb_wheel_link.STL
[1.746s] -- Installing: /home/ubuntu/my_n10_topic/workspace/install/wheeltec_robot_urdf/share/wheeltec_robot_urdf/meshes/top_akm_dl_meshes/lb_wheel_link.STL
[1.749s] -- Installing: /home/ubuntu/my_n10_topic/workspace/install/wheeltec_robot_urdf/share/wheeltec_robot_urdf/meshes/top_akm_dl_meshes/lf_wheel_link.STL
[1.751s] -- Installing: /home/ubuntu/my_n10_topic/workspace/install/wheeltec_robot_urdf/share/wheeltec_robot_urdf/meshes/top_akm_dl_meshes/left1_link.STL
[1.754s] -- Installing: /home/ubuntu/my_n10_topic/workspace/install/wheeltec_robot_urdf/share/wheeltec_robot_urdf/meshes/top_akm_dl_meshes/laser_link.STL
[1.755s] -- Installing: /home/ubuntu/my_n10_topic/workspace/install/wheeltec_robot_urdf/share/wheeltec_robot_urdf/meshes/top_akm_dl_meshes/base_link.STL
[1.845s] -- Installing: /home/ubuntu/my_n10_topic/workspace/install/wheeltec_robot_urdf/share/wheeltec_robot_urdf/meshes/four_wheel_diff_dl_robot_meshes
[1.846s] -- Installing: /home/ubuntu/my_n10_topic/workspace/install/wheeltec_robot_urdf/share/wheeltec_robot_urdf/meshes/four_wheel_diff_dl_robot_meshes/rf_wheel_link.STL
[1.852s] -- Installing: /home/ubuntu/my_n10_topic/workspace/install/wheeltec_robot_urdf/share/wheeltec_robot_urdf/meshes/four_wheel_diff_dl_robot_meshes/controller_link.STL
[1.872s] -- Installing: /home/ubuntu/my_n10_topic/workspace/install/wheeltec_robot_urdf/share/wheeltec_robot_urdf/meshes/four_wheel_diff_dl_robot_meshes/camera_link.STL
[1.877s] -- Installing: /home/ubuntu/my_n10_topic/workspace/install/wheeltec_robot_urdf/share/wheeltec_robot_urdf/meshes/four_wheel_diff_dl_robot_meshes/rb_wheel_link.STL
[1.891s] -- Installing: /home/ubuntu/my_n10_topic/workspace/install/wheeltec_robot_urdf/share/wheeltec_robot_urdf/meshes/four_wheel_diff_dl_robot_meshes/lb_wheel_link.STL
[1.905s] -- Installing: /home/ubuntu/my_n10_topic/workspace/install/wheeltec_robot_urdf/share/wheeltec_robot_urdf/meshes/four_wheel_diff_dl_robot_meshes/lf_wheel_link.STL
[1.917s] -- Installing: /home/ubuntu/my_n10_topic/workspace/install/wheeltec_robot_urdf/share/wheeltec_robot_urdf/meshes/four_wheel_diff_dl_robot_meshes/laser.STL
[1.918s] -- Installing: /home/ubuntu/my_n10_topic/workspace/install/wheeltec_robot_urdf/share/wheeltec_robot_urdf/meshes/four_wheel_diff_dl_robot_meshes/base_link.STL
[1.967s] -- Installing: /home/ubuntu/my_n10_topic/workspace/install/wheeltec_robot_urdf/share/wheeltec_robot_urdf/meshes/top_mec_EightDrive_robot_meshes
[1.967s] -- Installing: /home/ubuntu/my_n10_topic/workspace/install/wheeltec_robot_urdf/share/wheeltec_robot_urdf/meshes/top_mec_EightDrive_robot_meshes/right_wheel3_link.STL
[1.973s] -- Installing: /home/ubuntu/my_n10_topic/workspace/install/wheeltec_robot_urdf/share/wheeltec_robot_urdf/meshes/top_mec_EightDrive_robot_meshes/right_wheel4_link.STL
[1.979s] -- Installing: /home/ubuntu/my_n10_topic/workspace/install/wheeltec_robot_urdf/share/wheeltec_robot_urdf/meshes/top_mec_EightDrive_robot_meshes/right_wheel1_link.STL
[1.985s] -- Installing: /home/ubuntu/my_n10_topic/workspace/install/wheeltec_robot_urdf/share/wheeltec_robot_urdf/meshes/top_mec_EightDrive_robot_meshes/controller_link.STL
[2.039s] -- Installing: /home/ubuntu/my_n10_topic/workspace/install/wheeltec_robot_urdf/share/wheeltec_robot_urdf/meshes/top_mec_EightDrive_robot_meshes/camera_link.STL
[2.046s] -- Installing: /home/ubuntu/my_n10_topic/workspace/install/wheeltec_robot_urdf/share/wheeltec_robot_urdf/meshes/top_mec_EightDrive_robot_meshes/left_wheel3_link.STL
[2.052s] -- Installing: /home/ubuntu/my_n10_topic/workspace/install/wheeltec_robot_urdf/share/wheeltec_robot_urdf/meshes/top_mec_EightDrive_robot_meshes/left_wheel1_link.STL
[2.058s] -- Installing: /home/ubuntu/my_n10_topic/workspace/install/wheeltec_robot_urdf/share/wheeltec_robot_urdf/meshes/top_mec_EightDrive_robot_meshes/laser.STL
[2.062s] -- Installing: /home/ubuntu/my_n10_topic/workspace/install/wheeltec_robot_urdf/share/wheeltec_robot_urdf/meshes/top_mec_EightDrive_robot_meshes/left_wheel2_link.STL
[2.071s] -- Installing: /home/ubuntu/my_n10_topic/workspace/install/wheeltec_robot_urdf/share/wheeltec_robot_urdf/meshes/top_mec_EightDrive_robot_meshes/right_wheel2_link.STL
[2.079s] -- Installing: /home/ubuntu/my_n10_topic/workspace/install/wheeltec_robot_urdf/share/wheeltec_robot_urdf/meshes/top_mec_EightDrive_robot_meshes/base_link.STL
[2.124s] -- Installing: /home/ubuntu/my_n10_topic/workspace/install/wheeltec_robot_urdf/share/wheeltec_robot_urdf/meshes/top_mec_EightDrive_robot_meshes/left_wheel4_link.STL
[2.135s] -- Installing: /home/ubuntu/my_n10_topic/workspace/install/wheeltec_robot_urdf/share/wheeltec_robot_urdf/meshes/flagship_4wd_dl_robot_meshes
[2.135s] -- Installing: /home/ubuntu/my_n10_topic/workspace/install/wheeltec_robot_urdf/share/wheeltec_robot_urdf/meshes/flagship_4wd_dl_robot_meshes/rf_wheel_link.STL
[2.140s] -- Installing: /home/ubuntu/my_n10_topic/workspace/install/wheeltec_robot_urdf/share/wheeltec_robot_urdf/meshes/flagship_4wd_dl_robot_meshes/controller_link.STL
[2.161s] -- Installing: /home/ubuntu/my_n10_topic/workspace/install/wheeltec_robot_urdf/share/wheeltec_robot_urdf/meshes/flagship_4wd_dl_robot_meshes/camera_link.STL
[2.166s] -- Installing: /home/ubuntu/my_n10_topic/workspace/install/wheeltec_robot_urdf/share/wheeltec_robot_urdf/meshes/flagship_4wd_dl_robot_meshes/rb_wheel_link.STL
[2.171s] -- Installing: /home/ubuntu/my_n10_topic/workspace/install/wheeltec_robot_urdf/share/wheeltec_robot_urdf/meshes/flagship_4wd_dl_robot_meshes/lb_wheel_link.STL
[2.177s] -- Installing: /home/ubuntu/my_n10_topic/workspace/install/wheeltec_robot_urdf/share/wheeltec_robot_urdf/meshes/flagship_4wd_dl_robot_meshes/lf_wheel_link.STL
[2.185s] -- Installing: /home/ubuntu/my_n10_topic/workspace/install/wheeltec_robot_urdf/share/wheeltec_robot_urdf/meshes/flagship_4wd_dl_robot_meshes/laser.STL
[2.190s] -- Installing: /home/ubuntu/my_n10_topic/workspace/install/wheeltec_robot_urdf/share/wheeltec_robot_urdf/meshes/flagship_4wd_dl_robot_meshes/base_link.STL
[2.244s] -- Installing: /home/ubuntu/my_n10_topic/workspace/install/wheeltec_robot_urdf/share/wheeltec_robot_urdf/meshes/mini_mec_robot_meshes
[2.244s] -- Installing: /home/ubuntu/my_n10_topic/workspace/install/wheeltec_robot_urdf/share/wheeltec_robot_urdf/meshes/mini_mec_robot_meshes/rf_wheel_link.STL
[2.248s] -- Installing: /home/ubuntu/my_n10_topic/workspace/install/wheeltec_robot_urdf/share/wheeltec_robot_urdf/meshes/mini_mec_robot_meshes/controller_link.STL
[2.251s] -- Installing: /home/ubuntu/my_n10_topic/workspace/install/wheeltec_robot_urdf/share/wheeltec_robot_urdf/meshes/mini_mec_robot_meshes/camera_link.STL
[2.255s] -- Installing: /home/ubuntu/my_n10_topic/workspace/install/wheeltec_robot_urdf/share/wheeltec_robot_urdf/meshes/mini_mec_robot_meshes/rb_wheel_link.STL
[2.262s] -- Installing: /home/ubuntu/my_n10_topic/workspace/install/wheeltec_robot_urdf/share/wheeltec_robot_urdf/meshes/mini_mec_robot_meshes/lb_wheel_link.STL
[2.264s] -- Installing: /home/ubuntu/my_n10_topic/workspace/install/wheeltec_robot_urdf/share/wheeltec_robot_urdf/meshes/mini_mec_robot_meshes/lf_wheel_link.STL
[2.268s] -- Installing: /home/ubuntu/my_n10_topic/workspace/install/wheeltec_robot_urdf/share/wheeltec_robot_urdf/meshes/mini_mec_robot_meshes/laser.STL
[2.269s] -- Installing: /home/ubuntu/my_n10_topic/workspace/install/wheeltec_robot_urdf/share/wheeltec_robot_urdf/meshes/mini_mec_robot_meshes/base_link.STL
[2.292s] -- Installing: /home/ubuntu/my_n10_topic/workspace/install/wheeltec_robot_urdf/share/wheeltec_robot_urdf/meshes/S100_diff_robot_meshes
[2.295s] -- Installing: /home/ubuntu/my_n10_topic/workspace/install/wheeltec_robot_urdf/share/wheeltec_robot_urdf/meshes/S100_diff_robot_meshes/rf_wheel_link.STL
[2.295s] -- Installing: /home/ubuntu/my_n10_topic/workspace/install/wheeltec_robot_urdf/share/wheeltec_robot_urdf/meshes/S100_diff_robot_meshes/camera_link.STL
[2.299s] -- Installing: /home/ubuntu/my_n10_topic/workspace/install/wheeltec_robot_urdf/share/wheeltec_robot_urdf/meshes/S100_diff_robot_meshes/recharge_link.STL
[2.304s] -- Installing: /home/ubuntu/my_n10_topic/workspace/install/wheeltec_robot_urdf/share/wheeltec_robot_urdf/meshes/S100_diff_robot_meshes/lf_wheel_link.STL
[2.305s] -- Installing: /home/ubuntu/my_n10_topic/workspace/install/wheeltec_robot_urdf/share/wheeltec_robot_urdf/meshes/S100_diff_robot_meshes/laser.STL
[2.308s] -- Installing: /home/ubuntu/my_n10_topic/workspace/install/wheeltec_robot_urdf/share/wheeltec_robot_urdf/meshes/S100_diff_robot_meshes/base_link.STL
[2.350s] -- Installing: /home/ubuntu/my_n10_topic/workspace/install/wheeltec_robot_urdf/share/wheeltec_robot_urdf/meshes/senior_akm_bs_meshes
[2.350s] -- Installing: /home/ubuntu/my_n10_topic/workspace/install/wheeltec_robot_urdf/share/wheeltec_robot_urdf/meshes/senior_akm_bs_meshes/rf_wheel_link.STL
[2.359s] -- Installing: /home/ubuntu/my_n10_topic/workspace/install/wheeltec_robot_urdf/share/wheeltec_robot_urdf/meshes/senior_akm_bs_meshes/lf_1_link.STL
[2.369s] -- Installing: /home/ubuntu/my_n10_topic/workspace/install/wheeltec_robot_urdf/share/wheeltec_robot_urdf/meshes/senior_akm_bs_meshes/lf_2_link.STL
[2.370s] -- Installing: /home/ubuntu/my_n10_topic/workspace/install/wheeltec_robot_urdf/share/wheeltec_robot_urdf/meshes/senior_akm_bs_meshes/controller_link.STL
[2.397s] -- Installing: /home/ubuntu/my_n10_topic/workspace/install/wheeltec_robot_urdf/share/wheeltec_robot_urdf/meshes/senior_akm_bs_meshes/camera_link.STL
[2.400s] -- Installing: /home/ubuntu/my_n10_topic/workspace/install/wheeltec_robot_urdf/share/wheeltec_robot_urdf/meshes/senior_akm_bs_meshes/rb_wheel_link.STL
[2.414s] -- Installing: /home/ubuntu/my_n10_topic/workspace/install/wheeltec_robot_urdf/share/wheeltec_robot_urdf/meshes/senior_akm_bs_meshes/rf_2_link.STL
[2.414s] -- Installing: /home/ubuntu/my_n10_topic/workspace/install/wheeltec_robot_urdf/share/wheeltec_robot_urdf/meshes/senior_akm_bs_meshes/lb_wheel_link.STL
[2.419s] -- Installing: /home/ubuntu/my_n10_topic/workspace/install/wheeltec_robot_urdf/share/wheeltec_robot_urdf/meshes/senior_akm_bs_meshes/lf_wheel_link.STL
[2.429s] -- Installing: /home/ubuntu/my_n10_topic/workspace/install/wheeltec_robot_urdf/share/wheeltec_robot_urdf/meshes/senior_akm_bs_meshes/laser_link.STL
[2.430s] -- Installing: /home/ubuntu/my_n10_topic/workspace/install/wheeltec_robot_urdf/share/wheeltec_robot_urdf/meshes/senior_akm_bs_meshes/rf_1_link.STL
[2.440s] -- Installing: /home/ubuntu/my_n10_topic/workspace/install/wheeltec_robot_urdf/share/wheeltec_robot_urdf/meshes/senior_akm_bs_meshes/base_link.STL
[2.470s] -- Installing: /home/ubuntu/my_n10_topic/workspace/install/wheeltec_robot_urdf/share/wheeltec_robot_urdf/meshes/top_akm_bs_meshes
[2.471s] -- Installing: /home/ubuntu/my_n10_topic/workspace/install/wheeltec_robot_urdf/share/wheeltec_robot_urdf/meshes/top_akm_bs_meshes/rf_wheel_link.STL
[2.483s] -- Installing: /home/ubuntu/my_n10_topic/workspace/install/wheeltec_robot_urdf/share/wheeltec_robot_urdf/meshes/top_akm_bs_meshes/right1_link.STL
[2.484s] -- Installing: /home/ubuntu/my_n10_topic/workspace/install/wheeltec_robot_urdf/share/wheeltec_robot_urdf/meshes/top_akm_bs_meshes/controller_link.STL
[2.504s] -- Installing: /home/ubuntu/my_n10_topic/workspace/install/wheeltec_robot_urdf/share/wheeltec_robot_urdf/meshes/top_akm_bs_meshes/camera_link.STL
[2.507s] -- Installing: /home/ubuntu/my_n10_topic/workspace/install/wheeltec_robot_urdf/share/wheeltec_robot_urdf/meshes/top_akm_bs_meshes/rb_wheel_link.STL
[2.522s] -- Installing: /home/ubuntu/my_n10_topic/workspace/install/wheeltec_robot_urdf/share/wheeltec_robot_urdf/meshes/top_akm_bs_meshes/lb_wheel_link.STL
[2.536s] -- Installing: /home/ubuntu/my_n10_topic/workspace/install/wheeltec_robot_urdf/share/wheeltec_robot_urdf/meshes/top_akm_bs_meshes/lf_wheel_link.STL
[2.552s] -- Installing: /home/ubuntu/my_n10_topic/workspace/install/wheeltec_robot_urdf/share/wheeltec_robot_urdf/meshes/top_akm_bs_meshes/left1_link.STL
[2.552s] -- Installing: /home/ubuntu/my_n10_topic/workspace/install/wheeltec_robot_urdf/share/wheeltec_robot_urdf/meshes/top_akm_bs_meshes/laser_link.STL
[2.553s] -- Installing: /home/ubuntu/my_n10_topic/workspace/install/wheeltec_robot_urdf/share/wheeltec_robot_urdf/meshes/top_akm_bs_meshes/base_link.STL
[2.606s] -- Installing: /home/ubuntu/my_n10_topic/workspace/install/wheeltec_robot_urdf/share/wheeltec_robot_urdf/meshes/senior_4wd_bs_robot_meshes
[2.608s] -- Installing: /home/ubuntu/my_n10_topic/workspace/install/wheeltec_robot_urdf/share/wheeltec_robot_urdf/meshes/senior_4wd_bs_robot_meshes/rf_wheel_link.STL
[2.610s] -- Installing: /home/ubuntu/my_n10_topic/workspace/install/wheeltec_robot_urdf/share/wheeltec_robot_urdf/meshes/senior_4wd_bs_robot_meshes/controller_link.STL
[2.619s] -- Installing: /home/ubuntu/my_n10_topic/workspace/install/wheeltec_robot_urdf/share/wheeltec_robot_urdf/meshes/senior_4wd_bs_robot_meshes/camera_link.STL
[2.623s] -- Installing: /home/ubuntu/my_n10_topic/workspace/install/wheeltec_robot_urdf/share/wheeltec_robot_urdf/meshes/senior_4wd_bs_robot_meshes/rb_wheel_link.STL
[2.625s] -- Installing: /home/ubuntu/my_n10_topic/workspace/install/wheeltec_robot_urdf/share/wheeltec_robot_urdf/meshes/senior_4wd_bs_robot_meshes/lb_wheel_link.STL
[2.627s] -- Installing: /home/ubuntu/my_n10_topic/workspace/install/wheeltec_robot_urdf/share/wheeltec_robot_urdf/meshes/senior_4wd_bs_robot_meshes/lf_wheel_link.STL
[2.629s] -- Installing: /home/ubuntu/my_n10_topic/workspace/install/wheeltec_robot_urdf/share/wheeltec_robot_urdf/meshes/senior_4wd_bs_robot_meshes/laser.STL
[2.631s] -- Installing: /home/ubuntu/my_n10_topic/workspace/install/wheeltec_robot_urdf/share/wheeltec_robot_urdf/meshes/senior_4wd_bs_robot_meshes/base_link.STL
[2.668s] -- Installing: /home/ubuntu/my_n10_topic/workspace/install/wheeltec_robot_urdf/share/wheeltec_robot_urdf/meshes/sensors
[2.669s] -- Installing: /home/ubuntu/my_n10_topic/workspace/install/wheeltec_robot_urdf/share/wheeltec_robot_urdf/meshes/sensors/astra.jpg
[2.669s] -- Installing: /home/ubuntu/my_n10_topic/workspace/install/wheeltec_robot_urdf/share/wheeltec_robot_urdf/meshes/sensors/lds.stl
[2.672s] -- Installing: /home/ubuntu/my_n10_topic/workspace/install/wheeltec_robot_urdf/share/wheeltec_robot_urdf/meshes/sensors/r200.jpg
[2.673s] -- Installing: /home/ubuntu/my_n10_topic/workspace/install/wheeltec_robot_urdf/share/wheeltec_robot_urdf/meshes/sensors/astra.dae
[2.704s] -- Installing: /home/ubuntu/my_n10_topic/workspace/install/wheeltec_robot_urdf/share/wheeltec_robot_urdf/meshes/sensors/r200.dae
[2.706s] -- Installing: /home/ubuntu/my_n10_topic/workspace/install/wheeltec_robot_urdf/share/wheeltec_robot_urdf/meshes/top_omni_robot_meshes
[2.707s] -- Installing: /home/ubuntu/my_n10_topic/workspace/install/wheeltec_robot_urdf/share/wheeltec_robot_urdf/meshes/top_omni_robot_meshes/quanxiang_wheel1_link.STL
[2.711s] -- Installing: /home/ubuntu/my_n10_topic/workspace/install/wheeltec_robot_urdf/share/wheeltec_robot_urdf/meshes/top_omni_robot_meshes/controller_link.STL
[2.719s] -- Installing: /home/ubuntu/my_n10_topic/workspace/install/wheeltec_robot_urdf/share/wheeltec_robot_urdf/meshes/top_omni_robot_meshes/camera_link.STL
[2.723s] -- Installing: /home/ubuntu/my_n10_topic/workspace/install/wheeltec_robot_urdf/share/wheeltec_robot_urdf/meshes/top_omni_robot_meshes/quanxiang_wheel3_link.STL
[2.729s] -- Installing: /home/ubuntu/my_n10_topic/workspace/install/wheeltec_robot_urdf/share/wheeltec_robot_urdf/meshes/top_omni_robot_meshes/laser.STL
[2.733s] -- Installing: /home/ubuntu/my_n10_topic/workspace/install/wheeltec_robot_urdf/share/wheeltec_robot_urdf/meshes/top_omni_robot_meshes/quanxiang_wheel2_link.STL
[2.746s] -- Installing: /home/ubuntu/my_n10_topic/workspace/install/wheeltec_robot_urdf/share/wheeltec_robot_urdf/meshes/top_omni_robot_meshes/base_link.STL
[2.774s] -- Installing: /home/ubuntu/my_n10_topic/workspace/install/wheeltec_robot_urdf/share/wheeltec_robot_urdf/meshes/senior_mec_dl_robot_meshes
[2.775s] -- Installing: /home/ubuntu/my_n10_topic/workspace/install/wheeltec_robot_urdf/share/wheeltec_robot_urdf/meshes/senior_mec_dl_robot_meshes/rf_wheel_link.STL
[2.782s] -- Installing: /home/ubuntu/my_n10_topic/workspace/install/wheeltec_robot_urdf/share/wheeltec_robot_urdf/meshes/senior_mec_dl_robot_meshes/controller_link.STL
[2.797s] -- Installing: /home/ubuntu/my_n10_topic/workspace/install/wheeltec_robot_urdf/share/wheeltec_robot_urdf/meshes/senior_mec_dl_robot_meshes/camera_link.STL
[2.799s] -- Installing: /home/ubuntu/my_n10_topic/workspace/install/wheeltec_robot_urdf/share/wheeltec_robot_urdf/meshes/senior_mec_dl_robot_meshes/rb_wheel_link.STL
[2.808s] -- Installing: /home/ubuntu/my_n10_topic/workspace/install/wheeltec_robot_urdf/share/wheeltec_robot_urdf/meshes/senior_mec_dl_robot_meshes/lb_wheel_link.STL
[2.816s] -- Installing: /home/ubuntu/my_n10_topic/workspace/install/wheeltec_robot_urdf/share/wheeltec_robot_urdf/meshes/senior_mec_dl_robot_meshes/lf_wheel_link.STL
[2.825s] -- Installing: /home/ubuntu/my_n10_topic/workspace/install/wheeltec_robot_urdf/share/wheeltec_robot_urdf/meshes/senior_mec_dl_robot_meshes/laser.STL
[2.825s] -- Installing: /home/ubuntu/my_n10_topic/workspace/install/wheeltec_robot_urdf/share/wheeltec_robot_urdf/meshes/senior_mec_dl_robot_meshes/base_link.STL
[2.895s] -- Installing: /home/ubuntu/my_n10_topic/workspace/install/wheeltec_robot_urdf/share/wheeltec_robot_urdf/meshes/top_4wd_bs_meshes
[2.895s] -- Installing: /home/ubuntu/my_n10_topic/workspace/install/wheeltec_robot_urdf/share/wheeltec_robot_urdf/meshes/top_4wd_bs_meshes/rf_wheel_link.STL
[2.897s] -- Installing: /home/ubuntu/my_n10_topic/workspace/install/wheeltec_robot_urdf/share/wheeltec_robot_urdf/meshes/top_4wd_bs_meshes/controller_link.STL
[2.914s] -- Installing: /home/ubuntu/my_n10_topic/workspace/install/wheeltec_robot_urdf/share/wheeltec_robot_urdf/meshes/top_4wd_bs_meshes/camera_link.STL
[2.919s] -- Installing: /home/ubuntu/my_n10_topic/workspace/install/wheeltec_robot_urdf/share/wheeltec_robot_urdf/meshes/top_4wd_bs_meshes/rb_wheel_link.STL
[2.927s] -- Installing: /home/ubuntu/my_n10_topic/workspace/install/wheeltec_robot_urdf/share/wheeltec_robot_urdf/meshes/top_4wd_bs_meshes/lb_wheel_link.STL
[2.932s] -- Installing: /home/ubuntu/my_n10_topic/workspace/install/wheeltec_robot_urdf/share/wheeltec_robot_urdf/meshes/top_4wd_bs_meshes/lf_wheel_link.STL
[2.937s] -- Installing: /home/ubuntu/my_n10_topic/workspace/install/wheeltec_robot_urdf/share/wheeltec_robot_urdf/meshes/top_4wd_bs_meshes/laser_link.STL
[2.938s] -- Installing: /home/ubuntu/my_n10_topic/workspace/install/wheeltec_robot_urdf/share/wheeltec_robot_urdf/meshes/top_4wd_bs_meshes/base_link.STL
[3.004s] -- Installing: /home/ubuntu/my_n10_topic/workspace/install/wheeltec_robot_urdf/share/wheeltec_robot_urdf/meshes/mini_tank_moveit_four_meshes
[3.004s] -- Installing: /home/ubuntu/my_n10_topic/workspace/install/wheeltec_robot_urdf/share/wheeltec_robot_urdf/meshes/mini_tank_moveit_four_meshes/right6_link.STL
[3.006s] -- Installing: /home/ubuntu/my_n10_topic/workspace/install/wheeltec_robot_urdf/share/wheeltec_robot_urdf/meshes/mini_tank_moveit_four_meshes/right1_link.STL
[3.006s] -- Installing: /home/ubuntu/my_n10_topic/workspace/install/wheeltec_robot_urdf/share/wheeltec_robot_urdf/meshes/mini_tank_moveit_four_meshes/j2_link.STL
[3.008s] -- Installing: /home/ubuntu/my_n10_topic/workspace/install/wheeltec_robot_urdf/share/wheeltec_robot_urdf/meshes/mini_tank_moveit_four_meshes/right2_link.STL
[3.009s] -- Installing: /home/ubuntu/my_n10_topic/workspace/install/wheeltec_robot_urdf/share/wheeltec_robot_urdf/meshes/mini_tank_moveit_four_meshes/j4_4_link.STL
[3.009s] -- Installing: /home/ubuntu/my_n10_topic/workspace/install/wheeltec_robot_urdf/share/wheeltec_robot_urdf/meshes/mini_tank_moveit_four_meshes/j4_2_link.STL
[3.010s] -- Installing: /home/ubuntu/my_n10_topic/workspace/install/wheeltec_robot_urdf/share/wheeltec_robot_urdf/meshes/mini_tank_moveit_four_meshes/j4_1_link.STL
[3.010s] -- Installing: /home/ubuntu/my_n10_topic/workspace/install/wheeltec_robot_urdf/share/wheeltec_robot_urdf/meshes/mini_tank_moveit_four_meshes/j1_link.STL
[3.011s] -- Installing: /home/ubuntu/my_n10_topic/workspace/install/wheeltec_robot_urdf/share/wheeltec_robot_urdf/meshes/mini_tank_moveit_four_meshes/controller_link.STL
[3.023s] -- Installing: /home/ubuntu/my_n10_topic/workspace/install/wheeltec_robot_urdf/share/wheeltec_robot_urdf/meshes/mini_tank_moveit_four_meshes/right5_link.STL
[3.024s] -- Installing: /home/ubuntu/my_n10_topic/workspace/install/wheeltec_robot_urdf/share/wheeltec_robot_urdf/meshes/mini_tank_moveit_four_meshes/right4_link.STL
[3.024s] -- Installing: /home/ubuntu/my_n10_topic/workspace/install/wheeltec_robot_urdf/share/wheeltec_robot_urdf/meshes/mini_tank_moveit_four_meshes/camera_link.STL
[3.028s] -- Installing: /home/ubuntu/my_n10_topic/workspace/install/wheeltec_robot_urdf/share/wheeltec_robot_urdf/meshes/mini_tank_moveit_four_meshes/right_belt_link.STL
[3.028s] -- Installing: /home/ubuntu/my_n10_topic/workspace/install/wheeltec_robot_urdf/share/wheeltec_robot_urdf/meshes/mini_tank_moveit_four_meshes/left6_link.STL
[3.028s] -- Installing: /home/ubuntu/my_n10_topic/workspace/install/wheeltec_robot_urdf/share/wheeltec_robot_urdf/meshes/mini_tank_moveit_four_meshes/left_belt_link.STL
[3.028s] -- Installing: /home/ubuntu/my_n10_topic/workspace/install/wheeltec_robot_urdf/share/wheeltec_robot_urdf/meshes/mini_tank_moveit_four_meshes/j4_5_link.STL
[3.029s] -- Installing: /home/ubuntu/my_n10_topic/workspace/install/wheeltec_robot_urdf/share/wheeltec_robot_urdf/meshes/mini_tank_moveit_four_meshes/right3_link.STL
[3.029s] -- Installing: /home/ubuntu/my_n10_topic/workspace/install/wheeltec_robot_urdf/share/wheeltec_robot_urdf/meshes/mini_tank_moveit_four_meshes/j3_link.STL
[3.031s] -- Installing: /home/ubuntu/my_n10_topic/workspace/install/wheeltec_robot_urdf/share/wheeltec_robot_urdf/meshes/mini_tank_moveit_four_meshes/left3_link.STL
[3.032s] -- Installing: /home/ubuntu/my_n10_topic/workspace/install/wheeltec_robot_urdf/share/wheeltec_robot_urdf/meshes/mini_tank_moveit_four_meshes/arm_base_link.STL
[3.033s] -- Installing: /home/ubuntu/my_n10_topic/workspace/install/wheeltec_robot_urdf/share/wheeltec_robot_urdf/meshes/mini_tank_moveit_four_meshes/left2_link.STL
[3.033s] -- Installing: /home/ubuntu/my_n10_topic/workspace/install/wheeltec_robot_urdf/share/wheeltec_robot_urdf/meshes/mini_tank_moveit_four_meshes/left1_link.STL
[3.034s] -- Installing: /home/ubuntu/my_n10_topic/workspace/install/wheeltec_robot_urdf/share/wheeltec_robot_urdf/meshes/mini_tank_moveit_four_meshes/laser.STL
[3.035s] -- Installing: /home/ubuntu/my_n10_topic/workspace/install/wheeltec_robot_urdf/share/wheeltec_robot_urdf/meshes/mini_tank_moveit_four_meshes/left5_link.STL
[3.036s] -- Installing: /home/ubuntu/my_n10_topic/workspace/install/wheeltec_robot_urdf/share/wheeltec_robot_urdf/meshes/mini_tank_moveit_four_meshes/left4_link.STL
[3.037s] -- Installing: /home/ubuntu/my_n10_topic/workspace/install/wheeltec_robot_urdf/share/wheeltec_robot_urdf/meshes/mini_tank_moveit_four_meshes/j4_3_link.STL
[3.039s] -- Installing: /home/ubuntu/my_n10_topic/workspace/install/wheeltec_robot_urdf/share/wheeltec_robot_urdf/meshes/mini_tank_moveit_four_meshes/base_link.STL
[3.052s] -- Installing: /home/ubuntu/my_n10_topic/workspace/install/wheeltec_robot_urdf/share/wheeltec_robot_urdf/meshes/mini_tank_moveit_four_meshes/j4_6_link.STL
[3.053s] -- Installing: /home/ubuntu/my_n10_topic/workspace/install/wheeltec_robot_urdf/share/wheeltec_robot_urdf/meshes/mini_akm_robot_meshes
[3.053s] -- Installing: /home/ubuntu/my_n10_topic/workspace/install/wheeltec_robot_urdf/share/wheeltec_robot_urdf/meshes/mini_akm_robot_meshes/lb_link.STL
[3.062s] -- Installing: /home/ubuntu/my_n10_topic/workspace/install/wheeltec_robot_urdf/share/wheeltec_robot_urdf/meshes/mini_akm_robot_meshes/lf_link.STL
[3.069s] -- Installing: /home/ubuntu/my_n10_topic/workspace/install/wheeltec_robot_urdf/share/wheeltec_robot_urdf/meshes/mini_akm_robot_meshes/right_link.STL
[3.070s] -- Installing: /home/ubuntu/my_n10_topic/workspace/install/wheeltec_robot_urdf/share/wheeltec_robot_urdf/meshes/mini_akm_robot_meshes/rb_link.STL
[3.076s] -- Installing: /home/ubuntu/my_n10_topic/workspace/install/wheeltec_robot_urdf/share/wheeltec_robot_urdf/meshes/mini_akm_robot_meshes/controller_link.STL
[3.087s] -- Installing: /home/ubuntu/my_n10_topic/workspace/install/wheeltec_robot_urdf/share/wheeltec_robot_urdf/meshes/mini_akm_robot_meshes/camera_link.STL
[3.089s] -- Installing: /home/ubuntu/my_n10_topic/workspace/install/wheeltec_robot_urdf/share/wheeltec_robot_urdf/meshes/mini_akm_robot_meshes/front_link.STL
[3.089s] -- Installing: /home/ubuntu/my_n10_topic/workspace/install/wheeltec_robot_urdf/share/wheeltec_robot_urdf/meshes/mini_akm_robot_meshes/laser.STL
[3.092s] -- Installing: /home/ubuntu/my_n10_topic/workspace/install/wheeltec_robot_urdf/share/wheeltec_robot_urdf/meshes/mini_akm_robot_meshes/left_link.STL
[3.092s] -- Installing: /home/ubuntu/my_n10_topic/workspace/install/wheeltec_robot_urdf/share/wheeltec_robot_urdf/meshes/mini_akm_robot_meshes/rf_link.STL
[3.099s] -- Installing: /home/ubuntu/my_n10_topic/workspace/install/wheeltec_robot_urdf/share/wheeltec_robot_urdf/meshes/mini_akm_robot_meshes/base_link.STL
[3.106s] -- Installing: /home/ubuntu/my_n10_topic/workspace/install/wheeltec_robot_urdf/share/wheeltec_robot_urdf/meshes/r3S_4wd_robot_meshes
[3.106s] -- Installing: /home/ubuntu/my_n10_topic/workspace/install/wheeltec_robot_urdf/share/wheeltec_robot_urdf/meshes/r3S_4wd_robot_meshes/rf_wheel_link.STL
[3.115s] -- Installing: /home/ubuntu/my_n10_topic/workspace/install/wheeltec_robot_urdf/share/wheeltec_robot_urdf/meshes/r3S_4wd_robot_meshes/controller_link.STL
[3.116s] -- Installing: /home/ubuntu/my_n10_topic/workspace/install/wheeltec_robot_urdf/share/wheeltec_robot_urdf/meshes/r3S_4wd_robot_meshes/camera_link.STL
[3.117s] -- Installing: /home/ubuntu/my_n10_topic/workspace/install/wheeltec_robot_urdf/share/wheeltec_robot_urdf/meshes/r3S_4wd_robot_meshes/rb_wheel_link.STL
[3.122s] -- Installing: /home/ubuntu/my_n10_topic/workspace/install/wheeltec_robot_urdf/share/wheeltec_robot_urdf/meshes/r3S_4wd_robot_meshes/lb_wheel_link.STL
[3.125s] -- Installing: /home/ubuntu/my_n10_topic/workspace/install/wheeltec_robot_urdf/share/wheeltec_robot_urdf/meshes/r3S_4wd_robot_meshes/lf_wheel_link.STL
[3.130s] -- Installing: /home/ubuntu/my_n10_topic/workspace/install/wheeltec_robot_urdf/share/wheeltec_robot_urdf/meshes/r3S_4wd_robot_meshes/laser.STL
[3.130s] -- Installing: /home/ubuntu/my_n10_topic/workspace/install/wheeltec_robot_urdf/share/wheeltec_robot_urdf/meshes/r3S_4wd_robot_meshes/base_link.STL
[3.135s] -- Installing: /home/ubuntu/my_n10_topic/workspace/install/wheeltec_robot_urdf/share/wheeltec_robot_urdf/meshes/top_akm_dl_robot_meshes
[3.135s] -- Installing: /home/ubuntu/my_n10_topic/workspace/install/wheeltec_robot_urdf/share/wheeltec_robot_urdf/meshes/top_akm_dl_robot_meshes/rf_wheel_link.STL
[3.138s] -- Installing: /home/ubuntu/my_n10_topic/workspace/install/wheeltec_robot_urdf/share/wheeltec_robot_urdf/meshes/top_akm_dl_robot_meshes/right1_link.STL
[3.141s] -- Installing: /home/ubuntu/my_n10_topic/workspace/install/wheeltec_robot_urdf/share/wheeltec_robot_urdf/meshes/top_akm_dl_robot_meshes/controller_link.STL
[3.159s] -- Installing: /home/ubuntu/my_n10_topic/workspace/install/wheeltec_robot_urdf/share/wheeltec_robot_urdf/meshes/top_akm_dl_robot_meshes/camera_link.STL
[3.167s] -- Installing: /home/ubuntu/my_n10_topic/workspace/install/wheeltec_robot_urdf/share/wheeltec_robot_urdf/meshes/top_akm_dl_robot_meshes/rb_wheel_link.STL
[3.171s] -- Installing: /home/ubuntu/my_n10_topic/workspace/install/wheeltec_robot_urdf/share/wheeltec_robot_urdf/meshes/top_akm_dl_robot_meshes/lb_wheel_link.STL
[3.175s] -- Installing: /home/ubuntu/my_n10_topic/workspace/install/wheeltec_robot_urdf/share/wheeltec_robot_urdf/meshes/top_akm_dl_robot_meshes/lf_wheel_link.STL
[3.179s] -- Installing: /home/ubuntu/my_n10_topic/workspace/install/wheeltec_robot_urdf/share/wheeltec_robot_urdf/meshes/top_akm_dl_robot_meshes/left1_link.STL
[3.186s] -- Installing: /home/ubuntu/my_n10_topic/workspace/install/wheeltec_robot_urdf/share/wheeltec_robot_urdf/meshes/top_akm_dl_robot_meshes/laser.STL
[3.187s] -- Installing: /home/ubuntu/my_n10_topic/workspace/install/wheeltec_robot_urdf/share/wheeltec_robot_urdf/meshes/top_akm_dl_robot_meshes/base_link.STL
[3.264s] -- Installing: /home/ubuntu/my_n10_topic/workspace/install/wheeltec_robot_urdf/share/wheeltec_robot_urdf/meshes/wheels
[3.268s] -- Installing: /home/ubuntu/my_n10_topic/workspace/install/wheeltec_robot_urdf/share/wheeltec_robot_urdf/meshes/wheels/left_tire.stl
[3.268s] -- Installing: /home/ubuntu/my_n10_topic/workspace/install/wheeltec_robot_urdf/share/wheeltec_robot_urdf/meshes/wheels/right_tire.stl
[3.269s] -- Installing: /home/ubuntu/my_n10_topic/workspace/install/wheeltec_robot_urdf/share/wheeltec_robot_urdf/meshes/mini_omni_robot_meshes
[3.269s] -- Installing: /home/ubuntu/my_n10_topic/workspace/install/wheeltec_robot_urdf/share/wheeltec_robot_urdf/meshes/mini_omni_robot_meshes/front_wheel_link.STL
[3.277s] -- Installing: /home/ubuntu/my_n10_topic/workspace/install/wheeltec_robot_urdf/share/wheeltec_robot_urdf/meshes/mini_omni_robot_meshes/left_wheel_link.STL
[3.279s] -- Installing: /home/ubuntu/my_n10_topic/workspace/install/wheeltec_robot_urdf/share/wheeltec_robot_urdf/meshes/mini_omni_robot_meshes/controller_link.STL
[3.282s] -- Installing: /home/ubuntu/my_n10_topic/workspace/install/wheeltec_robot_urdf/share/wheeltec_robot_urdf/meshes/mini_omni_robot_meshes/camera_link.STL
[3.288s] -- Installing: /home/ubuntu/my_n10_topic/workspace/install/wheeltec_robot_urdf/share/wheeltec_robot_urdf/meshes/mini_omni_robot_meshes/laser.STL
[3.289s] -- Installing: /home/ubuntu/my_n10_topic/workspace/install/wheeltec_robot_urdf/share/wheeltec_robot_urdf/meshes/mini_omni_robot_meshes/right_wheel_link.STL
[3.293s] -- Installing: /home/ubuntu/my_n10_topic/workspace/install/wheeltec_robot_urdf/share/wheeltec_robot_urdf/meshes/mini_omni_robot_meshes/base_link.STL
[3.304s] -- Installing: /home/ubuntu/my_n10_topic/workspace/install/wheeltec_robot_urdf/share/wheeltec_robot_urdf/meshes/top_mec_dl_robot_meshes
[3.305s] -- Installing: /home/ubuntu/my_n10_topic/workspace/install/wheeltec_robot_urdf/share/wheeltec_robot_urdf/meshes/top_mec_dl_robot_meshes/rf_wheel_link.STL
[3.317s] -- Installing: /home/ubuntu/my_n10_topic/workspace/install/wheeltec_robot_urdf/share/wheeltec_robot_urdf/meshes/top_mec_dl_robot_meshes/controller_link.STL
[3.386s] -- Installing: /home/ubuntu/my_n10_topic/workspace/install/wheeltec_robot_urdf/share/wheeltec_robot_urdf/meshes/top_mec_dl_robot_meshes/camera_link.STL
[3.396s] -- Installing: /home/ubuntu/my_n10_topic/workspace/install/wheeltec_robot_urdf/share/wheeltec_robot_urdf/meshes/top_mec_dl_robot_meshes/rb_wheel_link.STL
[3.418s] -- Installing: /home/ubuntu/my_n10_topic/workspace/install/wheeltec_robot_urdf/share/wheeltec_robot_urdf/meshes/top_mec_dl_robot_meshes/lb_wheel_link.STL
[3.421s] -- Installing: /home/ubuntu/my_n10_topic/workspace/install/wheeltec_robot_urdf/share/wheeltec_robot_urdf/meshes/top_mec_dl_robot_meshes/lf_wheel_link.STL
[3.426s] -- Installing: /home/ubuntu/my_n10_topic/workspace/install/wheeltec_robot_urdf/share/wheeltec_robot_urdf/meshes/top_mec_dl_robot_meshes/laser.STL
[3.428s] -- Installing: /home/ubuntu/my_n10_topic/workspace/install/wheeltec_robot_urdf/share/wheeltec_robot_urdf/meshes/top_mec_dl_robot_meshes/base_link.STL
[3.511s] -- Installing: /home/ubuntu/my_n10_topic/workspace/install/wheeltec_robot_urdf/share/wheeltec_robot_urdf/meshes/flagship_4wd_bs_robot_meshes
[3.511s] -- Installing: /home/ubuntu/my_n10_topic/workspace/install/wheeltec_robot_urdf/share/wheeltec_robot_urdf/meshes/flagship_4wd_bs_robot_meshes/rf_wheel_link.STL
[3.518s] -- Installing: /home/ubuntu/my_n10_topic/workspace/install/wheeltec_robot_urdf/share/wheeltec_robot_urdf/meshes/flagship_4wd_bs_robot_meshes/controller_link.STL
[3.532s] -- Installing: /home/ubuntu/my_n10_topic/workspace/install/wheeltec_robot_urdf/share/wheeltec_robot_urdf/meshes/flagship_4wd_bs_robot_meshes/camera_link.STL
[3.532s] -- Installing: /home/ubuntu/my_n10_topic/workspace/install/wheeltec_robot_urdf/share/wheeltec_robot_urdf/meshes/flagship_4wd_bs_robot_meshes/rb_wheel_link.STL
[3.537s] -- Installing: /home/ubuntu/my_n10_topic/workspace/install/wheeltec_robot_urdf/share/wheeltec_robot_urdf/meshes/flagship_4wd_bs_robot_meshes/lb_wheel_link.STL
[3.545s] -- Installing: /home/ubuntu/my_n10_topic/workspace/install/wheeltec_robot_urdf/share/wheeltec_robot_urdf/meshes/flagship_4wd_bs_robot_meshes/lf_wheel_link.STL
[3.551s] -- Installing: /home/ubuntu/my_n10_topic/workspace/install/wheeltec_robot_urdf/share/wheeltec_robot_urdf/meshes/flagship_4wd_bs_robot_meshes/laser.STL
[3.556s] -- Installing: /home/ubuntu/my_n10_topic/workspace/install/wheeltec_robot_urdf/share/wheeltec_robot_urdf/meshes/flagship_4wd_bs_robot_meshes/base_link.STL
[3.650s] -- Installing: /home/ubuntu/my_n10_topic/workspace/install/wheeltec_robot_urdf/share/wheeltec_robot_urdf/meshes/top_4wd_bs_robot_meshes
[3.650s] -- Installing: /home/ubuntu/my_n10_topic/workspace/install/wheeltec_robot_urdf/share/wheeltec_robot_urdf/meshes/top_4wd_bs_robot_meshes/rf_wheel_link.STL
[3.678s] -- Installing: /home/ubuntu/my_n10_topic/workspace/install/wheeltec_robot_urdf/share/wheeltec_robot_urdf/meshes/top_4wd_bs_robot_meshes/controller_link.STL
[3.707s] -- Installing: /home/ubuntu/my_n10_topic/workspace/install/wheeltec_robot_urdf/share/wheeltec_robot_urdf/meshes/top_4wd_bs_robot_meshes/camera_link.STL
[3.707s] -- Installing: /home/ubuntu/my_n10_topic/workspace/install/wheeltec_robot_urdf/share/wheeltec_robot_urdf/meshes/top_4wd_bs_robot_meshes/rb_wheel_link.STL
[3.711s] -- Installing: /home/ubuntu/my_n10_topic/workspace/install/wheeltec_robot_urdf/share/wheeltec_robot_urdf/meshes/top_4wd_bs_robot_meshes/lb_wheel_link.STL
[3.718s] -- Installing: /home/ubuntu/my_n10_topic/workspace/install/wheeltec_robot_urdf/share/wheeltec_robot_urdf/meshes/top_4wd_bs_robot_meshes/lf_wheel_link.STL
[3.719s] -- Installing: /home/ubuntu/my_n10_topic/workspace/install/wheeltec_robot_urdf/share/wheeltec_robot_urdf/meshes/top_4wd_bs_robot_meshes/laser.STL
[3.726s] -- Installing: /home/ubuntu/my_n10_topic/workspace/install/wheeltec_robot_urdf/share/wheeltec_robot_urdf/meshes/top_4wd_bs_robot_meshes/base_link.STL
[3.752s] -- Installing: /home/ubuntu/my_n10_topic/workspace/install/wheeltec_robot_urdf/share/wheeltec_robot_urdf/meshes/bases
[3.752s] -- Installing: /home/ubuntu/my_n10_topic/workspace/install/wheeltec_robot_urdf/share/wheeltec_robot_urdf/meshes/bases/waffle_pi_base.stl
[3.768s] -- Installing: /home/ubuntu/my_n10_topic/workspace/install/wheeltec_robot_urdf/share/wheeltec_robot_urdf/meshes/bases/waffle_base.stl
[3.810s] -- Installing: /home/ubuntu/my_n10_topic/workspace/install/wheeltec_robot_urdf/share/wheeltec_robot_urdf/meshes/bases/burger_base.stl
[3.836s] -- Installing: /home/ubuntu/my_n10_topic/workspace/install/wheeltec_robot_urdf/share/wheeltec_robot_urdf/meshes/s300_mini_robot_meshes
[3.837s] -- Installing: /home/ubuntu/my_n10_topic/workspace/install/wheeltec_robot_urdf/share/wheeltec_robot_urdf/meshes/s300_mini_robot_meshes/rm_wheel_link.STL
[3.839s] -- Installing: /home/ubuntu/my_n10_topic/workspace/install/wheeltec_robot_urdf/share/wheeltec_robot_urdf/meshes/s300_mini_robot_meshes/camera_link.STL
[3.847s] -- Installing: /home/ubuntu/my_n10_topic/workspace/install/wheeltec_robot_urdf/share/wheeltec_robot_urdf/meshes/s300_mini_robot_meshes/arm1_link.STL
[3.882s] -- Installing: /home/ubuntu/my_n10_topic/workspace/install/wheeltec_robot_urdf/share/wheeltec_robot_urdf/meshes/s300_mini_robot_meshes/gripper1_link.STL
[3.963s] -- Installing: /home/ubuntu/my_n10_topic/workspace/install/wheeltec_robot_urdf/share/wheeltec_robot_urdf/meshes/s300_mini_robot_meshes/arm_base_link.STL
[3.965s] -- Installing: /home/ubuntu/my_n10_topic/workspace/install/wheeltec_robot_urdf/share/wheeltec_robot_urdf/meshes/s300_mini_robot_meshes/arm2_link.STL
[3.966s] -- Installing: /home/ubuntu/my_n10_topic/workspace/install/wheeltec_robot_urdf/share/wheeltec_robot_urdf/meshes/s300_mini_robot_meshes/arm5_link.STL
[3.971s] -- Installing: /home/ubuntu/my_n10_topic/workspace/install/wheeltec_robot_urdf/share/wheeltec_robot_urdf/meshes/s300_mini_robot_meshes/laser.STL
[3.971s] -- Installing: /home/ubuntu/my_n10_topic/workspace/install/wheeltec_robot_urdf/share/wheeltec_robot_urdf/meshes/s300_mini_robot_meshes/laser_link.STL
[3.973s] -- Installing: /home/ubuntu/my_n10_topic/workspace/install/wheeltec_robot_urdf/share/wheeltec_robot_urdf/meshes/s300_mini_robot_meshes/arm3_link.STL
[3.978s] -- Installing: /home/ubuntu/my_n10_topic/workspace/install/wheeltec_robot_urdf/share/wheeltec_robot_urdf/meshes/s300_mini_robot_meshes/arm4_link.STL
[3.979s] -- Installing: /home/ubuntu/my_n10_topic/workspace/install/wheeltec_robot_urdf/share/wheeltec_robot_urdf/meshes/s300_mini_robot_meshes/lm_wheel_link.STL
[3.979s] -- Installing: /home/ubuntu/my_n10_topic/workspace/install/wheeltec_robot_urdf/share/wheeltec_robot_urdf/meshes/s300_mini_robot_meshes/arm6_link.STL
[3.981s] -- Installing: /home/ubuntu/my_n10_topic/workspace/install/wheeltec_robot_urdf/share/wheeltec_robot_urdf/meshes/s300_mini_robot_meshes/base_link.STL
[4.041s] -- Installing: /home/ubuntu/my_n10_topic/workspace/install/wheeltec_robot_urdf/share/wheeltec_robot_urdf/meshes/top_4wd_dl_robot_meshes
[4.048s] -- Installing: /home/ubuntu/my_n10_topic/workspace/install/wheeltec_robot_urdf/share/wheeltec_robot_urdf/meshes/top_4wd_dl_robot_meshes/rf_wheel_link.STL
[4.062s] -- Installing: /home/ubuntu/my_n10_topic/workspace/install/wheeltec_robot_urdf/share/wheeltec_robot_urdf/meshes/top_4wd_dl_robot_meshes/charger_link.STL
[4.063s] -- Installing: /home/ubuntu/my_n10_topic/workspace/install/wheeltec_robot_urdf/share/wheeltec_robot_urdf/meshes/top_4wd_dl_robot_meshes/controller_link.STL
[4.086s] -- Installing: /home/ubuntu/my_n10_topic/workspace/install/wheeltec_robot_urdf/share/wheeltec_robot_urdf/meshes/top_4wd_dl_robot_meshes/camera_link.STL
[4.096s] -- Installing: /home/ubuntu/my_n10_topic/workspace/install/wheeltec_robot_urdf/share/wheeltec_robot_urdf/meshes/top_4wd_dl_robot_meshes/rb_wheel_link.STL
[4.103s] -- Installing: /home/ubuntu/my_n10_topic/workspace/install/wheeltec_robot_urdf/share/wheeltec_robot_urdf/meshes/top_4wd_dl_robot_meshes/lb_wheel_link.STL
[4.117s] -- Installing: /home/ubuntu/my_n10_topic/workspace/install/wheeltec_robot_urdf/share/wheeltec_robot_urdf/meshes/top_4wd_dl_robot_meshes/lf_wheel_link.STL
[4.123s] -- Installing: /home/ubuntu/my_n10_topic/workspace/install/wheeltec_robot_urdf/share/wheeltec_robot_urdf/meshes/top_4wd_dl_robot_meshes/laser.STL
[4.128s] -- Installing: /home/ubuntu/my_n10_topic/workspace/install/wheeltec_robot_urdf/share/wheeltec_robot_urdf/meshes/top_4wd_dl_robot_meshes/base_link.STL
[4.215s] -- Installing: /home/ubuntu/my_n10_topic/workspace/install/wheeltec_robot_urdf/share/wheeltec_robot_urdf/meshes/top_akm_bs_robot_meshes
[4.217s] -- Installing: /home/ubuntu/my_n10_topic/workspace/install/wheeltec_robot_urdf/share/wheeltec_robot_urdf/meshes/top_akm_bs_robot_meshes/rf_wheel_link.STL
[4.228s] -- Installing: /home/ubuntu/my_n10_topic/workspace/install/wheeltec_robot_urdf/share/wheeltec_robot_urdf/meshes/top_akm_bs_robot_meshes/right1_link.STL
[4.229s] -- Installing: /home/ubuntu/my_n10_topic/workspace/install/wheeltec_robot_urdf/share/wheeltec_robot_urdf/meshes/top_akm_bs_robot_meshes/controller_link.STL
[4.251s] -- Installing: /home/ubuntu/my_n10_topic/workspace/install/wheeltec_robot_urdf/share/wheeltec_robot_urdf/meshes/top_akm_bs_robot_meshes/camera_link.STL
[4.255s] -- Installing: /home/ubuntu/my_n10_topic/workspace/install/wheeltec_robot_urdf/share/wheeltec_robot_urdf/meshes/top_akm_bs_robot_meshes/rb_wheel_link.STL
[4.302s] -- Installing: /home/ubuntu/my_n10_topic/workspace/install/wheeltec_robot_urdf/share/wheeltec_robot_urdf/meshes/top_akm_bs_robot_meshes/lb_wheel_link.STL
[4.339s] -- Installing: /home/ubuntu/my_n10_topic/workspace/install/wheeltec_robot_urdf/share/wheeltec_robot_urdf/meshes/top_akm_bs_robot_meshes/lf_wheel_link.STL
[4.372s] -- Installing: /home/ubuntu/my_n10_topic/workspace/install/wheeltec_robot_urdf/share/wheeltec_robot_urdf/meshes/top_akm_bs_robot_meshes/left1_link.STL
[4.372s] -- Installing: /home/ubuntu/my_n10_topic/workspace/install/wheeltec_robot_urdf/share/wheeltec_robot_urdf/meshes/top_akm_bs_robot_meshes/laser.STL
[4.373s] -- Installing: /home/ubuntu/my_n10_topic/workspace/install/wheeltec_robot_urdf/share/wheeltec_robot_urdf/meshes/top_akm_bs_robot_meshes/base_link.STL
[4.421s] -- Installing: /home/ubuntu/my_n10_topic/workspace/install/wheeltec_robot_urdf/share/wheeltec_robot_urdf/meshes/mini_4wd_robot_meshes
[4.421s] -- Installing: /home/ubuntu/my_n10_topic/workspace/install/wheeltec_robot_urdf/share/wheeltec_robot_urdf/meshes/mini_4wd_robot_meshes/rf_wheel_link.STL
[4.426s] -- Installing: /home/ubuntu/my_n10_topic/workspace/install/wheeltec_robot_urdf/share/wheeltec_robot_urdf/meshes/mini_4wd_robot_meshes/controller_link.STL
[4.426s] -- Installing: /home/ubuntu/my_n10_topic/workspace/install/wheeltec_robot_urdf/share/wheeltec_robot_urdf/meshes/mini_4wd_robot_meshes/camera_link.STL
[4.429s] -- Installing: /home/ubuntu/my_n10_topic/workspace/install/wheeltec_robot_urdf/share/wheeltec_robot_urdf/meshes/mini_4wd_robot_meshes/rb_wheel_link.STL
[4.433s] -- Installing: /home/ubuntu/my_n10_topic/workspace/install/wheeltec_robot_urdf/share/wheeltec_robot_urdf/meshes/mini_4wd_robot_meshes/lb_wheel_link.STL
[4.436s] -- Installing: /home/ubuntu/my_n10_topic/workspace/install/wheeltec_robot_urdf/share/wheeltec_robot_urdf/meshes/mini_4wd_robot_meshes/lf_wheel_link.STL
[4.439s] -- Installing: /home/ubuntu/my_n10_topic/workspace/install/wheeltec_robot_urdf/share/wheeltec_robot_urdf/meshes/mini_4wd_robot_meshes/laser.STL
[4.444s] -- Installing: /home/ubuntu/my_n10_topic/workspace/install/wheeltec_robot_urdf/share/wheeltec_robot_urdf/meshes/mini_4wd_robot_meshes/base_link.STL
[4.452s] -- Installing: /home/ubuntu/my_n10_topic/workspace/install/wheeltec_robot_urdf/share/wheeltec_robot_urdf/meshes/mini_diff_robot_meshes
[4.452s] -- Installing: /home/ubuntu/my_n10_topic/workspace/install/wheeltec_robot_urdf/share/wheeltec_robot_urdf/meshes/mini_diff_robot_meshes/right_link.STL
[4.457s] -- Installing: /home/ubuntu/my_n10_topic/workspace/install/wheeltec_robot_urdf/share/wheeltec_robot_urdf/meshes/mini_diff_robot_meshes/controller_link.STL
[4.463s] -- Installing: /home/ubuntu/my_n10_topic/workspace/install/wheeltec_robot_urdf/share/wheeltec_robot_urdf/meshes/mini_diff_robot_meshes/camera_link.STL
[4.472s] -- Installing: /home/ubuntu/my_n10_topic/workspace/install/wheeltec_robot_urdf/share/wheeltec_robot_urdf/meshes/mini_diff_robot_meshes/front_link.STL
[4.473s] -- Installing: /home/ubuntu/my_n10_topic/workspace/install/wheeltec_robot_urdf/share/wheeltec_robot_urdf/meshes/mini_diff_robot_meshes/laser.STL
[4.473s] -- Installing: /home/ubuntu/my_n10_topic/workspace/install/wheeltec_robot_urdf/share/wheeltec_robot_urdf/meshes/mini_diff_robot_meshes/left_link.STL
[4.495s] -- Installing: /home/ubuntu/my_n10_topic/workspace/install/wheeltec_robot_urdf/share/wheeltec_robot_urdf/meshes/mini_diff_robot_meshes/base_link.STL
[4.506s] -- Installing: /home/ubuntu/my_n10_topic/workspace/install/wheeltec_robot_urdf/share/wheeltec_robot_urdf/meshes/senior_diff_robot_meshes
[4.506s] -- Installing: /home/ubuntu/my_n10_topic/workspace/install/wheeltec_robot_urdf/share/wheeltec_robot_urdf/meshes/senior_diff_robot_meshes/left_wheel_link.STL
[4.535s] -- Installing: /home/ubuntu/my_n10_topic/workspace/install/wheeltec_robot_urdf/share/wheeltec_robot_urdf/meshes/senior_diff_robot_meshes/controller_link.STL
[4.596s] -- Installing: /home/ubuntu/my_n10_topic/workspace/install/wheeltec_robot_urdf/share/wheeltec_robot_urdf/meshes/senior_diff_robot_meshes/camera_link.STL
[4.619s] -- Installing: /home/ubuntu/my_n10_topic/workspace/install/wheeltec_robot_urdf/share/wheeltec_robot_urdf/meshes/senior_diff_robot_meshes/laser.STL
[4.631s] -- Installing: /home/ubuntu/my_n10_topic/workspace/install/wheeltec_robot_urdf/share/wheeltec_robot_urdf/meshes/senior_diff_robot_meshes/right_wheel_link.STL
[4.660s] -- Installing: /home/ubuntu/my_n10_topic/workspace/install/wheeltec_robot_urdf/share/wheeltec_robot_urdf/meshes/senior_diff_robot_meshes/quanxiang_wheel_link.STL
[4.773s] -- Installing: /home/ubuntu/my_n10_topic/workspace/install/wheeltec_robot_urdf/share/wheeltec_robot_urdf/meshes/senior_diff_robot_meshes/base_link.STL
[5.005s] -- Installing: /home/ubuntu/my_n10_topic/workspace/install/wheeltec_robot_urdf/share/wheeltec_robot_urdf/meshes/s300_yw_robot_meshes
[5.012s] -- Installing: /home/ubuntu/my_n10_topic/workspace/install/wheeltec_robot_urdf/share/wheeltec_robot_urdf/meshes/s300_yw_robot_meshes/rm_wheel_link.STL
[5.012s] -- Installing: /home/ubuntu/my_n10_topic/workspace/install/wheeltec_robot_urdf/share/wheeltec_robot_urdf/meshes/s300_yw_robot_meshes/camera_link.STL
[5.012s] -- Installing: /home/ubuntu/my_n10_topic/workspace/install/wheeltec_robot_urdf/share/wheeltec_robot_urdf/meshes/s300_yw_robot_meshes/arm1_link.STL
[5.013s] -- Installing: /home/ubuntu/my_n10_topic/workspace/install/wheeltec_robot_urdf/share/wheeltec_robot_urdf/meshes/s300_yw_robot_meshes/gripper1_link.STL
[5.036s] -- Installing: /home/ubuntu/my_n10_topic/workspace/install/wheeltec_robot_urdf/share/wheeltec_robot_urdf/meshes/s300_yw_robot_meshes/arm_base_link.STL
[5.043s] -- Installing: /home/ubuntu/my_n10_topic/workspace/install/wheeltec_robot_urdf/share/wheeltec_robot_urdf/meshes/s300_yw_robot_meshes/arm2_link.STL
[5.043s] -- Installing: /home/ubuntu/my_n10_topic/workspace/install/wheeltec_robot_urdf/share/wheeltec_robot_urdf/meshes/s300_yw_robot_meshes/arm5_link.STL
[5.043s] -- Installing: /home/ubuntu/my_n10_topic/workspace/install/wheeltec_robot_urdf/share/wheeltec_robot_urdf/meshes/s300_yw_robot_meshes/laser.STL
[5.043s] -- Installing: /home/ubuntu/my_n10_topic/workspace/install/wheeltec_robot_urdf/share/wheeltec_robot_urdf/meshes/s300_yw_robot_meshes/laser_link.STL
[5.044s] -- Installing: /home/ubuntu/my_n10_topic/workspace/install/wheeltec_robot_urdf/share/wheeltec_robot_urdf/meshes/s300_yw_robot_meshes/arm3_link.STL
[5.044s] -- Installing: /home/ubuntu/my_n10_topic/workspace/install/wheeltec_robot_urdf/share/wheeltec_robot_urdf/meshes/s300_yw_robot_meshes/arm4_link.STL
[5.044s] -- Installing: /home/ubuntu/my_n10_topic/workspace/install/wheeltec_robot_urdf/share/wheeltec_robot_urdf/meshes/s300_yw_robot_meshes/lm_wheel_link.STL
[5.044s] -- Installing: /home/ubuntu/my_n10_topic/workspace/install/wheeltec_robot_urdf/share/wheeltec_robot_urdf/meshes/s300_yw_robot_meshes/arm6_link.STL
[5.056s] -- Installing: /home/ubuntu/my_n10_topic/workspace/install/wheeltec_robot_urdf/share/wheeltec_robot_urdf/meshes/s300_yw_robot_meshes/base_link.STL
[5.129s] -- Installing: /home/ubuntu/my_n10_topic/workspace/install/wheeltec_robot_urdf/share/wheeltec_robot_urdf/meshes/mini_akm_meshes
[5.130s] -- Installing: /home/ubuntu/my_n10_topic/workspace/install/wheeltec_robot_urdf/share/wheeltec_robot_urdf/meshes/mini_akm_meshes/lb_link.STL
[5.139s] -- Installing: /home/ubuntu/my_n10_topic/workspace/install/wheeltec_robot_urdf/share/wheeltec_robot_urdf/meshes/mini_akm_meshes/lf_link.STL
[5.157s] -- Installing: /home/ubuntu/my_n10_topic/workspace/install/wheeltec_robot_urdf/share/wheeltec_robot_urdf/meshes/mini_akm_meshes/right_link.STL
[5.163s] -- Installing: /home/ubuntu/my_n10_topic/workspace/install/wheeltec_robot_urdf/share/wheeltec_robot_urdf/meshes/mini_akm_meshes/rb_link.STL
[5.182s] -- Installing: /home/ubuntu/my_n10_topic/workspace/install/wheeltec_robot_urdf/share/wheeltec_robot_urdf/meshes/mini_akm_meshes/controller_link.STL
[5.207s] -- Installing: /home/ubuntu/my_n10_topic/workspace/install/wheeltec_robot_urdf/share/wheeltec_robot_urdf/meshes/mini_akm_meshes/camera_link.STL
[5.217s] -- Installing: /home/ubuntu/my_n10_topic/workspace/install/wheeltec_robot_urdf/share/wheeltec_robot_urdf/meshes/mini_akm_meshes/front_link.STL
[5.217s] -- Installing: /home/ubuntu/my_n10_topic/workspace/install/wheeltec_robot_urdf/share/wheeltec_robot_urdf/meshes/mini_akm_meshes/laser_link.STL
[5.217s] -- Installing: /home/ubuntu/my_n10_topic/workspace/install/wheeltec_robot_urdf/share/wheeltec_robot_urdf/meshes/mini_akm_meshes/left_link.STL
[5.224s] -- Installing: /home/ubuntu/my_n10_topic/workspace/install/wheeltec_robot_urdf/share/wheeltec_robot_urdf/meshes/mini_akm_meshes/rf_link.STL
[5.240s] -- Installing: /home/ubuntu/my_n10_topic/workspace/install/wheeltec_robot_urdf/share/wheeltec_robot_urdf/meshes/mini_akm_meshes/base_link.STL
[5.271s] -- Installing: /home/ubuntu/my_n10_topic/workspace/install/wheeltec_robot_urdf/share/wheeltec_robot_urdf/meshes/brushless_senior_diff_meshes
[5.271s] -- Installing: /home/ubuntu/my_n10_topic/workspace/install/wheeltec_robot_urdf/share/wheeltec_robot_urdf/meshes/brushless_senior_diff_meshes/controller_link.STL
[5.294s] -- Installing: /home/ubuntu/my_n10_topic/workspace/install/wheeltec_robot_urdf/share/wheeltec_robot_urdf/meshes/brushless_senior_diff_meshes/camera_link.STL
[5.300s] -- Installing: /home/ubuntu/my_n10_topic/workspace/install/wheeltec_robot_urdf/share/wheeltec_robot_urdf/meshes/brushless_senior_diff_meshes/rb_wheel_link.STL
[5.306s] -- Installing: /home/ubuntu/my_n10_topic/workspace/install/wheeltec_robot_urdf/share/wheeltec_robot_urdf/meshes/brushless_senior_diff_meshes/lb_wheel_link.STL
[5.320s] -- Installing: /home/ubuntu/my_n10_topic/workspace/install/wheeltec_robot_urdf/share/wheeltec_robot_urdf/meshes/brushless_senior_diff_meshes/laser.STL
[5.320s] -- Installing: /home/ubuntu/my_n10_topic/workspace/install/wheeltec_robot_urdf/share/wheeltec_robot_urdf/meshes/brushless_senior_diff_meshes/base_link.STL
[5.463s] -- Installing: /home/ubuntu/my_n10_topic/workspace/install/wheeltec_robot_urdf/share/wheeltec_robot_urdf/meshes/mini_tank_robot_meshes
[5.463s] -- Installing: /home/ubuntu/my_n10_topic/workspace/install/wheeltec_robot_urdf/share/wheeltec_robot_urdf/meshes/mini_tank_robot_meshes/right6_link.STL
[5.467s] -- Installing: /home/ubuntu/my_n10_topic/workspace/install/wheeltec_robot_urdf/share/wheeltec_robot_urdf/meshes/mini_tank_robot_meshes/right1_link.STL
[5.467s] -- Installing: /home/ubuntu/my_n10_topic/workspace/install/wheeltec_robot_urdf/share/wheeltec_robot_urdf/meshes/mini_tank_robot_meshes/right2_link.STL
[5.467s] -- Installing: /home/ubuntu/my_n10_topic/workspace/install/wheeltec_robot_urdf/share/wheeltec_robot_urdf/meshes/mini_tank_robot_meshes/controller_link.STL
[5.491s] -- Installing: /home/ubuntu/my_n10_topic/workspace/install/wheeltec_robot_urdf/share/wheeltec_robot_urdf/meshes/mini_tank_robot_meshes/right5_link.STL
[5.491s] -- Installing: /home/ubuntu/my_n10_topic/workspace/install/wheeltec_robot_urdf/share/wheeltec_robot_urdf/meshes/mini_tank_robot_meshes/right4_link.STL
[5.491s] -- Installing: /home/ubuntu/my_n10_topic/workspace/install/wheeltec_robot_urdf/share/wheeltec_robot_urdf/meshes/mini_tank_robot_meshes/camera_link.STL
[5.493s] -- Installing: /home/ubuntu/my_n10_topic/workspace/install/wheeltec_robot_urdf/share/wheeltec_robot_urdf/meshes/mini_tank_robot_meshes/left6_link.STL
[5.493s] -- Installing: /home/ubuntu/my_n10_topic/workspace/install/wheeltec_robot_urdf/share/wheeltec_robot_urdf/meshes/mini_tank_robot_meshes/right3_link.STL
[5.494s] -- Installing: /home/ubuntu/my_n10_topic/workspace/install/wheeltec_robot_urdf/share/wheeltec_robot_urdf/meshes/mini_tank_robot_meshes/left3_link.STL
[5.496s] -- Installing: /home/ubuntu/my_n10_topic/workspace/install/wheeltec_robot_urdf/share/wheeltec_robot_urdf/meshes/mini_tank_robot_meshes/left2_link.STL
[5.496s] -- Installing: /home/ubuntu/my_n10_topic/workspace/install/wheeltec_robot_urdf/share/wheeltec_robot_urdf/meshes/mini_tank_robot_meshes/left1_link.STL
[5.502s] -- Installing: /home/ubuntu/my_n10_topic/workspace/install/wheeltec_robot_urdf/share/wheeltec_robot_urdf/meshes/mini_tank_robot_meshes/laser.STL
[5.508s] -- Installing: /home/ubuntu/my_n10_topic/workspace/install/wheeltec_robot_urdf/share/wheeltec_robot_urdf/meshes/mini_tank_robot_meshes/left5_link.STL
[5.508s] -- Installing: /home/ubuntu/my_n10_topic/workspace/install/wheeltec_robot_urdf/share/wheeltec_robot_urdf/meshes/mini_tank_robot_meshes/left4_link.STL
[5.509s] -- Installing: /home/ubuntu/my_n10_topic/workspace/install/wheeltec_robot_urdf/share/wheeltec_robot_urdf/meshes/mini_tank_robot_meshes/base_link.STL
[5.515s] -- Installing: /home/ubuntu/my_n10_topic/workspace/install/wheeltec_robot_urdf/share/wheeltec_robot_urdf/meshes/senior_akm_robot_meshes
[5.515s] -- Installing: /home/ubuntu/my_n10_topic/workspace/install/wheeltec_robot_urdf/share/wheeltec_robot_urdf/meshes/senior_akm_robot_meshes/rf_wheel_link.STL
[5.543s] -- Installing: /home/ubuntu/my_n10_topic/workspace/install/wheeltec_robot_urdf/share/wheeltec_robot_urdf/meshes/senior_akm_robot_meshes/controller_link.STL
[5.543s] -- Installing: /home/ubuntu/my_n10_topic/workspace/install/wheeltec_robot_urdf/share/wheeltec_robot_urdf/meshes/senior_akm_robot_meshes/camera_link.STL
[5.548s] -- Installing: /home/ubuntu/my_n10_topic/workspace/install/wheeltec_robot_urdf/share/wheeltec_robot_urdf/meshes/senior_akm_robot_meshes/rb_wheel_link.STL
[5.567s] -- Installing: /home/ubuntu/my_n10_topic/workspace/install/wheeltec_robot_urdf/share/wheeltec_robot_urdf/meshes/senior_akm_robot_meshes/lb_wheel_link.STL
[5.575s] -- Installing: /home/ubuntu/my_n10_topic/workspace/install/wheeltec_robot_urdf/share/wheeltec_robot_urdf/meshes/senior_akm_robot_meshes/lf_wheel_link.STL
[5.593s] -- Installing: /home/ubuntu/my_n10_topic/workspace/install/wheeltec_robot_urdf/share/wheeltec_robot_urdf/meshes/senior_akm_robot_meshes/laser.STL
[5.597s] -- Installing: /home/ubuntu/my_n10_topic/workspace/install/wheeltec_robot_urdf/share/wheeltec_robot_urdf/meshes/senior_akm_robot_meshes/base_link.STL
[5.638s] -- Installing: /home/ubuntu/my_n10_topic/workspace/install/wheeltec_robot_urdf/share/wheeltec_robot_urdf/meshes/r3s_mec_robot_meshes
[5.639s] -- Installing: /home/ubuntu/my_n10_topic/workspace/install/wheeltec_robot_urdf/share/wheeltec_robot_urdf/meshes/r3s_mec_robot_meshes/rf_wheel_link.STL
[5.643s] -- Installing: /home/ubuntu/my_n10_topic/workspace/install/wheeltec_robot_urdf/share/wheeltec_robot_urdf/meshes/r3s_mec_robot_meshes/controller_link.STL
[5.645s] -- Installing: /home/ubuntu/my_n10_topic/workspace/install/wheeltec_robot_urdf/share/wheeltec_robot_urdf/meshes/r3s_mec_robot_meshes/camera_link.STL
[5.649s] -- Installing: /home/ubuntu/my_n10_topic/workspace/install/wheeltec_robot_urdf/share/wheeltec_robot_urdf/meshes/r3s_mec_robot_meshes/rb_wheel_link.STL
[5.652s] -- Installing: /home/ubuntu/my_n10_topic/workspace/install/wheeltec_robot_urdf/share/wheeltec_robot_urdf/meshes/r3s_mec_robot_meshes/lb_wheel_link.STL
[5.658s] -- Installing: /home/ubuntu/my_n10_topic/workspace/install/wheeltec_robot_urdf/share/wheeltec_robot_urdf/meshes/r3s_mec_robot_meshes/lf_wheel_link.STL
[5.661s] -- Installing: /home/ubuntu/my_n10_topic/workspace/install/wheeltec_robot_urdf/share/wheeltec_robot_urdf/meshes/r3s_mec_robot_meshes/laser.STL
[5.664s] -- Installing: /home/ubuntu/my_n10_topic/workspace/install/wheeltec_robot_urdf/share/wheeltec_robot_urdf/meshes/r3s_mec_robot_meshes/base_link.STL
[5.670s] -- Installing: /home/ubuntu/my_n10_topic/workspace/install/wheeltec_robot_urdf/share/wheeltec_robot_urdf/meshes/mini_4wd_moveit_four_meshes
[5.671s] -- Installing: /home/ubuntu/my_n10_topic/workspace/install/wheeltec_robot_urdf/share/wheeltec_robot_urdf/meshes/mini_4wd_moveit_four_meshes/rf_wheel_link.STL
[5.672s] -- Installing: /home/ubuntu/my_n10_topic/workspace/install/wheeltec_robot_urdf/share/wheeltec_robot_urdf/meshes/mini_4wd_moveit_four_meshes/j2_link.STL
[5.674s] -- Installing: /home/ubuntu/my_n10_topic/workspace/install/wheeltec_robot_urdf/share/wheeltec_robot_urdf/meshes/mini_4wd_moveit_four_meshes/j4_4_link.STL
[5.676s] -- Installing: /home/ubuntu/my_n10_topic/workspace/install/wheeltec_robot_urdf/share/wheeltec_robot_urdf/meshes/mini_4wd_moveit_four_meshes/j4_2_link.STL
[5.679s] -- Installing: /home/ubuntu/my_n10_topic/workspace/install/wheeltec_robot_urdf/share/wheeltec_robot_urdf/meshes/mini_4wd_moveit_four_meshes/j4_1_link.STL
[5.679s] -- Installing: /home/ubuntu/my_n10_topic/workspace/install/wheeltec_robot_urdf/share/wheeltec_robot_urdf/meshes/mini_4wd_moveit_four_meshes/j1_link.STL
[5.680s] -- Installing: /home/ubuntu/my_n10_topic/workspace/install/wheeltec_robot_urdf/share/wheeltec_robot_urdf/meshes/mini_4wd_moveit_four_meshes/controller_link.STL
[5.682s] -- Installing: /home/ubuntu/my_n10_topic/workspace/install/wheeltec_robot_urdf/share/wheeltec_robot_urdf/meshes/mini_4wd_moveit_four_meshes/camera_link.STL
[5.696s] -- Installing: /home/ubuntu/my_n10_topic/workspace/install/wheeltec_robot_urdf/share/wheeltec_robot_urdf/meshes/mini_4wd_moveit_four_meshes/rb_wheel_link.STL
[5.708s] -- Installing: /home/ubuntu/my_n10_topic/workspace/install/wheeltec_robot_urdf/share/wheeltec_robot_urdf/meshes/mini_4wd_moveit_four_meshes/lb_wheel_link.STL
[5.718s] -- Installing: /home/ubuntu/my_n10_topic/workspace/install/wheeltec_robot_urdf/share/wheeltec_robot_urdf/meshes/mini_4wd_moveit_four_meshes/j4_5_link.STL
[5.719s] -- Installing: /home/ubuntu/my_n10_topic/workspace/install/wheeltec_robot_urdf/share/wheeltec_robot_urdf/meshes/mini_4wd_moveit_four_meshes/j3_link.STL
[5.724s] -- Installing: /home/ubuntu/my_n10_topic/workspace/install/wheeltec_robot_urdf/share/wheeltec_robot_urdf/meshes/mini_4wd_moveit_four_meshes/arm_base_link.STL
[5.724s] -- Installing: /home/ubuntu/my_n10_topic/workspace/install/wheeltec_robot_urdf/share/wheeltec_robot_urdf/meshes/mini_4wd_moveit_four_meshes/lf_wheel_link.STL
[5.729s] -- Installing: /home/ubuntu/my_n10_topic/workspace/install/wheeltec_robot_urdf/share/wheeltec_robot_urdf/meshes/mini_4wd_moveit_four_meshes/laser.STL
[5.730s] -- Installing: /home/ubuntu/my_n10_topic/workspace/install/wheeltec_robot_urdf/share/wheeltec_robot_urdf/meshes/mini_4wd_moveit_four_meshes/display_link.STL
[5.733s] -- Installing: /home/ubuntu/my_n10_topic/workspace/install/wheeltec_robot_urdf/share/wheeltec_robot_urdf/meshes/mini_4wd_moveit_four_meshes/j4_3_link.STL
[5.734s] -- Installing: /home/ubuntu/my_n10_topic/workspace/install/wheeltec_robot_urdf/share/wheeltec_robot_urdf/meshes/mini_4wd_moveit_four_meshes/base_link.STL
[5.770s] -- Installing: /home/ubuntu/my_n10_topic/workspace/install/wheeltec_robot_urdf/share/wheeltec_robot_urdf/meshes/mini_4wd_moveit_four_meshes/j4_6_link.STL
[5.780s] -- Installing: /home/ubuntu/my_n10_topic/workspace/install/wheeltec_robot_urdf/share/wheeltec_robot_urdf/meshes/senior_mec_bs_robot_meshes
[5.780s] -- Installing: /home/ubuntu/my_n10_topic/workspace/install/wheeltec_robot_urdf/share/wheeltec_robot_urdf/meshes/senior_mec_bs_robot_meshes/rf_wheel_link.STL
[5.786s] -- Installing: /home/ubuntu/my_n10_topic/workspace/install/wheeltec_robot_urdf/share/wheeltec_robot_urdf/meshes/senior_mec_bs_robot_meshes/controller_link.STL
[5.847s] -- Installing: /home/ubuntu/my_n10_topic/workspace/install/wheeltec_robot_urdf/share/wheeltec_robot_urdf/meshes/senior_mec_bs_robot_meshes/camera_link.STL
[5.857s] -- Installing: /home/ubuntu/my_n10_topic/workspace/install/wheeltec_robot_urdf/share/wheeltec_robot_urdf/meshes/senior_mec_bs_robot_meshes/rb_wheel_link.STL
[5.872s] -- Installing: /home/ubuntu/my_n10_topic/workspace/install/wheeltec_robot_urdf/share/wheeltec_robot_urdf/meshes/senior_mec_bs_robot_meshes/lb_wheel_link.STL
[5.878s] -- Installing: /home/ubuntu/my_n10_topic/workspace/install/wheeltec_robot_urdf/share/wheeltec_robot_urdf/meshes/senior_mec_bs_robot_meshes/lf_wheel_link.STL
[5.890s] -- Installing: /home/ubuntu/my_n10_topic/workspace/install/wheeltec_robot_urdf/share/wheeltec_robot_urdf/meshes/senior_mec_bs_robot_meshes/laser.STL
[5.892s] -- Installing: /home/ubuntu/my_n10_topic/workspace/install/wheeltec_robot_urdf/share/wheeltec_robot_urdf/meshes/senior_mec_bs_robot_meshes/base_link.STL
[5.966s] -- Installing: /home/ubuntu/my_n10_topic/workspace/install/wheeltec_robot_urdf/share/wheeltec_robot_urdf/meshes/mini_mec_moveit_four_meshes
[5.969s] -- Installing: /home/ubuntu/my_n10_topic/workspace/install/wheeltec_robot_urdf/share/wheeltec_robot_urdf/meshes/mini_mec_moveit_four_meshes/rf_wheel_link.STL
[5.969s] -- Installing: /home/ubuntu/my_n10_topic/workspace/install/wheeltec_robot_urdf/share/wheeltec_robot_urdf/meshes/mini_mec_moveit_four_meshes/j2_link.STL
[5.969s] -- Installing: /home/ubuntu/my_n10_topic/workspace/install/wheeltec_robot_urdf/share/wheeltec_robot_urdf/meshes/mini_mec_moveit_four_meshes/j4_4_link.STL
[5.971s] -- Installing: /home/ubuntu/my_n10_topic/workspace/install/wheeltec_robot_urdf/share/wheeltec_robot_urdf/meshes/mini_mec_moveit_four_meshes/j4_2_link.STL
[5.971s] -- Installing: /home/ubuntu/my_n10_topic/workspace/install/wheeltec_robot_urdf/share/wheeltec_robot_urdf/meshes/mini_mec_moveit_four_meshes/j4_1_link.STL
[5.971s] -- Installing: /home/ubuntu/my_n10_topic/workspace/install/wheeltec_robot_urdf/share/wheeltec_robot_urdf/meshes/mini_mec_moveit_four_meshes/j1_link.STL
[5.974s] -- Installing: /home/ubuntu/my_n10_topic/workspace/install/wheeltec_robot_urdf/share/wheeltec_robot_urdf/meshes/mini_mec_moveit_four_meshes/controller_link.STL
[5.976s] -- Installing: /home/ubuntu/my_n10_topic/workspace/install/wheeltec_robot_urdf/share/wheeltec_robot_urdf/meshes/mini_mec_moveit_four_meshes/camera_link.STL
[5.983s] -- Installing: /home/ubuntu/my_n10_topic/workspace/install/wheeltec_robot_urdf/share/wheeltec_robot_urdf/meshes/mini_mec_moveit_four_meshes/rb_wheel_link.STL
[5.986s] -- Installing: /home/ubuntu/my_n10_topic/workspace/install/wheeltec_robot_urdf/share/wheeltec_robot_urdf/meshes/mini_mec_moveit_four_meshes/lb_wheel_link.STL
[5.990s] -- Installing: /home/ubuntu/my_n10_topic/workspace/install/wheeltec_robot_urdf/share/wheeltec_robot_urdf/meshes/mini_mec_moveit_four_meshes/j4_5_link.STL
[5.993s] -- Installing: /home/ubuntu/my_n10_topic/workspace/install/wheeltec_robot_urdf/share/wheeltec_robot_urdf/meshes/mini_mec_moveit_four_meshes/j3_link.STL
[5.993s] -- Installing: /home/ubuntu/my_n10_topic/workspace/install/wheeltec_robot_urdf/share/wheeltec_robot_urdf/meshes/mini_mec_moveit_four_meshes/arm_base_link.STL
[5.994s] -- Installing: /home/ubuntu/my_n10_topic/workspace/install/wheeltec_robot_urdf/share/wheeltec_robot_urdf/meshes/mini_mec_moveit_four_meshes/lf_wheel_link.STL
[5.999s] -- Installing: /home/ubuntu/my_n10_topic/workspace/install/wheeltec_robot_urdf/share/wheeltec_robot_urdf/meshes/mini_mec_moveit_four_meshes/laser.STL
[6.000s] -- Installing: /home/ubuntu/my_n10_topic/workspace/install/wheeltec_robot_urdf/share/wheeltec_robot_urdf/meshes/mini_mec_moveit_four_meshes/display_link.STL
[6.003s] -- Installing: /home/ubuntu/my_n10_topic/workspace/install/wheeltec_robot_urdf/share/wheeltec_robot_urdf/meshes/mini_mec_moveit_four_meshes/j4_3_link.STL
[6.008s] -- Installing: /home/ubuntu/my_n10_topic/workspace/install/wheeltec_robot_urdf/share/wheeltec_robot_urdf/meshes/mini_mec_moveit_four_meshes/base_link.STL
[6.058s] -- Installing: /home/ubuntu/my_n10_topic/workspace/install/wheeltec_robot_urdf/share/wheeltec_robot_urdf/meshes/mini_mec_moveit_four_meshes/j4_6_link.STL
[6.058s] -- Installing: /home/ubuntu/my_n10_topic/workspace/install/wheeltec_robot_urdf/share/wheeltec_robot_urdf/meshes/mini_mec_moveit_six_meshes
[6.058s] -- Installing: /home/ubuntu/my_n10_topic/workspace/install/wheeltec_robot_urdf/share/wheeltec_robot_urdf/meshes/mini_mec_moveit_six_meshes/rf_wheel_link.STL
[6.064s] -- Installing: /home/ubuntu/my_n10_topic/workspace/install/wheeltec_robot_urdf/share/wheeltec_robot_urdf/meshes/mini_mec_moveit_six_meshes/j2_link.STL
[6.067s] -- Installing: /home/ubuntu/my_n10_topic/workspace/install/wheeltec_robot_urdf/share/wheeltec_robot_urdf/meshes/mini_mec_moveit_six_meshes/j1_link.STL
[6.071s] -- Installing: /home/ubuntu/my_n10_topic/workspace/install/wheeltec_robot_urdf/share/wheeltec_robot_urdf/meshes/mini_mec_moveit_six_meshes/controller_link.STL
[6.084s] -- Installing: /home/ubuntu/my_n10_topic/workspace/install/wheeltec_robot_urdf/share/wheeltec_robot_urdf/meshes/mini_mec_moveit_six_meshes/camera_link.STL
[6.091s] -- Installing: /home/ubuntu/my_n10_topic/workspace/install/wheeltec_robot_urdf/share/wheeltec_robot_urdf/meshes/mini_mec_moveit_six_meshes/j5_2_link.STL
[6.091s] -- Installing: /home/ubuntu/my_n10_topic/workspace/install/wheeltec_robot_urdf/share/wheeltec_robot_urdf/meshes/mini_mec_moveit_six_meshes/j5_1_link.STL
[6.094s] -- Installing: /home/ubuntu/my_n10_topic/workspace/install/wheeltec_robot_urdf/share/wheeltec_robot_urdf/meshes/mini_mec_moveit_six_meshes/rb_wheel_link.STL
[6.101s] -- Installing: /home/ubuntu/my_n10_topic/workspace/install/wheeltec_robot_urdf/share/wheeltec_robot_urdf/meshes/mini_mec_moveit_six_meshes/j5_5_link.STL
[6.101s] -- Installing: /home/ubuntu/my_n10_topic/workspace/install/wheeltec_robot_urdf/share/wheeltec_robot_urdf/meshes/mini_mec_moveit_six_meshes/lb_wheel_link.STL
[6.106s] -- Installing: /home/ubuntu/my_n10_topic/workspace/install/wheeltec_robot_urdf/share/wheeltec_robot_urdf/meshes/mini_mec_moveit_six_meshes/j3_link.STL
[6.110s] -- Installing: /home/ubuntu/my_n10_topic/workspace/install/wheeltec_robot_urdf/share/wheeltec_robot_urdf/meshes/mini_mec_moveit_six_meshes/arm_base_link.STL
[6.111s] -- Installing: /home/ubuntu/my_n10_topic/workspace/install/wheeltec_robot_urdf/share/wheeltec_robot_urdf/meshes/mini_mec_moveit_six_meshes/lf_wheel_link.STL
[6.116s] -- Installing: /home/ubuntu/my_n10_topic/workspace/install/wheeltec_robot_urdf/share/wheeltec_robot_urdf/meshes/mini_mec_moveit_six_meshes/j5_6_link.STL
[6.116s] -- Installing: /home/ubuntu/my_n10_topic/workspace/install/wheeltec_robot_urdf/share/wheeltec_robot_urdf/meshes/mini_mec_moveit_six_meshes/j5_4_link.STL
[6.117s] -- Installing: /home/ubuntu/my_n10_topic/workspace/install/wheeltec_robot_urdf/share/wheeltec_robot_urdf/meshes/mini_mec_moveit_six_meshes/j4_link.STL
[6.122s] -- Installing: /home/ubuntu/my_n10_topic/workspace/install/wheeltec_robot_urdf/share/wheeltec_robot_urdf/meshes/mini_mec_moveit_six_meshes/laser.STL
[6.123s] -- Installing: /home/ubuntu/my_n10_topic/workspace/install/wheeltec_robot_urdf/share/wheeltec_robot_urdf/meshes/mini_mec_moveit_six_meshes/j5_3_link.STL
[6.124s] -- Installing: /home/ubuntu/my_n10_topic/workspace/install/wheeltec_robot_urdf/share/wheeltec_robot_urdf/meshes/mini_mec_moveit_six_meshes/display_link.STL
[6.125s] -- Installing: /home/ubuntu/my_n10_topic/workspace/install/wheeltec_robot_urdf/share/wheeltec_robot_urdf/meshes/mini_mec_moveit_six_meshes/base_link.STL
[6.138s] -- Installing: /home/ubuntu/my_n10_topic/workspace/install/wheeltec_robot_urdf/share/wheeltec_robot_urdf/meshes/flagship_mec_bs_robot_meshes
[6.139s] -- Installing: /home/ubuntu/my_n10_topic/workspace/install/wheeltec_robot_urdf/share/wheeltec_robot_urdf/meshes/flagship_mec_bs_robot_meshes/rf_wheel_link.STL
[6.147s] -- Installing: /home/ubuntu/my_n10_topic/workspace/install/wheeltec_robot_urdf/share/wheeltec_robot_urdf/meshes/flagship_mec_bs_robot_meshes/controller_link.STL
[6.160s] -- Installing: /home/ubuntu/my_n10_topic/workspace/install/wheeltec_robot_urdf/share/wheeltec_robot_urdf/meshes/flagship_mec_bs_robot_meshes/camera_link.STL
[6.165s] -- Installing: /home/ubuntu/my_n10_topic/workspace/install/wheeltec_robot_urdf/share/wheeltec_robot_urdf/meshes/flagship_mec_bs_robot_meshes/rb_wheel_link.STL
[6.172s] -- Installing: /home/ubuntu/my_n10_topic/workspace/install/wheeltec_robot_urdf/share/wheeltec_robot_urdf/meshes/flagship_mec_bs_robot_meshes/lb_wheel_link.STL
[6.177s] -- Installing: /home/ubuntu/my_n10_topic/workspace/install/wheeltec_robot_urdf/share/wheeltec_robot_urdf/meshes/flagship_mec_bs_robot_meshes/lf_wheel_link.STL
[6.183s] -- Installing: /home/ubuntu/my_n10_topic/workspace/install/wheeltec_robot_urdf/share/wheeltec_robot_urdf/meshes/flagship_mec_bs_robot_meshes/laser.STL
[6.191s] -- Installing: /home/ubuntu/my_n10_topic/workspace/install/wheeltec_robot_urdf/share/wheeltec_robot_urdf/meshes/flagship_mec_bs_robot_meshes/base_link.STL
[6.226s] -- Installing: /home/ubuntu/my_n10_topic/workspace/install/wheeltec_robot_urdf/share/wheeltec_robot_urdf/meshes/top_mec_bs_robot_meshes
[6.226s] -- Installing: /home/ubuntu/my_n10_topic/workspace/install/wheeltec_robot_urdf/share/wheeltec_robot_urdf/meshes/top_mec_bs_robot_meshes/rf_wheel_link.STL
[6.231s] -- Installing: /home/ubuntu/my_n10_topic/workspace/install/wheeltec_robot_urdf/share/wheeltec_robot_urdf/meshes/top_mec_bs_robot_meshes/controller_link.STL
[6.246s] -- Installing: /home/ubuntu/my_n10_topic/workspace/install/wheeltec_robot_urdf/share/wheeltec_robot_urdf/meshes/top_mec_bs_robot_meshes/camera_link.STL
[6.251s] -- Installing: /home/ubuntu/my_n10_topic/workspace/install/wheeltec_robot_urdf/share/wheeltec_robot_urdf/meshes/top_mec_bs_robot_meshes/rb_wheel_link.STL
[6.259s] -- Installing: /home/ubuntu/my_n10_topic/workspace/install/wheeltec_robot_urdf/share/wheeltec_robot_urdf/meshes/top_mec_bs_robot_meshes/lb_wheel_link.STL
[6.267s] -- Installing: /home/ubuntu/my_n10_topic/workspace/install/wheeltec_robot_urdf/share/wheeltec_robot_urdf/meshes/top_mec_bs_robot_meshes/lf_wheel_link.STL
[6.275s] -- Installing: /home/ubuntu/my_n10_topic/workspace/install/wheeltec_robot_urdf/share/wheeltec_robot_urdf/meshes/top_mec_bs_robot_meshes/laser.STL
[6.276s] -- Installing: /home/ubuntu/my_n10_topic/workspace/install/wheeltec_robot_urdf/share/wheeltec_robot_urdf/meshes/top_mec_bs_robot_meshes/base_link.STL
[6.329s] -- Installing: /home/ubuntu/my_n10_topic/workspace/install/wheeltec_robot_urdf/share/wheeltec_robot_urdf/rviz
[6.329s] -- Installing: /home/ubuntu/my_n10_topic/workspace/install/wheeltec_robot_urdf/share/wheeltec_robot_urdf/rviz/model.rviz
[6.340s] -- Installing: /home/ubuntu/my_n10_topic/workspace/install/wheeltec_robot_urdf/share/wheeltec_robot_urdf/urdf
[6.340s] -- Installing: /home/ubuntu/my_n10_topic/workspace/install/wheeltec_robot_urdf/share/wheeltec_robot_urdf/urdf/mini_tank_moveit_four.urdf
[6.340s] -- Installing: /home/ubuntu/my_n10_topic/workspace/install/wheeltec_robot_urdf/share/wheeltec_robot_urdf/urdf/flagship_4wd_bs_robot.urdf
[6.340s] -- Installing: /home/ubuntu/my_n10_topic/workspace/install/wheeltec_robot_urdf/share/wheeltec_robot_urdf/urdf/r3S_4wd_robot.urdf
[6.340s] -- Installing: /home/ubuntu/my_n10_topic/workspace/install/wheeltec_robot_urdf/share/wheeltec_robot_urdf/urdf/top_akm_dl_robot.urdf
[6.340s] -- Installing: /home/ubuntu/my_n10_topic/workspace/install/wheeltec_robot_urdf/share/wheeltec_robot_urdf/urdf/top_mec_EightDrive_robot.urdf
[6.341s] -- Installing: /home/ubuntu/my_n10_topic/workspace/install/wheeltec_robot_urdf/share/wheeltec_robot_urdf/urdf/flagship_mec_dl_robot.urdf
[6.341s] -- Installing: /home/ubuntu/my_n10_topic/workspace/install/wheeltec_robot_urdf/share/wheeltec_robot_urdf/urdf/s300_yw_robot.urdf
[6.341s] -- Installing: /home/ubuntu/my_n10_topic/workspace/install/wheeltec_robot_urdf/share/wheeltec_robot_urdf/urdf/mini_mec_moveit_four.urdf
[6.341s] -- Installing: /home/ubuntu/my_n10_topic/workspace/install/wheeltec_robot_urdf/share/wheeltec_robot_urdf/urdf/top_akm_bs_robot.urdf
[6.341s] -- Installing: /home/ubuntu/my_n10_topic/workspace/install/wheeltec_robot_urdf/share/wheeltec_robot_urdf/urdf/top_mec_bs_robot.urdf
[6.341s] -- Installing: /home/ubuntu/my_n10_topic/workspace/install/wheeltec_robot_urdf/share/wheeltec_robot_urdf/urdf/four_wheel_diff_bs_robot.urdf
[6.345s] -- Installing: /home/ubuntu/my_n10_topic/workspace/install/wheeltec_robot_urdf/share/wheeltec_robot_urdf/urdf/mini_akm_robot.urdf
[6.345s] -- Installing: /home/ubuntu/my_n10_topic/workspace/install/wheeltec_robot_urdf/share/wheeltec_robot_urdf/urdf/senior_4wd_dl_robot.urdf
[6.346s] -- Installing: /home/ubuntu/my_n10_topic/workspace/install/wheeltec_robot_urdf/share/wheeltec_robot_urdf/urdf/four_wheel_diff_dl_robot.urdf
[6.346s] -- Installing: /home/ubuntu/my_n10_topic/workspace/install/wheeltec_robot_urdf/share/wheeltec_robot_urdf/urdf/flagship_mec_bs_robot.urdf
[6.348s] -- Installing: /home/ubuntu/my_n10_topic/workspace/install/wheeltec_robot_urdf/share/wheeltec_robot_urdf/urdf/senior_mec_dl_robot.urdf
[6.348s] -- Installing: /home/ubuntu/my_n10_topic/workspace/install/wheeltec_robot_urdf/share/wheeltec_robot_urdf/urdf/senior_mec_bs_robot.urdf
[6.348s] -- Installing: /home/ubuntu/my_n10_topic/workspace/install/wheeltec_robot_urdf/share/wheeltec_robot_urdf/urdf/mini_mec_robot.urdf
[6.348s] -- Installing: /home/ubuntu/my_n10_topic/workspace/install/wheeltec_robot_urdf/share/wheeltec_robot_urdf/urdf/senior_diff_robot.urdf
[6.351s] -- Installing: /home/ubuntu/my_n10_topic/workspace/install/wheeltec_robot_urdf/share/wheeltec_robot_urdf/urdf/mini_4wd_moveit_four.urdf
[6.358s] -- Installing: /home/ubuntu/my_n10_topic/workspace/install/wheeltec_robot_urdf/share/wheeltec_robot_urdf/urdf/S100_diff_robot.urdf
[6.358s] -- Installing: /home/ubuntu/my_n10_topic/workspace/install/wheeltec_robot_urdf/share/wheeltec_robot_urdf/urdf/top_omni_robot.urdf
[6.358s] -- Installing: /home/ubuntu/my_n10_topic/workspace/install/wheeltec_robot_urdf/share/wheeltec_robot_urdf/urdf/top_4wd_dl_robot.urdf
[6.359s] -- Installing: /home/ubuntu/my_n10_topic/workspace/install/wheeltec_robot_urdf/share/wheeltec_robot_urdf/urdf/senior_4wd_bs_robot.urdf
[6.359s] -- Installing: /home/ubuntu/my_n10_topic/workspace/install/wheeltec_robot_urdf/share/wheeltec_robot_urdf/urdf/top_4wd_bs_robot.urdf
[6.359s] -- Installing: /home/ubuntu/my_n10_topic/workspace/install/wheeltec_robot_urdf/share/wheeltec_robot_urdf/urdf/mini_mec_moveit_six.urdf
[6.359s] -- Installing: /home/ubuntu/my_n10_topic/workspace/install/wheeltec_robot_urdf/share/wheeltec_robot_urdf/urdf/mini_4wd_robot.urdf
[6.359s] -- Installing: /home/ubuntu/my_n10_topic/workspace/install/wheeltec_robot_urdf/share/wheeltec_robot_urdf/urdf/flagship_4wd_dl_robot.urdf
[6.359s] -- Installing: /home/ubuntu/my_n10_topic/workspace/install/wheeltec_robot_urdf/share/wheeltec_robot_urdf/urdf/senior_omni_robot.urdf
[6.359s] -- Installing: /home/ubuntu/my_n10_topic/workspace/install/wheeltec_robot_urdf/share/wheeltec_robot_urdf/urdf/top_mec_dl_robot.urdf
[6.359s] -- Installing: /home/ubuntu/my_n10_topic/workspace/install/wheeltec_robot_urdf/share/wheeltec_robot_urdf/urdf/brushless_senior_diff.urdf
[6.360s] -- Installing: /home/ubuntu/my_n10_topic/workspace/install/wheeltec_robot_urdf/share/wheeltec_robot_urdf/urdf/s300_mini_robot.urdf
[6.361s] -- Installing: /home/ubuntu/my_n10_topic/workspace/install/wheeltec_robot_urdf/share/wheeltec_robot_urdf/urdf/mini_tank_robot.urdf
[6.362s] -- Installing: /home/ubuntu/my_n10_topic/workspace/install/wheeltec_robot_urdf/share/wheeltec_robot_urdf/urdf/senior_akm_robot.urdf
[6.362s] -- Installing: /home/ubuntu/my_n10_topic/workspace/install/wheeltec_robot_urdf/share/wheeltec_robot_urdf/urdf/mini_diff_robot.urdf
[6.363s] -- Installing: /home/ubuntu/my_n10_topic/workspace/install/wheeltec_robot_urdf/share/wheeltec_robot_urdf/urdf/mini_omni_robot.urdf
[6.364s] -- Installing: /home/ubuntu/my_n10_topic/workspace/install/wheeltec_robot_urdf/share/wheeltec_robot_urdf/urdf/r3s_mec_robot.urdf
[6.368s] -- Installing: /home/ubuntu/my_n10_topic/workspace/install/wheeltec_robot_urdf/share/ament_index/resource_index/package_run_dependencies/wheeltec_robot_urdf
[6.369s] -- Installing: /home/ubuntu/my_n10_topic/workspace/install/wheeltec_robot_urdf/share/ament_index/resource_index/parent_prefix_path/wheeltec_robot_urdf
[6.369s] -- Installing: /home/ubuntu/my_n10_topic/workspace/install/wheeltec_robot_urdf/share/wheeltec_robot_urdf/environment/ament_prefix_path.sh
[6.369s] -- Installing: /home/ubuntu/my_n10_topic/workspace/install/wheeltec_robot_urdf/share/wheeltec_robot_urdf/environment/ament_prefix_path.dsv
[6.369s] -- Installing: /home/ubuntu/my_n10_topic/workspace/install/wheeltec_robot_urdf/share/wheeltec_robot_urdf/environment/path.sh
[6.369s] -- Installing: /home/ubuntu/my_n10_topic/workspace/install/wheeltec_robot_urdf/share/wheeltec_robot_urdf/environment/path.dsv
[6.369s] -- Installing: /home/ubuntu/my_n10_topic/workspace/install/wheeltec_robot_urdf/share/wheeltec_robot_urdf/local_setup.bash
[6.370s] -- Installing: /home/ubuntu/my_n10_topic/workspace/install/wheeltec_robot_urdf/share/wheeltec_robot_urdf/local_setup.sh
[6.370s] -- Installing: /home/ubuntu/my_n10_topic/workspace/install/wheeltec_robot_urdf/share/wheeltec_robot_urdf/local_setup.zsh
[6.370s] -- Installing: /home/ubuntu/my_n10_topic/workspace/install/wheeltec_robot_urdf/share/wheeltec_robot_urdf/local_setup.dsv
[6.370s] -- Installing: /home/ubuntu/my_n10_topic/workspace/install/wheeltec_robot_urdf/share/wheeltec_robot_urdf/package.dsv
[6.371s] -- Installing: /home/ubuntu/my_n10_topic/workspace/install/wheeltec_robot_urdf/share/ament_index/resource_index/packages/wheeltec_robot_urdf
[6.371s] -- Installing: /home/ubuntu/my_n10_topic/workspace/install/wheeltec_robot_urdf/share/wheeltec_robot_urdf/cmake/wheeltec_robot_urdfConfig.cmake
[6.371s] -- Installing: /home/ubuntu/my_n10_topic/workspace/install/wheeltec_robot_urdf/share/wheeltec_robot_urdf/cmake/wheeltec_robot_urdfConfig-version.cmake
[6.371s] -- Installing: /home/ubuntu/my_n10_topic/workspace/install/wheeltec_robot_urdf/share/wheeltec_robot_urdf/package.xml
[6.378s] Invoked command in '/home/ubuntu/my_n10_topic/workspace/build/wheeltec_robot_urdf' returned '0': CMAKE_PREFIX_PATH=${CMAKE_PREFIX_PATH}:/opt/ros/humble /usr/bin/cmake --install /home/ubuntu/my_n10_topic/workspace/build/wheeltec_robot_urdf
