[35m[1mConsolidate compiler generated dependencies of target turn_on_wheeltec_robot__rosidl_generator_c[0m
[  2%] Built target turn_on_wheeltec_robot__cpp
[  5%] [32m[1mLinking C shared library libturn_on_wheeltec_robot__rosidl_generator_c.so[0m
[  8%] [32mBuilding CXX object CMakeFiles/wheeltec_robot_node.dir/src/wheeltec_robot.cpp.o[0m
[ 11%] [34m[1mGenerating C++ type support dispatch for ROS interfaces[0m
[ 11%] Built target ament_cmake_python_copy_turn_on_wheeltec_robot
[ 14%] [32mBuilding CXX object CMakeFiles/wheeltec_robot_node.dir/src/Quaternion_Solution.cpp.o[0m
[ 17%] [34m[1mGenerating C++ type support for eProsima Fast-RTPS[0m
[ 20%] [34m[1mGenerating C++ introspection for ROS interfaces[0m
[ 26%] Built target turn_on_wheeltec_robot__rosidl_generator_c
[ 29%] [34m[1mGenerating C introspection for ROS interfaces[0m
[ 32%] [34m[1mGenerating C type support dispatch for ROS interfaces[0m
[ 35%] [34m[1mGenerating C type support for eProsima Fast-RTPS[0m
[ 38%] [32mBuilding CXX object CMakeFiles/turn_on_wheeltec_robot__rosidl_typesupport_cpp.dir/rosidl_typesupport_cpp/turn_on_wheeltec_robot/msg/position__type_support.cpp.o[0m
[ 41%] [32mBuilding CXX object CMakeFiles/turn_on_wheeltec_robot__rosidl_typesupport_fastrtps_cpp.dir/rosidl_typesupport_fastrtps_cpp/turn_on_wheeltec_robot/msg/detail/dds_fastrtps/position__type_support.cpp.o[0m
[ 44%] [32mBuilding CXX object CMakeFiles/turn_on_wheeltec_robot__rosidl_typesupport_introspection_cpp.dir/rosidl_typesupport_introspection_cpp/turn_on_wheeltec_robot/msg/detail/position__type_support.cpp.o[0m
running egg_info
writing turn_on_wheeltec_robot.egg-info/PKG-INFO
writing dependency_links to turn_on_wheeltec_robot.egg-info/dependency_links.txt
writing top-level names to turn_on_wheeltec_robot.egg-info/top_level.txt
reading manifest file 'turn_on_wheeltec_robot.egg-info/SOURCES.txt'
writing manifest file 'turn_on_wheeltec_robot.egg-info/SOURCES.txt'
[ 47%] [32mBuilding CXX object CMakeFiles/turn_on_wheeltec_robot__rosidl_typesupport_c.dir/rosidl_typesupport_c/turn_on_wheeltec_robot/msg/position__type_support.cpp.o[0m
[ 50%] [32mBuilding C object CMakeFiles/turn_on_wheeltec_robot__rosidl_typesupport_introspection_c.dir/rosidl_typesupport_introspection_c/turn_on_wheeltec_robot/msg/detail/position__type_support.c.o[0m
[ 50%] Built target ament_cmake_python_build_turn_on_wheeltec_robot_egg
[ 52%] [32mBuilding CXX object CMakeFiles/turn_on_wheeltec_robot__rosidl_typesupport_fastrtps_c.dir/rosidl_typesupport_fastrtps_c/turn_on_wheeltec_robot/msg/detail/position__type_support_c.cpp.o[0m
[ 55%] [32m[1mLinking CXX shared library libturn_on_wheeltec_robot__rosidl_typesupport_c.so[0m
[ 58%] [32m[1mLinking C shared library libturn_on_wheeltec_robot__rosidl_typesupport_introspection_c.so[0m
[ 58%] Built target turn_on_wheeltec_robot__rosidl_typesupport_introspection_c
[ 58%] Built target turn_on_wheeltec_robot__rosidl_typesupport_c
[ 61%] [32m[1mLinking CXX shared library libturn_on_wheeltec_robot__rosidl_typesupport_cpp.so[0m
[ 61%] Built target turn_on_wheeltec_robot__rosidl_typesupport_cpp
[ 64%] [32m[1mLinking CXX shared library libturn_on_wheeltec_robot__rosidl_typesupport_fastrtps_cpp.so[0m
[ 67%] [32m[1mLinking CXX shared library libturn_on_wheeltec_robot__rosidl_typesupport_introspection_cpp.so[0m
[ 70%] [32m[1mLinking CXX shared library libturn_on_wheeltec_robot__rosidl_typesupport_fastrtps_c.so[0m
[ 70%] Built target turn_on_wheeltec_robot__rosidl_typesupport_introspection_cpp
[ 70%] Built target turn_on_wheeltec_robot__rosidl_typesupport_fastrtps_cpp
[ 70%] Built target turn_on_wheeltec_robot__rosidl_typesupport_fastrtps_c
[ 70%] Built target turn_on_wheeltec_robot
[ 73%] [34m[1mGenerating Python code for ROS interfaces[0m
[ 73%] Built target turn_on_wheeltec_robot__py
[ 76%] [32mBuilding C object CMakeFiles/turn_on_wheeltec_robot__rosidl_generator_py.dir/rosidl_generator_py/turn_on_wheeltec_robot/msg/_position_s.c.o[0m
[ 79%] [32m[1mLinking C shared library rosidl_generator_py/turn_on_wheeltec_robot/libturn_on_wheeltec_robot__rosidl_generator_py.so[0m
[ 79%] Built target turn_on_wheeltec_robot__rosidl_generator_py
[ 82%] [32mBuilding C object CMakeFiles/turn_on_wheeltec_robot__rosidl_typesupport_fastrtps_c__pyext.dir/rosidl_generator_py/turn_on_wheeltec_robot/_turn_on_wheeltec_robot_s.ep.rosidl_typesupport_fastrtps_c.c.o[0m
[ 85%] [32mBuilding C object CMakeFiles/turn_on_wheeltec_robot__rosidl_typesupport_introspection_c__pyext.dir/rosidl_generator_py/turn_on_wheeltec_robot/_turn_on_wheeltec_robot_s.ep.rosidl_typesupport_introspection_c.c.o[0m
[ 88%] [32mBuilding C object CMakeFiles/turn_on_wheeltec_robot__rosidl_typesupport_c__pyext.dir/rosidl_generator_py/turn_on_wheeltec_robot/_turn_on_wheeltec_robot_s.ep.rosidl_typesupport_c.c.o[0m
[ 91%] [32m[1mLinking C shared library rosidl_generator_py/turn_on_wheeltec_robot/turn_on_wheeltec_robot_s__rosidl_typesupport_fastrtps_c.cpython-310-x86_64-linux-gnu.so[0m
[ 94%] [32m[1mLinking C shared library rosidl_generator_py/turn_on_wheeltec_robot/turn_on_wheeltec_robot_s__rosidl_typesupport_introspection_c.cpython-310-x86_64-linux-gnu.so[0m
[ 97%] [32m[1mLinking C shared library rosidl_generator_py/turn_on_wheeltec_robot/turn_on_wheeltec_robot_s__rosidl_typesupport_c.cpython-310-x86_64-linux-gnu.so[0m
[ 97%] Built target turn_on_wheeltec_robot__rosidl_typesupport_fastrtps_c__pyext
[ 97%] Built target turn_on_wheeltec_robot__rosidl_typesupport_introspection_c__pyext
[ 97%] Built target turn_on_wheeltec_robot__rosidl_typesupport_c__pyext
[100%] [32m[1mLinking CXX executable wheeltec_robot_node[0m
[100%] Built target wheeltec_robot_node
-- Install configuration: ""
-- Installing: /home/ubuntu/my_n10_topic/workspace/install/turn_on_wheeltec_robot/share/ament_index/resource_index/rosidl_interfaces/turn_on_wheeltec_robot
-- Installing: /home/ubuntu/my_n10_topic/workspace/install/turn_on_wheeltec_robot/include/turn_on_wheeltec_robot/turn_on_wheeltec_robot
-- Installing: /home/ubuntu/my_n10_topic/workspace/install/turn_on_wheeltec_robot/include/turn_on_wheeltec_robot/turn_on_wheeltec_robot/msg
-- Installing: /home/ubuntu/my_n10_topic/workspace/install/turn_on_wheeltec_robot/include/turn_on_wheeltec_robot/turn_on_wheeltec_robot/msg/rosidl_generator_c__visibility_control.h
-- Installing: /home/ubuntu/my_n10_topic/workspace/install/turn_on_wheeltec_robot/include/turn_on_wheeltec_robot/turn_on_wheeltec_robot/msg/position.h
-- Installing: /home/ubuntu/my_n10_topic/workspace/install/turn_on_wheeltec_robot/include/turn_on_wheeltec_robot/turn_on_wheeltec_robot/msg/detail
-- Installing: /home/ubuntu/my_n10_topic/workspace/install/turn_on_wheeltec_robot/include/turn_on_wheeltec_robot/turn_on_wheeltec_robot/msg/detail/position__struct.h
-- Installing: /home/ubuntu/my_n10_topic/workspace/install/turn_on_wheeltec_robot/include/turn_on_wheeltec_robot/turn_on_wheeltec_robot/msg/detail/position__type_support.h
-- Installing: /home/ubuntu/my_n10_topic/workspace/install/turn_on_wheeltec_robot/include/turn_on_wheeltec_robot/turn_on_wheeltec_robot/msg/detail/position__functions.c
-- Installing: /home/ubuntu/my_n10_topic/workspace/install/turn_on_wheeltec_robot/include/turn_on_wheeltec_robot/turn_on_wheeltec_robot/msg/detail/position__functions.h
-- Installing: /home/ubuntu/my_n10_topic/workspace/install/turn_on_wheeltec_robot/share/turn_on_wheeltec_robot/environment/library_path.sh
-- Installing: /home/ubuntu/my_n10_topic/workspace/install/turn_on_wheeltec_robot/share/turn_on_wheeltec_robot/environment/library_path.dsv
-- Installing: /home/ubuntu/my_n10_topic/workspace/install/turn_on_wheeltec_robot/lib/libturn_on_wheeltec_robot__rosidl_generator_c.so
-- Set runtime path of "/home/ubuntu/my_n10_topic/workspace/install/turn_on_wheeltec_robot/lib/libturn_on_wheeltec_robot__rosidl_generator_c.so" to ""
-- Up-to-date: /home/ubuntu/my_n10_topic/workspace/install/turn_on_wheeltec_robot/include/turn_on_wheeltec_robot/turn_on_wheeltec_robot
-- Up-to-date: /home/ubuntu/my_n10_topic/workspace/install/turn_on_wheeltec_robot/include/turn_on_wheeltec_robot/turn_on_wheeltec_robot/msg
-- Up-to-date: /home/ubuntu/my_n10_topic/workspace/install/turn_on_wheeltec_robot/include/turn_on_wheeltec_robot/turn_on_wheeltec_robot/msg/detail
-- Installing: /home/ubuntu/my_n10_topic/workspace/install/turn_on_wheeltec_robot/include/turn_on_wheeltec_robot/turn_on_wheeltec_robot/msg/detail/position__rosidl_typesupport_fastrtps_c.h
-- Installing: /home/ubuntu/my_n10_topic/workspace/install/turn_on_wheeltec_robot/include/turn_on_wheeltec_robot/turn_on_wheeltec_robot/msg/rosidl_typesupport_fastrtps_c__visibility_control.h
-- Installing: /home/ubuntu/my_n10_topic/workspace/install/turn_on_wheeltec_robot/lib/libturn_on_wheeltec_robot__rosidl_typesupport_fastrtps_c.so
-- Set runtime path of "/home/ubuntu/my_n10_topic/workspace/install/turn_on_wheeltec_robot/lib/libturn_on_wheeltec_robot__rosidl_typesupport_fastrtps_c.so" to ""
-- Up-to-date: /home/ubuntu/my_n10_topic/workspace/install/turn_on_wheeltec_robot/include/turn_on_wheeltec_robot/turn_on_wheeltec_robot
-- Up-to-date: /home/ubuntu/my_n10_topic/workspace/install/turn_on_wheeltec_robot/include/turn_on_wheeltec_robot/turn_on_wheeltec_robot/msg
-- Up-to-date: /home/ubuntu/my_n10_topic/workspace/install/turn_on_wheeltec_robot/include/turn_on_wheeltec_robot/turn_on_wheeltec_robot/msg/detail
-- Installing: /home/ubuntu/my_n10_topic/workspace/install/turn_on_wheeltec_robot/include/turn_on_wheeltec_robot/turn_on_wheeltec_robot/msg/detail/position__traits.hpp
-- Installing: /home/ubuntu/my_n10_topic/workspace/install/turn_on_wheeltec_robot/include/turn_on_wheeltec_robot/turn_on_wheeltec_robot/msg/detail/position__builder.hpp
-- Installing: /home/ubuntu/my_n10_topic/workspace/install/turn_on_wheeltec_robot/include/turn_on_wheeltec_robot/turn_on_wheeltec_robot/msg/detail/position__struct.hpp
-- Installing: /home/ubuntu/my_n10_topic/workspace/install/turn_on_wheeltec_robot/include/turn_on_wheeltec_robot/turn_on_wheeltec_robot/msg/detail/position__type_support.hpp
-- Installing: /home/ubuntu/my_n10_topic/workspace/install/turn_on_wheeltec_robot/include/turn_on_wheeltec_robot/turn_on_wheeltec_robot/msg/position.hpp
-- Installing: /home/ubuntu/my_n10_topic/workspace/install/turn_on_wheeltec_robot/include/turn_on_wheeltec_robot/turn_on_wheeltec_robot/msg/rosidl_generator_cpp__visibility_control.hpp
-- Up-to-date: /home/ubuntu/my_n10_topic/workspace/install/turn_on_wheeltec_robot/include/turn_on_wheeltec_robot/turn_on_wheeltec_robot
-- Up-to-date: /home/ubuntu/my_n10_topic/workspace/install/turn_on_wheeltec_robot/include/turn_on_wheeltec_robot/turn_on_wheeltec_robot/msg
-- Installing: /home/ubuntu/my_n10_topic/workspace/install/turn_on_wheeltec_robot/include/turn_on_wheeltec_robot/turn_on_wheeltec_robot/msg/rosidl_typesupport_fastrtps_cpp__visibility_control.h
-- Up-to-date: /home/ubuntu/my_n10_topic/workspace/install/turn_on_wheeltec_robot/include/turn_on_wheeltec_robot/turn_on_wheeltec_robot/msg/detail
-- Installing: /home/ubuntu/my_n10_topic/workspace/install/turn_on_wheeltec_robot/include/turn_on_wheeltec_robot/turn_on_wheeltec_robot/msg/detail/dds_fastrtps
-- Installing: /home/ubuntu/my_n10_topic/workspace/install/turn_on_wheeltec_robot/include/turn_on_wheeltec_robot/turn_on_wheeltec_robot/msg/detail/position__rosidl_typesupport_fastrtps_cpp.hpp
-- Installing: /home/ubuntu/my_n10_topic/workspace/install/turn_on_wheeltec_robot/lib/libturn_on_wheeltec_robot__rosidl_typesupport_fastrtps_cpp.so
-- Set runtime path of "/home/ubuntu/my_n10_topic/workspace/install/turn_on_wheeltec_robot/lib/libturn_on_wheeltec_robot__rosidl_typesupport_fastrtps_cpp.so" to ""
-- Up-to-date: /home/ubuntu/my_n10_topic/workspace/install/turn_on_wheeltec_robot/include/turn_on_wheeltec_robot/turn_on_wheeltec_robot
-- Up-to-date: /home/ubuntu/my_n10_topic/workspace/install/turn_on_wheeltec_robot/include/turn_on_wheeltec_robot/turn_on_wheeltec_robot/msg
-- Installing: /home/ubuntu/my_n10_topic/workspace/install/turn_on_wheeltec_robot/include/turn_on_wheeltec_robot/turn_on_wheeltec_robot/msg/rosidl_typesupport_introspection_c__visibility_control.h
-- Up-to-date: /home/ubuntu/my_n10_topic/workspace/install/turn_on_wheeltec_robot/include/turn_on_wheeltec_robot/turn_on_wheeltec_robot/msg/detail
-- Installing: /home/ubuntu/my_n10_topic/workspace/install/turn_on_wheeltec_robot/include/turn_on_wheeltec_robot/turn_on_wheeltec_robot/msg/detail/position__type_support.c
-- Installing: /home/ubuntu/my_n10_topic/workspace/install/turn_on_wheeltec_robot/include/turn_on_wheeltec_robot/turn_on_wheeltec_robot/msg/detail/position__rosidl_typesupport_introspection_c.h
-- Installing: /home/ubuntu/my_n10_topic/workspace/install/turn_on_wheeltec_robot/lib/libturn_on_wheeltec_robot__rosidl_typesupport_introspection_c.so
-- Set runtime path of "/home/ubuntu/my_n10_topic/workspace/install/turn_on_wheeltec_robot/lib/libturn_on_wheeltec_robot__rosidl_typesupport_introspection_c.so" to ""
-- Installing: /home/ubuntu/my_n10_topic/workspace/install/turn_on_wheeltec_robot/lib/libturn_on_wheeltec_robot__rosidl_typesupport_c.so
-- Set runtime path of "/home/ubuntu/my_n10_topic/workspace/install/turn_on_wheeltec_robot/lib/libturn_on_wheeltec_robot__rosidl_typesupport_c.so" to ""
-- Up-to-date: /home/ubuntu/my_n10_topic/workspace/install/turn_on_wheeltec_robot/include/turn_on_wheeltec_robot/turn_on_wheeltec_robot
-- Up-to-date: /home/ubuntu/my_n10_topic/workspace/install/turn_on_wheeltec_robot/include/turn_on_wheeltec_robot/turn_on_wheeltec_robot/msg
-- Up-to-date: /home/ubuntu/my_n10_topic/workspace/install/turn_on_wheeltec_robot/include/turn_on_wheeltec_robot/turn_on_wheeltec_robot/msg/detail
-- Installing: /home/ubuntu/my_n10_topic/workspace/install/turn_on_wheeltec_robot/include/turn_on_wheeltec_robot/turn_on_wheeltec_robot/msg/detail/position__rosidl_typesupport_introspection_cpp.hpp
-- Installing: /home/ubuntu/my_n10_topic/workspace/install/turn_on_wheeltec_robot/include/turn_on_wheeltec_robot/turn_on_wheeltec_robot/msg/detail/position__type_support.cpp
-- Installing: /home/ubuntu/my_n10_topic/workspace/install/turn_on_wheeltec_robot/lib/libturn_on_wheeltec_robot__rosidl_typesupport_introspection_cpp.so
-- Set runtime path of "/home/ubuntu/my_n10_topic/workspace/install/turn_on_wheeltec_robot/lib/libturn_on_wheeltec_robot__rosidl_typesupport_introspection_cpp.so" to ""
-- Installing: /home/ubuntu/my_n10_topic/workspace/install/turn_on_wheeltec_robot/lib/libturn_on_wheeltec_robot__rosidl_typesupport_cpp.so
-- Set runtime path of "/home/ubuntu/my_n10_topic/workspace/install/turn_on_wheeltec_robot/lib/libturn_on_wheeltec_robot__rosidl_typesupport_cpp.so" to ""
-- Installing: /home/ubuntu/my_n10_topic/workspace/install/turn_on_wheeltec_robot/share/turn_on_wheeltec_robot/environment/pythonpath.sh
-- Installing: /home/ubuntu/my_n10_topic/workspace/install/turn_on_wheeltec_robot/share/turn_on_wheeltec_robot/environment/pythonpath.dsv
-- Installing: /home/ubuntu/my_n10_topic/workspace/install/turn_on_wheeltec_robot/local/lib/python3.10/dist-packages/turn_on_wheeltec_robot-0.0.0-py3.10.egg-info
-- Installing: /home/ubuntu/my_n10_topic/workspace/install/turn_on_wheeltec_robot/local/lib/python3.10/dist-packages/turn_on_wheeltec_robot-0.0.0-py3.10.egg-info/dependency_links.txt
-- Installing: /home/ubuntu/my_n10_topic/workspace/install/turn_on_wheeltec_robot/local/lib/python3.10/dist-packages/turn_on_wheeltec_robot-0.0.0-py3.10.egg-info/PKG-INFO
-- Installing: /home/ubuntu/my_n10_topic/workspace/install/turn_on_wheeltec_robot/local/lib/python3.10/dist-packages/turn_on_wheeltec_robot-0.0.0-py3.10.egg-info/SOURCES.txt
-- Installing: /home/ubuntu/my_n10_topic/workspace/install/turn_on_wheeltec_robot/local/lib/python3.10/dist-packages/turn_on_wheeltec_robot-0.0.0-py3.10.egg-info/top_level.txt
-- Installing: /home/ubuntu/my_n10_topic/workspace/install/turn_on_wheeltec_robot/local/lib/python3.10/dist-packages/turn_on_wheeltec_robot
-- Installing: /home/ubuntu/my_n10_topic/workspace/install/turn_on_wheeltec_robot/local/lib/python3.10/dist-packages/turn_on_wheeltec_robot/__init__.py
-- Installing: /home/ubuntu/my_n10_topic/workspace/install/turn_on_wheeltec_robot/local/lib/python3.10/dist-packages/turn_on_wheeltec_robot/turn_on_wheeltec_robot_s__rosidl_typesupport_c.cpython-310-x86_64-linux-gnu.so
-- Installing: /home/ubuntu/my_n10_topic/workspace/install/turn_on_wheeltec_robot/local/lib/python3.10/dist-packages/turn_on_wheeltec_robot/_turn_on_wheeltec_robot_s.ep.rosidl_typesupport_fastrtps_c.c
-- Installing: /home/ubuntu/my_n10_topic/workspace/install/turn_on_wheeltec_robot/local/lib/python3.10/dist-packages/turn_on_wheeltec_robot/_turn_on_wheeltec_robot_s.ep.rosidl_typesupport_c.c
-- Installing: /home/ubuntu/my_n10_topic/workspace/install/turn_on_wheeltec_robot/local/lib/python3.10/dist-packages/turn_on_wheeltec_robot/_turn_on_wheeltec_robot_s.ep.rosidl_typesupport_introspection_c.c
-- Installing: /home/ubuntu/my_n10_topic/workspace/install/turn_on_wheeltec_robot/local/lib/python3.10/dist-packages/turn_on_wheeltec_robot/msg
-- Installing: /home/ubuntu/my_n10_topic/workspace/install/turn_on_wheeltec_robot/local/lib/python3.10/dist-packages/turn_on_wheeltec_robot/msg/__init__.py
-- Installing: /home/ubuntu/my_n10_topic/workspace/install/turn_on_wheeltec_robot/local/lib/python3.10/dist-packages/turn_on_wheeltec_robot/msg/_position.py
-- Installing: /home/ubuntu/my_n10_topic/workspace/install/turn_on_wheeltec_robot/local/lib/python3.10/dist-packages/turn_on_wheeltec_robot/msg/_position_s.c
-- Installing: /home/ubuntu/my_n10_topic/workspace/install/turn_on_wheeltec_robot/local/lib/python3.10/dist-packages/turn_on_wheeltec_robot/turn_on_wheeltec_robot_s__rosidl_typesupport_fastrtps_c.cpython-310-x86_64-linux-gnu.so
-- Installing: /home/ubuntu/my_n10_topic/workspace/install/turn_on_wheeltec_robot/local/lib/python3.10/dist-packages/turn_on_wheeltec_robot/libturn_on_wheeltec_robot__rosidl_generator_py.so
-- Installing: /home/ubuntu/my_n10_topic/workspace/install/turn_on_wheeltec_robot/local/lib/python3.10/dist-packages/turn_on_wheeltec_robot/turn_on_wheeltec_robot_s__rosidl_typesupport_introspection_c.cpython-310-x86_64-linux-gnu.so
Listing '/home/ubuntu/my_n10_topic/workspace/install/turn_on_wheeltec_robot/local/lib/python3.10/dist-packages/turn_on_wheeltec_robot'...
Compiling '/home/ubuntu/my_n10_topic/workspace/install/turn_on_wheeltec_robot/local/lib/python3.10/dist-packages/turn_on_wheeltec_robot/__init__.py'...
Listing '/home/ubuntu/my_n10_topic/workspace/install/turn_on_wheeltec_robot/local/lib/python3.10/dist-packages/turn_on_wheeltec_robot/msg'...
Compiling '/home/ubuntu/my_n10_topic/workspace/install/turn_on_wheeltec_robot/local/lib/python3.10/dist-packages/turn_on_wheeltec_robot/msg/__init__.py'...
Compiling '/home/ubuntu/my_n10_topic/workspace/install/turn_on_wheeltec_robot/local/lib/python3.10/dist-packages/turn_on_wheeltec_robot/msg/_position.py'...
-- Installing: /home/ubuntu/my_n10_topic/workspace/install/turn_on_wheeltec_robot/local/lib/python3.10/dist-packages/turn_on_wheeltec_robot/turn_on_wheeltec_robot_s__rosidl_typesupport_fastrtps_c.cpython-310-x86_64-linux-gnu.so
-- Set runtime path of "/home/ubuntu/my_n10_topic/workspace/install/turn_on_wheeltec_robot/local/lib/python3.10/dist-packages/turn_on_wheeltec_robot/turn_on_wheeltec_robot_s__rosidl_typesupport_fastrtps_c.cpython-310-x86_64-linux-gnu.so" to ""
-- Installing: /home/ubuntu/my_n10_topic/workspace/install/turn_on_wheeltec_robot/local/lib/python3.10/dist-packages/turn_on_wheeltec_robot/turn_on_wheeltec_robot_s__rosidl_typesupport_introspection_c.cpython-310-x86_64-linux-gnu.so
-- Set runtime path of "/home/ubuntu/my_n10_topic/workspace/install/turn_on_wheeltec_robot/local/lib/python3.10/dist-packages/turn_on_wheeltec_robot/turn_on_wheeltec_robot_s__rosidl_typesupport_introspection_c.cpython-310-x86_64-linux-gnu.so" to ""
-- Installing: /home/ubuntu/my_n10_topic/workspace/install/turn_on_wheeltec_robot/local/lib/python3.10/dist-packages/turn_on_wheeltec_robot/turn_on_wheeltec_robot_s__rosidl_typesupport_c.cpython-310-x86_64-linux-gnu.so
-- Set runtime path of "/home/ubuntu/my_n10_topic/workspace/install/turn_on_wheeltec_robot/local/lib/python3.10/dist-packages/turn_on_wheeltec_robot/turn_on_wheeltec_robot_s__rosidl_typesupport_c.cpython-310-x86_64-linux-gnu.so" to ""
-- Installing: /home/ubuntu/my_n10_topic/workspace/install/turn_on_wheeltec_robot/lib/libturn_on_wheeltec_robot__rosidl_generator_py.so
-- Set runtime path of "/home/ubuntu/my_n10_topic/workspace/install/turn_on_wheeltec_robot/lib/libturn_on_wheeltec_robot__rosidl_generator_py.so" to ""
-- Installing: /home/ubuntu/my_n10_topic/workspace/install/turn_on_wheeltec_robot/share/turn_on_wheeltec_robot/msg/Position.idl
-- Installing: /home/ubuntu/my_n10_topic/workspace/install/turn_on_wheeltec_robot/share/turn_on_wheeltec_robot/msg/Position.msg
-- Installing: /home/ubuntu/my_n10_topic/workspace/install/turn_on_wheeltec_robot/lib/turn_on_wheeltec_robot/wheeltec_robot_node
-- Set runtime path of "/home/ubuntu/my_n10_topic/workspace/install/turn_on_wheeltec_robot/lib/turn_on_wheeltec_robot/wheeltec_robot_node" to ""
-- Installing: /home/ubuntu/my_n10_topic/workspace/install/turn_on_wheeltec_robot/share/turn_on_wheeltec_robot/launch
-- Installing: /home/ubuntu/my_n10_topic/workspace/install/turn_on_wheeltec_robot/share/turn_on_wheeltec_robot/launch/robot_mode_description.launch.py
-- Installing: /home/ubuntu/my_n10_topic/workspace/install/turn_on_wheeltec_robot/share/turn_on_wheeltec_robot/launch/wheeltec_sensors.launch.py
-- Installing: /home/ubuntu/my_n10_topic/workspace/install/turn_on_wheeltec_robot/share/turn_on_wheeltec_robot/launch/wheeltec_camera.launch.py
-- Installing: /home/ubuntu/my_n10_topic/workspace/install/turn_on_wheeltec_robot/share/turn_on_wheeltec_robot/launch/turn_on_wheeltec_robot.launch.py
-- Installing: /home/ubuntu/my_n10_topic/workspace/install/turn_on_wheeltec_robot/share/turn_on_wheeltec_robot/launch/wheeltec_lidar.launch.py
-- Installing: /home/ubuntu/my_n10_topic/workspace/install/turn_on_wheeltec_robot/share/turn_on_wheeltec_robot/launch/__pycache__
-- Installing: /home/ubuntu/my_n10_topic/workspace/install/turn_on_wheeltec_robot/share/turn_on_wheeltec_robot/launch/__pycache__/testtwo.launch.cpython-38.pyc
-- Installing: /home/ubuntu/my_n10_topic/workspace/install/turn_on_wheeltec_robot/share/turn_on_wheeltec_robot/launch/wheeltec_ekf.launch.py
-- Installing: /home/ubuntu/my_n10_topic/workspace/install/turn_on_wheeltec_robot/share/turn_on_wheeltec_robot/launch/include
-- Installing: /home/ubuntu/my_n10_topic/workspace/install/turn_on_wheeltec_robot/share/turn_on_wheeltec_robot/launch/include/turn_on_wheeltec_robot_h30imu.launch.py
-- Installing: /home/ubuntu/my_n10_topic/workspace/install/turn_on_wheeltec_robot/share/turn_on_wheeltec_robot/launch/include/base_serial_h30imu.launch.py
-- Installing: /home/ubuntu/my_n10_topic/workspace/install/turn_on_wheeltec_robot/share/turn_on_wheeltec_robot/launch/robot_mode_description_minibot.launch.py
-- Installing: /home/ubuntu/my_n10_topic/workspace/install/turn_on_wheeltec_robot/share/turn_on_wheeltec_robot/launch/base_serial.launch.py
-- Installing: /home/ubuntu/my_n10_topic/workspace/install/turn_on_wheeltec_robot/share/turn_on_wheeltec_robot/config
-- Installing: /home/ubuntu/my_n10_topic/workspace/install/turn_on_wheeltec_robot/share/turn_on_wheeltec_robot/config/ekf_carto.yaml
-- Installing: /home/ubuntu/my_n10_topic/workspace/install/turn_on_wheeltec_robot/share/turn_on_wheeltec_robot/config/camera_info.yaml
-- Installing: /home/ubuntu/my_n10_topic/workspace/install/turn_on_wheeltec_robot/share/turn_on_wheeltec_robot/config/ekf.yaml
-- Installing: /home/ubuntu/my_n10_topic/workspace/install/turn_on_wheeltec_robot/share/turn_on_wheeltec_robot/config/imu.yaml
-- Installing: /home/ubuntu/my_n10_topic/workspace/install/turn_on_wheeltec_robot/share/ament_index/resource_index/package_run_dependencies/turn_on_wheeltec_robot
-- Installing: /home/ubuntu/my_n10_topic/workspace/install/turn_on_wheeltec_robot/share/ament_index/resource_index/parent_prefix_path/turn_on_wheeltec_robot
-- Installing: /home/ubuntu/my_n10_topic/workspace/install/turn_on_wheeltec_robot/share/turn_on_wheeltec_robot/environment/ament_prefix_path.sh
-- Installing: /home/ubuntu/my_n10_topic/workspace/install/turn_on_wheeltec_robot/share/turn_on_wheeltec_robot/environment/ament_prefix_path.dsv
-- Installing: /home/ubuntu/my_n10_topic/workspace/install/turn_on_wheeltec_robot/share/turn_on_wheeltec_robot/environment/path.sh
-- Installing: /home/ubuntu/my_n10_topic/workspace/install/turn_on_wheeltec_robot/share/turn_on_wheeltec_robot/environment/path.dsv
-- Installing: /home/ubuntu/my_n10_topic/workspace/install/turn_on_wheeltec_robot/share/turn_on_wheeltec_robot/local_setup.bash
-- Installing: /home/ubuntu/my_n10_topic/workspace/install/turn_on_wheeltec_robot/share/turn_on_wheeltec_robot/local_setup.sh
-- Installing: /home/ubuntu/my_n10_topic/workspace/install/turn_on_wheeltec_robot/share/turn_on_wheeltec_robot/local_setup.zsh
-- Installing: /home/ubuntu/my_n10_topic/workspace/install/turn_on_wheeltec_robot/share/turn_on_wheeltec_robot/local_setup.dsv
-- Installing: /home/ubuntu/my_n10_topic/workspace/install/turn_on_wheeltec_robot/share/turn_on_wheeltec_robot/package.dsv
-- Installing: /home/ubuntu/my_n10_topic/workspace/install/turn_on_wheeltec_robot/share/ament_index/resource_index/packages/turn_on_wheeltec_robot
-- Installing: /home/ubuntu/my_n10_topic/workspace/install/turn_on_wheeltec_robot/share/turn_on_wheeltec_robot/cmake/export_turn_on_wheeltec_robot__rosidl_generator_cExport.cmake
-- Installing: /home/ubuntu/my_n10_topic/workspace/install/turn_on_wheeltec_robot/share/turn_on_wheeltec_robot/cmake/export_turn_on_wheeltec_robot__rosidl_generator_cExport-noconfig.cmake
-- Installing: /home/ubuntu/my_n10_topic/workspace/install/turn_on_wheeltec_robot/share/turn_on_wheeltec_robot/cmake/export_turn_on_wheeltec_robot__rosidl_typesupport_fastrtps_cExport.cmake
-- Installing: /home/ubuntu/my_n10_topic/workspace/install/turn_on_wheeltec_robot/share/turn_on_wheeltec_robot/cmake/export_turn_on_wheeltec_robot__rosidl_typesupport_fastrtps_cExport-noconfig.cmake
-- Installing: /home/ubuntu/my_n10_topic/workspace/install/turn_on_wheeltec_robot/share/turn_on_wheeltec_robot/cmake/export_turn_on_wheeltec_robot__rosidl_generator_cppExport.cmake
-- Installing: /home/ubuntu/my_n10_topic/workspace/install/turn_on_wheeltec_robot/share/turn_on_wheeltec_robot/cmake/export_turn_on_wheeltec_robot__rosidl_typesupport_fastrtps_cppExport.cmake
-- Installing: /home/ubuntu/my_n10_topic/workspace/install/turn_on_wheeltec_robot/share/turn_on_wheeltec_robot/cmake/export_turn_on_wheeltec_robot__rosidl_typesupport_fastrtps_cppExport-noconfig.cmake
-- Installing: /home/ubuntu/my_n10_topic/workspace/install/turn_on_wheeltec_robot/share/turn_on_wheeltec_robot/cmake/turn_on_wheeltec_robot__rosidl_typesupport_introspection_cExport.cmake
-- Installing: /home/ubuntu/my_n10_topic/workspace/install/turn_on_wheeltec_robot/share/turn_on_wheeltec_robot/cmake/turn_on_wheeltec_robot__rosidl_typesupport_introspection_cExport-noconfig.cmake
-- Installing: /home/ubuntu/my_n10_topic/workspace/install/turn_on_wheeltec_robot/share/turn_on_wheeltec_robot/cmake/turn_on_wheeltec_robot__rosidl_typesupport_cExport.cmake
-- Installing: /home/ubuntu/my_n10_topic/workspace/install/turn_on_wheeltec_robot/share/turn_on_wheeltec_robot/cmake/turn_on_wheeltec_robot__rosidl_typesupport_cExport-noconfig.cmake
-- Installing: /home/ubuntu/my_n10_topic/workspace/install/turn_on_wheeltec_robot/share/turn_on_wheeltec_robot/cmake/turn_on_wheeltec_robot__rosidl_typesupport_introspection_cppExport.cmake
-- Installing: /home/ubuntu/my_n10_topic/workspace/install/turn_on_wheeltec_robot/share/turn_on_wheeltec_robot/cmake/turn_on_wheeltec_robot__rosidl_typesupport_introspection_cppExport-noconfig.cmake
-- Installing: /home/ubuntu/my_n10_topic/workspace/install/turn_on_wheeltec_robot/share/turn_on_wheeltec_robot/cmake/turn_on_wheeltec_robot__rosidl_typesupport_cppExport.cmake
-- Installing: /home/ubuntu/my_n10_topic/workspace/install/turn_on_wheeltec_robot/share/turn_on_wheeltec_robot/cmake/turn_on_wheeltec_robot__rosidl_typesupport_cppExport-noconfig.cmake
-- Installing: /home/ubuntu/my_n10_topic/workspace/install/turn_on_wheeltec_robot/share/turn_on_wheeltec_robot/cmake/export_turn_on_wheeltec_robot__rosidl_generator_pyExport.cmake
-- Installing: /home/ubuntu/my_n10_topic/workspace/install/turn_on_wheeltec_robot/share/turn_on_wheeltec_robot/cmake/export_turn_on_wheeltec_robot__rosidl_generator_pyExport-noconfig.cmake
-- Installing: /home/ubuntu/my_n10_topic/workspace/install/turn_on_wheeltec_robot/share/turn_on_wheeltec_robot/cmake/rosidl_cmake-extras.cmake
-- Installing: /home/ubuntu/my_n10_topic/workspace/install/turn_on_wheeltec_robot/share/turn_on_wheeltec_robot/cmake/ament_cmake_export_include_directories-extras.cmake
-- Installing: /home/ubuntu/my_n10_topic/workspace/install/turn_on_wheeltec_robot/share/turn_on_wheeltec_robot/cmake/ament_cmake_export_libraries-extras.cmake
-- Installing: /home/ubuntu/my_n10_topic/workspace/install/turn_on_wheeltec_robot/share/turn_on_wheeltec_robot/cmake/ament_cmake_export_targets-extras.cmake
-- Installing: /home/ubuntu/my_n10_topic/workspace/install/turn_on_wheeltec_robot/share/turn_on_wheeltec_robot/cmake/rosidl_cmake_export_typesupport_targets-extras.cmake
-- Installing: /home/ubuntu/my_n10_topic/workspace/install/turn_on_wheeltec_robot/share/turn_on_wheeltec_robot/cmake/ament_cmake_export_dependencies-extras.cmake
-- Installing: /home/ubuntu/my_n10_topic/workspace/install/turn_on_wheeltec_robot/share/turn_on_wheeltec_robot/cmake/rosidl_cmake_export_typesupport_libraries-extras.cmake
-- Installing: /home/ubuntu/my_n10_topic/workspace/install/turn_on_wheeltec_robot/share/turn_on_wheeltec_robot/cmake/turn_on_wheeltec_robotConfig.cmake
-- Installing: /home/ubuntu/my_n10_topic/workspace/install/turn_on_wheeltec_robot/share/turn_on_wheeltec_robot/cmake/turn_on_wheeltec_robotConfig-version.cmake
-- Installing: /home/ubuntu/my_n10_topic/workspace/install/turn_on_wheeltec_robot/share/turn_on_wheeltec_robot/package.xml
