[0.014s] Invoking command in '/home/ubuntu/my_n10_topic/workspace/build/lslidar_driver': CMAKE_PREFIX_PATH=/home/ubuntu/my_n10_topic/workspace/install/lslidar_msgs:/home/ubuntu/my_n10_topic/workspace/install/lslidar_driver:/home/ubuntu/lidar_ros2/lidar_ws/install/serial:/home/ubuntu/lidar_ros2/lidar_ws/install/serial:/opt/ros/humble /usr/bin/cmake --build /home/ubuntu/my_n10_topic/workspace/build/lslidar_driver -- -j12 -l12
[0.142s] [ 20%] [32mBuilding CXX object CMakeFiles/lslidar_driver_node.dir/src/lslidar_driver.cc.o[0m
[26.131s] [ 40%] [32m[1mLinking CXX executable lslidar_driver_node[0m
[28.630s] [100%] Built target lslidar_driver_node
[28.648s] Invoked command in '/home/ubuntu/my_n10_topic/workspace/build/lslidar_driver' returned '0': CMAKE_PREFIX_PATH=/home/ubuntu/my_n10_topic/workspace/install/lslidar_msgs:/home/ubuntu/my_n10_topic/workspace/install/lslidar_driver:/home/ubuntu/lidar_ros2/lidar_ws/install/serial:/home/ubuntu/lidar_ros2/lidar_ws/install/serial:/opt/ros/humble /usr/bin/cmake --build /home/ubuntu/my_n10_topic/workspace/build/lslidar_driver -- -j12 -l12
[28.653s] Invoking command in '/home/ubuntu/my_n10_topic/workspace/build/lslidar_driver': CMAKE_PREFIX_PATH=/home/ubuntu/my_n10_topic/workspace/install/lslidar_msgs:/home/ubuntu/my_n10_topic/workspace/install/lslidar_driver:/home/ubuntu/lidar_ros2/lidar_ws/install/serial:/home/ubuntu/lidar_ros2/lidar_ws/install/serial:/opt/ros/humble /usr/bin/cmake --install /home/ubuntu/my_n10_topic/workspace/build/lslidar_driver
[28.664s] -- Install configuration: ""
[28.665s] -- Up-to-date: /home/ubuntu/my_n10_topic/workspace/install/lslidar_driver/share/lslidar_driver/launch
[28.665s] -- Up-to-date: /home/ubuntu/my_n10_topic/workspace/install/lslidar_driver/share/lslidar_driver/launch/lsn10_launch.py
[28.665s] -- Up-to-date: /home/ubuntu/my_n10_topic/workspace/install/lslidar_driver/share/lslidar_driver/launch/lsn10_net_launch.py
[28.665s] -- Up-to-date: /home/ubuntu/my_n10_topic/workspace/install/lslidar_driver/share/lslidar_driver/launch/lslidar_double_launch.py
[28.665s] -- Up-to-date: /home/ubuntu/my_n10_topic/workspace/install/lslidar_driver/share/lslidar_driver/launch/lsm10_net_launch.py
[28.665s] -- Up-to-date: /home/ubuntu/my_n10_topic/workspace/install/lslidar_driver/share/lslidar_driver/launch/lsn10p_launch.py
[28.665s] -- Up-to-date: /home/ubuntu/my_n10_topic/workspace/install/lslidar_driver/share/lslidar_driver/launch/lsm10p_uart_launch.py
[28.665s] -- Up-to-date: /home/ubuntu/my_n10_topic/workspace/install/lslidar_driver/share/lslidar_driver/launch/lsm10_uart_launch.py
[28.665s] -- Up-to-date: /home/ubuntu/my_n10_topic/workspace/install/lslidar_driver/share/lslidar_driver/launch/lsm10p_net_launch.py
[28.665s] -- Up-to-date: /home/ubuntu/my_n10_topic/workspace/install/lslidar_driver/share/lslidar_driver/launch/lsn10p_net_launch.py
[28.665s] -- Up-to-date: /home/ubuntu/my_n10_topic/workspace/install/lslidar_driver/share/lslidar_driver/launch/viewer_scan_launch.py
[28.665s] -- Up-to-date: /home/ubuntu/my_n10_topic/workspace/install/lslidar_driver/share/lslidar_driver/params
[28.666s] -- Up-to-date: /home/ubuntu/my_n10_topic/workspace/install/lslidar_driver/share/lslidar_driver/params/lidar_uart_ros2
[28.666s] -- Up-to-date: /home/ubuntu/my_n10_topic/workspace/install/lslidar_driver/share/lslidar_driver/params/lidar_uart_ros2/lsm10.yaml
[28.666s] -- Up-to-date: /home/ubuntu/my_n10_topic/workspace/install/lslidar_driver/share/lslidar_driver/params/lidar_uart_ros2/lsn10p.yaml
[28.666s] -- Up-to-date: /home/ubuntu/my_n10_topic/workspace/install/lslidar_driver/share/lslidar_driver/params/lidar_uart_ros2/lsm10_p.yaml
[28.666s] -- Up-to-date: /home/ubuntu/my_n10_topic/workspace/install/lslidar_driver/share/lslidar_driver/params/lidar_uart_ros2/lsn10.yaml
[28.666s] -- Up-to-date: /home/ubuntu/my_n10_topic/workspace/install/lslidar_driver/share/lslidar_driver/params/lidar_net_ros2
[28.666s] -- Up-to-date: /home/ubuntu/my_n10_topic/workspace/install/lslidar_driver/share/lslidar_driver/params/lidar_net_ros2/lsn10_net.yaml
[28.666s] -- Up-to-date: /home/ubuntu/my_n10_topic/workspace/install/lslidar_driver/share/lslidar_driver/params/lidar_net_ros2/lsm10p_net.yaml
[28.666s] -- Up-to-date: /home/ubuntu/my_n10_topic/workspace/install/lslidar_driver/share/lslidar_driver/params/lidar_net_ros2/lsm10_net.yaml
[28.666s] -- Up-to-date: /home/ubuntu/my_n10_topic/workspace/install/lslidar_driver/share/lslidar_driver/params/lidar_net_ros2/lsn10p_net.yaml
[28.666s] -- Up-to-date: /home/ubuntu/my_n10_topic/workspace/install/lslidar_driver/share/lslidar_driver/rviz
[28.666s] -- Up-to-date: /home/ubuntu/my_n10_topic/workspace/install/lslidar_driver/share/lslidar_driver/rviz/lslidar.rviz
[28.667s] -- Installing: /home/ubuntu/my_n10_topic/workspace/install/lslidar_driver/lib/lslidar_driver/lslidar_driver_node
[28.678s] -- Set runtime path of "/home/ubuntu/my_n10_topic/workspace/install/lslidar_driver/lib/lslidar_driver/lslidar_driver_node" to ""
[28.678s] -- Up-to-date: /home/ubuntu/my_n10_topic/workspace/install/lslidar_driver/share/ament_index/resource_index/package_run_dependencies/lslidar_driver
[28.678s] -- Up-to-date: /home/ubuntu/my_n10_topic/workspace/install/lslidar_driver/share/ament_index/resource_index/parent_prefix_path/lslidar_driver
[28.678s] -- Up-to-date: /home/ubuntu/my_n10_topic/workspace/install/lslidar_driver/share/lslidar_driver/environment/ament_prefix_path.sh
[28.679s] -- Up-to-date: /home/ubuntu/my_n10_topic/workspace/install/lslidar_driver/share/lslidar_driver/environment/ament_prefix_path.dsv
[28.679s] -- Up-to-date: /home/ubuntu/my_n10_topic/workspace/install/lslidar_driver/share/lslidar_driver/environment/path.sh
[28.679s] -- Up-to-date: /home/ubuntu/my_n10_topic/workspace/install/lslidar_driver/share/lslidar_driver/environment/path.dsv
[28.679s] -- Up-to-date: /home/ubuntu/my_n10_topic/workspace/install/lslidar_driver/share/lslidar_driver/local_setup.bash
[28.679s] -- Up-to-date: /home/ubuntu/my_n10_topic/workspace/install/lslidar_driver/share/lslidar_driver/local_setup.sh
[28.679s] -- Up-to-date: /home/ubuntu/my_n10_topic/workspace/install/lslidar_driver/share/lslidar_driver/local_setup.zsh
[28.679s] -- Up-to-date: /home/ubuntu/my_n10_topic/workspace/install/lslidar_driver/share/lslidar_driver/local_setup.dsv
[28.679s] -- Installing: /home/ubuntu/my_n10_topic/workspace/install/lslidar_driver/share/lslidar_driver/package.dsv
[28.679s] -- Up-to-date: /home/ubuntu/my_n10_topic/workspace/install/lslidar_driver/share/ament_index/resource_index/packages/lslidar_driver
[28.679s] -- Up-to-date: /home/ubuntu/my_n10_topic/workspace/install/lslidar_driver/share/lslidar_driver/cmake/ament_cmake_export_dependencies-extras.cmake
[28.680s] -- Up-to-date: /home/ubuntu/my_n10_topic/workspace/install/lslidar_driver/share/lslidar_driver/cmake/ament_cmake_export_include_directories-extras.cmake
[28.680s] -- Up-to-date: /home/ubuntu/my_n10_topic/workspace/install/lslidar_driver/share/lslidar_driver/cmake/lslidar_driverConfig.cmake
[28.680s] -- Up-to-date: /home/ubuntu/my_n10_topic/workspace/install/lslidar_driver/share/lslidar_driver/cmake/lslidar_driverConfig-version.cmake
[28.680s] -- Up-to-date: /home/ubuntu/my_n10_topic/workspace/install/lslidar_driver/share/lslidar_driver/package.xml
[28.685s] Invoked command in '/home/ubuntu/my_n10_topic/workspace/build/lslidar_driver' returned '0': CMAKE_PREFIX_PATH=/home/ubuntu/my_n10_topic/workspace/install/lslidar_msgs:/home/ubuntu/my_n10_topic/workspace/install/lslidar_driver:/home/ubuntu/lidar_ros2/lidar_ws/install/serial:/home/ubuntu/lidar_ros2/lidar_ws/install/serial:/opt/ros/humble /usr/bin/cmake --install /home/ubuntu/my_n10_topic/workspace/build/lslidar_driver
